<?xml version="1.0" encoding="UTF-8"?>
<testsuites>
  <testsuite name="CrmPackClass-class" timestamp="2024-10-07T08:39:16Z" hostname="18e134b69287" tests="129" skipped="0" failures="0" errors="0" time="1.217">
    <testcase time="0.0350000000000001" classname="CrmPackClass_class" name="CrmPackClass_correctly_identifies_crmPack_classes"/>
    <testcase time="0.0229999999999999" classname="CrmPackClass_class" name="CrmPackClass_correctly_identifies_crmPack_classes"/>
    <testcase time="0.0129999999999999" classname="CrmPackClass_class" name="CrmPackClass_correctly_identifies_crmPack_classes"/>
    <testcase time="0.03" classname="CrmPackClass_class" name="CrmPackClass_correctly_identifies_crmPack_classes"/>
    <testcase time="0.004" classname="CrmPackClass_class" name="CrmPackClass_correctly_identifies_crmPack_classes"/>
    <testcase time="0.00500000000000012" classname="CrmPackClass_class" name="CrmPackClass_correctly_identifies_crmPack_classes"/>
    <testcase time="0.02" classname="CrmPackClass_class" name="CrmPackClass_correctly_identifies_crmPack_classes"/>
    <testcase time="0.0369999999999999" classname="CrmPackClass_class" name="CrmPackClass_correctly_identifies_crmPack_classes"/>
    <testcase time="0.073" classname="CrmPackClass_class" name="CrmPackClass_correctly_identifies_crmPack_classes"/>
    <testcase time="0.00600000000000001" classname="CrmPackClass_class" name="CrmPackClass_correctly_identifies_crmPack_classes"/>
    <testcase time="0.00500000000000012" classname="CrmPackClass_class" name="CrmPackClass_correctly_identifies_crmPack_classes"/>
    <testcase time="0.004" classname="CrmPackClass_class" name="CrmPackClass_correctly_identifies_crmPack_classes"/>
    <testcase time="0.0149999999999999" classname="CrmPackClass_class" name="CrmPackClass_correctly_identifies_crmPack_classes"/>
    <testcase time="0.00300000000000011" classname="CrmPackClass_class" name="CrmPackClass_correctly_identifies_crmPack_classes"/>
    <testcase time="0.00800000000000001" classname="CrmPackClass_class" name="CrmPackClass_correctly_identifies_crmPack_classes"/>
    <testcase time="0.0069999999999999" classname="CrmPackClass_class" name="CrmPackClass_correctly_identifies_crmPack_classes"/>
    <testcase time="0.00500000000000012" classname="CrmPackClass_class" name="CrmPackClass_correctly_identifies_crmPack_classes"/>
    <testcase time="0.00299999999999989" classname="CrmPackClass_class" name="CrmPackClass_correctly_identifies_crmPack_classes"/>
    <testcase time="0.004" classname="CrmPackClass_class" name="CrmPackClass_correctly_identifies_crmPack_classes"/>
    <testcase time="0.00299999999999989" classname="CrmPackClass_class" name="CrmPackClass_correctly_identifies_crmPack_classes"/>
    <testcase time="0.00300000000000011" classname="CrmPackClass_class" name="CrmPackClass_correctly_identifies_crmPack_classes"/>
    <testcase time="0.012" classname="CrmPackClass_class" name="CrmPackClass_correctly_identifies_crmPack_classes"/>
    <testcase time="0.0129999999999999" classname="CrmPackClass_class" name="CrmPackClass_correctly_identifies_crmPack_classes"/>
    <testcase time="0.004" classname="CrmPackClass_class" name="CrmPackClass_correctly_identifies_crmPack_classes"/>
    <testcase time="0.004" classname="CrmPackClass_class" name="CrmPackClass_correctly_identifies_crmPack_classes"/>
    <testcase time="0.00500000000000012" classname="CrmPackClass_class" name="CrmPackClass_correctly_identifies_crmPack_classes"/>
    <testcase time="0.00800000000000001" classname="CrmPackClass_class" name="CrmPackClass_correctly_identifies_crmPack_classes"/>
    <testcase time="0.0289999999999999" classname="CrmPackClass_class" name="CrmPackClass_correctly_identifies_crmPack_classes"/>
    <testcase time="0.00700000000000012" classname="CrmPackClass_class" name="CrmPackClass_correctly_identifies_crmPack_classes"/>
    <testcase time="0.004" classname="CrmPackClass_class" name="CrmPackClass_correctly_identifies_crmPack_classes"/>
    <testcase time="0.01" classname="CrmPackClass_class" name="CrmPackClass_correctly_identifies_crmPack_classes"/>
    <testcase time="0.00499999999999989" classname="CrmPackClass_class" name="CrmPackClass_correctly_identifies_crmPack_classes"/>
    <testcase time="0.00500000000000012" classname="CrmPackClass_class" name="CrmPackClass_correctly_identifies_crmPack_classes"/>
    <testcase time="0.00499999999999989" classname="CrmPackClass_class" name="CrmPackClass_correctly_identifies_crmPack_classes"/>
    <testcase time="0.014" classname="CrmPackClass_class" name="CrmPackClass_correctly_identifies_crmPack_classes"/>
    <testcase time="0.004" classname="CrmPackClass_class" name="CrmPackClass_correctly_identifies_crmPack_classes"/>
    <testcase time="0.014" classname="CrmPackClass_class" name="CrmPackClass_correctly_identifies_crmPack_classes"/>
    <testcase time="0.00800000000000001" classname="CrmPackClass_class" name="CrmPackClass_correctly_identifies_crmPack_classes"/>
    <testcase time="0.0569999999999999" classname="CrmPackClass_class" name="CrmPackClass_correctly_identifies_crmPack_classes"/>
    <testcase time="0.00600000000000001" classname="CrmPackClass_class" name="CrmPackClass_correctly_identifies_crmPack_classes"/>
    <testcase time="0.00800000000000001" classname="CrmPackClass_class" name="CrmPackClass_correctly_identifies_crmPack_classes"/>
    <testcase time="0.012" classname="CrmPackClass_class" name="CrmPackClass_correctly_identifies_crmPack_classes"/>
    <testcase time="0.0149999999999999" classname="CrmPackClass_class" name="CrmPackClass_correctly_identifies_crmPack_classes"/>
    <testcase time="0.00900000000000012" classname="CrmPackClass_class" name="CrmPackClass_correctly_identifies_crmPack_classes"/>
    <testcase time="0.004" classname="CrmPackClass_class" name="CrmPackClass_correctly_identifies_crmPack_classes"/>
    <testcase time="0.004" classname="CrmPackClass_class" name="CrmPackClass_correctly_identifies_crmPack_classes"/>
    <testcase time="0.00299999999999989" classname="CrmPackClass_class" name="CrmPackClass_correctly_identifies_crmPack_classes"/>
    <testcase time="0.00900000000000012" classname="CrmPackClass_class" name="CrmPackClass_correctly_identifies_crmPack_classes"/>
    <testcase time="0.00600000000000001" classname="CrmPackClass_class" name="CrmPackClass_correctly_identifies_crmPack_classes"/>
    <testcase time="0.004" classname="CrmPackClass_class" name="CrmPackClass_correctly_identifies_crmPack_classes"/>
    <testcase time="0.00299999999999989" classname="CrmPackClass_class" name="CrmPackClass_correctly_identifies_crmPack_classes"/>
    <testcase time="0.00500000000000012" classname="CrmPackClass_class" name="CrmPackClass_correctly_identifies_crmPack_classes"/>
    <testcase time="0.00800000000000001" classname="CrmPackClass_class" name="CrmPackClass_correctly_identifies_crmPack_classes"/>
    <testcase time="0.0109999999999999" classname="CrmPackClass_class" name="CrmPackClass_correctly_identifies_crmPack_classes"/>
    <testcase time="0.00700000000000012" classname="CrmPackClass_class" name="CrmPackClass_correctly_identifies_crmPack_classes"/>
    <testcase time="0.012" classname="CrmPackClass_class" name="CrmPackClass_correctly_identifies_crmPack_classes"/>
    <testcase time="0.004" classname="CrmPackClass_class" name="CrmPackClass_correctly_identifies_crmPack_classes"/>
    <testcase time="0.00499999999999989" classname="CrmPackClass_class" name="CrmPackClass_correctly_identifies_crmPack_classes"/>
    <testcase time="0.038" classname="CrmPackClass_class" name="CrmPackClass_correctly_identifies_crmPack_classes"/>
    <testcase time="0.004" classname="CrmPackClass_class" name="CrmPackClass_correctly_identifies_crmPack_classes"/>
    <testcase time="0.004" classname="CrmPackClass_class" name="CrmPackClass_correctly_identifies_crmPack_classes"/>
    <testcase time="0.004" classname="CrmPackClass_class" name="CrmPackClass_correctly_identifies_crmPack_classes"/>
    <testcase time="0.00499999999999989" classname="CrmPackClass_class" name="CrmPackClass_correctly_identifies_crmPack_classes"/>
    <testcase time="0.012" classname="CrmPackClass_class" name="CrmPackClass_correctly_identifies_crmPack_classes"/>
    <testcase time="0.026" classname="CrmPackClass_class" name="CrmPackClass_correctly_identifies_crmPack_classes"/>
    <testcase time="0.004" classname="CrmPackClass_class" name="CrmPackClass_correctly_identifies_crmPack_classes"/>
    <testcase time="0.00500000000000012" classname="CrmPackClass_class" name="CrmPackClass_correctly_identifies_crmPack_classes"/>
    <testcase time="0.014" classname="CrmPackClass_class" name="CrmPackClass_correctly_identifies_crmPack_classes"/>
    <testcase time="0.00499999999999989" classname="CrmPackClass_class" name="CrmPackClass_correctly_identifies_crmPack_classes"/>
    <testcase time="0.00600000000000001" classname="CrmPackClass_class" name="CrmPackClass_correctly_identifies_crmPack_classes"/>
    <testcase time="0.00300000000000011" classname="CrmPackClass_class" name="CrmPackClass_correctly_identifies_crmPack_classes"/>
    <testcase time="0.01" classname="CrmPackClass_class" name="CrmPackClass_correctly_identifies_crmPack_classes"/>
    <testcase time="0.00499999999999989" classname="CrmPackClass_class" name="CrmPackClass_correctly_identifies_crmPack_classes"/>
    <testcase time="0.00700000000000012" classname="CrmPackClass_class" name="CrmPackClass_correctly_identifies_crmPack_classes"/>
    <testcase time="0.0109999999999999" classname="CrmPackClass_class" name="CrmPackClass_correctly_identifies_crmPack_classes"/>
    <testcase time="0.024" classname="CrmPackClass_class" name="CrmPackClass_correctly_identifies_crmPack_classes"/>
    <testcase time="0.004" classname="CrmPackClass_class" name="CrmPackClass_correctly_identifies_crmPack_classes"/>
    <testcase time="0.01" classname="CrmPackClass_class" name="CrmPackClass_correctly_identifies_crmPack_classes"/>
    <testcase time="0.038" classname="CrmPackClass_class" name="CrmPackClass_correctly_identifies_crmPack_classes"/>
    <testcase time="0.004" classname="CrmPackClass_class" name="CrmPackClass_correctly_identifies_crmPack_classes"/>
    <testcase time="0.00300000000000011" classname="CrmPackClass_class" name="CrmPackClass_correctly_identifies_crmPack_classes"/>
    <testcase time="0.004" classname="CrmPackClass_class" name="CrmPackClass_correctly_identifies_crmPack_classes"/>
    <testcase time="0.004" classname="CrmPackClass_class" name="CrmPackClass_correctly_identifies_crmPack_classes"/>
    <testcase time="0.0089999999999999" classname="CrmPackClass_class" name="CrmPackClass_correctly_identifies_crmPack_classes"/>
    <testcase time="0.00499999999999989" classname="CrmPackClass_class" name="CrmPackClass_correctly_identifies_crmPack_classes"/>
    <testcase time="0.004" classname="CrmPackClass_class" name="CrmPackClass_correctly_identifies_crmPack_classes"/>
    <testcase time="0.00600000000000023" classname="CrmPackClass_class" name="CrmPackClass_correctly_identifies_crmPack_classes"/>
    <testcase time="0.00599999999999978" classname="CrmPackClass_class" name="CrmPackClass_correctly_identifies_crmPack_classes"/>
    <testcase time="0.0329999999999999" classname="CrmPackClass_class" name="CrmPackClass_correctly_identifies_crmPack_classes"/>
    <testcase time="0.0100000000000002" classname="CrmPackClass_class" name="CrmPackClass_correctly_identifies_crmPack_classes"/>
    <testcase time="0.0089999999999999" classname="CrmPackClass_class" name="CrmPackClass_correctly_identifies_crmPack_classes"/>
    <testcase time="0.0340000000000003" classname="CrmPackClass_class" name="CrmPackClass_correctly_identifies_crmPack_classes"/>
    <testcase time="0.00499999999999989" classname="CrmPackClass_class" name="CrmPackClass_correctly_identifies_crmPack_classes"/>
    <testcase time="0.00300000000000011" classname="CrmPackClass_class" name="CrmPackClass_correctly_identifies_crmPack_classes"/>
    <testcase time="0.0189999999999997" classname="CrmPackClass_class" name="CrmPackClass_correctly_identifies_crmPack_classes"/>
    <testcase time="0.00300000000000011" classname="CrmPackClass_class" name="CrmPackClass_correctly_identifies_crmPack_classes"/>
    <testcase time="0.00600000000000023" classname="CrmPackClass_class" name="CrmPackClass_correctly_identifies_crmPack_classes"/>
    <testcase time="0.004" classname="CrmPackClass_class" name="CrmPackClass_correctly_identifies_crmPack_classes"/>
    <testcase time="0.004" classname="CrmPackClass_class" name="CrmPackClass_correctly_identifies_crmPack_classes"/>
    <testcase time="0.00299999999999967" classname="CrmPackClass_class" name="CrmPackClass_correctly_identifies_crmPack_classes"/>
    <testcase time="0.004" classname="CrmPackClass_class" name="CrmPackClass_correctly_identifies_crmPack_classes"/>
    <testcase time="0.00300000000000011" classname="CrmPackClass_class" name="CrmPackClass_correctly_identifies_crmPack_classes"/>
    <testcase time="0.004" classname="CrmPackClass_class" name="CrmPackClass_correctly_identifies_crmPack_classes"/>
    <testcase time="0.00599999999999978" classname="CrmPackClass_class" name="CrmPackClass_correctly_identifies_crmPack_classes"/>
    <testcase time="0.00900000000000034" classname="CrmPackClass_class" name="CrmPackClass_does_not_identify_random_non_crmPack_classes"/>
    <testcase time="0.00299999999999967" classname="CrmPackClass_class" name="CrmPackClass_does_not_identify_random_non_crmPack_classes"/>
    <testcase time="0.0110000000000001" classname="CrmPackClass_class" name="virtual_CrmPackClass_classes_throw_expected_error_when_default_constructor_called"/>
    <testcase time="0.00499999999999989" classname="CrmPackClass_class" name="virtual_CrmPackClass_classes_throw_expected_error_when_default_constructor_called"/>
    <testcase time="0.00500000000000034" classname="CrmPackClass_class" name="virtual_CrmPackClass_classes_throw_expected_error_when_default_constructor_called"/>
    <testcase time="0.004" classname="CrmPackClass_class" name="virtual_CrmPackClass_classes_throw_expected_error_when_default_constructor_called"/>
    <testcase time="0.00499999999999989" classname="CrmPackClass_class" name="virtual_CrmPackClass_classes_throw_expected_error_when_default_constructor_called"/>
    <testcase time="0.00499999999999989" classname="CrmPackClass_class" name="virtual_CrmPackClass_classes_throw_expected_error_when_default_constructor_called"/>
    <testcase time="0.00499999999999989" classname="CrmPackClass_class" name="virtual_CrmPackClass_classes_throw_expected_error_when_default_constructor_called"/>
    <testcase time="0.00900000000000034" classname="CrmPackClass_class" name="virtual_CrmPackClass_classes_throw_expected_error_when_default_constructor_called"/>
    <testcase time="0.00499999999999989" classname="CrmPackClass_class" name="virtual_CrmPackClass_classes_throw_expected_error_when_default_constructor_called"/>
    <testcase time="0.00499999999999989" classname="CrmPackClass_class" name="virtual_CrmPackClass_classes_throw_expected_error_when_default_constructor_called"/>
    <testcase time="0.00499999999999989" classname="CrmPackClass_class" name="virtual_CrmPackClass_classes_throw_expected_error_when_default_constructor_called"/>
    <testcase time="0.00500000000000034" classname="CrmPackClass_class" name="virtual_CrmPackClass_classes_throw_expected_error_when_default_constructor_called"/>
    <testcase time="0.00499999999999989" classname="CrmPackClass_class" name="virtual_CrmPackClass_classes_throw_expected_error_when_default_constructor_called"/>
    <testcase time="0.00499999999999989" classname="CrmPackClass_class" name="virtual_CrmPackClass_classes_throw_expected_error_when_default_constructor_called"/>
    <testcase time="0.00499999999999989" classname="CrmPackClass_class" name="virtual_CrmPackClass_classes_throw_expected_error_when_default_constructor_called"/>
    <testcase time="0.004" classname="CrmPackClass_class" name="virtual_CrmPackClass_classes_throw_expected_error_when_default_constructor_called"/>
    <testcase time="0.00500000000000034" classname="CrmPackClass_class" name="virtual_CrmPackClass_classes_throw_expected_error_when_default_constructor_called"/>
    <testcase time="0.00499999999999989" classname="CrmPackClass_class" name="virtual_CrmPackClass_classes_throw_expected_error_when_default_constructor_called"/>
    <testcase time="0.00499999999999989" classname="CrmPackClass_class" name="virtual_CrmPackClass_classes_throw_expected_error_when_default_constructor_called"/>
    <testcase time="0.00499999999999989" classname="CrmPackClass_class" name="virtual_CrmPackClass_classes_throw_expected_error_when_default_constructor_called"/>
    <testcase time="0.00499999999999989" classname="CrmPackClass_class" name="virtual_CrmPackClass_classes_throw_expected_error_when_default_constructor_called"/>
    <testcase time="0.004" classname="CrmPackClass_class" name="virtual_CrmPackClass_classes_throw_expected_error_when_default_constructor_called"/>
    <testcase time="0.00500000000000034" classname="CrmPackClass_class" name="virtual_CrmPackClass_classes_throw_expected_error_when_default_constructor_called"/>
  </testsuite>
  <testsuite name="CrmPackClass-methods" timestamp="2024-10-07T08:39:18Z" hostname="18e134b69287" tests="206" skipped="0" failures="0" errors="0" time="3.133">
    <testcase time="0.073" classname="CrmPackClass_methods" name="tidy_methods_exist_for_all_relevant_classes"/>
    <testcase time="0.00599999999999978" classname="CrmPackClass_methods" name="tidy_methods_exist_for_all_relevant_classes"/>
    <testcase time="0.00500000000000034" classname="CrmPackClass_methods" name="tidy_methods_exist_for_all_relevant_classes"/>
    <testcase time="0.0279999999999996" classname="CrmPackClass_methods" name="tidy_methods_exist_for_all_relevant_classes"/>
    <testcase time="0.00600000000000023" classname="CrmPackClass_methods" name="tidy_methods_exist_for_all_relevant_classes"/>
    <testcase time="0.0089999999999999" classname="CrmPackClass_methods" name="tidy_methods_exist_for_all_relevant_classes"/>
    <testcase time="0.012" classname="CrmPackClass_methods" name="tidy_methods_exist_for_all_relevant_classes"/>
    <testcase time="0.081" classname="CrmPackClass_methods" name="tidy_methods_exist_for_all_relevant_classes"/>
    <testcase time="0.077" classname="CrmPackClass_methods" name="tidy_methods_exist_for_all_relevant_classes"/>
    <testcase time="0.00600000000000023" classname="CrmPackClass_methods" name="tidy_methods_exist_for_all_relevant_classes"/>
    <testcase time="0.00599999999999978" classname="CrmPackClass_methods" name="tidy_methods_exist_for_all_relevant_classes"/>
    <testcase time="0.004" classname="CrmPackClass_methods" name="tidy_methods_exist_for_all_relevant_classes"/>
    <testcase time="0.0260000000000002" classname="CrmPackClass_methods" name="tidy_methods_exist_for_all_relevant_classes"/>
    <testcase time="0.00499999999999989" classname="CrmPackClass_methods" name="tidy_methods_exist_for_all_relevant_classes"/>
    <testcase time="0.0150000000000001" classname="CrmPackClass_methods" name="tidy_methods_exist_for_all_relevant_classes"/>
    <testcase time="0.016" classname="CrmPackClass_methods" name="tidy_methods_exist_for_all_relevant_classes"/>
    <testcase time="0.00499999999999989" classname="CrmPackClass_methods" name="tidy_methods_exist_for_all_relevant_classes"/>
    <testcase time="0.028" classname="CrmPackClass_methods" name="tidy_methods_exist_for_all_relevant_classes"/>
    <testcase time="0.00700000000000012" classname="CrmPackClass_methods" name="tidy_methods_exist_for_all_relevant_classes"/>
    <testcase time="0.012" classname="CrmPackClass_methods" name="tidy_methods_exist_for_all_relevant_classes"/>
    <testcase time="0.00599999999999978" classname="CrmPackClass_methods" name="tidy_methods_exist_for_all_relevant_classes"/>
    <testcase time="0.0150000000000001" classname="CrmPackClass_methods" name="tidy_methods_exist_for_all_relevant_classes"/>
    <testcase time="0.00599999999999978" classname="CrmPackClass_methods" name="tidy_methods_exist_for_all_relevant_classes"/>
    <testcase time="0.00500000000000034" classname="CrmPackClass_methods" name="tidy_methods_exist_for_all_relevant_classes"/>
    <testcase time="0.00699999999999967" classname="CrmPackClass_methods" name="tidy_methods_exist_for_all_relevant_classes"/>
    <testcase time="0.00600000000000023" classname="CrmPackClass_methods" name="tidy_methods_exist_for_all_relevant_classes"/>
    <testcase time="0.016" classname="CrmPackClass_methods" name="tidy_methods_exist_for_all_relevant_classes"/>
    <testcase time="0.028" classname="CrmPackClass_methods" name="tidy_methods_exist_for_all_relevant_classes"/>
    <testcase time="0.00699999999999967" classname="CrmPackClass_methods" name="tidy_methods_exist_for_all_relevant_classes"/>
    <testcase time="0.00800000000000001" classname="CrmPackClass_methods" name="tidy_methods_exist_for_all_relevant_classes"/>
    <testcase time="0.0260000000000002" classname="CrmPackClass_methods" name="tidy_methods_exist_for_all_relevant_classes"/>
    <testcase time="0.00700000000000012" classname="CrmPackClass_methods" name="tidy_methods_exist_for_all_relevant_classes"/>
    <testcase time="0.0129999999999999" classname="CrmPackClass_methods" name="tidy_methods_exist_for_all_relevant_classes"/>
    <testcase time="0.00700000000000012" classname="CrmPackClass_methods" name="tidy_methods_exist_for_all_relevant_classes"/>
    <testcase time="0.0299999999999998" classname="CrmPackClass_methods" name="tidy_methods_exist_for_all_relevant_classes"/>
    <testcase time="0.00599999999999978" classname="CrmPackClass_methods" name="tidy_methods_exist_for_all_relevant_classes"/>
    <testcase time="0.0140000000000002" classname="CrmPackClass_methods" name="tidy_methods_exist_for_all_relevant_classes"/>
    <testcase time="0.0089999999999999" classname="CrmPackClass_methods" name="tidy_methods_exist_for_all_relevant_classes"/>
    <testcase time="0.0740000000000003" classname="CrmPackClass_methods" name="tidy_methods_exist_for_all_relevant_classes"/>
    <testcase time="0.0209999999999999" classname="CrmPackClass_methods" name="tidy_methods_exist_for_all_relevant_classes"/>
    <testcase time="0.00699999999999967" classname="CrmPackClass_methods" name="tidy_methods_exist_for_all_relevant_classes"/>
    <testcase time="0.02" classname="CrmPackClass_methods" name="tidy_methods_exist_for_all_relevant_classes"/>
    <testcase time="0.028" classname="CrmPackClass_methods" name="tidy_methods_exist_for_all_relevant_classes"/>
    <testcase time="0.0100000000000002" classname="CrmPackClass_methods" name="tidy_methods_exist_for_all_relevant_classes"/>
    <testcase time="0.00599999999999978" classname="CrmPackClass_methods" name="tidy_methods_exist_for_all_relevant_classes"/>
    <testcase time="0.00800000000000001" classname="CrmPackClass_methods" name="tidy_methods_exist_for_all_relevant_classes"/>
    <testcase time="0.00600000000000023" classname="CrmPackClass_methods" name="tidy_methods_exist_for_all_relevant_classes"/>
    <testcase time="0.0190000000000001" classname="CrmPackClass_methods" name="tidy_methods_exist_for_all_relevant_classes"/>
    <testcase time="0.00999999999999979" classname="CrmPackClass_methods" name="tidy_methods_exist_for_all_relevant_classes"/>
    <testcase time="0.00600000000000023" classname="CrmPackClass_methods" name="tidy_methods_exist_for_all_relevant_classes"/>
    <testcase time="0.00599999999999978" classname="CrmPackClass_methods" name="tidy_methods_exist_for_all_relevant_classes"/>
    <testcase time="0.0129999999999999" classname="CrmPackClass_methods" name="tidy_methods_exist_for_all_relevant_classes"/>
    <testcase time="0.0209999999999999" classname="CrmPackClass_methods" name="tidy_methods_exist_for_all_relevant_classes"/>
    <testcase time="0.02" classname="CrmPackClass_methods" name="tidy_methods_exist_for_all_relevant_classes"/>
    <testcase time="0.016" classname="CrmPackClass_methods" name="tidy_methods_exist_for_all_relevant_classes"/>
    <testcase time="0.032" classname="CrmPackClass_methods" name="tidy_methods_exist_for_all_relevant_classes"/>
    <testcase time="0.00800000000000001" classname="CrmPackClass_methods" name="tidy_methods_exist_for_all_relevant_classes"/>
    <testcase time="0.00800000000000001" classname="CrmPackClass_methods" name="tidy_methods_exist_for_all_relevant_classes"/>
    <testcase time="0.052" classname="CrmPackClass_methods" name="tidy_methods_exist_for_all_relevant_classes"/>
    <testcase time="0.00499999999999989" classname="CrmPackClass_methods" name="tidy_methods_exist_for_all_relevant_classes"/>
    <testcase time="0.00800000000000001" classname="CrmPackClass_methods" name="tidy_methods_exist_for_all_relevant_classes"/>
    <testcase time="0.0130000000000003" classname="CrmPackClass_methods" name="tidy_methods_exist_for_all_relevant_classes"/>
    <testcase time="0.0089999999999999" classname="CrmPackClass_methods" name="tidy_methods_exist_for_all_relevant_classes"/>
    <testcase time="0.0270000000000001" classname="CrmPackClass_methods" name="tidy_methods_exist_for_all_relevant_classes"/>
    <testcase time="0.0509999999999997" classname="CrmPackClass_methods" name="tidy_methods_exist_for_all_relevant_classes"/>
    <testcase time="0.004" classname="CrmPackClass_methods" name="tidy_methods_exist_for_all_relevant_classes"/>
    <testcase time="0.0089999999999999" classname="CrmPackClass_methods" name="tidy_methods_exist_for_all_relevant_classes"/>
    <testcase time="0.0250000000000004" classname="CrmPackClass_methods" name="tidy_methods_exist_for_all_relevant_classes"/>
    <testcase time="0.0089999999999999" classname="CrmPackClass_methods" name="tidy_methods_exist_for_all_relevant_classes"/>
    <testcase time="0.00999999999999979" classname="CrmPackClass_methods" name="tidy_methods_exist_for_all_relevant_classes"/>
    <testcase time="0.00300000000000011" classname="CrmPackClass_methods" name="tidy_methods_exist_for_all_relevant_classes"/>
    <testcase time="0.016" classname="CrmPackClass_methods" name="tidy_methods_exist_for_all_relevant_classes"/>
    <testcase time="0.0100000000000002" classname="CrmPackClass_methods" name="tidy_methods_exist_for_all_relevant_classes"/>
    <testcase time="0.00699999999999967" classname="CrmPackClass_methods" name="tidy_methods_exist_for_all_relevant_classes"/>
    <testcase time="0.0260000000000002" classname="CrmPackClass_methods" name="tidy_methods_exist_for_all_relevant_classes"/>
    <testcase time="0.0409999999999999" classname="CrmPackClass_methods" name="tidy_methods_exist_for_all_relevant_classes"/>
    <testcase time="0.00599999999999978" classname="CrmPackClass_methods" name="tidy_methods_exist_for_all_relevant_classes"/>
    <testcase time="0.0190000000000001" classname="CrmPackClass_methods" name="tidy_methods_exist_for_all_relevant_classes"/>
    <testcase time="0.0539999999999998" classname="CrmPackClass_methods" name="tidy_methods_exist_for_all_relevant_classes"/>
    <testcase time="0.00600000000000023" classname="CrmPackClass_methods" name="tidy_methods_exist_for_all_relevant_classes"/>
    <testcase time="0.00700000000000012" classname="CrmPackClass_methods" name="tidy_methods_exist_for_all_relevant_classes"/>
    <testcase time="0.00599999999999978" classname="CrmPackClass_methods" name="tidy_methods_exist_for_all_relevant_classes"/>
    <testcase time="0.00600000000000023" classname="CrmPackClass_methods" name="tidy_methods_exist_for_all_relevant_classes"/>
    <testcase time="0.0189999999999997" classname="CrmPackClass_methods" name="tidy_methods_exist_for_all_relevant_classes"/>
    <testcase time="0.00600000000000023" classname="CrmPackClass_methods" name="tidy_methods_exist_for_all_relevant_classes"/>
    <testcase time="0.0590000000000002" classname="CrmPackClass_methods" name="tidy_methods_exist_for_all_relevant_classes"/>
    <testcase time="0.00800000000000001" classname="CrmPackClass_methods" name="tidy_methods_exist_for_all_relevant_classes"/>
    <testcase time="0.0129999999999999" classname="CrmPackClass_methods" name="tidy_methods_exist_for_all_relevant_classes"/>
    <testcase time="0.0299999999999998" classname="CrmPackClass_methods" name="tidy_methods_exist_for_all_relevant_classes"/>
    <testcase time="0.0150000000000001" classname="CrmPackClass_methods" name="tidy_methods_exist_for_all_relevant_classes"/>
    <testcase time="0.0129999999999999" classname="CrmPackClass_methods" name="tidy_methods_exist_for_all_relevant_classes"/>
    <testcase time="0.0249999999999999" classname="CrmPackClass_methods" name="tidy_methods_exist_for_all_relevant_classes"/>
    <testcase time="0.00500000000000034" classname="CrmPackClass_methods" name="tidy_methods_exist_for_all_relevant_classes"/>
    <testcase time="0.00499999999999989" classname="CrmPackClass_methods" name="tidy_methods_exist_for_all_relevant_classes"/>
    <testcase time="0.0329999999999999" classname="CrmPackClass_methods" name="tidy_methods_exist_for_all_relevant_classes"/>
    <testcase time="0.00499999999999989" classname="CrmPackClass_methods" name="tidy_methods_exist_for_all_relevant_classes"/>
    <testcase time="0.0089999999999999" classname="CrmPackClass_methods" name="tidy_methods_exist_for_all_relevant_classes"/>
    <testcase time="0.00500000000000034" classname="CrmPackClass_methods" name="tidy_methods_exist_for_all_relevant_classes"/>
    <testcase time="0.004" classname="CrmPackClass_methods" name="tidy_methods_exist_for_all_relevant_classes"/>
    <testcase time="0.00799999999999956" classname="CrmPackClass_methods" name="tidy_methods_exist_for_all_relevant_classes"/>
    <testcase time="0.00499999999999989" classname="CrmPackClass_methods" name="tidy_methods_exist_for_all_relevant_classes"/>
    <testcase time="0.00400000000000045" classname="CrmPackClass_methods" name="tidy_methods_exist_for_all_relevant_classes"/>
    <testcase time="0.0110000000000001" classname="CrmPackClass_methods" name="tidy_methods_exist_for_all_relevant_classes"/>
    <testcase time="0.0220000000000002" classname="CrmPackClass_methods" name="tidy_methods_return_non_empty_value_for_all_classes"/>
    <testcase time="0.00599999999999934" classname="CrmPackClass_methods" name="tidy_methods_return_non_empty_value_for_all_classes"/>
    <testcase time="0.00499999999999989" classname="CrmPackClass_methods" name="tidy_methods_return_non_empty_value_for_all_classes"/>
    <testcase time="0.0260000000000007" classname="CrmPackClass_methods" name="tidy_methods_return_non_empty_value_for_all_classes"/>
    <testcase time="0.00499999999999989" classname="CrmPackClass_methods" name="tidy_methods_return_non_empty_value_for_all_classes"/>
    <testcase time="0.00800000000000001" classname="CrmPackClass_methods" name="tidy_methods_return_non_empty_value_for_all_classes"/>
    <testcase time="0.016" classname="CrmPackClass_methods" name="tidy_methods_return_non_empty_value_for_all_classes"/>
    <testcase time="0.0679999999999996" classname="CrmPackClass_methods" name="tidy_methods_return_non_empty_value_for_all_classes"/>
    <testcase time="0.0680000000000005" classname="CrmPackClass_methods" name="tidy_methods_return_non_empty_value_for_all_classes"/>
    <testcase time="0.00599999999999934" classname="CrmPackClass_methods" name="tidy_methods_return_non_empty_value_for_all_classes"/>
    <testcase time="0.00600000000000023" classname="CrmPackClass_methods" name="tidy_methods_return_non_empty_value_for_all_classes"/>
    <testcase time="0.00499999999999989" classname="CrmPackClass_methods" name="tidy_methods_return_non_empty_value_for_all_classes"/>
    <testcase time="0.0220000000000002" classname="CrmPackClass_methods" name="tidy_methods_return_non_empty_value_for_all_classes"/>
    <testcase time="0.00600000000000023" classname="CrmPackClass_methods" name="tidy_methods_return_non_empty_value_for_all_classes"/>
    <testcase time="0.0110000000000001" classname="CrmPackClass_methods" name="tidy_methods_return_non_empty_value_for_all_classes"/>
    <testcase time="0.00999999999999979" classname="CrmPackClass_methods" name="tidy_methods_return_non_empty_value_for_all_classes"/>
    <testcase time="0.00699999999999967" classname="CrmPackClass_methods" name="tidy_methods_return_non_empty_value_for_all_classes"/>
    <testcase time="0.00400000000000045" classname="CrmPackClass_methods" name="tidy_methods_return_non_empty_value_for_all_classes"/>
    <testcase time="0.00599999999999934" classname="CrmPackClass_methods" name="tidy_methods_return_non_empty_value_for_all_classes"/>
    <testcase time="0.0130000000000008" classname="CrmPackClass_methods" name="tidy_methods_return_non_empty_value_for_all_classes"/>
    <testcase time="0.00599999999999934" classname="CrmPackClass_methods" name="tidy_methods_return_non_empty_value_for_all_classes"/>
    <testcase time="0.0150000000000006" classname="CrmPackClass_methods" name="tidy_methods_return_non_empty_value_for_all_classes"/>
    <testcase time="0.00599999999999934" classname="CrmPackClass_methods" name="tidy_methods_return_non_empty_value_for_all_classes"/>
    <testcase time="0.00499999999999989" classname="CrmPackClass_methods" name="tidy_methods_return_non_empty_value_for_all_classes"/>
    <testcase time="0.00800000000000001" classname="CrmPackClass_methods" name="tidy_methods_return_non_empty_value_for_all_classes"/>
    <testcase time="0.00500000000000078" classname="CrmPackClass_methods" name="tidy_methods_return_non_empty_value_for_all_classes"/>
    <testcase time="0.0139999999999993" classname="CrmPackClass_methods" name="tidy_methods_return_non_empty_value_for_all_classes"/>
    <testcase time="0.032" classname="CrmPackClass_methods" name="tidy_methods_return_non_empty_value_for_all_classes"/>
    <testcase time="0.00800000000000001" classname="CrmPackClass_methods" name="tidy_methods_return_non_empty_value_for_all_classes"/>
    <testcase time="0.00800000000000001" classname="CrmPackClass_methods" name="tidy_methods_return_non_empty_value_for_all_classes"/>
    <testcase time="0.0120000000000005" classname="CrmPackClass_methods" name="tidy_methods_return_non_empty_value_for_all_classes"/>
    <testcase time="0.00699999999999967" classname="CrmPackClass_methods" name="tidy_methods_return_non_empty_value_for_all_classes"/>
    <testcase time="0.00899999999999945" classname="CrmPackClass_methods" name="tidy_methods_return_non_empty_value_for_all_classes"/>
    <testcase time="0.00700000000000056" classname="CrmPackClass_methods" name="tidy_methods_return_non_empty_value_for_all_classes"/>
    <testcase time="0.0179999999999998" classname="CrmPackClass_methods" name="tidy_methods_return_non_empty_value_for_all_classes"/>
    <testcase time="0.00499999999999989" classname="CrmPackClass_methods" name="tidy_methods_return_non_empty_value_for_all_classes"/>
    <testcase time="0.0149999999999997" classname="CrmPackClass_methods" name="tidy_methods_return_non_empty_value_for_all_classes"/>
    <testcase time="0.00900000000000034" classname="CrmPackClass_methods" name="tidy_methods_return_non_empty_value_for_all_classes"/>
    <testcase time="0.0720000000000001" classname="CrmPackClass_methods" name="tidy_methods_return_non_empty_value_for_all_classes"/>
    <testcase time="0.0179999999999998" classname="CrmPackClass_methods" name="tidy_methods_return_non_empty_value_for_all_classes"/>
    <testcase time="0.00800000000000001" classname="CrmPackClass_methods" name="tidy_methods_return_non_empty_value_for_all_classes"/>
    <testcase time="0.00999999999999979" classname="CrmPackClass_methods" name="tidy_methods_return_non_empty_value_for_all_classes"/>
    <testcase time="0.0290000000000008" classname="CrmPackClass_methods" name="tidy_methods_return_non_empty_value_for_all_classes"/>
    <testcase time="0.00999999999999979" classname="CrmPackClass_methods" name="tidy_methods_return_non_empty_value_for_all_classes"/>
    <testcase time="0.00499999999999989" classname="CrmPackClass_methods" name="tidy_methods_return_non_empty_value_for_all_classes"/>
    <testcase time="0.00900000000000034" classname="CrmPackClass_methods" name="tidy_methods_return_non_empty_value_for_all_classes"/>
    <testcase time="0.00499999999999989" classname="CrmPackClass_methods" name="tidy_methods_return_non_empty_value_for_all_classes"/>
    <testcase time="0.0190000000000001" classname="CrmPackClass_methods" name="tidy_methods_return_non_empty_value_for_all_classes"/>
    <testcase time="0.00999999999999979" classname="CrmPackClass_methods" name="tidy_methods_return_non_empty_value_for_all_classes"/>
    <testcase time="0.0110000000000001" classname="CrmPackClass_methods" name="tidy_methods_return_non_empty_value_for_all_classes"/>
    <testcase time="0.00699999999999967" classname="CrmPackClass_methods" name="tidy_methods_return_non_empty_value_for_all_classes"/>
    <testcase time="0.0129999999999999" classname="CrmPackClass_methods" name="tidy_methods_return_non_empty_value_for_all_classes"/>
    <testcase time="0.0120000000000005" classname="CrmPackClass_methods" name="tidy_methods_return_non_empty_value_for_all_classes"/>
    <testcase time="0.0179999999999998" classname="CrmPackClass_methods" name="tidy_methods_return_non_empty_value_for_all_classes"/>
    <testcase time="0.0110000000000001" classname="CrmPackClass_methods" name="tidy_methods_return_non_empty_value_for_all_classes"/>
    <testcase time="0.0179999999999998" classname="CrmPackClass_methods" name="tidy_methods_return_non_empty_value_for_all_classes"/>
    <testcase time="0.00800000000000001" classname="CrmPackClass_methods" name="tidy_methods_return_non_empty_value_for_all_classes"/>
    <testcase time="0.00699999999999967" classname="CrmPackClass_methods" name="tidy_methods_return_non_empty_value_for_all_classes"/>
    <testcase time="0.0339999999999998" classname="CrmPackClass_methods" name="tidy_methods_return_non_empty_value_for_all_classes"/>
    <testcase time="0.00400000000000045" classname="CrmPackClass_methods" name="tidy_methods_return_non_empty_value_for_all_classes"/>
    <testcase time="0.00800000000000001" classname="CrmPackClass_methods" name="tidy_methods_return_non_empty_value_for_all_classes"/>
    <testcase time="0.0170000000000003" classname="CrmPackClass_methods" name="tidy_methods_return_non_empty_value_for_all_classes"/>
    <testcase time="0.00899999999999945" classname="CrmPackClass_methods" name="tidy_methods_return_non_empty_value_for_all_classes"/>
    <testcase time="0.0179999999999998" classname="CrmPackClass_methods" name="tidy_methods_return_non_empty_value_for_all_classes"/>
    <testcase time="0.0440000000000005" classname="CrmPackClass_methods" name="tidy_methods_return_non_empty_value_for_all_classes"/>
    <testcase time="0.00399999999999956" classname="CrmPackClass_methods" name="tidy_methods_return_non_empty_value_for_all_classes"/>
    <testcase time="0.00900000000000034" classname="CrmPackClass_methods" name="tidy_methods_return_non_empty_value_for_all_classes"/>
    <testcase time="0.0120000000000005" classname="CrmPackClass_methods" name="tidy_methods_return_non_empty_value_for_all_classes"/>
    <testcase time="0.00599999999999934" classname="CrmPackClass_methods" name="tidy_methods_return_non_empty_value_for_all_classes"/>
    <testcase time="0.00900000000000034" classname="CrmPackClass_methods" name="tidy_methods_return_non_empty_value_for_all_classes"/>
    <testcase time="0.00300000000000011" classname="CrmPackClass_methods" name="tidy_methods_return_non_empty_value_for_all_classes"/>
    <testcase time="0.0129999999999999" classname="CrmPackClass_methods" name="tidy_methods_return_non_empty_value_for_all_classes"/>
    <testcase time="0.00800000000000001" classname="CrmPackClass_methods" name="tidy_methods_return_non_empty_value_for_all_classes"/>
    <testcase time="0.00699999999999967" classname="CrmPackClass_methods" name="tidy_methods_return_non_empty_value_for_all_classes"/>
    <testcase time="0.0170000000000003" classname="CrmPackClass_methods" name="tidy_methods_return_non_empty_value_for_all_classes"/>
    <testcase time="0.0389999999999997" classname="CrmPackClass_methods" name="tidy_methods_return_non_empty_value_for_all_classes"/>
    <testcase time="0.00700000000000056" classname="CrmPackClass_methods" name="tidy_methods_return_non_empty_value_for_all_classes"/>
    <testcase time="0.0129999999999999" classname="CrmPackClass_methods" name="tidy_methods_return_non_empty_value_for_all_classes"/>
    <testcase time="0.0519999999999996" classname="CrmPackClass_methods" name="tidy_methods_return_non_empty_value_for_all_classes"/>
    <testcase time="0.00600000000000023" classname="CrmPackClass_methods" name="tidy_methods_return_non_empty_value_for_all_classes"/>
    <testcase time="0.00699999999999967" classname="CrmPackClass_methods" name="tidy_methods_return_non_empty_value_for_all_classes"/>
    <testcase time="0.00600000000000023" classname="CrmPackClass_methods" name="tidy_methods_return_non_empty_value_for_all_classes"/>
    <testcase time="0.00600000000000023" classname="CrmPackClass_methods" name="tidy_methods_return_non_empty_value_for_all_classes"/>
    <testcase time="0.0129999999999999" classname="CrmPackClass_methods" name="tidy_methods_return_non_empty_value_for_all_classes"/>
    <testcase time="0.00600000000000023" classname="CrmPackClass_methods" name="tidy_methods_return_non_empty_value_for_all_classes"/>
    <testcase time="0.0509999999999993" classname="CrmPackClass_methods" name="tidy_methods_return_non_empty_value_for_all_classes"/>
    <testcase time="0.00900000000000034" classname="CrmPackClass_methods" name="tidy_methods_return_non_empty_value_for_all_classes"/>
    <testcase time="0.0129999999999999" classname="CrmPackClass_methods" name="tidy_methods_return_non_empty_value_for_all_classes"/>
    <testcase time="0.0339999999999998" classname="CrmPackClass_methods" name="tidy_methods_return_non_empty_value_for_all_classes"/>
    <testcase time="0.0190000000000001" classname="CrmPackClass_methods" name="tidy_methods_return_non_empty_value_for_all_classes"/>
    <testcase time="0.00999999999999979" classname="CrmPackClass_methods" name="tidy_methods_return_non_empty_value_for_all_classes"/>
    <testcase time="0.024" classname="CrmPackClass_methods" name="tidy_methods_return_non_empty_value_for_all_classes"/>
    <testcase time="0.00500000000000078" classname="CrmPackClass_methods" name="tidy_methods_return_non_empty_value_for_all_classes"/>
    <testcase time="0.00499999999999989" classname="CrmPackClass_methods" name="tidy_methods_return_non_empty_value_for_all_classes"/>
    <testcase time="0.0279999999999996" classname="CrmPackClass_methods" name="tidy_methods_return_non_empty_value_for_all_classes"/>
    <testcase time="0.00499999999999989" classname="CrmPackClass_methods" name="tidy_methods_return_non_empty_value_for_all_classes"/>
    <testcase time="0.00900000000000034" classname="CrmPackClass_methods" name="tidy_methods_return_non_empty_value_for_all_classes"/>
    <testcase time="0.00499999999999989" classname="CrmPackClass_methods" name="tidy_methods_return_non_empty_value_for_all_classes"/>
    <testcase time="0.00399999999999956" classname="CrmPackClass_methods" name="tidy_methods_return_non_empty_value_for_all_classes"/>
    <testcase time="0.00800000000000001" classname="CrmPackClass_methods" name="tidy_methods_return_non_empty_value_for_all_classes"/>
    <testcase time="0.00500000000000078" classname="CrmPackClass_methods" name="tidy_methods_return_non_empty_value_for_all_classes"/>
    <testcase time="0.00499999999999989" classname="CrmPackClass_methods" name="tidy_methods_return_non_empty_value_for_all_classes"/>
    <testcase time="0.0149999999999997" classname="CrmPackClass_methods" name="tidy_methods_return_non_empty_value_for_all_classes"/>
  </testsuite>
  <testsuite name="Data-class" timestamp="2024-10-07T08:39:21Z" hostname="18e134b69287" tests="75" skipped="0" failures="0" errors="0" time="0.425">
    <testcase time="0.0209999999999999" classname="Data_class" name=".GeneralData_works_as_expected"/>
    <testcase time="0.00100000000000033" classname="Data_class" name=".GeneralData_works_as_expected"/>
    <testcase time="0.00300000000000011" classname="Data_class" name=".GeneralData_works_as_expected"/>
    <testcase time="0.00499999999999989" classname="Data_class" name=".Data_works_as_expected"/>
    <testcase time="0.000999999999999446" classname="Data_class" name=".Data_works_as_expected"/>
    <testcase time="0.00400000000000045" classname="Data_class" name=".Data_works_as_expected"/>
    <testcase time="0.00699999999999967" classname="Data_class" name="Data_object_can_be_created_with_user_constructor_Data"/>
    <testcase time="0.00100000000000033" classname="Data_class" name="Data_object_can_be_created_with_user_constructor_Data"/>
    <testcase time="0.00399999999999956" classname="Data_class" name="Data_object_can_be_created_with_user_constructor_Data"/>
    <testcase time="0.0129999999999999" classname="Data_class" name="Data_object_can_be_created_with_custom_values"/>
    <testcase time="0.00200000000000067" classname="Data_class" name="Data_object_can_be_created_with_custom_values"/>
    <testcase time="0.00399999999999956" classname="Data_class" name="Data_object_can_be_created_with_custom_values"/>
    <testcase time="0.0170000000000003" classname="Data_class" name="Data_constructor_handles_default_IDs_as_expected"/>
    <testcase time="0.000999999999999446" classname="Data_class" name="Data_constructor_handles_default_IDs_as_expected"/>
    <testcase time="0.00400000000000045" classname="Data_class" name="Data_constructor_handles_default_IDs_as_expected"/>
    <testcase time="0.0170000000000003" classname="Data_class" name="Data_constructor_works_as_expected_without_cohort_and_no_placebo"/>
    <testcase time="0.00199999999999978" classname="Data_class" name="Data_constructor_works_as_expected_without_cohort_and_no_placebo"/>
    <testcase time="0.00399999999999956" classname="Data_class" name="Data_constructor_works_as_expected_without_cohort_and_no_placebo"/>
    <testcase time="0.00499999999999989" classname="Data_class" name=".DataDual_works_as_expected"/>
    <testcase time="0.00100000000000033" classname="Data_class" name=".DataDual_works_as_expected"/>
    <testcase time="0.00499999999999989" classname="Data_class" name=".DataDual_works_as_expected"/>
    <testcase time="0.0129999999999999" classname="Data_class" name="DataDual_object_can_be_created_with_user_constructor_DataDual"/>
    <testcase time="0.00100000000000033" classname="Data_class" name="DataDual_object_can_be_created_with_user_constructor_DataDual"/>
    <testcase time="0.00399999999999956" classname="Data_class" name="DataDual_object_can_be_created_with_user_constructor_DataDual"/>
    <testcase time="0.016" classname="Data_class" name="DataDual_object_can_be_created_with_custom_values"/>
    <testcase time="0.00100000000000033" classname="Data_class" name="DataDual_object_can_be_created_with_custom_values"/>
    <testcase time="0.00499999999999989" classname="Data_class" name="DataDual_object_can_be_created_with_custom_values"/>
    <testcase time="0.00499999999999989" classname="Data_class" name=".DataParts_works_as_expected"/>
    <testcase time="0.000999999999999446" classname="Data_class" name=".DataParts_works_as_expected"/>
    <testcase time="0.00500000000000078" classname="Data_class" name=".DataParts_works_as_expected"/>
    <testcase time="0.00800000000000001" classname="Data_class" name="DataParts_object_can_be_created_with_user_constructor_DataParts"/>
    <testcase time="0.00199999999999978" classname="Data_class" name="DataParts_object_can_be_created_with_user_constructor_DataParts"/>
    <testcase time="0.00399999999999956" classname="Data_class" name="DataParts_object_can_be_created_with_user_constructor_DataParts"/>
    <testcase time="0.0150000000000006" classname="Data_class" name="DataParts_object_can_be_created_with_custom_values"/>
    <testcase time="0.000999999999999446" classname="Data_class" name="DataParts_object_can_be_created_with_custom_values"/>
    <testcase time="0.00499999999999989" classname="Data_class" name="DataParts_object_can_be_created_with_custom_values"/>
    <testcase time="0.00500000000000078" classname="Data_class" name=".DataMixture_works_as_expected"/>
    <testcase time="0.000999999999999446" classname="Data_class" name=".DataMixture_works_as_expected"/>
    <testcase time="0.00499999999999989" classname="Data_class" name=".DataMixture_works_as_expected"/>
    <testcase time="0.00800000000000001" classname="Data_class" name="DataMixture_object_can_be_created_with_user_constructor"/>
    <testcase time="0.00100000000000033" classname="Data_class" name="DataMixture_object_can_be_created_with_user_constructor"/>
    <testcase time="0.00499999999999989" classname="Data_class" name="DataMixture_object_can_be_created_with_user_constructor"/>
    <testcase time="0.0140000000000002" classname="Data_class" name="DataMixture_object_can_be_created_with_custom_values"/>
    <testcase time="0.000999999999999446" classname="Data_class" name="DataMixture_object_can_be_created_with_custom_values"/>
    <testcase time="0.00500000000000078" classname="Data_class" name="DataMixture_object_can_be_created_with_custom_values"/>
    <testcase time="0.00899999999999945" classname="Data_class" name=".DataDA_works_as_expected"/>
    <testcase time="0.00199999999999978" classname="Data_class" name=".DataDA_works_as_expected"/>
    <testcase time="0.00500000000000078" classname="Data_class" name=".DataDA_works_as_expected"/>
    <testcase time="0.00800000000000001" classname="Data_class" name="DataDA_object_can_be_created_with_user_constructor_DataDA"/>
    <testcase time="0.000999999999999446" classname="Data_class" name="DataDA_object_can_be_created_with_user_constructor_DataDA"/>
    <testcase time="0.00499999999999989" classname="Data_class" name="DataDA_object_can_be_created_with_user_constructor_DataDA"/>
    <testcase time="0.0140000000000002" classname="Data_class" name="DataDA_object_can_be_created_with_custom_values"/>
    <testcase time="0.00100000000000033" classname="Data_class" name="DataDA_object_can_be_created_with_custom_values"/>
    <testcase time="0.00499999999999989" classname="Data_class" name="DataDA_object_can_be_created_with_custom_values"/>
    <testcase time="0.00499999999999989" classname="Data_class" name=".DataOrdinal_works_as_expected"/>
    <testcase time="0.000999999999999446" classname="Data_class" name=".DataOrdinal_works_as_expected"/>
    <testcase time="0.00500000000000078" classname="Data_class" name=".DataOrdinal_works_as_expected"/>
    <testcase time="0.00599999999999934" classname="Data_class" name="DataOrdinal_object_can_be_created_with_user_constructor_DataOrdinal"/>
    <testcase time="0.00200000000000067" classname="Data_class" name="DataOrdinal_object_can_be_created_with_user_constructor_DataOrdinal"/>
    <testcase time="0.00399999999999956" classname="Data_class" name="DataOrdinal_object_can_be_created_with_user_constructor_DataOrdinal"/>
    <testcase time="0.0120000000000005" classname="Data_class" name="DataOrdinal_object_can_be_created_with_custom_values"/>
    <testcase time="0.00199999999999978" classname="Data_class" name="DataOrdinal_object_can_be_created_with_custom_values"/>
    <testcase time="0.00399999999999956" classname="Data_class" name="DataOrdinal_object_can_be_created_with_custom_values"/>
    <testcase time="0.00499999999999989" classname="Data_class" name=".DataGrouped_works_as_expected"/>
    <testcase time="0.00200000000000067" classname="Data_class" name=".DataGrouped_works_as_expected"/>
    <testcase time="0.00499999999999989" classname="Data_class" name=".DataGrouped_works_as_expected"/>
    <testcase time="0.00899999999999945" classname="Data_class" name="DataGrouped_object_can_be_created_with_user_constructor_DataGrouped"/>
    <testcase time="0.00100000000000033" classname="Data_class" name="DataGrouped_object_can_be_created_with_user_constructor_DataGrouped"/>
    <testcase time="0.00600000000000023" classname="Data_class" name="DataGrouped_object_can_be_created_with_user_constructor_DataGrouped"/>
    <testcase time="0.0149999999999997" classname="Data_class" name="DataGrouped_object_can_be_created_with_custom_values"/>
    <testcase time="0.00199999999999978" classname="Data_class" name="DataGrouped_object_can_be_created_with_custom_values"/>
    <testcase time="0.0170000000000003" classname="Data_class" name="DataGrouped_object_can_be_created_with_custom_values"/>
    <testcase time="0.0120000000000005" classname="Data_class" name="DataGrouped_default_constructor_works_as_expected"/>
    <testcase time="0.00199999999999978" classname="Data_class" name="DataGrouped_default_constructor_works_as_expected"/>
    <testcase time="0.00499999999999989" classname="Data_class" name="DataGrouped_default_constructor_works_as_expected"/>
  </testsuite>
  <testsuite name="Data-methods" timestamp="2024-10-07T08:39:21Z" hostname="18e134b69287" tests="121" skipped="10" failures="0" errors="0" time="3.242">
    <testcase time="0.21" classname="Data_methods" name="Plot_works_as_expected_for_Data_object_with_placebo">
      <skipped message="Reason: On CRAN ('test-Data-methods.R:7:3')"/>
    </testcase>
    <testcase time="0.305" classname="Data_methods" name="Plot_works_as_expected_for_Data_object_with_placebo_and_blinding">
      <skipped message="Reason: On CRAN ('test-Data-methods.R:14:3')"/>
    </testcase>
    <testcase time="0.151" classname="Data_methods" name="Plot_works_for_Data_object_with_placebo_blinding_and_no_legend">
      <skipped message="Reason: On CRAN ('test-Data-methods.R:21:3')"/>
    </testcase>
    <testcase time="0.287000000000001" classname="Data_methods" name="Plot_works_as_expected_for_DataDual_object_with_placebo">
      <skipped message="Reason: On CRAN ('test-Data-methods.R:32:3')"/>
    </testcase>
    <testcase time="0.238" classname="Data_methods" name="Plot_works_for_DataDual_object_with_placebo_and_blinding">
      <skipped message="Reason: On CRAN ('test-Data-methods.R:39:3')"/>
    </testcase>
    <testcase time="0.289" classname="Data_methods" name="Plot_works_as_expected_for_DataDA_object_with_placebo">
      <skipped message="Reason: On CRAN ('test-Data-methods.R:50:3')"/>
    </testcase>
    <testcase time="0.288" classname="Data_methods" name="Plot_works_for_DataDA_object_with_placebo_and_blinding">
      <skipped message="Reason: On CRAN ('test-Data-methods.R:57:3')"/>
    </testcase>
    <testcase time="0.157999999999999" classname="Data_methods" name="Plot_works_as_expected_for_DataOrdinal_object_with_placebo">
      <skipped message="Reason: On CRAN ('test-Data-methods.R:68:3')"/>
    </testcase>
    <testcase time="0.144" classname="Data_methods" name="Plot_works_as_expected_for_DataOrdinal_object_with_placebo_and_blinding">
      <skipped message="Reason: On CRAN ('test-Data-methods.R:75:3')"/>
    </testcase>
    <testcase time="0.162999999999999" classname="Data_methods" name="Plot_works_for_DataOrdinal_object_with_placebo_blinding_and_no_legend">
      <skipped message="Reason: On CRAN ('test-Data-methods.R:82:3')"/>
    </testcase>
    <testcase time="0.0250000000000004" classname="Data_methods" name="Update_of_Data_works_as_expected"/>
    <testcase time="0.00500000000000078" classname="Data_methods" name="Update_of_Data_works_as_expected"/>
    <testcase time="0.00300000000000011" classname="Data_methods" name="Update_of_Data_works_as_expected"/>
    <testcase time="0.0229999999999997" classname="Data_methods" name="Update_of_empty_Data_works_as_expected"/>
    <testcase time="0.00500000000000078" classname="Data_methods" name="Update_of_empty_Data_works_as_expected"/>
    <testcase time="0.00299999999999834" classname="Data_methods" name="Update_of_empty_Data_works_as_expected"/>
    <testcase time="0.016" classname="Data_methods" name="Update_of_Data_works_for_empty_update"/>
    <testcase time="0.0240000000000009" classname="Data_methods" name="Update_of_Data_works_when_doses_are_added_to_the_old_cohort"/>
    <testcase time="0.00600000000000023" classname="Data_methods" name="Update_of_Data_works_when_doses_are_added_to_the_old_cohort"/>
    <testcase time="0.00399999999999956" classname="Data_methods" name="Update_of_Data_works_when_doses_are_added_to_the_old_cohort"/>
    <testcase time="0.0220000000000002" classname="Data_methods" name="Update_of_Data_throws_the_error_for_a_dose_x_out_of_the_grid"/>
    <testcase time="0.016" classname="Data_methods" name="Update_of_Data_no_error_for_non_valid_update_and_validation_off"/>
    <testcase time="0.0150000000000006" classname="Data_methods" name="Update_of_Data_works_as_expected"/>
    <testcase time="0.00499999999999901" classname="Data_methods" name="Update_of_Data_works_as_expected"/>
    <testcase time="0.00200000000000067" classname="Data_methods" name="Update_of_Data_works_as_expected"/>
    <testcase time="0.00900000000000034" classname="Data_methods" name="Update_of_empty_DataOrdinal_works_as_expected"/>
    <testcase time="0.00499999999999901" classname="Data_methods" name="Update_of_empty_DataOrdinal_works_as_expected"/>
    <testcase time="0.00200000000000067" classname="Data_methods" name="Update_of_empty_DataOrdinal_works_as_expected"/>
    <testcase time="0.0359999999999996" classname="Data_methods" name="Update_of_DataOrdinal_works_for_empty_update"/>
    <testcase time="0.0150000000000006" classname="Data_methods" name="Update_of_DataOrdinal_works_when_doses_are_added_to_the_old_cohort"/>
    <testcase time="0.00399999999999956" classname="Data_methods" name="Update_of_DataOrdinal_works_when_doses_are_added_to_the_old_cohort"/>
    <testcase time="0.00300000000000011" classname="Data_methods" name="Update_of_DataOrdinal_works_when_doses_are_added_to_the_old_cohort"/>
    <testcase time="0.0179999999999989" classname="Data_methods" name="Update_of_DataOrdinal_throws_the_error_for_a_dose_x_out_of_the_grid"/>
    <testcase time="0.0130000000000017" classname="Data_methods" name="Update_of_DataOrdinal_no_error_for_non_valid_update_and_validation_off"/>
    <testcase time="0.0189999999999984" classname="Data_methods" name="Update_of_DataParts_works_as_expected"/>
    <testcase time="0.00500000000000078" classname="Data_methods" name="Update_of_DataParts_works_as_expected"/>
    <testcase time="0.00300000000000011" classname="Data_methods" name="Update_of_DataParts_works_as_expected"/>
    <testcase time="0.0229999999999997" classname="Data_methods" name="Update_of_DataParts_works_as_expected"/>
    <testcase time="0.00699999999999967" classname="Data_methods" name="Update_of_DataParts_works_as_expected"/>
    <testcase time="0.00400000000000134" classname="Data_methods" name="Update_of_DataParts_works_as_expected"/>
    <testcase time="0.0219999999999985" classname="Data_methods" name="Update_of_DataParts_works_no_DLT_and_x_eq_max_of_part1Ladder"/>
    <testcase time="0.00500000000000078" classname="Data_methods" name="Update_of_DataParts_works_no_DLT_and_x_eq_max_of_part1Ladder"/>
    <testcase time="0.00300000000000011" classname="Data_methods" name="Update_of_DataParts_works_no_DLT_and_x_eq_max_of_part1Ladder"/>
    <testcase time="0.0190000000000001" classname="Data_methods" name="Update_of_DataDual_works_as_expected"/>
    <testcase time="0.00499999999999901" classname="Data_methods" name="Update_of_DataDual_works_as_expected"/>
    <testcase time="0.00300000000000011" classname="Data_methods" name="Update_of_DataDual_works_as_expected"/>
    <testcase time="0.0200000000000014" classname="Data_methods" name="Update_of_DataDA_works_as_expected"/>
    <testcase time="0.00499999999999901" classname="Data_methods" name="Update_of_DataDA_works_as_expected"/>
    <testcase time="0.00300000000000011" classname="Data_methods" name="Update_of_DataDA_works_as_expected"/>
    <testcase time="0.0350000000000001" classname="Data_methods" name="Update_of_DataDA_works_for_empty_update_of_empty_object"/>
    <testcase time="0.00600000000000023" classname="Data_methods" name="Update_of_DataDA_works_for_empty_update_of_empty_object"/>
    <testcase time="0.00300000000000011" classname="Data_methods" name="Update_of_DataDA_works_for_empty_update_of_empty_object"/>
    <testcase time="0.0190000000000001" classname="Data_methods" name="Update_of_DataDA_works_when_no_update_of_non_empty_object"/>
    <testcase time="0.00499999999999901" classname="Data_methods" name="Update_of_DataDA_works_when_no_update_of_non_empty_object"/>
    <testcase time="0.00300000000000011" classname="Data_methods" name="Update_of_DataDA_works_when_no_update_of_non_empty_object"/>
    <testcase time="0.0210000000000008" classname="Data_methods" name="Update_of_DataDA_throws_the_error_for_empty_trialtime"/>
    <testcase time="0.0190000000000001" classname="Data_methods" name="getEff_DataDual_works_as_expected"/>
    <testcase time="0.0239999999999991" classname="Data_methods" name="getEff_DataDual_works_as_expected_no_dlt"/>
    <testcase time="0.0150000000000006" classname="Data_methods" name="getEff_DataDual_works_as_expected_no_DLT_"/>
    <testcase time="0.0109999999999992" classname="Data_methods" name="getEff_DataDual_works_as_expected_no_DLT_no_dlt"/>
    <testcase time="0.00999999999999979" classname="Data_methods" name="getEff_DataDual_works_as_expected_DLT_only_"/>
    <testcase time="0.011000000000001" classname="Data_methods" name="getEff_DataDual_works_as_expected_DLT_only_no_dlt"/>
    <testcase time="0.00799999999999912" classname="Data_methods" name="ngrid_throws_the_error_for_non_valid_ignore_placebo"/>
    <testcase time="0.00499999999999901" classname="Data_methods" name="ngrid_throws_the_error_for_non_valid_ignore_placebo"/>
    <testcase time="0.0150000000000006" classname="Data_methods" name="ngrid_Data_works_as_expected_with_placebo_in_grid"/>
    <testcase time="0.00399999999999956" classname="Data_methods" name="ngrid_Data_works_as_expected_with_placebo_in_grid"/>
    <testcase time="0.00500000000000078" classname="Data_methods" name="ngrid_Data_works_as_expected_with_placebo_in_grid"/>
    <testcase time="0.00300000000000011" classname="Data_methods" name="ngrid_Data_works_as_expected_with_placebo_in_grid"/>
    <testcase time="0.00499999999999901" classname="Data_methods" name="ngrid_Data_works_as_expected_with_placebo_in_grid"/>
    <testcase time="0.00300000000000011" classname="Data_methods" name="ngrid_Data_works_as_expected_with_placebo_in_grid"/>
    <testcase time="0.00500000000000078" classname="Data_methods" name="ngrid_Data_works_as_expected_with_placebo_in_grid"/>
    <testcase time="0.00300000000000011" classname="Data_methods" name="ngrid_Data_works_as_expected_with_placebo_in_grid"/>
    <testcase time="0.020999999999999" classname="Data_methods" name="ngrid_Data_works_as_expected_without_placebo_in_grid"/>
    <testcase time="0.00399999999999956" classname="Data_methods" name="ngrid_Data_works_as_expected_without_placebo_in_grid"/>
    <testcase time="0.00700000000000145" classname="Data_methods" name="ngrid_Data_works_as_expected_without_placebo_in_grid"/>
    <testcase time="0.00300000000000011" classname="Data_methods" name="ngrid_Data_works_as_expected_without_placebo_in_grid"/>
    <testcase time="0.00499999999999901" classname="Data_methods" name="ngrid_Data_works_as_expected_without_placebo_in_grid"/>
    <testcase time="0.00399999999999956" classname="Data_methods" name="ngrid_Data_works_as_expected_without_placebo_in_grid"/>
    <testcase time="0.00400000000000134" classname="Data_methods" name="ngrid_Data_works_as_expected_without_placebo_in_grid"/>
    <testcase time="0.00399999999999956" classname="Data_methods" name="ngrid_Data_works_as_expected_without_placebo_in_grid"/>
    <testcase time="0.0179999999999989" classname="Data_methods" name="dose_grid_range_throws_the_error_for_non_valid_ignore_placebo"/>
    <testcase time="0.00600000000000023" classname="Data_methods" name="dose_grid_range_throws_the_error_for_non_valid_ignore_placebo"/>
    <testcase time="0.0150000000000006" classname="Data_methods" name="dose_grid_range_Data_works_as_expected_with_placebo_in_grid"/>
    <testcase time="0.00399999999999956" classname="Data_methods" name="dose_grid_range_Data_works_as_expected_with_placebo_in_grid"/>
    <testcase time="0.00500000000000078" classname="Data_methods" name="dose_grid_range_Data_works_as_expected_with_placebo_in_grid"/>
    <testcase time="0.00300000000000011" classname="Data_methods" name="dose_grid_range_Data_works_as_expected_with_placebo_in_grid"/>
    <testcase time="0.00499999999999901" classname="Data_methods" name="dose_grid_range_Data_works_as_expected_with_placebo_in_grid"/>
    <testcase time="0.00300000000000011" classname="Data_methods" name="dose_grid_range_Data_works_as_expected_with_placebo_in_grid"/>
    <testcase time="0.00500000000000078" classname="Data_methods" name="dose_grid_range_Data_works_as_expected_with_placebo_in_grid"/>
    <testcase time="0.00300000000000011" classname="Data_methods" name="dose_grid_range_Data_works_as_expected_with_placebo_in_grid"/>
    <testcase time="0.0220000000000002" classname="Data_methods" name="dose_grid_range_Data_works_as_expected_without_placebo_in_grid"/>
    <testcase time="0.00499999999999901" classname="Data_methods" name="dose_grid_range_Data_works_as_expected_without_placebo_in_grid"/>
    <testcase time="0.00600000000000023" classname="Data_methods" name="dose_grid_range_Data_works_as_expected_without_placebo_in_grid"/>
    <testcase time="0.00300000000000011" classname="Data_methods" name="dose_grid_range_Data_works_as_expected_without_placebo_in_grid"/>
    <testcase time="0.00500000000000078" classname="Data_methods" name="dose_grid_range_Data_works_as_expected_without_placebo_in_grid"/>
    <testcase time="0.00399999999999956" classname="Data_methods" name="dose_grid_range_Data_works_as_expected_without_placebo_in_grid"/>
    <testcase time="0.00499999999999901" classname="Data_methods" name="dose_grid_range_Data_works_as_expected_without_placebo_in_grid"/>
    <testcase time="0.00300000000000011" classname="Data_methods" name="dose_grid_range_Data_works_as_expected_without_placebo_in_grid"/>
    <testcase time="0.0140000000000011" classname="Data_methods" name="dose_grid_range_DataOrdinal_works_as_expected_with_placebo_in_grid"/>
    <testcase time="0.00300000000000011" classname="Data_methods" name="dose_grid_range_DataOrdinal_works_as_expected_with_placebo_in_grid"/>
    <testcase time="0.00599999999999845" classname="Data_methods" name="dose_grid_range_DataOrdinal_works_as_expected_with_placebo_in_grid"/>
    <testcase time="0.00300000000000011" classname="Data_methods" name="dose_grid_range_DataOrdinal_works_as_expected_with_placebo_in_grid"/>
    <testcase time="0.00500000000000078" classname="Data_methods" name="dose_grid_range_DataOrdinal_works_as_expected_with_placebo_in_grid"/>
    <testcase time="0.00399999999999956" classname="Data_methods" name="dose_grid_range_DataOrdinal_works_as_expected_with_placebo_in_grid"/>
    <testcase time="0.00500000000000078" classname="Data_methods" name="dose_grid_range_DataOrdinal_works_as_expected_with_placebo_in_grid"/>
    <testcase time="0.00399999999999956" classname="Data_methods" name="dose_grid_range_DataOrdinal_works_as_expected_with_placebo_in_grid"/>
    <testcase time="0.0129999999999999" classname="Data_methods" name="dose_grid_range_DataOrdinal_works_as_expected_without_placebo_in_grid"/>
    <testcase time="0.00399999999999956" classname="Data_methods" name="dose_grid_range_DataOrdinal_works_as_expected_without_placebo_in_grid"/>
    <testcase time="0.00500000000000078" classname="Data_methods" name="dose_grid_range_DataOrdinal_works_as_expected_without_placebo_in_grid"/>
    <testcase time="0.00300000000000011" classname="Data_methods" name="dose_grid_range_DataOrdinal_works_as_expected_without_placebo_in_grid"/>
    <testcase time="0.00499999999999901" classname="Data_methods" name="dose_grid_range_DataOrdinal_works_as_expected_without_placebo_in_grid"/>
    <testcase time="0.00300000000000011" classname="Data_methods" name="dose_grid_range_DataOrdinal_works_as_expected_without_placebo_in_grid"/>
    <testcase time="0.0120000000000005" classname="Data_methods" name="dose_grid_range_DataOrdinal_works_as_expected_without_placebo_in_grid"/>
    <testcase time="0.00500000000000078" classname="Data_methods" name="dose_grid_range_DataOrdinal_works_as_expected_without_placebo_in_grid"/>
    <testcase time="0.0220000000000002" classname="Data_methods" name="tidy_DataGeneral_creates_the_correct_tibble"/>
    <testcase time="0.00899999999999856" classname="Data_methods" name="tidy_DataGeneral_creates_the_correct_tibble"/>
    <testcase time="0.00999999999999979" classname="Data_methods" name="tidy_DataGeneral_creates_the_correct_tibble"/>
    <testcase time="0.00900000000000034" classname="Data_methods" name="tidy_DataGeneral_creates_the_correct_tibble"/>
    <testcase time="0.00999999999999979" classname="Data_methods" name="tidy_DataGeneral_creates_the_correct_tibble"/>
    <testcase time="0.00999999999999979" classname="Data_methods" name="tidy_DataGeneral_creates_the_correct_tibble"/>
    <testcase time="0.0100000000000016" classname="Data_methods" name="tidy_DataGeneral_creates_the_correct_tibble"/>
  </testsuite>
  <testsuite name="Data-validity" timestamp="2024-10-07T08:39:24Z" hostname="18e134b69287" tests="38" skipped="0" failures="0" errors="0" time="0.627">
    <testcase time="0.00999999999999979" classname="Data_validity" name="h_doses_unique_per_cohort_returns_TRUE_for_unique_doses"/>
    <testcase time="0.00199999999999889" classname="Data_validity" name="h_doses_unique_per_cohort_returns_TRUE_for_unique_doses"/>
    <testcase time="0.00600000000000023" classname="Data_validity" name="h_doses_unique_per_cohort_returns_FALSE_for_non_unique_doses"/>
    <testcase time="0.00300000000000011" classname="Data_validity" name="h_doses_unique_per_cohort_returns_FALSE_for_non_unique_doses"/>
    <testcase time="0.0229999999999997" classname="Data_validity" name="v_general_data_passes_for_valid_object"/>
    <testcase time="0.0200000000000014" classname="Data_validity" name="v_general_data_returns_expected_messages_for_non_valid_object"/>
    <testcase time="0.016" classname="Data_validity" name="v_data_passes_for_valid_object"/>
    <testcase time="0.0169999999999995" classname="Data_validity" name="v_data_returns_error_when_only_placebo_in_cohort"/>
    <testcase time="0.016" classname="Data_validity" name="v_data_error_when_multiple_different_doses_in_a_cohort"/>
    <testcase time="0.0169999999999995" classname="Data_validity" name="v_data_returns_error_when_first_xLevel_does_not_match_x"/>
    <testcase time="0.0240000000000009" classname="Data_validity" name="v_data_dual_passes_for_valid_object"/>
    <testcase time="0.0220000000000002" classname="Data_validity" name="v_data_dual_returns_error_for_biomarker_of_wrong_length"/>
    <testcase time="0.0189999999999984" classname="Data_validity" name="v_data_parts_passes_for_valid_object"/>
    <testcase time="0.0180000000000007" classname="Data_validity" name="v_data_parts_error_when_part_of_wrong_length_and_values"/>
    <testcase time="0.0190000000000001" classname="Data_validity" name="v_data_parts_error_when_nextPart_of_wrong_len_vals_order"/>
    <testcase time="0.0180000000000007" classname="Data_validity" name="v_data_parts_error_when_part1Ladder_unsorted_non_unique"/>
    <testcase time="0.0279999999999987" classname="Data_validity" name="v_data_parts_error_when_part1Ladder_has_wrong_values"/>
    <testcase time="0.0190000000000001" classname="Data_validity" name="v_data_mixture_passes_for_valid_object"/>
    <testcase time="0.0190000000000001" classname="Data_validity" name="v_data_mixture_error_when_xshare_is_of_wrong_length"/>
    <testcase time="0.0190000000000001" classname="Data_validity" name="v_data_mixture_error_when_xshare_has_wrong_values"/>
    <testcase time="0.0180000000000007" classname="Data_validity" name="v_data_mixture_error_for_yshare_of_wrong_length_and_vals."/>
    <testcase time="0.0229999999999997" classname="Data_validity" name="v_data_mixture_error_for_nObsshare_of_wrong_length"/>
    <testcase time="0.0229999999999997" classname="Data_validity" name="v_data_da_passes_for_valid_object"/>
    <testcase time="0.0180000000000007" classname="Data_validity" name="v_data_da_error_for_Tmax_of_wrong_length_negative_values"/>
    <testcase time="0.0190000000000001" classname="Data_validity" name="v_data_da_error_for_u_of_wrong_length_and_values"/>
    <testcase time="0.0190000000000001" classname="Data_validity" name="v_data_da_error_for_t0_of_wrong_length_negative_values"/>
    <testcase time="0.0149999999999988" classname="Data_validity" name="v_data_ordinal_passes_for_valid_object"/>
    <testcase time="0.0140000000000011" classname="Data_validity" name="v_data_ordinal_correctly_detects_bad_data"/>
    <testcase time="0.0199999999999996" classname="Data_validity" name="v_data_ordinal_correctly_detects_bad_data"/>
    <testcase time="0.00900000000000034" classname="Data_validity" name="v_data_ordinal_correctly_detects_bad_data"/>
    <testcase time="0.00999999999999979" classname="Data_validity" name="v_data_ordinal_correctly_detects_bad_data"/>
    <testcase time="0.0109999999999992" classname="Data_validity" name="v_data_ordinal_correctly_detects_bad_data"/>
    <testcase time="0.00999999999999979" classname="Data_validity" name="v_data_ordinal_correctly_detects_bad_data"/>
    <testcase time="0.00999999999999979" classname="Data_validity" name="v_data_ordinal_correctly_detects_bad_data"/>
    <testcase time="0.0100000000000016" classname="Data_validity" name="v_data_ordinal_correctly_detects_bad_data"/>
    <testcase time="0.0169999999999995" classname="Data_validity" name="v_data_grouped_passes_for_valid_object"/>
    <testcase time="0.0250000000000004" classname="Data_validity" name="v_data_grouped_fails_for_wrong_length"/>
    <testcase time="0.020999999999999" classname="Data_validity" name="v_data_grouped_fails_for_wrong_factor_levels"/>
  </testsuite>
  <testsuite name="Design-class" timestamp="2024-10-07T08:39:25Z" hostname="18e134b69287" tests="183" skipped="0" failures="0" errors="0" time="1.018">
    <testcase time="0.00999999999999979" classname="Design_class" name=".RuleDesign_works_as_expected"/>
    <testcase time="0.00100000000000122" classname="Design_class" name=".RuleDesign_works_as_expected"/>
    <testcase time="0.00399999999999956" classname="Design_class" name=".RuleDesign_works_as_expected"/>
    <testcase time="0.00799999999999912" classname="Design_class" name="RuleDesign_object_can_be_created_with_user_constructor"/>
    <testcase time="0.00100000000000122" classname="Design_class" name="RuleDesign_object_can_be_created_with_user_constructor"/>
    <testcase time="0.00399999999999956" classname="Design_class" name="RuleDesign_object_can_be_created_with_user_constructor"/>
    <testcase time="0.00300000000000011" classname="Design_class" name="RuleDesign_object_can_be_created_with_user_constructor"/>
    <testcase time="0.00300000000000011" classname="Design_class" name="RuleDesign_object_can_be_created_with_user_constructor"/>
    <testcase time="0.00199999999999889" classname="Design_class" name="RuleDesign_object_can_be_created_with_user_constructor"/>
    <testcase time="0.00300000000000011" classname="Design_class" name="RuleDesign_object_can_be_created_with_user_constructor"/>
    <testcase time="0.00500000000000078" classname="Design_class" name="RuleDesign_user_constructor_arguments_names_are_as_expected"/>
    <testcase time="0.00799999999999912" classname="Design_class" name="RuleDesign_object_can_be_created_with_ThreePlusThreeDesign_constructor"/>
    <testcase time="0.00200000000000067" classname="Design_class" name="RuleDesign_object_can_be_created_with_ThreePlusThreeDesign_constructor"/>
    <testcase time="0.00300000000000011" classname="Design_class" name="RuleDesign_object_can_be_created_with_ThreePlusThreeDesign_constructor"/>
    <testcase time="0.00300000000000011" classname="Design_class" name="RuleDesign_object_can_be_created_with_ThreePlusThreeDesign_constructor"/>
    <testcase time="0.00300000000000011" classname="Design_class" name="RuleDesign_object_can_be_created_with_ThreePlusThreeDesign_constructor"/>
    <testcase time="0.00499999999999901" classname="Design_class" name="RuleDesign_object_can_be_created_with_ThreePlusThreeDesign_constructor"/>
    <testcase time="0.00300000000000011" classname="Design_class" name="RuleDesign_object_can_be_created_with_ThreePlusThreeDesign_constructor"/>
    <testcase time="0.00400000000000134" classname="Design_class" name="ThreePlusThreeDesign_constructor_arguments_names_are_as_expected"/>
    <testcase time="0.00499999999999901" classname="Design_class" name=".Design_works_as_expected"/>
    <testcase time="0.00200000000000067" classname="Design_class" name=".Design_works_as_expected"/>
    <testcase time="0.00300000000000011" classname="Design_class" name=".Design_works_as_expected"/>
    <testcase time="0.0220000000000002" classname="Design_class" name="Design_object_can_be_created_with_user_constructor"/>
    <testcase time="0.00199999999999889" classname="Design_class" name="Design_object_can_be_created_with_user_constructor"/>
    <testcase time="0.00500000000000078" classname="Design_class" name="Design_object_can_be_created_with_user_constructor"/>
    <testcase time="0.00399999999999956" classname="Design_class" name="Design_object_can_be_created_with_user_constructor"/>
    <testcase time="0.00399999999999956" classname="Design_class" name="Design_object_can_be_created_with_user_constructor"/>
    <testcase time="0.00200000000000067" classname="Design_class" name="Design_object_can_be_created_with_user_constructor"/>
    <testcase time="0.00300000000000011" classname="Design_class" name="Design_object_can_be_created_with_user_constructor"/>
    <testcase time="0.00300000000000011" classname="Design_class" name="Design_object_can_be_created_with_user_constructor"/>
    <testcase time="0.00300000000000011" classname="Design_class" name="Design_object_can_be_created_with_user_constructor"/>
    <testcase time="0.00300000000000011" classname="Design_class" name="Design_object_can_be_created_with_user_constructor"/>
    <testcase time="0.00300000000000011" classname="Design_class" name="Design_object_can_be_created_with_user_constructor"/>
    <testcase time="0.00399999999999956" classname="Design_class" name="Design_object_can_be_created_with_user_constructor"/>
    <testcase time="0.00399999999999956" classname="Design_class" name="Design_object_can_be_created_with_user_constructor"/>
    <testcase time="0.00500000000000078" classname="Design_class" name="Design_user_constructor_arguments_names_are_as_expected"/>
    <testcase time="0.00499999999999901" classname="Design_class" name=".DualDesign_works_as_expected"/>
    <testcase time="0.00100000000000122" classname="Design_class" name=".DualDesign_works_as_expected"/>
    <testcase time="0.00399999999999956" classname="Design_class" name=".DualDesign_works_as_expected"/>
    <testcase time="0.0239999999999991" classname="Design_class" name="DualDesign_object_can_be_created_with_user_constructor"/>
    <testcase time="0.00100000000000122" classname="Design_class" name="DualDesign_object_can_be_created_with_user_constructor"/>
    <testcase time="0.00399999999999956" classname="Design_class" name="DualDesign_object_can_be_created_with_user_constructor"/>
    <testcase time="0.00300000000000011" classname="Design_class" name="DualDesign_object_can_be_created_with_user_constructor"/>
    <testcase time="0.00300000000000011" classname="Design_class" name="DualDesign_object_can_be_created_with_user_constructor"/>
    <testcase time="0.00300000000000011" classname="Design_class" name="DualDesign_object_can_be_created_with_user_constructor"/>
    <testcase time="0.00300000000000011" classname="Design_class" name="DualDesign_object_can_be_created_with_user_constructor"/>
    <testcase time="0.00300000000000011" classname="Design_class" name="DualDesign_object_can_be_created_with_user_constructor"/>
    <testcase time="0.00299999999999834" classname="Design_class" name="DualDesign_object_can_be_created_with_user_constructor"/>
    <testcase time="0.00300000000000011" classname="Design_class" name="DualDesign_object_can_be_created_with_user_constructor"/>
    <testcase time="0.00500000000000078" classname="Design_class" name="DualDesign_user_constructor_arguments_names_are_as_expected"/>
    <testcase time="0.00999999999999979" classname="Design_class" name=".TDsamplesDesign_works_as_expected"/>
    <testcase time="0.00200000000000067" classname="Design_class" name=".TDsamplesDesign_works_as_expected"/>
    <testcase time="0.00499999999999901" classname="Design_class" name=".TDsamplesDesign_works_as_expected"/>
    <testcase time="0.0220000000000002" classname="Design_class" name="TDsamplesDesign_object_can_be_created_with_user_constructor"/>
    <testcase time="0.000999999999999446" classname="Design_class" name="TDsamplesDesign_object_can_be_created_with_user_constructor"/>
    <testcase time="0.00400000000000134" classname="Design_class" name="TDsamplesDesign_object_can_be_created_with_user_constructor"/>
    <testcase time="0.00399999999999956" classname="Design_class" name="TDsamplesDesign_object_can_be_created_with_user_constructor"/>
    <testcase time="0.00300000000000011" classname="Design_class" name="TDsamplesDesign_object_can_be_created_with_user_constructor"/>
    <testcase time="0.00300000000000011" classname="Design_class" name="TDsamplesDesign_object_can_be_created_with_user_constructor"/>
    <testcase time="0.00300000000000011" classname="Design_class" name="TDsamplesDesign_object_can_be_created_with_user_constructor"/>
    <testcase time="0.00300000000000011" classname="Design_class" name="TDsamplesDesign_object_can_be_created_with_user_constructor"/>
    <testcase time="0.00300000000000011" classname="Design_class" name="TDsamplesDesign_object_can_be_created_with_user_constructor"/>
    <testcase time="0.00300000000000011" classname="Design_class" name="TDsamplesDesign_object_can_be_created_with_user_constructor"/>
    <testcase time="0.00299999999999834" classname="Design_class" name="TDsamplesDesign_object_can_be_created_with_user_constructor"/>
    <testcase time="0.00500000000000078" classname="Design_class" name="TDsamplesDesign_object_can_be_created_with_user_constructor"/>
    <testcase time="0.00399999999999956" classname="Design_class" name="TDsamplesDesign_object_can_be_created_with_user_constructor"/>
    <testcase time="0.00500000000000078" classname="Design_class" name="TDsamplesDesign_user_constructor_arguments_names_are_as_expected"/>
    <testcase time="0.00499999999999901" classname="Design_class" name=".TDDesign_works_as_expected"/>
    <testcase time="0.00100000000000122" classname="Design_class" name=".TDDesign_works_as_expected"/>
    <testcase time="0.00399999999999956" classname="Design_class" name=".TDDesign_works_as_expected"/>
    <testcase time="0.0169999999999995" classname="Design_class" name="TDDesign_object_can_be_created_with_user_constructor"/>
    <testcase time="0.00200000000000067" classname="Design_class" name="TDDesign_object_can_be_created_with_user_constructor"/>
    <testcase time="0.00399999999999956" classname="Design_class" name="TDDesign_object_can_be_created_with_user_constructor"/>
    <testcase time="0.00300000000000011" classname="Design_class" name="TDDesign_object_can_be_created_with_user_constructor"/>
    <testcase time="0.00300000000000011" classname="Design_class" name="TDDesign_object_can_be_created_with_user_constructor"/>
    <testcase time="0.00300000000000011" classname="Design_class" name="TDDesign_object_can_be_created_with_user_constructor"/>
    <testcase time="0.00900000000000034" classname="Design_class" name="TDDesign_object_can_be_created_with_user_constructor"/>
    <testcase time="0.00399999999999956" classname="Design_class" name="TDDesign_object_can_be_created_with_user_constructor"/>
    <testcase time="0.00399999999999956" classname="Design_class" name="TDDesign_object_can_be_created_with_user_constructor"/>
    <testcase time="0.00500000000000078" classname="Design_class" name="TDDesign_object_can_be_created_with_user_constructor"/>
    <testcase time="0.00399999999999956" classname="Design_class" name="TDDesign_object_can_be_created_with_user_constructor"/>
    <testcase time="0.00500000000000078" classname="Design_class" name="TDDesign_object_can_be_created_with_user_constructor"/>
    <testcase time="0.00300000000000011" classname="Design_class" name="TDDesign_object_can_be_created_with_user_constructor"/>
    <testcase time="0.00499999999999901" classname="Design_class" name="TDDesign_user_constructor_arguments_names_are_as_expected"/>
    <testcase time="0.00600000000000023" classname="Design_class" name=".DualResponsesSamplesDesign_works_as_expected"/>
    <testcase time="0.000999999999999446" classname="Design_class" name=".DualResponsesSamplesDesign_works_as_expected"/>
    <testcase time="0.00500000000000078" classname="Design_class" name=".DualResponsesSamplesDesign_works_as_expected"/>
    <testcase time="0.0259999999999998" classname="Design_class" name="DualResponsesSamplesDesign_object_can_be_created_with_user_constructor"/>
    <testcase time="0.00200000000000067" classname="Design_class" name="DualResponsesSamplesDesign_object_can_be_created_with_user_constructor"/>
    <testcase time="0.00499999999999901" classname="Design_class" name="DualResponsesSamplesDesign_object_can_be_created_with_user_constructor"/>
    <testcase time="0.00300000000000011" classname="Design_class" name="DualResponsesSamplesDesign_object_can_be_created_with_user_constructor"/>
    <testcase time="0.00300000000000011" classname="Design_class" name="DualResponsesSamplesDesign_object_can_be_created_with_user_constructor"/>
    <testcase time="0.00300000000000011" classname="Design_class" name="DualResponsesSamplesDesign_object_can_be_created_with_user_constructor"/>
    <testcase time="0.00300000000000011" classname="Design_class" name="DualResponsesSamplesDesign_object_can_be_created_with_user_constructor"/>
    <testcase time="0.00399999999999956" classname="Design_class" name="DualResponsesSamplesDesign_object_can_be_created_with_user_constructor"/>
    <testcase time="0.00300000000000011" classname="Design_class" name="DualResponsesSamplesDesign_object_can_be_created_with_user_constructor"/>
    <testcase time="0.00300000000000011" classname="Design_class" name="DualResponsesSamplesDesign_object_can_be_created_with_user_constructor"/>
    <testcase time="0.00300000000000011" classname="Design_class" name="DualResponsesSamplesDesign_object_can_be_created_with_user_constructor"/>
    <testcase time="0.00300000000000011" classname="Design_class" name="DualResponsesSamplesDesign_object_can_be_created_with_user_constructor"/>
    <testcase time="0.00399999999999956" classname="Design_class" name="DualResponsesSamplesDesign_user_constructor_arguments_names_are_as_expected"/>
    <testcase time="0.011000000000001" classname="Design_class" name=".DualResponsesDesign_works_as_expected"/>
    <testcase time="0.00199999999999889" classname="Design_class" name=".DualResponsesDesign_works_as_expected"/>
    <testcase time="0.00699999999999967" classname="Design_class" name=".DualResponsesDesign_works_as_expected"/>
    <testcase time="0.0289999999999999" classname="Design_class" name="DualResponsesDesign_object_can_be_created_with_user_constructor"/>
    <testcase time="0.00200000000000067" classname="Design_class" name="DualResponsesDesign_object_can_be_created_with_user_constructor"/>
    <testcase time="0.00500000000000078" classname="Design_class" name="DualResponsesDesign_object_can_be_created_with_user_constructor"/>
    <testcase time="0.00300000000000011" classname="Design_class" name="DualResponsesDesign_object_can_be_created_with_user_constructor"/>
    <testcase time="0.00399999999999956" classname="Design_class" name="DualResponsesDesign_object_can_be_created_with_user_constructor"/>
    <testcase time="0.00300000000000011" classname="Design_class" name="DualResponsesDesign_object_can_be_created_with_user_constructor"/>
    <testcase time="0.00300000000000011" classname="Design_class" name="DualResponsesDesign_object_can_be_created_with_user_constructor"/>
    <testcase time="0.00399999999999956" classname="Design_class" name="DualResponsesDesign_object_can_be_created_with_user_constructor"/>
    <testcase time="0.00399999999999956" classname="Design_class" name="DualResponsesDesign_object_can_be_created_with_user_constructor"/>
    <testcase time="0.00300000000000011" classname="Design_class" name="DualResponsesDesign_object_can_be_created_with_user_constructor"/>
    <testcase time="0.00300000000000011" classname="Design_class" name="DualResponsesDesign_object_can_be_created_with_user_constructor"/>
    <testcase time="0.00300000000000011" classname="Design_class" name="DualResponsesDesign_object_can_be_created_with_user_constructor"/>
    <testcase time="0.00500000000000078" classname="Design_class" name="DualResponsesDesign_user_constructor_arguments_names_are_as_expected"/>
    <testcase time="0.00699999999999967" classname="Design_class" name=".DADesign_works_as_expected"/>
    <testcase time="0.000999999999999446" classname="Design_class" name=".DADesign_works_as_expected"/>
    <testcase time="0.00500000000000078" classname="Design_class" name=".DADesign_works_as_expected"/>
    <testcase time="0.00300000000000011" classname="Design_class" name=".DADesign_works_as_expected"/>
    <testcase time="0.00699999999999967" classname="Design_class" name=".DADesign_works_as_expected"/>
    <testcase time="0.00300000000000011" classname="Design_class" name=".DADesign_works_as_expected"/>
    <testcase time="0.0229999999999997" classname="Design_class" name="DADesign_constructor_works_as_expected"/>
    <testcase time="0.00199999999999889" classname="Design_class" name="DADesign_constructor_works_as_expected"/>
    <testcase time="0.00600000000000023" classname="Design_class" name="DADesign_constructor_works_as_expected"/>
    <testcase time="0.00300000000000011" classname="Design_class" name="DADesign_constructor_works_as_expected"/>
    <testcase time="0.00300000000000011" classname="Design_class" name="DADesign_constructor_works_as_expected"/>
    <testcase time="0.00399999999999956" classname="Design_class" name="DADesign_constructor_works_as_expected"/>
    <testcase time="0.00300000000000011" classname="Design_class" name="DADesign_constructor_works_as_expected"/>
    <testcase time="0.00300000000000011" classname="Design_class" name="DADesign_constructor_works_as_expected"/>
    <testcase time="0.00300000000000011" classname="Design_class" name="DADesign_constructor_works_as_expected"/>
    <testcase time="0.00399999999999956" classname="Design_class" name="DADesign_constructor_works_as_expected"/>
    <testcase time="0.00300000000000011" classname="Design_class" name="DADesign_constructor_works_as_expected"/>
    <testcase time="0.00300000000000011" classname="Design_class" name="DADesign_constructor_works_as_expected"/>
    <testcase time="0.00300000000000011" classname="Design_class" name="DADesign_constructor_works_as_expected"/>
    <testcase time="0.00500000000000078" classname="Design_class" name="DADesign_user_constructor_arguments_names_are_as_expected"/>
    <testcase time="0.00699999999999967" classname="Design_class" name=".DesignGrouped_works_as_expected"/>
    <testcase time="0.000999999999999446" classname="Design_class" name=".DesignGrouped_works_as_expected"/>
    <testcase time="0.00400000000000134" classname="Design_class" name=".DesignGrouped_works_as_expected"/>
    <testcase time="0.0229999999999997" classname="Design_class" name="DesignGrouped_works_as_expected"/>
    <testcase time="0.00300000000000011" classname="Design_class" name="DesignGrouped_works_as_expected"/>
    <testcase time="0.00499999999999901" classname="Design_class" name="DesignGrouped_works_as_expected"/>
    <testcase time="0.00500000000000078" classname="Design_class" name="DesignGrouped_works_as_expected"/>
    <testcase time="0.00499999999999901" classname="Design_class" name="DesignGrouped_works_as_expected"/>
    <testcase time="0.00500000000000078" classname="Design_class" name="DesignGrouped_works_as_expected"/>
    <testcase time="0.00500000000000078" classname="Design_class" name="DesignGrouped_works_as_expected"/>
    <testcase time="0.00499999999999901" classname="Design_class" name="DesignGrouped_works_as_expected"/>
    <testcase time="0.138999999999999" classname="Design_class" name="DesignGrouped_works_as_expected"/>
    <testcase time="0.00300000000000011" classname="Design_class" name="DesignGrouped_works_as_expected"/>
    <testcase time="0.00200000000000067" classname="Design_class" name="DesignGrouped_works_as_expected"/>
    <testcase time="0.000999999999999446" classname="Design_class" name="DesignGrouped_works_as_expected"/>
    <testcase time="0.00300000000000011" classname="Design_class" name="DesignGrouped_works_as_expected"/>
    <testcase time="0.00300000000000011" classname="Design_class" name="DesignGrouped_works_as_expected"/>
    <testcase time="0.00500000000000078" classname="Design_class" name=".DefaultDesignGrouped_works_as_expected"/>
    <testcase time="0.00399999999999956" classname="Design_class" name=".DefaultDesignGrouped_works_as_expected"/>
    <testcase time="0.00500000000000078" classname="Design_class" name=".RuleDesignOrdinal_works_as_expected"/>
    <testcase time="0.000999999999999446" classname="Design_class" name=".RuleDesignOrdinal_works_as_expected"/>
    <testcase time="0.00399999999999956" classname="Design_class" name=".RuleDesignOrdinal_works_as_expected"/>
    <testcase time="0.00900000000000034" classname="Design_class" name="RuleDesign_object_can_be_created_with_user_constructor"/>
    <testcase time="0.00200000000000067" classname="Design_class" name="RuleDesign_object_can_be_created_with_user_constructor"/>
    <testcase time="0.00399999999999956" classname="Design_class" name="RuleDesign_object_can_be_created_with_user_constructor"/>
    <testcase time="0.00300000000000011" classname="Design_class" name="RuleDesign_object_can_be_created_with_user_constructor"/>
    <testcase time="0.00300000000000011" classname="Design_class" name="RuleDesign_object_can_be_created_with_user_constructor"/>
    <testcase time="0.00300000000000011" classname="Design_class" name="RuleDesign_object_can_be_created_with_user_constructor"/>
    <testcase time="0.00300000000000011" classname="Design_class" name="RuleDesign_object_can_be_created_with_user_constructor"/>
    <testcase time="0.00499999999999901" classname="Design_class" name="RuleDesignOrdinal_user_constructor_arguments_names_are_as_expected"/>
    <testcase time="0.00500000000000078" classname="Design_class" name=".DesignOrdinal_works_as_expected"/>
    <testcase time="0.00199999999999889" classname="Design_class" name=".DesignOrdinal_works_as_expected"/>
    <testcase time="0.00400000000000134" classname="Design_class" name=".DesignOrdinal_works_as_expected"/>
    <testcase time="0.0229999999999997" classname="Design_class" name="DesignOrdinal_object_can_be_created_with_user_constructor"/>
    <testcase time="0.00300000000000011" classname="Design_class" name="DesignOrdinal_object_can_be_created_with_user_constructor"/>
    <testcase time="0.00600000000000023" classname="Design_class" name="DesignOrdinal_object_can_be_created_with_user_constructor"/>
    <testcase time="0.00499999999999901" classname="Design_class" name="DesignOrdinal_object_can_be_created_with_user_constructor"/>
    <testcase time="0.00999999999999979" classname="Design_class" name="DesignOrdinal_object_can_be_created_with_user_constructor"/>
    <testcase time="0.00399999999999956" classname="Design_class" name="DesignOrdinal_object_can_be_created_with_user_constructor"/>
    <testcase time="0.00399999999999956" classname="Design_class" name="DesignOrdinal_object_can_be_created_with_user_constructor"/>
    <testcase time="0.00500000000000078" classname="Design_class" name="DesignOrdinal_object_can_be_created_with_user_constructor"/>
    <testcase time="0.00499999999999901" classname="Design_class" name="DesignOrdinal_object_can_be_created_with_user_constructor"/>
    <testcase time="0.00399999999999956" classname="Design_class" name="DesignOrdinal_object_can_be_created_with_user_constructor"/>
    <testcase time="0.00500000000000078" classname="Design_class" name="DesignOrdinal_object_can_be_created_with_user_constructor"/>
    <testcase time="0.00699999999999967" classname="Design_class" name="DesignOrdinal_object_can_be_created_with_user_constructor"/>
    <testcase time="0.00600000000000023" classname="Design_class" name="DesignOrdinal_object_can_be_created_with_user_constructor"/>
    <testcase time="0.00699999999999967" classname="Design_class" name="Design_user_constructor_arguments_names_are_as_expected"/>
  </testsuite>
  <testsuite name="Design-methods" timestamp="2024-10-07T08:39:26Z" hostname="18e134b69287" tests="122" skipped="15" failures="0" errors="0" time="40.916">
    <testcase time="0.719000000000001" classname="Design_methods" name="simulate_produces_consistent_results_with_placebo_data">
      <skipped message="Reason: On CRAN ('test-Design-methods.R:24:3')"/>
    </testcase>
    <testcase time="1.004" classname="Design_methods" name="simulate_produces_consistent_results_with_sentinel_patients">
      <skipped message="Reason: On CRAN ('test-Design-methods.R:43:3')"/>
    </testcase>
    <testcase time="0.0519999999999996" classname="Design_methods" name="simulate_RuleDesign_produces_consistent_results">
      <skipped message="Reason: On CRAN ('test-Design-methods.R:64:3')"/>
    </testcase>
    <testcase time="0.758000000000001" classname="Design_methods" name="simulate_DualDesign_produces_consistent_results">
      <skipped message="Reason: On CRAN ('test-Design-methods.R:106:3')"/>
    </testcase>
    <testcase time="0.361999999999998" classname="Design_methods" name="simulate_TDSamplesDesign_produces_consistent_results">
      <skipped message="Reason: On CRAN ('test-Design-methods.R:154:3')"/>
    </testcase>
    <testcase time="0.508000000000001" classname="Design_methods" name="simulate_TDDesign_produces_consistent_results">
      <skipped message="Reason: On CRAN ('test-Design-methods.R:174:3')"/>
    </testcase>
    <testcase time="2.041" classname="Design_methods" name="simulate_DualResponsesDesign_produces_consistent_results">
      <skipped message="Reason: On CRAN ('test-Design-methods.R:197:3')"/>
    </testcase>
    <testcase time="0.307000000000002" classname="Design_methods" name="simulate_DualResponsesSamplesDesign_produces_consistent_results">
      <skipped message="Reason: On CRAN ('test-Design-methods.R:265:3')"/>
    </testcase>
    <testcase time="0.175000000000001" classname="Design_methods" name="Test_if_simulate_generate_the_expected_output.">
      <skipped message="Reason: On CRAN ('test-Design-methods.R:302:3')"/>
    </testcase>
    <testcase time="0.718999999999998" classname="Design_methods" name="NextBestInfTheory_produces_consistent_results_for_empty_data"/>
    <testcase time="0.00600000000000023" classname="Design_methods" name="NextBestInfTheory_produces_consistent_results_for_empty_data"/>
    <testcase time="0.00499999999999901" classname="Design_methods" name="NextBestInfTheory_produces_consistent_results_for_empty_data"/>
    <testcase time="0.00500000000000256" classname="Design_methods" name="NextBestInfTheory_produces_consistent_results_for_empty_data"/>
    <testcase time="0.00399999999999778" classname="Design_methods" name="NextBestInfTheory_produces_consistent_results_for_empty_data"/>
    <testcase time="0.0180000000000007" classname="Design_methods" name="NextBestInfTheory_produces_consistent_results_for_empty_data">
      <skipped message="Reason: On CRAN ('test-Design-methods.R:351:3')"/>
    </testcase>
    <testcase time="0.185000000000002" classname="Design_methods" name="NextBestInfTheory_produces_consistent_results_with_a_dataset"/>
    <testcase time="0.00499999999999901" classname="Design_methods" name="NextBestInfTheory_produces_consistent_results_with_a_dataset"/>
    <testcase time="0.00499999999999901" classname="Design_methods" name="NextBestInfTheory_produces_consistent_results_with_a_dataset"/>
    <testcase time="0.00499999999999901" classname="Design_methods" name="NextBestInfTheory_produces_consistent_results_with_a_dataset"/>
    <testcase time="0.00500000000000256" classname="Design_methods" name="NextBestInfTheory_produces_consistent_results_with_a_dataset"/>
    <testcase time="0.00799999999999912" classname="Design_methods" name="NextBestInfTheory_produces_consistent_results_with_a_dataset">
      <skipped message="Reason: On CRAN ('test-Design-methods.R:397:3')"/>
    </testcase>
    <testcase time="1.397" classname="Design_methods" name="stop_reasons_can_be_NA_with_certain_stopping_rule_settings"/>
    <testcase time="2.835" classname="Design_methods" name="simulate_for_DesignGrouped_works_as_expected"/>
    <testcase time="0.00199999999999889" classname="Design_methods" name="simulate_for_DesignGrouped_works_as_expected"/>
    <testcase time="0.00100000000000122" classname="Design_methods" name="simulate_for_DesignGrouped_works_as_expected"/>
    <testcase time="0.00199999999999889" classname="Design_methods" name="simulate_for_DesignGrouped_works_as_expected"/>
    <testcase time="0.00400000000000134" classname="Design_methods" name="simulate_for_DesignGrouped_works_as_expected"/>
    <testcase time="0.00100000000000122" classname="Design_methods" name="simulate_for_DesignGrouped_works_as_expected"/>
    <testcase time="0.00399999999999778" classname="Design_methods" name="simulate_for_DesignGrouped_works_as_expected"/>
    <testcase time="0.00300000000000011" classname="Design_methods" name="simulate_for_DesignGrouped_works_as_expected"/>
    <testcase time="0.00300000000000011" classname="Design_methods" name="simulate_for_DesignGrouped_works_as_expected"/>
    <testcase time="0.00300000000000011" classname="Design_methods" name="simulate_for_DesignGrouped_works_as_expected"/>
    <testcase time="3.22" classname="Design_methods" name="simulate_for_DesignGrouped_works_as_expected_with_different_doses_parallel_first_cohort"/>
    <testcase time="0.00199999999999889" classname="Design_methods" name="simulate_for_DesignGrouped_works_as_expected_with_different_doses_parallel_first_cohort"/>
    <testcase time="0.00100000000000122" classname="Design_methods" name="simulate_for_DesignGrouped_works_as_expected_with_different_doses_parallel_first_cohort"/>
    <testcase time="0.000999999999997669" classname="Design_methods" name="simulate_for_DesignGrouped_works_as_expected_with_different_doses_parallel_first_cohort"/>
    <testcase time="0.00400000000000134" classname="Design_methods" name="simulate_for_DesignGrouped_works_as_expected_with_different_doses_parallel_first_cohort"/>
    <testcase time="0.00199999999999889" classname="Design_methods" name="simulate_for_DesignGrouped_works_as_expected_with_different_doses_parallel_first_cohort"/>
    <testcase time="0.00400000000000134" classname="Design_methods" name="simulate_for_DesignGrouped_works_as_expected_with_different_doses_parallel_first_cohort"/>
    <testcase time="0.00199999999999889" classname="Design_methods" name="simulate_for_DesignGrouped_works_as_expected_with_different_doses_parallel_first_cohort"/>
    <testcase time="0.00300000000000011" classname="Design_methods" name="simulate_for_DesignGrouped_works_as_expected_with_different_doses_parallel_first_cohort"/>
    <testcase time="4.236" classname="Design_methods" name="simulate_for_DesignGrouped_works_when_first_patient_is_dosed_separately_different_combo_design"/>
    <testcase time="0.00100000000000122" classname="Design_methods" name="simulate_for_DesignGrouped_works_when_first_patient_is_dosed_separately_different_combo_design"/>
    <testcase time="0.000999999999997669" classname="Design_methods" name="simulate_for_DesignGrouped_works_when_first_patient_is_dosed_separately_different_combo_design"/>
    <testcase time="0.00199999999999889" classname="Design_methods" name="simulate_for_DesignGrouped_works_when_first_patient_is_dosed_separately_different_combo_design"/>
    <testcase time="0.00400000000000134" classname="Design_methods" name="simulate_for_DesignGrouped_works_when_first_patient_is_dosed_separately_different_combo_design"/>
    <testcase time="0.00100000000000122" classname="Design_methods" name="simulate_for_DesignGrouped_works_when_first_patient_is_dosed_separately_different_combo_design"/>
    <testcase time="0.00399999999999778" classname="Design_methods" name="simulate_for_DesignGrouped_works_when_first_patient_is_dosed_separately_different_combo_design"/>
    <testcase time="0.00300000000000011" classname="Design_methods" name="simulate_for_DesignGrouped_works_when_first_patient_is_dosed_separately_different_combo_design"/>
    <testcase time="0.00300000000000011" classname="Design_methods" name="simulate_for_DesignGrouped_works_when_first_patient_is_dosed_separately_different_combo_design"/>
    <testcase time="0.00200000000000244" classname="Design_methods" name="simulate_for_DesignGrouped_works_when_first_patient_is_dosed_separately_different_combo_design"/>
    <testcase time="0.00300000000000011" classname="Design_methods" name="simulate_for_DesignGrouped_works_when_first_patient_is_dosed_separately_different_combo_design"/>
    <testcase time="0.00300000000000011" classname="Design_methods" name="simulate_for_DesignGrouped_works_when_first_patient_is_dosed_separately_different_combo_design"/>
    <testcase time="2.311" classname="Design_methods" name="simulate_for_DesignGrouped_works_with_different_starting_doses_and_first_mono"/>
    <testcase time="0.000999999999997669" classname="Design_methods" name="simulate_for_DesignGrouped_works_with_different_starting_doses_and_first_mono"/>
    <testcase time="0.00200000000000244" classname="Design_methods" name="simulate_for_DesignGrouped_works_with_different_starting_doses_and_first_mono"/>
    <testcase time="0.000999999999997669" classname="Design_methods" name="simulate_for_DesignGrouped_works_with_different_starting_doses_and_first_mono"/>
    <testcase time="0.00400000000000134" classname="Design_methods" name="simulate_for_DesignGrouped_works_with_different_starting_doses_and_first_mono"/>
    <testcase time="0.000999999999997669" classname="Design_methods" name="simulate_for_DesignGrouped_works_with_different_starting_doses_and_first_mono"/>
    <testcase time="0.00400000000000134" classname="Design_methods" name="simulate_for_DesignGrouped_works_with_different_starting_doses_and_first_mono"/>
    <testcase time="0.00300000000000011" classname="Design_methods" name="simulate_for_DesignGrouped_works_with_different_starting_doses_and_first_mono"/>
    <testcase time="0.00300000000000011" classname="Design_methods" name="simulate_for_DesignGrouped_works_with_different_starting_doses_and_first_mono"/>
    <testcase time="0.780999999999999" classname="Design_methods" name="simulate_for_DesignGrouped_allows_to_stop_mono_when_combo_stops"/>
    <testcase time="0.00200000000000244" classname="Design_methods" name="simulate_for_DesignGrouped_allows_to_stop_mono_when_combo_stops"/>
    <testcase time="0.000999999999997669" classname="Design_methods" name="simulate_for_DesignGrouped_allows_to_stop_mono_when_combo_stops"/>
    <testcase time="0.00200000000000244" classname="Design_methods" name="simulate_for_DesignGrouped_allows_to_stop_mono_when_combo_stops"/>
    <testcase time="0.00399999999999778" classname="Design_methods" name="simulate_for_DesignGrouped_allows_to_stop_mono_when_combo_stops"/>
    <testcase time="0.000999999999997669" classname="Design_methods" name="simulate_for_DesignGrouped_allows_to_stop_mono_when_combo_stops"/>
    <testcase time="0.00400000000000489" classname="Design_methods" name="simulate_for_DesignGrouped_allows_to_stop_mono_when_combo_stops"/>
    <testcase time="0.000999999999997669" classname="Design_methods" name="simulate_for_DesignGrouped_allows_to_stop_mono_when_combo_stops"/>
    <testcase time="0.00200000000000244" classname="Design_methods" name="simulate_for_DesignGrouped_allows_to_stop_mono_when_combo_stops"/>
    <testcase time="0.00300000000000011" classname="Design_methods" name="simulate_for_DesignGrouped_allows_to_stop_mono_when_combo_stops"/>
    <testcase time="0.00300000000000011" classname="Design_methods" name="simulate_for_DesignGrouped_allows_to_stop_mono_when_combo_stops"/>
    <testcase time="0.00300000000000011" classname="Design_methods" name="simulate_for_DesignGrouped_allows_to_stop_mono_when_combo_stops"/>
    <testcase time="0.802999999999997" classname="Design_methods" name="simulate_for_DesignGrouped_reports_correctly_when_mono_is_not_stopped_because_of_combo"/>
    <testcase time="0.00200000000000244" classname="Design_methods" name="simulate_for_DesignGrouped_reports_correctly_when_mono_is_not_stopped_because_of_combo"/>
    <testcase time="0.00199999999999534" classname="Design_methods" name="simulate_for_DesignGrouped_reports_correctly_when_mono_is_not_stopped_because_of_combo"/>
    <testcase time="0.00100000000000477" classname="Design_methods" name="simulate_for_DesignGrouped_reports_correctly_when_mono_is_not_stopped_because_of_combo"/>
    <testcase time="0.00499999999999545" classname="Design_methods" name="simulate_for_DesignGrouped_reports_correctly_when_mono_is_not_stopped_because_of_combo"/>
    <testcase time="0.00100000000000477" classname="Design_methods" name="simulate_for_DesignGrouped_reports_correctly_when_mono_is_not_stopped_because_of_combo"/>
    <testcase time="0.00499999999999545" classname="Design_methods" name="simulate_for_DesignGrouped_reports_correctly_when_mono_is_not_stopped_because_of_combo"/>
    <testcase time="0.00300000000000011" classname="Design_methods" name="simulate_for_DesignGrouped_reports_correctly_when_mono_is_not_stopped_because_of_combo"/>
    <testcase time="0.00300000000000011" classname="Design_methods" name="simulate_for_DesignGrouped_reports_correctly_when_mono_is_not_stopped_because_of_combo"/>
    <testcase time="2.359" classname="Design_methods" name="simulate_for_DesignGrouped_works_with_parallel_start_when_first_cohort_mono_only"/>
    <testcase time="0.00200000000000244" classname="Design_methods" name="simulate_for_DesignGrouped_works_with_parallel_start_when_first_cohort_mono_only"/>
    <testcase time="0.000999999999997669" classname="Design_methods" name="simulate_for_DesignGrouped_works_with_parallel_start_when_first_cohort_mono_only"/>
    <testcase time="0.00200000000000244" classname="Design_methods" name="simulate_for_DesignGrouped_works_with_parallel_start_when_first_cohort_mono_only"/>
    <testcase time="0.00399999999999778" classname="Design_methods" name="simulate_for_DesignGrouped_works_with_parallel_start_when_first_cohort_mono_only"/>
    <testcase time="0.00200000000000244" classname="Design_methods" name="simulate_for_DesignGrouped_works_with_parallel_start_when_first_cohort_mono_only"/>
    <testcase time="0.00399999999999778" classname="Design_methods" name="simulate_for_DesignGrouped_works_with_parallel_start_when_first_cohort_mono_only"/>
    <testcase time="0.00300000000000011" classname="Design_methods" name="simulate_for_DesignGrouped_works_with_parallel_start_when_first_cohort_mono_only"/>
    <testcase time="0.00300000000000011" classname="Design_methods" name="simulate_for_DesignGrouped_works_with_parallel_start_when_first_cohort_mono_only"/>
    <testcase time="0.00300000000000011" classname="Design_methods" name="simulate_for_DesignGrouped_works_with_parallel_start_when_first_cohort_mono_only"/>
    <testcase time="2.306" classname="Design_methods" name="simulate_for_DesignGrouped_works_with_parallel_start_when_first_cohort_mono_and_combo"/>
    <testcase time="0.00100000000000477" classname="Design_methods" name="simulate_for_DesignGrouped_works_with_parallel_start_when_first_cohort_mono_and_combo"/>
    <testcase time="0.00199999999999534" classname="Design_methods" name="simulate_for_DesignGrouped_works_with_parallel_start_when_first_cohort_mono_and_combo"/>
    <testcase time="0.00200000000000244" classname="Design_methods" name="simulate_for_DesignGrouped_works_with_parallel_start_when_first_cohort_mono_and_combo"/>
    <testcase time="0.00399999999999778" classname="Design_methods" name="simulate_for_DesignGrouped_works_with_parallel_start_when_first_cohort_mono_and_combo"/>
    <testcase time="0.007000000000005" classname="Design_methods" name="simulate_for_DesignGrouped_works_with_parallel_start_when_first_cohort_mono_and_combo"/>
    <testcase time="0.0069999999999979" classname="Design_methods" name="simulate_for_DesignGrouped_works_with_parallel_start_when_first_cohort_mono_and_combo"/>
    <testcase time="0.00399999999999778" classname="Design_methods" name="simulate_for_DesignGrouped_works_with_parallel_start_when_first_cohort_mono_and_combo"/>
    <testcase time="0.00500000000000256" classname="Design_methods" name="simulate_for_DesignGrouped_works_with_parallel_start_when_first_cohort_mono_and_combo"/>
    <testcase time="5.081" classname="Design_methods" name="simulate_for_DesignGrouped_uses_DLT_probabilities_and_cohort_sizes_correctly"/>
    <testcase time="0.00200000000000244" classname="Design_methods" name="simulate_for_DesignGrouped_uses_DLT_probabilities_and_cohort_sizes_correctly"/>
    <testcase time="0.00200000000000244" classname="Design_methods" name="simulate_for_DesignGrouped_uses_DLT_probabilities_and_cohort_sizes_correctly"/>
    <testcase time="0.000999999999997669" classname="Design_methods" name="simulate_for_DesignGrouped_uses_DLT_probabilities_and_cohort_sizes_correctly"/>
    <testcase time="0.00500000000000256" classname="Design_methods" name="simulate_for_DesignGrouped_uses_DLT_probabilities_and_cohort_sizes_correctly"/>
    <testcase time="0.000999999999997669" classname="Design_methods" name="simulate_for_DesignGrouped_uses_DLT_probabilities_and_cohort_sizes_correctly"/>
    <testcase time="0.00500000000000256" classname="Design_methods" name="simulate_for_DesignGrouped_uses_DLT_probabilities_and_cohort_sizes_correctly"/>
    <testcase time="0.00300000000000011" classname="Design_methods" name="simulate_for_DesignGrouped_uses_DLT_probabilities_and_cohort_sizes_correctly"/>
    <testcase time="0.00300000000000011" classname="Design_methods" name="simulate_for_DesignGrouped_uses_DLT_probabilities_and_cohort_sizes_correctly"/>
    <testcase time="0.00300000000000011" classname="Design_methods" name="simulate_for_DesignGrouped_uses_DLT_probabilities_and_cohort_sizes_correctly"/>
    <testcase time="0.00300000000000011" classname="Design_methods" name="simulate_for_DesignGrouped_uses_DLT_probabilities_and_cohort_sizes_correctly"/>
    <testcase time="0.00300000000000011" classname="Design_methods" name="simulate_for_DesignGrouped_uses_DLT_probabilities_and_cohort_sizes_correctly"/>
    <testcase time="0.00399999999999778" classname="Design_methods" name="simulate_for_DesignGrouped_uses_DLT_probabilities_and_cohort_sizes_correctly"/>
    <testcase time="1.976" classname="Design_methods" name="examine_for_DADesign_works_as_expected"/>
    <testcase time="0.00200000000000244" classname="Design_methods" name="examine_for_DADesign_works_as_expected"/>
    <testcase time="0.00199999999999534" classname="Design_methods" name="examine_for_DADesign_works_as_expected"/>
    <testcase time="3.631" classname="Design_methods" name="examine_produces_consistent_results">
      <skipped message="Reason: On CRAN ('test-Design-methods.R:1001:3')"/>
    </testcase>
    <testcase time="2.648" classname="Design_methods" name="examine_produces_consistent_results_with_placebo_data">
      <skipped message="Reason: On CRAN ('test-Design-methods.R:1010:3')"/>
    </testcase>
    <testcase time="0.137999999999998" classname="Design_methods" name="simulate_RuleDesign_produces_consistent_results">
      <skipped message="Reason: On CRAN ('test-Design-methods.R:1021:3')"/>
    </testcase>
    <testcase time="0.0670000000000002" classname="Design_methods" name="tidy_DualDesign_works_correctly">
      <skipped message="Reason: On CRAN ('test-Design-methods.R:1031:3')"/>
    </testcase>
  </testsuite>
  <testsuite name="Design-validity" timestamp="2024-10-07T08:40:07Z" hostname="18e134b69287" tests="12" skipped="0" failures="0" errors="0" time="0.071">
    <testcase time="0.0210000000000008" classname="Design_validity" name="v_rule_design_passes_for_valid_object"/>
    <testcase time="0.00800000000000267" classname="Design_validity" name="v_rule_design_returns_message_when_startingDose_is_not_a_valid_scalar"/>
    <testcase time="0.00399999999999778" classname="Design_validity" name="v_rule_design_returns_message_when_startingDose_is_not_a_valid_scalar"/>
    <testcase time="0.00300000000000011" classname="Design_validity" name="v_rule_design_returns_message_when_startingDose_is_not_a_valid_scalar"/>
    <testcase time="0.00300000000000011" classname="Design_validity" name="v_rule_design_returns_message_when_startingDose_is_not_a_valid_scalar"/>
    <testcase time="0.00300000000000011" classname="Design_validity" name="v_rule_design_returns_message_when_startingDose_is_not_a_valid_scalar"/>
    <testcase time="0.00300000000000011" classname="Design_validity" name="v_rule_design_returns_message_when_startingDose_is_not_a_valid_scalar"/>
    <testcase time="0.00799999999999557" classname="Design_validity" name="v_rule_design_returns_message_when_startingDose_is_not_on_doseGrid"/>
    <testcase time="0.00300000000000011" classname="Design_validity" name="v_rule_design_returns_message_when_startingDose_is_not_on_doseGrid"/>
    <testcase time="0.00300000000000011" classname="Design_validity" name="v_rule_design_returns_message_when_startingDose_is_not_on_doseGrid"/>
    <testcase time="0.00600000000000023" classname="Design_validity" name="v_design_grouped_passes_for_valid_object"/>
    <testcase time="0.00600000000000023" classname="Design_validity" name="v_design_grouped_identifies_wrong_flag_slots_as_expected"/>
  </testsuite>
  <testsuite name="McmcOptions-class" timestamp="2024-10-07T08:40:07Z" hostname="18e134b69287" tests="15" skipped="0" failures="0" errors="0" time="0.06">
    <testcase time="0.0140000000000029" classname="McmcOptions_class" name=".McmcOptions_works_as_expected"/>
    <testcase time="0.00200000000000244" classname="McmcOptions_class" name=".McmcOptions_works_as_expected"/>
    <testcase time="0.00399999999999778" classname="McmcOptions_class" name=".McmcOptions_works_as_expected"/>
    <testcase time="0.00600000000000023" classname="McmcOptions_class" name=".McmcOptions_works_as_expected_with_custom_values"/>
    <testcase time="0.00200000000000244" classname="McmcOptions_class" name=".McmcOptions_works_as_expected_with_custom_values"/>
    <testcase time="0.00300000000000011" classname="McmcOptions_class" name=".McmcOptions_works_as_expected_with_custom_values"/>
    <testcase time="0.00499999999999545" classname="McmcOptions_class" name="McmcOptions_object_can_be_created_with_user_constructor"/>
    <testcase time="0.00100000000000477" classname="McmcOptions_class" name="McmcOptions_object_can_be_created_with_user_constructor"/>
    <testcase time="0.00300000000000011" classname="McmcOptions_class" name="McmcOptions_object_can_be_created_with_user_constructor"/>
    <testcase time="0.00599999999999312" classname="McmcOptions_class" name="McmcOptions_object_can_be_created_with_custom_values"/>
    <testcase time="0.00100000000000477" classname="McmcOptions_class" name="McmcOptions_object_can_be_created_with_custom_values"/>
    <testcase time="0.00300000000000011" classname="McmcOptions_class" name="McmcOptions_object_can_be_created_with_custom_values"/>
    <testcase time="0.00600000000000023" classname="McmcOptions_class" name="McmcOptions_object_can_be_created_with_custom_RNG_and_NA_values"/>
    <testcase time="0.000999999999997669" classname="McmcOptions_class" name="McmcOptions_object_can_be_created_with_custom_RNG_and_NA_values"/>
    <testcase time="0.00300000000000011" classname="McmcOptions_class" name="McmcOptions_object_can_be_created_with_custom_RNG_and_NA_values"/>
  </testsuite>
  <testsuite name="McmcOptions-methods" timestamp="2024-10-07T08:40:07Z" hostname="18e134b69287" tests="3" skipped="0" failures="0" errors="0" time="0.021">
    <testcase time="0.00900000000000034" classname="McmcOptions_methods" name="Number_of_samples_is_correctly_computed"/>
    <testcase time="0.00600000000000023" classname="McmcOptions_methods" name="Sample_should_be_saved_as_expected_for_a_given_iteration_number"/>
    <testcase time="0.00600000000000023" classname="McmcOptions_methods" name="Sample_should_not_be_saved_for_a_given_iteration_number"/>
  </testsuite>
  <testsuite name="McmcOptions-validity" timestamp="2024-10-07T08:40:07Z" hostname="18e134b69287" tests="4" skipped="0" failures="0" errors="0" time="0.03">
    <testcase time="0.00900000000000034" classname="McmcOptions_validity" name="v_mcmc_options_passes_for_valid_object"/>
    <testcase time="0.0069999999999979" classname="McmcOptions_validity" name="v_mcmc_options_returns_error_messages_for_non_valid_object"/>
    <testcase time="0.007000000000005" classname="McmcOptions_validity" name="v_mcmc_options_returns_error_messages_non_valid_RNG_spec"/>
    <testcase time="0.0069999999999979" classname="McmcOptions_validity" name="v_mcmc_options_returns_error_message_for_wrong_step"/>
  </testsuite>
  <testsuite name="Model-class" timestamp="2024-10-07T08:40:07Z" hostname="18e134b69287" tests="217" skipped="60" failures="0" errors="0" time="5.685">
    <testcase time="0.0189999999999984" classname="Model_class" name=".GeneralModel_works_as_expected"/>
    <testcase time="0.000999999999997669" classname="Model_class" name=".GeneralModel_works_as_expected"/>
    <testcase time="0.00300000000000011" classname="Model_class" name=".GeneralModel_works_as_expected"/>
    <testcase time="0.00800000000000267" classname="Model_class" name=".ModelLogNormal_works_as_expected"/>
    <testcase time="0.00200000000000244" classname="Model_class" name=".ModelLogNormal_works_as_expected"/>
    <testcase time="0.00300000000000011" classname="Model_class" name=".ModelLogNormal_works_as_expected"/>
    <testcase time="0.0069999999999979" classname="Model_class" name="ModelLogNormal_object_can_be_created_with_user_constructor"/>
    <testcase time="0.000999999999997669" classname="Model_class" name="ModelLogNormal_object_can_be_created_with_user_constructor"/>
    <testcase time="0.00400000000000489" classname="Model_class" name="ModelLogNormal_object_can_be_created_with_user_constructor"/>
    <testcase time="0.00799999999999557" classname="Model_class" name="LogisticNormal_object_can_be_created_with_user_constructor"/>
    <testcase time="0.00100000000000477" classname="Model_class" name="LogisticNormal_object_can_be_created_with_user_constructor"/>
    <testcase time="0.00399999999999778" classname="Model_class" name="LogisticNormal_object_can_be_created_with_user_constructor"/>
    <testcase time="0.122999999999998" classname="Model_class" name=".DefaultLogisticNormal_works_as_expected"/>
    <testcase time="0.0309999999999988" classname="Model_class" name="MCMC_computes_correct_values_for_LogisticNormal_model">
      <skipped message="Reason: On CRAN ('test-Model-class.R:87:3')"/>
    </testcase>
    <testcase time="0.0290000000000035" classname="Model_class" name="MCMC_computes_correct_values_for_LogisticNormal_model_and_empty_data">
      <skipped message="Reason: On CRAN ('test-Model-class.R:96:3')"/>
    </testcase>
    <testcase time="0.0180000000000007" classname="Model_class" name="LogisticLogNormal_object_can_be_created_with_user_constructor"/>
    <testcase time="0.000999999999997669" classname="Model_class" name="LogisticLogNormal_object_can_be_created_with_user_constructor"/>
    <testcase time="0.00300000000000011" classname="Model_class" name="LogisticLogNormal_object_can_be_created_with_user_constructor"/>
    <testcase time="0.0429999999999993" classname="Model_class" name=".DefaultLogisticLogNormal_works_as_expected"/>
    <testcase time="0.0320000000000036" classname="Model_class" name="MCMC_computes_correct_values_for_LogisticLogNormal_model">
      <skipped message="Reason: On CRAN ('test-Model-class.R:133:3')"/>
    </testcase>
    <testcase time="0.0319999999999965" classname="Model_class" name="MCMC_computes_correct_values_for_LogisticLogNormal_model_and_empty_data">
      <skipped message="Reason: On CRAN ('test-Model-class.R:142:3')"/>
    </testcase>
    <testcase time="0.017000000000003" classname="Model_class" name="LogisticLogNormalSub_object_can_be_created_with_user_constructor"/>
    <testcase time="0.00199999999999534" classname="Model_class" name="LogisticLogNormalSub_object_can_be_created_with_user_constructor"/>
    <testcase time="0.00300000000000011" classname="Model_class" name="LogisticLogNormalSub_object_can_be_created_with_user_constructor"/>
    <testcase time="0.0210000000000008" classname="Model_class" name=".DefaultLogisticLogNormalSub_works_correctly"/>
    <testcase time="0.0290000000000035" classname="Model_class" name="MCMC_computes_correct_values_for_LogisticLogNormalSub_model">
      <skipped message="Reason: On CRAN ('test-Model-class.R:179:3')"/>
    </testcase>
    <testcase time="0.036999999999999" classname="Model_class" name="MCMC_computes_correct_values_for_LogisticLogNormalSub_model_and_empty_data">
      <skipped message="Reason: On CRAN ('test-Model-class.R:188:3')"/>
    </testcase>
    <testcase time="0.0189999999999984" classname="Model_class" name="ProbitLogNormal_object_can_be_created_with_user_constructor"/>
    <testcase time="0.000999999999997669" classname="Model_class" name="ProbitLogNormal_object_can_be_created_with_user_constructor"/>
    <testcase time="0.00400000000000489" classname="Model_class" name="ProbitLogNormal_object_can_be_created_with_user_constructor"/>
    <testcase time="0.0319999999999965" classname="Model_class" name=".DefaultProbitLogNormal_works_correctly"/>
    <testcase time="0.0309999999999988" classname="Model_class" name="MCMC_computes_correct_values_for_ProbitLogNormal_model">
      <skipped message="Reason: On CRAN ('test-Model-class.R:225:3')"/>
    </testcase>
    <testcase time="0.0300000000000011" classname="Model_class" name="MCMC_computes_correct_values_for_ProbitLogNormal_model_and_empty_data">
      <skipped message="Reason: On CRAN ('test-Model-class.R:234:3')"/>
    </testcase>
    <testcase time="0.0180000000000007" classname="Model_class" name="ProbitLogNormalRel_object_can_be_created_with_user_constructor"/>
    <testcase time="0.00100000000000477" classname="Model_class" name="ProbitLogNormalRel_object_can_be_created_with_user_constructor"/>
    <testcase time="0.00399999999999778" classname="Model_class" name="ProbitLogNormalRel_object_can_be_created_with_user_constructor"/>
    <testcase time="0.0409999999999968" classname="Model_class" name=".DefaultProbitLogNormalRel_works_correctly"/>
    <testcase time="0.0300000000000011" classname="Model_class" name="MCMC_computes_correct_values_for_ProbitLogNormalRel_model">
      <skipped message="Reason: On CRAN ('test-Model-class.R:270:3')"/>
    </testcase>
    <testcase time="0.0300000000000011" classname="Model_class" name="MCMC_computes_correct_values_for_ProbitLogNormalRel_model_and_empty_data">
      <skipped message="Reason: On CRAN ('test-Model-class.R:279:3')"/>
    </testcase>
    <testcase time="0.0210000000000008" classname="Model_class" name="LogisticLogNormalGrouped_object_can_be_created_with_user_constructor"/>
    <testcase time="0.00199999999999534" classname="Model_class" name="LogisticLogNormalGrouped_object_can_be_created_with_user_constructor"/>
    <testcase time="0.00500000000000256" classname="Model_class" name="LogisticLogNormalGrouped_object_can_be_created_with_user_constructor"/>
    <testcase time="0.0120000000000005" classname="Model_class" name=".DefaultLogisticLogNormalGrouped_works_as_expected"/>
    <testcase time="0.00500000000000256" classname="Model_class" name=".DefaultLogisticLogNormalGrouped_works_as_expected"/>
    <testcase time="0.046999999999997" classname="Model_class" name="MCMC_computes_correct_values_for_LogisticLogNormalGrouped_model">
      <skipped message="Reason: On CRAN ('test-Model-class.R:312:3')"/>
    </testcase>
    <testcase time="0.0579999999999998" classname="Model_class" name="MCMC_computes_correct_values_for_LogisticLogNormalGrouped_model_and_empty_data">
      <skipped message="Reason: On CRAN ('test-Model-class.R:321:3')"/>
    </testcase>
    <testcase time="0.0219999999999985" classname="Model_class" name="LogisticKadane_object_can_be_created_with_user_constructor"/>
    <testcase time="0.00200000000000244" classname="Model_class" name="LogisticKadane_object_can_be_created_with_user_constructor"/>
    <testcase time="0.00600000000000023" classname="Model_class" name="LogisticKadane_object_can_be_created_with_user_constructor"/>
    <testcase time="0.027000000000001" classname="Model_class" name=".DefaultLogisticKadane_works_correctly"/>
    <testcase time="0.0390000000000015" classname="Model_class" name="MCMC_computes_correct_values_for_LogisticKadane_model">
      <skipped message="Reason: On CRAN ('test-Model-class.R:354:3')"/>
    </testcase>
    <testcase time="0.0289999999999964" classname="Model_class" name="MCMC_computes_correct_values_for_LogisticKadane_model_and_empty_data">
      <skipped message="Reason: On CRAN ('test-Model-class.R:363:3')"/>
    </testcase>
    <testcase time="0.0180000000000007" classname="Model_class" name="LogisticKadaneBetaGamma_object_can_be_created_with_user_constructor"/>
    <testcase time="0.000999999999997669" classname="Model_class" name="LogisticKadaneBetaGamma_object_can_be_created_with_user_constructor"/>
    <testcase time="0.00500000000000256" classname="Model_class" name="LogisticKadaneBetaGamma_object_can_be_created_with_user_constructor"/>
    <testcase time="0.0439999999999969" classname="Model_class" name=".DefaultLogisticKadaneBetaGamma_works_correctly"/>
    <testcase time="0.0280000000000058" classname="Model_class" name="MCMC_computes_correct_values_for_LogisticKadaneBetaGamma_model">
      <skipped message="Reason: On CRAN ('test-Model-class.R:408:3')"/>
    </testcase>
    <testcase time="0.0309999999999988" classname="Model_class" name="MCMC_computes_correct_values_for_LogisticKadaneBetaGamma_model_and_empty_data">
      <skipped message="Reason: On CRAN ('test-Model-class.R:417:3')"/>
    </testcase>
    <testcase time="0.0189999999999984" classname="Model_class" name="LogisticNormalMixture_object_can_be_created_with_user_constructor"/>
    <testcase time="0.00200000000000244" classname="Model_class" name="LogisticNormalMixture_object_can_be_created_with_user_constructor"/>
    <testcase time="0.00399999999999778" classname="Model_class" name="LogisticNormalMixture_object_can_be_created_with_user_constructor"/>
    <testcase time="0.0249999999999986" classname="Model_class" name=".DefaultLogisticNormalMixture_works_correctly"/>
    <testcase time="0.0450000000000017" classname="Model_class" name="MCMC_computes_correct_values_for_LogisticNormalMixture_model">
      <skipped message="Reason: On CRAN ('test-Model-class.R:462:3')"/>
    </testcase>
    <testcase time="0.0349999999999966" classname="Model_class" name="MCMC_computes_correct_values_for_LogisticNormalMixture_model_and_empty_data">
      <skipped message="Reason: On CRAN ('test-Model-class.R:471:3')"/>
    </testcase>
    <testcase time="0.0230000000000032" classname="Model_class" name="LogisticNormalFixedMixture_object_can_be_created_with_user_constructor"/>
    <testcase time="0.000999999999997669" classname="Model_class" name="LogisticNormalFixedMixture_object_can_be_created_with_user_constructor"/>
    <testcase time="0.007000000000005" classname="Model_class" name="LogisticNormalFixedMixture_object_can_be_created_with_user_constructor"/>
    <testcase time="0.0319999999999965" classname="Model_class" name=".DefaultLogisticNormalFixedMixture_works_as_expected"/>
    <testcase time="0.0910000000000011" classname="Model_class" name="MCMC_computes_correct_values_for_LogisticNormalFixedMixture_model">
      <skipped message="Reason: On CRAN ('test-Model-class.R:528:3')"/>
    </testcase>
    <testcase time="0.0499999999999972" classname="Model_class" name="MCMC_computes_correct_values_for_LogisticNormalFixedMixture_model_and_empty_data">
      <skipped message="Reason: On CRAN ('test-Model-class.R:540:3')"/>
    </testcase>
    <testcase time="0.0180000000000007" classname="Model_class" name="LogisticLogNormalMixture_object_can_be_created_with_user_constructor"/>
    <testcase time="0.00100000000000477" classname="Model_class" name="LogisticLogNormalMixture_object_can_be_created_with_user_constructor"/>
    <testcase time="0.00499999999999545" classname="Model_class" name="LogisticLogNormalMixture_object_can_be_created_with_user_constructor"/>
    <testcase time="0.0240000000000009" classname="Model_class" name=".DefaultLogisticLogNormalMixture_works_as_expected"/>
    <testcase time="0.036999999999999" classname="Model_class" name="MCMC_computes_correct_values_for_LogisticLogNormalMixture_model">
      <skipped message="Reason: On CRAN ('test-Model-class.R:581:3')"/>
    </testcase>
    <testcase time="0.0429999999999993" classname="Model_class" name="MCMC_computes_correct_values_for_LogisticLogNormalMixture_model_and_empty_data">
      <skipped message="Reason: On CRAN ('test-Model-class.R:590:3')"/>
    </testcase>
    <testcase time="0.0190000000000055" classname="Model_class" name="DualEndpoint_object_can_be_created_with_user_constructor_fixed_params_"/>
    <testcase time="0.000999999999997669" classname="Model_class" name="DualEndpoint_object_can_be_created_with_user_constructor_fixed_params_"/>
    <testcase time="0.00399999999999778" classname="Model_class" name="DualEndpoint_object_can_be_created_with_user_constructor_fixed_params_"/>
    <testcase time="0.00900000000000034" classname="Model_class" name="DualEndpoint_object_can_be_created_with_user_constructor"/>
    <testcase time="0.00200000000000244" classname="Model_class" name="DualEndpoint_object_can_be_created_with_user_constructor"/>
    <testcase time="0.00399999999999778" classname="Model_class" name="DualEndpoint_object_can_be_created_with_user_constructor"/>
    <testcase time="0.0140000000000029" classname="Model_class" name="DualEndpointRW_object_can_be_created_with_user_constructor_fixed_params_"/>
    <testcase time="0.000999999999997669" classname="Model_class" name="DualEndpointRW_object_can_be_created_with_user_constructor_fixed_params_"/>
    <testcase time="0.00500000000000256" classname="Model_class" name="DualEndpointRW_object_can_be_created_with_user_constructor_fixed_params_"/>
    <testcase time="0.0139999999999958" classname="Model_class" name="DualEndpointRW_object_can_be_created_with_user_constructor"/>
    <testcase time="0.00200000000000244" classname="Model_class" name="DualEndpointRW_object_can_be_created_with_user_constructor"/>
    <testcase time="0.00399999999999778" classname="Model_class" name="DualEndpointRW_object_can_be_created_with_user_constructor"/>
    <testcase time="0.0500000000000043" classname="Model_class" name=".DefaultDualEndpointRW_works_correctly"/>
    <testcase time="0.0719999999999956" classname="Model_class" name="MCMC_computes_correct_values_for_DualEndpointRW_model_fixed_params_">
      <skipped message="Reason: On CRAN ('test-Model-class.R:645:3')"/>
    </testcase>
    <testcase time="0.0730000000000004" classname="Model_class" name="MCMC_computes_correct_values_for_DualEndpointRW_model">
      <skipped message="Reason: On CRAN ('test-Model-class.R:657:3')"/>
    </testcase>
    <testcase time="0.0829999999999984" classname="Model_class" name="MCMC_computes_correct_values_for_DualEndpointRW_model_with_RW2">
      <skipped message="Reason: On CRAN ('test-Model-class.R:669:3')"/>
    </testcase>
    <testcase time="0.0750000000000028" classname="Model_class" name="MCMC_computes_correct_values_for_DualEndpointRW_model_fixed_params_with_RW2">
      <skipped message="Reason: On CRAN ('test-Model-class.R:681:3')"/>
    </testcase>
    <testcase time="0.0609999999999999" classname="Model_class" name="MCMC_computes_correct_values_for_DualEndpointRW_model_fixed_params_empty_data_">
      <skipped message="Reason: On CRAN ('test-Model-class.R:693:3')"/>
    </testcase>
    <testcase time="0.0670000000000002" classname="Model_class" name="MCMC_computes_correct_values_for_DualEndpointRW_model_empty_data_">
      <skipped message="Reason: On CRAN ('test-Model-class.R:705:3')"/>
    </testcase>
    <testcase time="0.0570000000000022" classname="Model_class" name="MCMC_computes_correct_values_for_DualEndpointRW_model_with_RW2_empty_data_">
      <skipped message="Reason: On CRAN ('test-Model-class.R:717:3')"/>
    </testcase>
    <testcase time="0.0719999999999956" classname="Model_class" name="MCMC_computes_correct_values_for_DualEndpointRW_model_fixed_params_empty_data_with_RW2">
      <skipped message="Reason: On CRAN ('test-Model-class.R:729:3')"/>
    </testcase>
    <testcase time="0.0320000000000036" classname="Model_class" name="MCMC_throws_the_error_for_DualEndpointRW_model_when_nGrid_1_for_RW_1"/>
    <testcase time="0.0210000000000008" classname="Model_class" name="MCMC_throws_the_error_for_DualEndpointRW_model_when_nGrid_2_for_RW_2"/>
    <testcase time="0.00600000000000023" classname="Model_class" name="MCMC_throws_the_error_for_DualEndpointRW_model_when_nGrid_2_for_RW_2"/>
    <testcase time="0.0150000000000006" classname="Model_class" name="DualEndpointBeta_object_can_be_created_with_user_constructor_fixed_params_"/>
    <testcase time="0.00199999999999534" classname="Model_class" name="DualEndpointBeta_object_can_be_created_with_user_constructor_fixed_params_"/>
    <testcase time="0.00500000000000256" classname="Model_class" name="DualEndpointBeta_object_can_be_created_with_user_constructor_fixed_params_"/>
    <testcase time="0.0150000000000006" classname="Model_class" name="DualEndpointBeta_object_can_be_created_with_user_constructor"/>
    <testcase time="0.00199999999999534" classname="Model_class" name="DualEndpointBeta_object_can_be_created_with_user_constructor"/>
    <testcase time="0.00500000000000256" classname="Model_class" name="DualEndpointBeta_object_can_be_created_with_user_constructor"/>
    <testcase time="0.125" classname="Model_class" name=".DefaultDualEndpointBeta_works_as_expected"/>
    <testcase time="0.0730000000000004" classname="Model_class" name="MCMC_computes_correct_values_for_DualEndpointBeta_model_with_fixed_parameters">
      <skipped message="Reason: On CRAN ('test-Model-class.R:812:3')"/>
    </testcase>
    <testcase time="0.0790000000000006" classname="Model_class" name="MCMC_computes_correct_values_for_DualEndpointBeta_model">
      <skipped message="Reason: On CRAN ('test-Model-class.R:824:3')"/>
    </testcase>
    <testcase time="0.0390000000000015" classname="Model_class" name="MCMC_throws_the_error_for_DualEndpointBeta_model_when_ref_dose_beta_max_doseGrid_"/>
    <testcase time="0.0229999999999961" classname="Model_class" name="MCMC_throws_the_error_for_DualEndpointBeta_model_when_nGrid_0_"/>
    <testcase time="0.0590000000000046" classname="Model_class" name="MCMC_computes_correct_values_for_DualEndpointBeta_model_with_fixed_parameters_empty_data_">
      <skipped message="Reason: On CRAN ('test-Model-class.R:859:3')"/>
    </testcase>
    <testcase time="0.0619999999999976" classname="Model_class" name="MCMC_computes_correct_values_for_DualEndpointBeta_model_empty_data_">
      <skipped message="Reason: On CRAN ('test-Model-class.R:871:3')"/>
    </testcase>
    <testcase time="0.0240000000000009" classname="Model_class" name="DualEndpointEmax_object_can_be_created_with_user_constructor_fixed_params_"/>
    <testcase time="0.00200000000000244" classname="Model_class" name="DualEndpointEmax_object_can_be_created_with_user_constructor_fixed_params_"/>
    <testcase time="0.00499999999999545" classname="Model_class" name="DualEndpointEmax_object_can_be_created_with_user_constructor_fixed_params_"/>
    <testcase time="0.0150000000000006" classname="Model_class" name="DualEndpointEmax_object_can_be_created_with_user_constructor"/>
    <testcase time="0.00200000000000244" classname="Model_class" name="DualEndpointEmax_object_can_be_created_with_user_constructor"/>
    <testcase time="0.00499999999999545" classname="Model_class" name="DualEndpointEmax_object_can_be_created_with_user_constructor"/>
    <testcase time="0.109999999999999" classname="Model_class" name=".DefaultDualEndpointEmax_works_correctly"/>
    <testcase time="0.0720000000000027" classname="Model_class" name="MCMC_computes_correct_values_for_DualEndpointEmax_model_with_fixed_parameters">
      <skipped message="Reason: On CRAN ('test-Model-class.R:915:3')"/>
    </testcase>
    <testcase time="0.0799999999999983" classname="Model_class" name="MCMC_computes_correct_values_for_DualEndpointEmax_model">
      <skipped message="Reason: On CRAN ('test-Model-class.R:927:3')"/>
    </testcase>
    <testcase time="0.0549999999999997" classname="Model_class" name="MCMC_computes_correct_values_for_DualEndpointEmax_model_with_fixed_parameters_empty_data_">
      <skipped message="Reason: On CRAN ('test-Model-class.R:939:3')"/>
    </testcase>
    <testcase time="0.0700000000000003" classname="Model_class" name="MCMC_computes_correct_values_for_DualEndpointEmax_model_empty_data_">
      <skipped message="Reason: On CRAN ('test-Model-class.R:951:3')"/>
    </testcase>
    <testcase time="0.0320000000000036" classname="Model_class" name="MCMC_throws_the_error_for_DualEndpointEmax_model_when_nGrid_0_"/>
    <testcase time="0.0109999999999957" classname="Model_class" name="LogisticIndepBeta_object_can_be_created_with_user_constructor_empty_data_"/>
    <testcase time="0.00100000000000477" classname="Model_class" name="LogisticIndepBeta_object_can_be_created_with_user_constructor_empty_data_"/>
    <testcase time="0.00499999999999545" classname="Model_class" name="LogisticIndepBeta_object_can_be_created_with_user_constructor_empty_data_"/>
    <testcase time="0.0130000000000052" classname="Model_class" name="LogisticIndepBeta_object_can_be_created_with_user_constructor"/>
    <testcase time="0.00199999999999534" classname="Model_class" name="LogisticIndepBeta_object_can_be_created_with_user_constructor"/>
    <testcase time="0.00400000000000489" classname="Model_class" name="LogisticIndepBeta_object_can_be_created_with_user_constructor"/>
    <testcase time="0.0279999999999987" classname="Model_class" name="MCMC_computes_correct_values_for_LogisticIndepBeta_model">
      <skipped message="Reason: On CRAN ('test-Model-class.R:988:3')"/>
    </testcase>
    <testcase time="0.0390000000000015" classname="Model_class" name="MCMC_computes_correct_values_for_LogisticIndepBeta_model_empty_data_">
      <skipped message="Reason: On CRAN ('test-Model-class.R:997:3')"/>
    </testcase>
    <testcase time="0.0209999999999937" classname="Model_class" name="Effloglog_object_can_be_created_with_user_constructor_empty_data_"/>
    <testcase time="0.00200000000000244" classname="Model_class" name="Effloglog_object_can_be_created_with_user_constructor_empty_data_"/>
    <testcase time="0.00500000000000256" classname="Model_class" name="Effloglog_object_can_be_created_with_user_constructor_empty_data_"/>
    <testcase time="0.0169999999999959" classname="Model_class" name="Effloglog_object_can_be_created_with_user_constructor"/>
    <testcase time="0.00200000000000244" classname="Model_class" name="Effloglog_object_can_be_created_with_user_constructor"/>
    <testcase time="0.00500000000000256" classname="Model_class" name="Effloglog_object_can_be_created_with_user_constructor"/>
    <testcase time="0.0279999999999987" classname="Model_class" name="MCMC_computes_correct_values_for_Effloglog_model">
      <skipped message="Reason: On CRAN ('test-Model-class.R:1022:3')"/>
    </testcase>
    <testcase time="0.0300000000000011" classname="Model_class" name="MCMC_computes_correct_values_for_Effloglog_model_empty_data_">
      <skipped message="Reason: On CRAN ('test-Model-class.R:1031:3')"/>
    </testcase>
    <testcase time="0.0279999999999987" classname="Model_class" name="EffFlexi_object_can_be_created_with_user_constructor"/>
    <testcase time="0.000999999999997669" classname="Model_class" name="EffFlexi_object_can_be_created_with_user_constructor"/>
    <testcase time="0.00500000000000256" classname="Model_class" name="EffFlexi_object_can_be_created_with_user_constructor"/>
    <testcase time="0.0279999999999987" classname="Model_class" name="EffFlexi_object_can_be_created_with_user_constructor_RW2_"/>
    <testcase time="0.00200000000000244" classname="Model_class" name="EffFlexi_object_can_be_created_with_user_constructor_RW2_"/>
    <testcase time="0.00499999999999545" classname="Model_class" name="EffFlexi_object_can_be_created_with_user_constructor_RW2_"/>
    <testcase time="0.0120000000000005" classname="Model_class" name="EffFlexi_object_can_be_created_with_user_constructor_empty_data_"/>
    <testcase time="0.00200000000000244" classname="Model_class" name="EffFlexi_object_can_be_created_with_user_constructor_empty_data_"/>
    <testcase time="0.00399999999999778" classname="Model_class" name="EffFlexi_object_can_be_created_with_user_constructor_empty_data_"/>
    <testcase time="0.0120000000000005" classname="Model_class" name="EffFlexi_object_can_be_created_with_user_constructor_empty_data_RW2_"/>
    <testcase time="0.00200000000000244" classname="Model_class" name="EffFlexi_object_can_be_created_with_user_constructor_empty_data_RW2_"/>
    <testcase time="0.00399999999999778" classname="Model_class" name="EffFlexi_object_can_be_created_with_user_constructor_empty_data_RW2_"/>
    <testcase time="0.0360000000000014" classname="Model_class" name="MCMC_computes_correct_values_for_EffFlexi_model">
      <skipped message="Reason: On CRAN ('test-Model-class.R:1065:3')"/>
    </testcase>
    <testcase time="0.0459999999999994" classname="Model_class" name="MCMC_computes_correct_values_for_EffFlexi_model_RW2_">
      <skipped message="Reason: On CRAN ('test-Model-class.R:1073:3')"/>
    </testcase>
    <testcase time="0.046999999999997" classname="Model_class" name="MCMC_computes_correct_values_for_EffFlexi_model_empty_data_">
      <skipped message="Reason: On CRAN ('test-Model-class.R:1081:3')"/>
    </testcase>
    <testcase time="0.0350000000000037" classname="Model_class" name="MCMC_computes_correct_values_for_EffFlexi_model_empty_data_RW2_">
      <skipped message="Reason: On CRAN ('test-Model-class.R:1089:3')"/>
    </testcase>
    <testcase time="0.0189999999999984" classname="Model_class" name="DALogisticLogNormal_object_can_be_created_with_user_constructor"/>
    <testcase time="0.00200000000000244" classname="Model_class" name="DALogisticLogNormal_object_can_be_created_with_user_constructor"/>
    <testcase time="0.00499999999999545" classname="Model_class" name="DALogisticLogNormal_object_can_be_created_with_user_constructor"/>
    <testcase time="0.0530000000000044" classname="Model_class" name=".DefaultDALogisticLogNormal_works_as_expected"/>
    <testcase time="0.0579999999999998" classname="Model_class" name="MCMC_computes_correct_values_for_DALogisticLogNormal_model">
      <skipped message="Reason: On CRAN ('test-Model-class.R:1139:3')"/>
    </testcase>
    <testcase time="0.0360000000000014" classname="Model_class" name="MCMC_computes_correct_values_for_DALogisticLogNormal_model_and_empty_data">
      <skipped message="Reason: On CRAN ('test-Model-class.R:1148:3')"/>
    </testcase>
    <testcase time="0.019999999999996" classname="Model_class" name="TITELogisticLogNormal_object_can_be_created_with_user_constructor_linear_weight_"/>
    <testcase time="0.00200000000000244" classname="Model_class" name="TITELogisticLogNormal_object_can_be_created_with_user_constructor_linear_weight_"/>
    <testcase time="0.00500000000000256" classname="Model_class" name="TITELogisticLogNormal_object_can_be_created_with_user_constructor_linear_weight_"/>
    <testcase time="0.0109999999999957" classname="Model_class" name="TITELogisticLogNormal_object_can_be_created_with_user_constructor_adaptive_weight_"/>
    <testcase time="0.000999999999997669" classname="Model_class" name="TITELogisticLogNormal_object_can_be_created_with_user_constructor_adaptive_weight_"/>
    <testcase time="0.00399999999999778" classname="Model_class" name="TITELogisticLogNormal_object_can_be_created_with_user_constructor_adaptive_weight_"/>
    <testcase time="0.0589999999999975" classname="Model_class" name=".DefaultTITELogisticLogNormal_object_can_be_created_with_user_constructor_linear_weight_"/>
    <testcase time="0.0410000000000039" classname="Model_class" name="MCMC_computes_correct_values_for_TITELogisticLogNormal_model_linear_">
      <skipped message="Reason: On CRAN ('test-Model-class.R:1185:3')"/>
    </testcase>
    <testcase time="0.0519999999999996" classname="Model_class" name="MCMC_computes_correct_values_for_TITELogisticLogNormal_model_linear_data_2_">
      <skipped message="Reason: On CRAN ('test-Model-class.R:1194:3')"/>
    </testcase>
    <testcase time="0.0349999999999966" classname="Model_class" name="MCMC_computes_correct_values_for_TITELogisticLogNormal_model_linear_empty_data_">
      <skipped message="Reason: On CRAN ('test-Model-class.R:1203:3')"/>
    </testcase>
    <testcase time="0.0530000000000044" classname="Model_class" name="MCMC_computes_correct_values_for_TITELogisticLogNormal_model_adaptive_">
      <skipped message="Reason: On CRAN ('test-Model-class.R:1212:3')"/>
    </testcase>
    <testcase time="0.0549999999999997" classname="Model_class" name="MCMC_computes_correct_values_for_TITELogisticLogNormal_model_adaptive_data_2_">
      <skipped message="Reason: On CRAN ('test-Model-class.R:1221:3')"/>
    </testcase>
    <testcase time="0.0349999999999966" classname="Model_class" name="MCMC_computes_correct_values_for_TITELogisticLogNormal_model_adaptive_empty_data_">
      <skipped message="Reason: On CRAN ('test-Model-class.R:1230:3')"/>
    </testcase>
    <testcase time="0.017000000000003" classname="Model_class" name="OneParLogNormalPrior_object_can_be_created_with_user_constructor"/>
    <testcase time="0.00200000000000244" classname="Model_class" name="OneParLogNormalPrior_object_can_be_created_with_user_constructor"/>
    <testcase time="0.00399999999999778" classname="Model_class" name="OneParLogNormalPrior_object_can_be_created_with_user_constructor"/>
    <testcase time="0.00399999999999778" classname="Model_class" name="OneParLogNormalPrior_object_can_be_created_with_user_constructor"/>
    <testcase time="0.00300000000000011" classname="Model_class" name="OneParLogNormalPrior_object_can_be_created_with_user_constructor"/>
    <testcase time="0.00399999999999778" classname="Model_class" name="OneParLogNormalPrior_object_can_be_created_with_user_constructor"/>
    <testcase time="0.00300000000000011" classname="Model_class" name="OneParLogNormalPrior_object_can_be_created_with_user_constructor"/>
    <testcase time="0.00900000000000034" classname="Model_class" name="OneParLogNormalPrior_throws_the_error_when_dose_grid_and_skel_probs_have_diff._lengths"/>
    <testcase time="0.0100000000000051" classname="Model_class" name="OneParLogNormalPrior_throws_the_error_for_not_unique_or_not_sorted_dose_grid"/>
    <testcase time="0.0129999999999981" classname="Model_class" name="OneParLogNormalPrior_throws_the_error_for_not_unique_or_not_sorted_dose_grid"/>
    <testcase time="0.0120000000000005" classname="Model_class" name="OneParLogNormalPrior_throws_the_error_for_not_a_probability_values_in_skel_probs"/>
    <testcase time="0.00999999999999801" classname="Model_class" name="OneParLogNormalPrior_throws_the_error_for_not_unique_or_not_sorted_skel_probs"/>
    <testcase time="0.00600000000000023" classname="Model_class" name="OneParLogNormalPrior_throws_the_error_for_not_unique_or_not_sorted_skel_probs"/>
    <testcase time="0.0290000000000035" classname="Model_class" name="MCMC_computes_correct_values_for_OneParLogNormalPrior_model">
      <skipped message="Reason: On CRAN ('test-Model-class.R:1320:3')"/>
    </testcase>
    <testcase time="0.0289999999999964" classname="Model_class" name="MCMC_computes_correct_values_for_OneParLogNormalPrior_model_and_empty_data">
      <skipped message="Reason: On CRAN ('test-Model-class.R:1329:3')"/>
    </testcase>
    <testcase time="0.0290000000000035" classname="Model_class" name="MCMC_throws_the_error_for_OneParLogNormalPrior_model_when_xLevel_does_not_match_skel_probs_"/>
    <testcase time="0.00999999999999801" classname="Model_class" name="No_NA_is_returned_in_dose_calculations_for_OneParLogNormalPrior_model"/>
    <testcase time="0.00800000000000267" classname="Model_class" name="OneParExpPrior_object_can_be_created_with_user_constructor"/>
    <testcase time="0.00199999999999534" classname="Model_class" name="OneParExpPrior_object_can_be_created_with_user_constructor"/>
    <testcase time="0.00500000000000256" classname="Model_class" name="OneParExpPrior_object_can_be_created_with_user_constructor"/>
    <testcase time="0.00300000000000011" classname="Model_class" name="OneParExpPrior_object_can_be_created_with_user_constructor"/>
    <testcase time="0.00399999999999778" classname="Model_class" name="OneParExpPrior_object_can_be_created_with_user_constructor"/>
    <testcase time="0.00300000000000011" classname="Model_class" name="OneParExpPrior_object_can_be_created_with_user_constructor"/>
    <testcase time="0.00300000000000011" classname="Model_class" name="OneParExpPrior_object_can_be_created_with_user_constructor"/>
    <testcase time="0.017000000000003" classname="Model_class" name="OneParExpPrior_throws_the_error_when_dose_grid_and_skel_probs_have_diff._lengths"/>
    <testcase time="0.0120000000000005" classname="Model_class" name="OneParExpPrior_throws_the_error_for_not_unique_or_not_sorted_dose_grid"/>
    <testcase time="0.00600000000000023" classname="Model_class" name="OneParExpPrior_throws_the_error_for_not_unique_or_not_sorted_dose_grid"/>
    <testcase time="0.0109999999999957" classname="Model_class" name="OneParExpPrior_throws_the_error_for_not_a_probability_values_in_skel_probs"/>
    <testcase time="0.00900000000000034" classname="Model_class" name="OneParExpPrior_throws_the_error_for_not_unique_or_not_sorted_skel_probs"/>
    <testcase time="0.00600000000000023" classname="Model_class" name="OneParExpPrior_throws_the_error_for_not_unique_or_not_sorted_skel_probs"/>
    <testcase time="0.0290000000000035" classname="Model_class" name="MCMC_computes_correct_values_for_OneParExpPrior_model">
      <skipped message="Reason: On CRAN ('test-Model-class.R:1438:3')"/>
    </testcase>
    <testcase time="0.0279999999999987" classname="Model_class" name="MCMC_computes_correct_values_for_OneParExpPrior_model_and_empty_data">
      <skipped message="Reason: On CRAN ('test-Model-class.R:1447:3')"/>
    </testcase>
    <testcase time="0.0279999999999987" classname="Model_class" name="MCMC_throws_the_error_for_OneParExpPrior_model_when_xLevel_does_not_match_skel_probs_"/>
    <testcase time="0.00999999999999801" classname="Model_class" name="No_NA_is_returned_in_dose_calculations_for_OneParExpPrior_model"/>
    <testcase time="0.00900000000000034" classname="Model_class" name="FractionalCRM_object_can_be_created_with_user_constructor"/>
    <testcase time="0.00200000000000244" classname="Model_class" name="FractionalCRM_object_can_be_created_with_user_constructor"/>
    <testcase time="0.0110000000000028" classname="Model_class" name="FractionalCRM_object_can_be_created_with_user_constructor"/>
    <testcase time="0.0519999999999996" classname="Model_class" name=".DefaultFractionalCRM_works_correctly"/>
    <testcase time="0.826000000000001" classname="Model_class" name="MCMC_computes_correct_values_for_FractionalCRM_model">
      <skipped message="Reason: On CRAN ('test-Model-class.R:1503:3')"/>
    </testcase>
    <testcase time="0.0359999999999943" classname="Model_class" name="MCMC_computes_correct_values_for_FractionalCRM_model_and_empty_data">
      <skipped message="Reason: On CRAN ('test-Model-class.R:1512:3')"/>
    </testcase>
    <testcase time="0.0320000000000036" classname="Model_class" name="MCMC_throws_the_error_for_FractionalCRM_model_when_xLevel_does_not_match_skel_probs_"/>
  </testsuite>
  <testsuite name="Model-methods" timestamp="2024-10-07T08:40:13Z" hostname="18e134b69287" tests="470" skipped="2" failures="0" errors="0" time="5.513">
    <testcase time="0.0289999999999964" classname="Model_methods" name="doseFunction_GeneralModel_returns_correct_dose_function"/>
    <testcase time="0.00100000000000477" classname="Model_methods" name="doseFunction_GeneralModel_returns_correct_dose_function"/>
    <testcase time="0.00399999999999778" classname="Model_methods" name="doseFunction_GeneralModel_returns_correct_dose_function"/>
    <testcase time="0.000999999999997669" classname="Model_methods" name="doseFunction_GeneralModel_returns_correct_dose_function"/>
    <testcase time="0.00300000000000011" classname="Model_methods" name="doseFunction_GeneralModel_returns_correct_dose_function"/>
    <testcase time="0.00400000000000489" classname="Model_methods" name="doseFunction_GeneralModel_returns_correct_dose_function"/>
    <testcase time="0.000999999999997669" classname="Model_methods" name="doseFunction_GeneralModel_returns_correct_dose_function"/>
    <testcase time="0.00300000000000011" classname="Model_methods" name="doseFunction_GeneralModel_returns_correct_dose_function"/>
    <testcase time="0.00300000000000011" classname="Model_methods" name="doseFunction_GeneralModel_returns_correct_dose_function"/>
    <testcase time="0.0169999999999959" classname="Model_methods" name="doseFunction_GeneralModel_returns_correct_dose_function_for_matrix_param"/>
    <testcase time="0.00100000000000477" classname="Model_methods" name="doseFunction_GeneralModel_returns_correct_dose_function_for_matrix_param"/>
    <testcase time="0.00399999999999778" classname="Model_methods" name="doseFunction_GeneralModel_returns_correct_dose_function_for_matrix_param"/>
    <testcase time="0.000999999999997669" classname="Model_methods" name="doseFunction_GeneralModel_returns_correct_dose_function_for_matrix_param"/>
    <testcase time="0.00300000000000011" classname="Model_methods" name="doseFunction_GeneralModel_returns_correct_dose_function_for_matrix_param"/>
    <testcase time="0.00400000000000489" classname="Model_methods" name="doseFunction_GeneralModel_returns_correct_dose_function_for_matrix_param"/>
    <testcase time="0.000999999999997669" classname="Model_methods" name="doseFunction_GeneralModel_returns_correct_dose_function_for_matrix_param"/>
    <testcase time="0.00300000000000011" classname="Model_methods" name="doseFunction_GeneralModel_returns_correct_dose_function_for_matrix_param"/>
    <testcase time="0.00300000000000011" classname="Model_methods" name="doseFunction_GeneralModel_returns_correct_dose_function_for_matrix_param"/>
    <testcase time="0.0159999999999982" classname="Model_methods" name="doseFunction_GeneralModel_throws_the_error_when_valid_params_are_not_provided"/>
    <testcase time="0.007000000000005" classname="Model_methods" name="doseFunction_GeneralModel_throws_the_error_when_valid_params_are_not_provided"/>
    <testcase time="0.019999999999996" classname="Model_methods" name="doseFunction_ModelPseudo_returns_correct_dose_function"/>
    <testcase time="0.00399999999999778" classname="Model_methods" name="doseFunction_ModelPseudo_returns_correct_dose_function"/>
    <testcase time="0.00200000000000244" classname="Model_methods" name="doseFunction_ModelPseudo_returns_correct_dose_function"/>
    <testcase time="0.00300000000000011" classname="Model_methods" name="doseFunction_ModelPseudo_returns_correct_dose_function"/>
    <testcase time="0.00300000000000011" classname="Model_methods" name="doseFunction_ModelPseudo_returns_correct_dose_function"/>
    <testcase time="0.0219999999999985" classname="Model_methods" name="doseFunction_ModelPseudo_throws_the_error_when_no_params_are_provided"/>
    <testcase time="0.0160000000000053" classname="Model_methods" name="doseFunction_LogisticLogNormalGrouped_works_as_expected"/>
    <testcase time="0.00199999999999534" classname="Model_methods" name="doseFunction_LogisticLogNormalGrouped_works_as_expected"/>
    <testcase time="0.00900000000000034" classname="Model_methods" name="doseFunction_LogisticLogNormalGrouped_works_as_expected"/>
    <testcase time="0.0210000000000008" classname="Model_methods" name="doseFunction_LogisticLogNormalGrouped_works_as_expected"/>
    <testcase time="0.00600000000000023" classname="Model_methods" name="doseFunction_LogisticLogNormalGrouped_works_as_expected"/>
    <testcase time="0.0230000000000032" classname="Model_methods" name="doseFunction_LogisticLogNormalOrdinal_works_correctly"/>
    <testcase time="0.019999999999996" classname="Model_methods" name="doseFunction_LogisticLogNormalOrdinal_works_correctly"/>
    <testcase time="0.00600000000000023" classname="Model_methods" name="doseFunction_LogisticLogNormalOrdinal_works_correctly"/>
    <testcase time="0.00600000000000023" classname="Model_methods" name="doseFunction_LogisticLogNormalOrdinal_works_correctly"/>
    <testcase time="0.00500000000000256" classname="Model_methods" name="doseFunction_LogisticLogNormalOrdinal_works_correctly"/>
    <testcase time="0.00500000000000256" classname="Model_methods" name="doseFunction_LogisticLogNormalOrdinal_works_correctly"/>
    <testcase time="0.00600000000000023" classname="Model_methods" name="doseFunction_LogisticLogNormalOrdinal_works_correctly"/>
    <testcase time="0.00600000000000023" classname="Model_methods" name="doseFunction_LogisticLogNormalOrdinal_works_correctly"/>
    <testcase time="0.00600000000000023" classname="Model_methods" name="doseFunction_LogisticLogNormalOrdinal_works_correctly"/>
    <testcase time="0.00499999999999545" classname="Model_methods" name="doseFunction_LogisticLogNormalOrdinal_works_correctly"/>
    <testcase time="0.00600000000000023" classname="Model_methods" name="doseFunction_LogisticLogNormalOrdinal_works_correctly"/>
    <testcase time="0.00600000000000023" classname="Model_methods" name="doseFunction_LogisticLogNormalOrdinal_works_correctly"/>
    <testcase time="0.00600000000000023" classname="Model_methods" name="doseFunction_LogisticLogNormalOrdinal_works_correctly"/>
    <testcase time="0.00500000000000256" classname="Model_methods" name="doseFunction_LogisticLogNormalOrdinal_works_correctly"/>
    <testcase time="0.00600000000000023" classname="Model_methods" name="doseFunction_LogisticLogNormalOrdinal_works_correctly"/>
    <testcase time="0.00499999999999545" classname="Model_methods" name="doseFunction_LogisticLogNormalOrdinal_works_correctly"/>
    <testcase time="0.00400000000000489" classname="Model_methods" name="doseFunction_LogisticLogNormalOrdinal_works_correctly"/>
    <testcase time="0.00399999999999778" classname="Model_methods" name="doseFunction_LogisticLogNormalOrdinal_works_correctly"/>
    <testcase time="0.00500000000000256" classname="Model_methods" name="doseFunction_LogisticLogNormalOrdinal_works_correctly"/>
    <testcase time="0.0189999999999984" classname="Model_methods" name="doseFunction_LogisticLogNormalOrdinal_works_correctly"/>
    <testcase time="0.00399999999999778" classname="Model_methods" name="doseFunction_LogisticLogNormalOrdinal_works_correctly"/>
    <testcase time="0.00400000000000489" classname="Model_methods" name="doseFunction_LogisticLogNormalOrdinal_works_correctly"/>
    <testcase time="0.00499999999999545" classname="Model_methods" name="doseFunction_LogisticLogNormalOrdinal_works_correctly"/>
    <testcase time="0.00400000000000489" classname="Model_methods" name="doseFunction_LogisticLogNormalOrdinal_works_correctly"/>
    <testcase time="0.00399999999999778" classname="Model_methods" name="doseFunction_LogisticLogNormalOrdinal_works_correctly"/>
    <testcase time="0.00399999999999778" classname="Model_methods" name="doseFunction_LogisticLogNormalOrdinal_works_correctly"/>
    <testcase time="0.00500000000000256" classname="Model_methods" name="doseFunction_LogisticLogNormalOrdinal_works_correctly"/>
    <testcase time="0.00399999999999778" classname="Model_methods" name="doseFunction_LogisticLogNormalOrdinal_works_correctly"/>
    <testcase time="0.00400000000000489" classname="Model_methods" name="doseFunction_LogisticLogNormalOrdinal_works_correctly"/>
    <testcase time="0.00399999999999778" classname="Model_methods" name="doseFunction_LogisticLogNormalOrdinal_works_correctly"/>
    <testcase time="0.00500000000000256" classname="Model_methods" name="doseFunction_LogisticLogNormalOrdinal_works_correctly"/>
    <testcase time="0.00399999999999778" classname="Model_methods" name="doseFunction_LogisticLogNormalOrdinal_works_correctly"/>
    <testcase time="0.00399999999999778" classname="Model_methods" name="doseFunction_LogisticLogNormalOrdinal_works_correctly"/>
    <testcase time="0.0110000000000028" classname="Model_methods" name="doseFunction_LogisticLogNormalOrdinal_works_correctly"/>
    <testcase time="0.00399999999999778" classname="Model_methods" name="doseFunction_LogisticLogNormalOrdinal_works_correctly"/>
    <testcase time="0.00399999999999778" classname="Model_methods" name="doseFunction_LogisticLogNormalOrdinal_works_correctly"/>
    <testcase time="0.00400000000000489" classname="Model_methods" name="doseFunction_LogisticLogNormalOrdinal_works_correctly"/>
    <testcase time="0.00399999999999778" classname="Model_methods" name="doseFunction_LogisticLogNormalOrdinal_works_correctly"/>
    <testcase time="0.183999999999997" classname="Model_methods" name="doseFunction_LogisticLogNormalOrdinal_fails_gracefully_with_bad_input"/>
    <testcase time="0.00500000000000256" classname="Model_methods" name="doseFunction_LogisticLogNormalOrdinal_fails_gracefully_with_bad_input"/>
    <testcase time="0.00600000000000023" classname="Model_methods" name="doseFunction_LogisticLogNormalOrdinal_fails_gracefully_with_bad_input"/>
    <testcase time="0.0120000000000005" classname="Model_methods" name="probFunction_GeneralModel_returns_correct_prob_function"/>
    <testcase time="0.00200000000000244" classname="Model_methods" name="probFunction_GeneralModel_returns_correct_prob_function"/>
    <testcase time="0.00300000000000011" classname="Model_methods" name="probFunction_GeneralModel_returns_correct_prob_function"/>
    <testcase time="0.00199999999999534" classname="Model_methods" name="probFunction_GeneralModel_returns_correct_prob_function"/>
    <testcase time="0.00300000000000011" classname="Model_methods" name="probFunction_GeneralModel_returns_correct_prob_function"/>
    <testcase time="0.00300000000000011" classname="Model_methods" name="probFunction_GeneralModel_returns_correct_prob_function"/>
    <testcase time="0.00100000000000477" classname="Model_methods" name="probFunction_GeneralModel_returns_correct_prob_function"/>
    <testcase time="0.00300000000000011" classname="Model_methods" name="probFunction_GeneralModel_returns_correct_prob_function"/>
    <testcase time="0.00399999999999778" classname="Model_methods" name="probFunction_GeneralModel_returns_correct_prob_function"/>
    <testcase time="0.0109999999999957" classname="Model_methods" name="probFunction_GeneralModel_returns_correct_prob_function_for_matrix_param"/>
    <testcase time="0.00200000000000244" classname="Model_methods" name="probFunction_GeneralModel_returns_correct_prob_function_for_matrix_param"/>
    <testcase time="0.00300000000000011" classname="Model_methods" name="probFunction_GeneralModel_returns_correct_prob_function_for_matrix_param"/>
    <testcase time="0.000999999999997669" classname="Model_methods" name="probFunction_GeneralModel_returns_correct_prob_function_for_matrix_param"/>
    <testcase time="0.00300000000000011" classname="Model_methods" name="probFunction_GeneralModel_returns_correct_prob_function_for_matrix_param"/>
    <testcase time="0.00300000000000011" classname="Model_methods" name="probFunction_GeneralModel_returns_correct_prob_function_for_matrix_param"/>
    <testcase time="0.00200000000000244" classname="Model_methods" name="probFunction_GeneralModel_returns_correct_prob_function_for_matrix_param"/>
    <testcase time="0.00300000000000011" classname="Model_methods" name="probFunction_GeneralModel_returns_correct_prob_function_for_matrix_param"/>
    <testcase time="0.00300000000000011" classname="Model_methods" name="probFunction_GeneralModel_returns_correct_prob_function_for_matrix_param"/>
    <testcase time="0.0129999999999981" classname="Model_methods" name="probFunction_GeneralModel_throws_the_error_when_valid_params_are_not_provided"/>
    <testcase time="0.00600000000000023" classname="Model_methods" name="probFunction_GeneralModel_throws_the_error_when_valid_params_are_not_provided"/>
    <testcase time="0.0160000000000053" classname="Model_methods" name="probFunction_ModelTox_returns_correct_prob_function"/>
    <testcase time="0.00399999999999778" classname="Model_methods" name="probFunction_ModelTox_returns_correct_prob_function"/>
    <testcase time="0.000999999999997669" classname="Model_methods" name="probFunction_ModelTox_returns_correct_prob_function"/>
    <testcase time="0.00300000000000011" classname="Model_methods" name="probFunction_ModelTox_returns_correct_prob_function"/>
    <testcase time="0.00399999999999778" classname="Model_methods" name="probFunction_ModelTox_returns_correct_prob_function"/>
    <testcase time="0.017000000000003" classname="Model_methods" name="probFunction_ModelTox_throws_the_error_when_no_params_are_provided"/>
    <testcase time="0.0129999999999981" classname="Model_methods" name="probFunction_LogisticLogNormalGrouped_works_as_expected"/>
    <testcase time="0.00300000000000011" classname="Model_methods" name="probFunction_LogisticLogNormalGrouped_works_as_expected"/>
    <testcase time="0.00800000000000267" classname="Model_methods" name="probFunction_LogisticLogNormalGrouped_works_as_expected"/>
    <testcase time="0.00399999999999778" classname="Model_methods" name="probFunction_LogisticLogNormalGrouped_works_as_expected"/>
    <testcase time="0.00500000000000256" classname="Model_methods" name="probFunction_LogisticLogNormalGrouped_works_as_expected"/>
    <testcase time="0.0300000000000011" classname="Model_methods" name="probFunction_LogisticLogNormalOrdinal_works_correctly"/>
    <testcase time="0.0300000000000011" classname="Model_methods" name="probFunction_LogisticLogNormalOrdinal_works_correctly"/>
    <testcase time="0.00599999999999312" classname="Model_methods" name="probFunction_LogisticLogNormalOrdinal_works_correctly"/>
    <testcase time="0.00600000000000023" classname="Model_methods" name="probFunction_LogisticLogNormalOrdinal_works_correctly"/>
    <testcase time="0.00500000000000256" classname="Model_methods" name="probFunction_LogisticLogNormalOrdinal_works_correctly"/>
    <testcase time="0.00600000000000023" classname="Model_methods" name="probFunction_LogisticLogNormalOrdinal_works_correctly"/>
    <testcase time="0.00500000000000256" classname="Model_methods" name="probFunction_LogisticLogNormalOrdinal_works_correctly"/>
    <testcase time="0.00499999999999545" classname="Model_methods" name="probFunction_LogisticLogNormalOrdinal_works_correctly"/>
    <testcase time="0.00600000000000023" classname="Model_methods" name="probFunction_LogisticLogNormalOrdinal_works_correctly"/>
    <testcase time="0.00500000000000256" classname="Model_methods" name="probFunction_LogisticLogNormalOrdinal_works_correctly"/>
    <testcase time="0.027000000000001" classname="Model_methods" name="probFunction_LogisticLogNormalOrdinal_works_correctly"/>
    <testcase time="0.00399999999999778" classname="Model_methods" name="probFunction_LogisticLogNormalOrdinal_works_correctly"/>
    <testcase time="0.00399999999999778" classname="Model_methods" name="probFunction_LogisticLogNormalOrdinal_works_correctly"/>
    <testcase time="0.00400000000000489" classname="Model_methods" name="probFunction_LogisticLogNormalOrdinal_works_correctly"/>
    <testcase time="0.00399999999999778" classname="Model_methods" name="probFunction_LogisticLogNormalOrdinal_works_correctly"/>
    <testcase time="0.00399999999999778" classname="Model_methods" name="probFunction_LogisticLogNormalOrdinal_works_correctly"/>
    <testcase time="0.00400000000000489" classname="Model_methods" name="probFunction_LogisticLogNormalOrdinal_works_correctly"/>
    <testcase time="0.00399999999999778" classname="Model_methods" name="probFunction_LogisticLogNormalOrdinal_works_correctly"/>
    <testcase time="0.00399999999999778" classname="Model_methods" name="probFunction_LogisticLogNormalOrdinal_works_correctly"/>
    <testcase time="0.00400000000000489" classname="Model_methods" name="probFunction_LogisticLogNormalOrdinal_works_correctly"/>
    <testcase time="0.18" classname="Model_methods" name="doseFunction_LogisticLogNormalOrdinal_fails_gracefully_with_bad_input"/>
    <testcase time="0.0129999999999981" classname="Model_methods" name="doseFunction_LogisticLogNormalOrdinal_fails_gracefully_with_bad_input"/>
    <testcase time="0.00600000000000023" classname="Model_methods" name="doseFunction_LogisticLogNormalOrdinal_fails_gracefully_with_bad_input"/>
    <testcase time="0.019999999999996" classname="Model_methods" name="efficacyFunction_ModelEff_returns_correct_efficacy_function"/>
    <testcase time="0.00200000000000244" classname="Model_methods" name="efficacyFunction_ModelEff_returns_correct_efficacy_function"/>
    <testcase time="0.00399999999999778" classname="Model_methods" name="efficacyFunction_ModelEff_returns_correct_efficacy_function"/>
    <testcase time="0.00200000000000244" classname="Model_methods" name="efficacyFunction_ModelEff_returns_correct_efficacy_function"/>
    <testcase time="0.00300000000000011" classname="Model_methods" name="efficacyFunction_ModelEff_returns_correct_efficacy_function"/>
    <testcase time="0.00399999999999778" classname="Model_methods" name="efficacyFunction_ModelEff_returns_correct_efficacy_function"/>
    <testcase time="0.00100000000000477" classname="Model_methods" name="efficacyFunction_ModelEff_returns_correct_efficacy_function"/>
    <testcase time="0.00399999999999778" classname="Model_methods" name="efficacyFunction_ModelEff_returns_correct_efficacy_function"/>
    <testcase time="0.00300000000000011" classname="Model_methods" name="efficacyFunction_ModelEff_returns_correct_efficacy_function"/>
    <testcase time="0.0210000000000008" classname="Model_methods" name="efficacyFunction_ModelEff_throws_the_error_when_no_params_are_provided"/>
    <testcase time="0.0139999999999958" classname="Model_methods" name="dose_LogisticNormal_works_as_expected"/>
    <testcase time="0.0130000000000052" classname="Model_methods" name="dose_LogisticNormal_works_as_expected_for_scalar_samples"/>
    <testcase time="0.0129999999999981" classname="Model_methods" name="dose_LogisticNormal_works_as_expected_for_vectors"/>
    <testcase time="0.0150000000000006" classname="Model_methods" name="dose_LogisticNormal_throws_the_error_when_x_and_samples_lengths_differ"/>
    <testcase time="0.00500000000000256" classname="Model_methods" name="dose_LogisticNormal_throws_the_error_when_x_and_samples_lengths_differ"/>
    <testcase time="0.00600000000000023" classname="Model_methods" name="dose_LogisticNormal_throws_the_error_when_x_and_samples_lengths_differ"/>
    <testcase time="0.0129999999999981" classname="Model_methods" name="dose_LogisticLogNormal_works_as_expected"/>
    <testcase time="0.0129999999999981" classname="Model_methods" name="dose_LogisticLogNormal_works_as_expected_for_scalar_samples"/>
    <testcase time="0.0130000000000052" classname="Model_methods" name="dose_LogisticLogNormal_works_as_expected_for_vectors"/>
    <testcase time="0.0150000000000006" classname="Model_methods" name="dose_LogisticLogNormal_throws_the_error_when_x_is_not_valid"/>
    <testcase time="0.00600000000000023" classname="Model_methods" name="dose_LogisticLogNormal_throws_the_error_when_x_is_not_valid"/>
    <testcase time="0.00499999999999545" classname="Model_methods" name="dose_LogisticLogNormal_throws_the_error_when_x_is_not_valid"/>
    <testcase time="0.0120000000000005" classname="Model_methods" name="dose_LogisticLogNormalSub_works_as_expected"/>
    <testcase time="0.0120000000000005" classname="Model_methods" name="dose_LogisticLogNormalSub_works_as_expected_for_scalar_samples"/>
    <testcase time="0.0110000000000028" classname="Model_methods" name="dose_LogisticLogNormalSub_works_as_expected_for_vectors"/>
    <testcase time="0.0129999999999981" classname="Model_methods" name="dose_LogisticLogNormalSub_throws_the_error_when_x_is_not_valid"/>
    <testcase time="0.00600000000000023" classname="Model_methods" name="dose_LogisticLogNormalSub_throws_the_error_when_x_is_not_valid"/>
    <testcase time="0.00500000000000256" classname="Model_methods" name="dose_LogisticLogNormalSub_throws_the_error_when_x_is_not_valid"/>
    <testcase time="0.0139999999999958" classname="Model_methods" name="dose_ProbitLogNormal_works_as_expected"/>
    <testcase time="0.0120000000000005" classname="Model_methods" name="dose_ProbitLogNormal_works_as_expected_for_scalar_samples"/>
    <testcase time="0.0120000000000005" classname="Model_methods" name="dose_ProbitLogNormal_works_as_expected_for_vectors"/>
    <testcase time="0.0140000000000029" classname="Model_methods" name="dose_ProbitLogNormal_throws_the_error_when_x_is_not_valid"/>
    <testcase time="0.00600000000000023" classname="Model_methods" name="dose_ProbitLogNormal_throws_the_error_when_x_is_not_valid"/>
    <testcase time="0.00600000000000023" classname="Model_methods" name="dose_ProbitLogNormal_throws_the_error_when_x_is_not_valid"/>
    <testcase time="0.0139999999999958" classname="Model_methods" name="dose_ProbitLogNormalRel_works_as_expected"/>
    <testcase time="0.0129999999999981" classname="Model_methods" name="dose_ProbitLogNormalRel_works_as_expected_for_scalar_samples"/>
    <testcase time="0.0190000000000055" classname="Model_methods" name="dose_ProbitLogNormalRel_works_as_expected_for_vectors"/>
    <testcase time="0.0150000000000006" classname="Model_methods" name="dose_ProbitLogNormalRel_throws_the_error_when_x_is_not_valid"/>
    <testcase time="0.00600000000000023" classname="Model_methods" name="dose_ProbitLogNormalRel_throws_the_error_when_x_is_not_valid"/>
    <testcase time="0.0069999999999979" classname="Model_methods" name="dose_ProbitLogNormalRel_throws_the_error_when_x_is_not_valid"/>
    <testcase time="0.0180000000000007" classname="Model_methods" name="dose_LogisticLogNormalGrouped_works_as_expected"/>
    <testcase time="0.00600000000000023" classname="Model_methods" name="dose_LogisticLogNormalGrouped_works_as_expected"/>
    <testcase time="0.0189999999999984" classname="Model_methods" name="dose_LogisticLogNormalGrouped_works_as_expected_for_scalar_samples"/>
    <testcase time="0.0189999999999984" classname="Model_methods" name="dose_LogisticLogNormalGrouped_works_as_expected_for_vectors"/>
    <testcase time="0.0150000000000006" classname="Model_methods" name="dose_LogisticKadane_works_as_expected"/>
    <testcase time="0.027000000000001" classname="Model_methods" name="dose_LogisticKadane_works_as_expected_for_scalar_samples"/>
    <testcase time="0.0140000000000029" classname="Model_methods" name="dose_LogisticKadane_works_as_expected_for_vectors"/>
    <testcase time="0.0169999999999959" classname="Model_methods" name="dose_LogisticKadane_throws_the_error_when_x_is_not_valid"/>
    <testcase time="0.00900000000000034" classname="Model_methods" name="dose_LogisticKadane_throws_the_error_when_x_is_not_valid"/>
    <testcase time="0.00900000000000034" classname="Model_methods" name="dose_LogisticKadane_throws_the_error_when_x_is_not_valid"/>
    <testcase time="0.0150000000000006" classname="Model_methods" name="dose_LogisticKadaneBetaGamma_works_as_expected"/>
    <testcase time="0.0120000000000005" classname="Model_methods" name="dose_LogisticKadaneBetaGamma_works_as_expected_for_scalar_samples"/>
    <testcase time="0.0120000000000005" classname="Model_methods" name="dose_LogisticKadaneBetaGamma_works_as_expected_for_vectors"/>
    <testcase time="0.0129999999999981" classname="Model_methods" name="dose_LogisticKadaneBetaGamma_throws_the_error_when_x_is_not_valid"/>
    <testcase time="0.00600000000000023" classname="Model_methods" name="dose_LogisticKadaneBetaGamma_throws_the_error_when_x_is_not_valid"/>
    <testcase time="0.00600000000000023" classname="Model_methods" name="dose_LogisticKadaneBetaGamma_throws_the_error_when_x_is_not_valid"/>
    <testcase time="0.0140000000000029" classname="Model_methods" name="dose_LogisticNormalMixture_works_as_expected"/>
    <testcase time="0.0139999999999958" classname="Model_methods" name="dose_LogisticNormalMixture_works_as_expected_for_scalar_samples"/>
    <testcase time="0.0129999999999981" classname="Model_methods" name="dose_LogisticNormalMixture_works_as_expected_for_vectors"/>
    <testcase time="0.0150000000000006" classname="Model_methods" name="dose_LogisticNormalMixture_throws_the_error_when_x_is_not_valid"/>
    <testcase time="0.00600000000000023" classname="Model_methods" name="dose_LogisticNormalMixture_throws_the_error_when_x_is_not_valid"/>
    <testcase time="0.00600000000000023" classname="Model_methods" name="dose_LogisticNormalMixture_throws_the_error_when_x_is_not_valid"/>
    <testcase time="0.0160000000000053" classname="Model_methods" name="dose_LogisticNormalFixedMixture_works_as_expected"/>
    <testcase time="0.0159999999999982" classname="Model_methods" name="dose_LogisticNormalFixedMixture_works_as_expected_for_scalar_samples"/>
    <testcase time="0.0159999999999982" classname="Model_methods" name="dose_LogisticNormalFixedMixture_works_as_expected_for_vectors"/>
    <testcase time="0.0189999999999984" classname="Model_methods" name="dose_LogisticNormalFixedMixture_throws_the_error_when_x_is_not_valid"/>
    <testcase time="0.00600000000000023" classname="Model_methods" name="dose_LogisticNormalFixedMixture_throws_the_error_when_x_is_not_valid"/>
    <testcase time="0.00600000000000023" classname="Model_methods" name="dose_LogisticNormalFixedMixture_throws_the_error_when_x_is_not_valid"/>
    <testcase time="0.0200000000000031" classname="Model_methods" name="dose_LogisticLogNormalMixture_is_not_implemented"/>
    <testcase time="0.0150000000000006" classname="Model_methods" name="dose_DualEndpoint_works_as_expected"/>
    <testcase time="0.00499999999999545" classname="Model_methods" name="dose_DualEndpoint_works_as_expected"/>
    <testcase time="0.00400000000000489" classname="Model_methods" name="dose_DualEndpoint_works_as_expected"/>
    <testcase time="0.0169999999999959" classname="Model_methods" name="dose_DualEndpoint_works_as_expected_for_scalar_samples"/>
    <testcase time="0.00500000000000256" classname="Model_methods" name="dose_DualEndpoint_works_as_expected_for_scalar_samples"/>
    <testcase time="0.00399999999999778" classname="Model_methods" name="dose_DualEndpoint_works_as_expected_for_scalar_samples"/>
    <testcase time="0.0159999999999982" classname="Model_methods" name="dose_DualEndpoint_works_as_expected_for_vectors"/>
    <testcase time="0.00500000000000256" classname="Model_methods" name="dose_DualEndpoint_works_as_expected_for_vectors"/>
    <testcase time="0.00399999999999778" classname="Model_methods" name="dose_DualEndpoint_works_as_expected_for_vectors"/>
    <testcase time="0.0150000000000006" classname="Model_methods" name="dose_DualEndpoint_throws_the_error_when_x_is_not_valid"/>
    <testcase time="0.00600000000000023" classname="Model_methods" name="dose_DualEndpoint_throws_the_error_when_x_is_not_valid"/>
    <testcase time="0.00600000000000023" classname="Model_methods" name="dose_DualEndpoint_throws_the_error_when_x_is_not_valid"/>
    <testcase time="0.0230000000000032" classname="Model_methods" name="dose_LogisticIndepBeta_works_as_expected"/>
    <testcase time="0.00399999999999778" classname="Model_methods" name="dose_LogisticIndepBeta_works_as_expected"/>
    <testcase time="0.0180000000000007" classname="Model_methods" name="dose_LogisticIndepBeta_works_as_expected_for_scalar_samples"/>
    <testcase time="0.017000000000003" classname="Model_methods" name="dose_LogisticIndepBeta_works_as_expected_for_vectors"/>
    <testcase time="0.0189999999999984" classname="Model_methods" name="dose_LogisticIndepBeta_throws_the_error_when_x_is_not_valid"/>
    <testcase time="0.0069999999999979" classname="Model_methods" name="dose_LogisticIndepBeta_throws_the_error_when_x_is_not_valid"/>
    <testcase time="0.00600000000000023" classname="Model_methods" name="dose_LogisticIndepBeta_throws_the_error_when_x_is_not_valid"/>
    <testcase time="0.0240000000000009" classname="Model_methods" name="dose_LogisticIndepBeta_noSamples_works_as_expected"/>
    <testcase time="0.00500000000000256" classname="Model_methods" name="dose_LogisticIndepBeta_noSamples_works_as_expected"/>
    <testcase time="0.0180000000000007" classname="Model_methods" name="dose_LogisticIndepBeta_noSamples_throws_the_error_when_x_is_not_valid"/>
    <testcase time="0.0120000000000005" classname="Model_methods" name="dose_OneParLogNormalPrior_works_as_expected"/>
    <testcase time="0.0109999999999957" classname="Model_methods" name="dose_OneParLogNormalPrior_works_as_expected_for_scalar_samples"/>
    <testcase time="0.0110000000000028" classname="Model_methods" name="dose_OneParLogNormalPrior_works_as_expected_for_vectors"/>
    <testcase time="0.0129999999999981" classname="Model_methods" name="dose_OneParLogNormalPrior_throws_the_error_when_x_is_not_valid"/>
    <testcase time="0.00600000000000023" classname="Model_methods" name="dose_OneParLogNormalPrior_throws_the_error_when_x_is_not_valid"/>
    <testcase time="0.00500000000000256" classname="Model_methods" name="dose_OneParLogNormalPrior_throws_the_error_when_x_is_not_valid"/>
    <testcase time="0.0120000000000005" classname="Model_methods" name="dose_OneParExpPrior_works_as_expected"/>
    <testcase time="0.0109999999999957" classname="Model_methods" name="dose_OneParExpPrior_works_as_expected_for_scalar_samples"/>
    <testcase time="0.0110000000000028" classname="Model_methods" name="dose_OneParExpPrior_works_as_expected_for_vectors"/>
    <testcase time="0.0129999999999981" classname="Model_methods" name="dose_OneParExpPrior_throws_the_error_when_x_is_not_valid"/>
    <testcase time="0.00600000000000023" classname="Model_methods" name="dose_OneParExpPrior_throws_the_error_when_x_is_not_valid"/>
    <testcase time="0.0120000000000005" classname="Model_methods" name="dose_OneParExpPrior_throws_the_error_when_x_is_not_valid"/>
    <testcase time="0.186" classname="Model_methods" name="dose_LogisticLogNormalOrdinal_works_correctly"/>
    <testcase time="0.00500000000000256" classname="Model_methods" name="dose_LogisticLogNormalOrdinal_works_correctly"/>
    <testcase time="0.00399999999999778" classname="Model_methods" name="dose_LogisticLogNormalOrdinal_works_correctly"/>
    <testcase time="0.00500000000000256" classname="Model_methods" name="dose_LogisticLogNormalOrdinal_works_correctly"/>
    <testcase time="0.00399999999999778" classname="Model_methods" name="dose_LogisticLogNormalOrdinal_works_correctly"/>
    <testcase time="0.00399999999999778" classname="Model_methods" name="dose_LogisticLogNormalOrdinal_works_correctly"/>
    <testcase time="0.00400000000000489" classname="Model_methods" name="dose_LogisticLogNormalOrdinal_works_correctly"/>
    <testcase time="0.00399999999999778" classname="Model_methods" name="dose_LogisticLogNormalOrdinal_works_correctly"/>
    <testcase time="0.00399999999999778" classname="Model_methods" name="dose_LogisticLogNormalOrdinal_works_correctly"/>
    <testcase time="0.00400000000000489" classname="Model_methods" name="dose_LogisticLogNormalOrdinal_works_correctly"/>
    <testcase time="0.00399999999999778" classname="Model_methods" name="dose_LogisticLogNormalOrdinal_works_correctly"/>
    <testcase time="0.00399999999999778" classname="Model_methods" name="dose_LogisticLogNormalOrdinal_works_correctly"/>
    <testcase time="0.00400000000000489" classname="Model_methods" name="dose_LogisticLogNormalOrdinal_works_correctly"/>
    <testcase time="0.00300000000000011" classname="Model_methods" name="dose_LogisticLogNormalOrdinal_works_correctly"/>
    <testcase time="0.00300000000000011" classname="Model_methods" name="dose_LogisticLogNormalOrdinal_works_correctly"/>
    <testcase time="0.00399999999999778" classname="Model_methods" name="dose_LogisticLogNormalOrdinal_works_correctly"/>
    <testcase time="0.00399999999999778" classname="Model_methods" name="dose_LogisticLogNormalOrdinal_works_correctly"/>
    <testcase time="0.00300000000000011" classname="Model_methods" name="dose_LogisticLogNormalOrdinal_works_correctly"/>
    <testcase time="0.00400000000000489" classname="Model_methods" name="dose_LogisticLogNormalOrdinal_works_correctly"/>
    <testcase time="0.00399999999999778" classname="Model_methods" name="dose_LogisticLogNormalOrdinal_works_correctly"/>
    <testcase time="0.00399999999999778" classname="Model_methods" name="dose_LogisticLogNormalOrdinal_works_correctly"/>
    <testcase time="0.00400000000000489" classname="Model_methods" name="dose_LogisticLogNormalOrdinal_works_correctly"/>
    <testcase time="0.00300000000000011" classname="Model_methods" name="dose_LogisticLogNormalOrdinal_works_correctly"/>
    <testcase time="0.00399999999999778" classname="Model_methods" name="dose_LogisticLogNormalOrdinal_works_correctly"/>
    <testcase time="0.00399999999999778" classname="Model_methods" name="dose_LogisticLogNormalOrdinal_works_correctly"/>
    <testcase time="0.00400000000000489" classname="Model_methods" name="dose_LogisticLogNormalOrdinal_works_correctly"/>
    <testcase time="0.00399999999999778" classname="Model_methods" name="dose_LogisticLogNormalOrdinal_works_correctly"/>
    <testcase time="0.00399999999999778" classname="Model_methods" name="dose_LogisticLogNormalOrdinal_works_correctly"/>
    <testcase time="0.00300000000000011" classname="Model_methods" name="dose_LogisticLogNormalOrdinal_works_correctly"/>
    <testcase time="0.00400000000000489" classname="Model_methods" name="dose_LogisticLogNormalOrdinal_works_correctly"/>
    <testcase time="0.00399999999999778" classname="Model_methods" name="dose_LogisticLogNormalOrdinal_works_correctly"/>
    <testcase time="0.00399999999999778" classname="Model_methods" name="dose_LogisticLogNormalOrdinal_works_correctly"/>
    <testcase time="0.00399999999999778" classname="Model_methods" name="dose_LogisticLogNormalOrdinal_works_correctly"/>
    <testcase time="0.00400000000000489" classname="Model_methods" name="dose_LogisticLogNormalOrdinal_works_correctly"/>
    <testcase time="0.00399999999999778" classname="Model_methods" name="dose_LogisticLogNormalOrdinal_works_correctly"/>
    <testcase time="0.00399999999999778" classname="Model_methods" name="dose_LogisticLogNormalOrdinal_works_correctly"/>
    <testcase time="0.00400000000000489" classname="Model_methods" name="dose_LogisticLogNormalOrdinal_works_correctly"/>
    <testcase time="0.00399999999999778" classname="Model_methods" name="dose_LogisticLogNormalOrdinal_works_correctly"/>
    <testcase time="0.00399999999999778" classname="Model_methods" name="dose_LogisticLogNormalOrdinal_works_correctly"/>
    <testcase time="0.00400000000000489" classname="Model_methods" name="dose_LogisticLogNormalOrdinal_works_correctly"/>
    <testcase time="0.00399999999999778" classname="Model_methods" name="dose_LogisticLogNormalOrdinal_works_correctly"/>
    <testcase time="0.00399999999999778" classname="Model_methods" name="dose_LogisticLogNormalOrdinal_works_correctly"/>
    <testcase time="0.00400000000000489" classname="Model_methods" name="dose_LogisticLogNormalOrdinal_works_correctly"/>
    <testcase time="0.00399999999999778" classname="Model_methods" name="dose_LogisticLogNormalOrdinal_works_correctly"/>
    <testcase time="0.00399999999999778" classname="Model_methods" name="dose_LogisticLogNormalOrdinal_works_correctly"/>
    <testcase time="0.00400000000000489" classname="Model_methods" name="dose_LogisticLogNormalOrdinal_works_correctly"/>
    <testcase time="0.00399999999999778" classname="Model_methods" name="dose_LogisticLogNormalOrdinal_works_correctly"/>
    <testcase time="0.00399999999999778" classname="Model_methods" name="dose_LogisticLogNormalOrdinal_works_correctly"/>
    <testcase time="0.00399999999999778" classname="Model_methods" name="dose_LogisticLogNormalOrdinal_works_correctly"/>
    <testcase time="0.00400000000000489" classname="Model_methods" name="dose_LogisticLogNormalOrdinal_works_correctly"/>
    <testcase time="0.00399999999999778" classname="Model_methods" name="dose_LogisticLogNormalOrdinal_works_correctly"/>
    <testcase time="0.00399999999999778" classname="Model_methods" name="dose_LogisticLogNormalOrdinal_works_correctly"/>
    <testcase time="0.00400000000000489" classname="Model_methods" name="dose_LogisticLogNormalOrdinal_works_correctly"/>
    <testcase time="0.00399999999999778" classname="Model_methods" name="dose_LogisticLogNormalOrdinal_works_correctly"/>
    <testcase time="0.00399999999999778" classname="Model_methods" name="dose_LogisticLogNormalOrdinal_works_correctly"/>
    <testcase time="0.0820000000000007" classname="Model_methods" name="dose_LogisticLogNormalOrdinal_fails_gracefully_with_bad_input"/>
    <testcase time="0.0100000000000051" classname="Model_methods" name="dose_LogisticLogNormalOrdinal_fails_gracefully_with_bad_input"/>
    <testcase time="0.00999999999999801" classname="Model_methods" name="dose_LogisticLogNormalOrdinal_fails_gracefully_with_bad_input"/>
    <testcase time="0.00999999999999801" classname="Model_methods" name="dose_LogisticLogNormalOrdinal_fails_gracefully_with_bad_input"/>
    <testcase time="0.00800000000000267" classname="Model_methods" name="dose_LogisticLogNormalOrdinal_fails_gracefully_with_bad_input"/>
    <testcase time="0.00600000000000023" classname="Model_methods" name="dose_LogisticLogNormalOrdinal_fails_gracefully_with_bad_input"/>
    <testcase time="0.177" classname="Model_methods" name="prob_LogisticNormal_works_as_expected"/>
    <testcase time="0.00600000000000023" classname="Model_methods" name="prob_LogisticNormal_works_as_expected"/>
    <testcase time="0.0120000000000005" classname="Model_methods" name="prob_LogisticNormal_works_as_expected"/>
    <testcase time="0.00499999999999545" classname="Model_methods" name="prob_LogisticNormal_works_as_expected"/>
    <testcase time="0.00500000000000256" classname="Model_methods" name="prob_LogisticNormal_works_as_expected"/>
    <testcase time="0.0069999999999979" classname="Model_methods" name="prob_LogisticNormal_works_as_expected"/>
    <testcase time="0.00500000000000256" classname="Model_methods" name="prob_LogisticNormal_works_as_expected"/>
    <testcase time="0.00499999999999545" classname="Model_methods" name="prob_LogisticNormal_works_as_expected"/>
    <testcase time="0.00500000000000256" classname="Model_methods" name="prob_LogisticNormal_works_as_expected"/>
    <testcase time="0.00600000000000023" classname="Model_methods" name="prob_LogisticNormal_works_as_expected"/>
    <testcase time="0.0069999999999979" classname="Model_methods" name="prob_LogisticNormal_works_as_expected"/>
    <testcase time="0.00500000000000256" classname="Model_methods" name="prob_LogisticNormal_works_as_expected"/>
    <testcase time="0.00500000000000256" classname="Model_methods" name="prob_LogisticNormal_works_as_expected"/>
    <testcase time="0.00399999999999778" classname="Model_methods" name="prob_LogisticNormal_works_as_expected"/>
    <testcase time="0.00500000000000256" classname="Model_methods" name="prob_LogisticNormal_works_as_expected"/>
    <testcase time="0.0069999999999979" classname="Model_methods" name="prob_LogisticNormal_works_as_expected"/>
    <testcase time="0.00500000000000256" classname="Model_methods" name="prob_LogisticNormal_works_as_expected"/>
    <testcase time="0.00499999999999545" classname="Model_methods" name="prob_LogisticNormal_works_as_expected"/>
    <testcase time="0.00500000000000256" classname="Model_methods" name="prob_LogisticNormal_works_as_expected"/>
    <testcase time="0.00499999999999545" classname="Model_methods" name="prob_LogisticNormal_works_as_expected"/>
    <testcase time="0.00600000000000023" classname="Model_methods" name="prob_LogisticNormal_works_as_expected"/>
    <testcase time="0.00500000000000256" classname="Model_methods" name="prob_LogisticNormal_works_as_expected"/>
    <testcase time="0.00500000000000256" classname="Model_methods" name="prob_LogisticNormal_works_as_expected"/>
    <testcase time="0.00399999999999778" classname="Model_methods" name="prob_LogisticNormal_works_as_expected"/>
    <testcase time="0.00400000000000489" classname="Model_methods" name="prob_LogisticNormal_works_as_expected"/>
    <testcase time="0.0069999999999979" classname="Model_methods" name="prob_LogisticNormal_works_as_expected"/>
    <testcase time="0.00399999999999778" classname="Model_methods" name="prob_LogisticNormal_works_as_expected"/>
    <testcase time="0.00399999999999778" classname="Model_methods" name="prob_LogisticNormal_works_as_expected"/>
    <testcase time="0.00500000000000256" classname="Model_methods" name="prob_LogisticNormal_works_as_expected"/>
    <testcase time="0.00399999999999778" classname="Model_methods" name="prob_LogisticNormal_works_as_expected"/>
    <testcase time="0.0069999999999979" classname="Model_methods" name="prob_LogisticNormal_works_as_expected"/>
    <testcase time="0.00399999999999778" classname="Model_methods" name="prob_LogisticNormal_works_as_expected"/>
    <testcase time="0.00500000000000256" classname="Model_methods" name="prob_LogisticNormal_works_as_expected"/>
    <testcase time="0.00500000000000256" classname="Model_methods" name="prob_LogisticNormal_works_as_expected"/>
    <testcase time="0.00399999999999778" classname="Model_methods" name="prob_LogisticNormal_works_as_expected"/>
    <testcase time="0.0069999999999979" classname="Model_methods" name="prob_LogisticNormal_works_as_expected"/>
    <testcase time="0.00400000000000489" classname="Model_methods" name="prob_LogisticNormal_works_as_expected"/>
    <testcase time="0.00499999999999545" classname="Model_methods" name="prob_LogisticNormal_works_as_expected"/>
    <testcase time="0.00400000000000489" classname="Model_methods" name="prob_LogisticNormal_works_as_expected"/>
    <testcase time="0.00399999999999778" classname="Model_methods" name="prob_LogisticNormal_works_as_expected"/>
    <testcase time="0.00600000000000023" classname="Model_methods" name="prob_LogisticNormal_works_as_expected"/>
    <testcase time="0.00500000000000256" classname="Model_methods" name="prob_LogisticNormal_works_as_expected"/>
    <testcase time="0.00499999999999545" classname="Model_methods" name="prob_LogisticNormal_works_as_expected"/>
    <testcase time="0.00399999999999778" classname="Model_methods" name="prob_LogisticNormal_works_as_expected"/>
    <testcase time="0.00500000000000256" classname="Model_methods" name="prob_LogisticNormal_works_as_expected"/>
    <testcase time="0.00600000000000023" classname="Model_methods" name="prob_LogisticNormal_works_as_expected"/>
    <testcase time="0.00500000000000256" classname="Model_methods" name="prob_LogisticNormal_works_as_expected"/>
    <testcase time="0.00399999999999778" classname="Model_methods" name="prob_LogisticNormal_works_as_expected"/>
    <testcase time="0.00500000000000256" classname="Model_methods" name="prob_LogisticNormal_works_as_expected"/>
    <testcase time="0.00399999999999778" classname="Model_methods" name="prob_LogisticNormal_works_as_expected"/>
    <testcase time="0.00600000000000023" classname="Model_methods" name="prob_LogisticNormal_works_as_expected"/>
    <testcase time="0.18" classname="Model_methods" name="prob_numeric_LogisticLogNormalOrdinal_fails_gracefully_with_bad_input"/>
    <testcase time="0.0069999999999979" classname="Model_methods" name="prob_numeric_LogisticLogNormalOrdinal_fails_gracefully_with_bad_input"/>
    <testcase time="0.00600000000000023" classname="Model_methods" name="prob_numeric_LogisticLogNormalOrdinal_fails_gracefully_with_bad_input"/>
    <testcase time="0.00600000000000023" classname="Model_methods" name="prob_numeric_LogisticLogNormalOrdinal_fails_gracefully_with_bad_input"/>
    <testcase time="0.00600000000000023" classname="Model_methods" name="prob_numeric_LogisticLogNormalOrdinal_fails_gracefully_with_bad_input"/>
    <testcase time="0.0140000000000029" classname="Model_methods" name="prob_LogisticNormal_works_as_expected"/>
    <testcase time="0.0139999999999958" classname="Model_methods" name="prob_LogisticNormal_works_as_expected_for_scalar_samples"/>
    <testcase time="0.0190000000000055" classname="Model_methods" name="prob_LogisticNormal_works_as_expected_for_vectors"/>
    <testcase time="0.0139999999999958" classname="Model_methods" name="prob_LogisticNormal_throws_the_error_when_dose_is_not_valid"/>
    <testcase time="0.007000000000005" classname="Model_methods" name="prob_LogisticNormal_throws_the_error_when_dose_is_not_valid"/>
    <testcase time="0.0149999999999935" classname="Model_methods" name="prob_LogisticLogNormal_works_as_expected"/>
    <testcase time="0.0130000000000052" classname="Model_methods" name="prob_LogisticLogNormal_works_as_expected_for_scalar_samples"/>
    <testcase time="0.0129999999999981" classname="Model_methods" name="prob_LogisticLogNormal_works_as_expected_for_vectors"/>
    <testcase time="0.0150000000000006" classname="Model_methods" name="prob_LogisticLogNormal_throws_the_error_when_dose_is_not_valid"/>
    <testcase time="0.00600000000000023" classname="Model_methods" name="prob_LogisticLogNormal_throws_the_error_when_dose_is_not_valid"/>
    <testcase time="0.0120000000000005" classname="Model_methods" name="prob_LogisticLogNormalSub_works_as_expected"/>
    <testcase time="0.0109999999999957" classname="Model_methods" name="prob_LogisticLogNormalSub_works_as_expected_for_scalar_samples"/>
    <testcase time="0.0110000000000028" classname="Model_methods" name="prob_LogisticLogNormalSub_works_as_expected_for_vectors"/>
    <testcase time="0.0129999999999981" classname="Model_methods" name="prob_LogisticLogNormalSub_throws_the_error_when_dose_is_not_valid"/>
    <testcase time="0.00600000000000023" classname="Model_methods" name="prob_LogisticLogNormalSub_throws_the_error_when_dose_is_not_valid"/>
    <testcase time="0.0130000000000052" classname="Model_methods" name="prob_ProbitLogNormal_works_as_expected"/>
    <testcase time="0.0129999999999981" classname="Model_methods" name="prob_ProbitLogNormal_works_as_expected_for_scalar_samples"/>
    <testcase time="0.0129999999999981" classname="Model_methods" name="prob_ProbitLogNormal_works_as_expected_for_vectors"/>
    <testcase time="0.0140000000000029" classname="Model_methods" name="prob_ProbitLogNormal_throws_the_error_when_dose_is_not_valid"/>
    <testcase time="0.0069999999999979" classname="Model_methods" name="prob_ProbitLogNormal_throws_the_error_when_dose_is_not_valid"/>
    <testcase time="0.0129999999999981" classname="Model_methods" name="prob_ProbitLogNormalRel_works_as_expected"/>
    <testcase time="0.0129999999999981" classname="Model_methods" name="prob_ProbitLogNormalRel_works_as_expected_for_scalar_samples"/>
    <testcase time="0.0130000000000052" classname="Model_methods" name="prob_ProbitLogNormalRel_works_as_expected_for_vectors"/>
    <testcase time="0.0150000000000006" classname="Model_methods" name="prob_ProbitLogNormalRel_throws_the_error_when_dose_is_not_valid"/>
    <testcase time="0.00600000000000023" classname="Model_methods" name="prob_ProbitLogNormalRel_throws_the_error_when_dose_is_not_valid"/>
    <testcase time="0.0159999999999982" classname="Model_methods" name="prob_LogisticLogNormalGrouped_works_as_expected"/>
    <testcase time="0.0189999999999984" classname="Model_methods" name="prob_LogisticLogNormalGrouped_works_as_expected_for_scalar_samples"/>
    <testcase time="0.0189999999999984" classname="Model_methods" name="prob_LogisticLogNormalGrouped_works_as_expected_for_vectors"/>
    <testcase time="0.0160000000000053" classname="Model_methods" name="prob_LogisticKadane_works_as_expected"/>
    <testcase time="0.0159999999999982" classname="Model_methods" name="prob_LogisticKadane_works_as_expected_for_scalar_samples"/>
    <testcase time="0.0169999999999959" classname="Model_methods" name="prob_LogisticKadane_works_as_expected_for_vectors"/>
    <testcase time="0.0260000000000034" classname="Model_methods" name="prob_LogisticKadane_throws_the_error_when_dose_is_not_valid"/>
    <testcase time="0.00999999999999801" classname="Model_methods" name="prob_LogisticKadane_throws_the_error_when_dose_is_not_valid"/>
    <testcase time="0.0200000000000031" classname="Model_methods" name="prob_LogisticNormalMixture_works_as_expected"/>
    <testcase time="0.0150000000000006" classname="Model_methods" name="prob_LogisticNormalMixture_works_as_expected_for_scalar_samples"/>
    <testcase time="0.0150000000000006" classname="Model_methods" name="prob_LogisticNormalMixture_works_as_expected_for_vectors"/>
    <testcase time="0.017000000000003" classname="Model_methods" name="prob_LogisticNormalMixture_throws_the_error_when_dose_is_not_valid"/>
    <testcase time="0.0069999999999979" classname="Model_methods" name="prob_LogisticNormalMixture_throws_the_error_when_dose_is_not_valid"/>
    <testcase time="0.0189999999999984" classname="Model_methods" name="prob_LogisticNormalFixedMixture_works_as_expected"/>
    <testcase time="0.0180000000000007" classname="Model_methods" name="prob_LogisticNormalFixedMixture_works_as_expected_for_scalar_samples"/>
    <testcase time="0.0180000000000007" classname="Model_methods" name="prob_LogisticNormalFixedMixture_works_as_expected_for_vectors"/>
    <testcase time="0.0189999999999984" classname="Model_methods" name="prob_LogisticNormalFixedMixture_throws_the_error_when_dose_is_not_valid"/>
    <testcase time="0.0069999999999979" classname="Model_methods" name="prob_LogisticNormalFixedMixture_throws_the_error_when_dose_is_not_valid"/>
    <testcase time="0.0150000000000006" classname="Model_methods" name="prob_LogisticLogNormalMixture_works_as_expected"/>
    <testcase time="0.0140000000000029" classname="Model_methods" name="prob_LogisticLogNormalMixture_works_as_expected_for_single_samples"/>
    <testcase time="0.0139999999999958" classname="Model_methods" name="prob_LogisticLogNormalMixture_works_as_expected_for_vectorized_dose_samples"/>
    <testcase time="0.0160000000000053" classname="Model_methods" name="prob_LogisticLogNormalMixture_throws_the_error_when_dose_is_not_valid"/>
    <testcase time="0.00600000000000023" classname="Model_methods" name="prob_LogisticLogNormalMixture_throws_the_error_when_dose_is_not_valid"/>
    <testcase time="0.0159999999999982" classname="Model_methods" name="prob_DualEndpoint_works_as_expected"/>
    <testcase time="0.00600000000000023" classname="Model_methods" name="prob_DualEndpoint_works_as_expected"/>
    <testcase time="0.00500000000000256" classname="Model_methods" name="prob_DualEndpoint_works_as_expected"/>
    <testcase time="0.0159999999999982" classname="Model_methods" name="prob_DualEndpoint_works_as_expected_for_scalar_samples"/>
    <testcase time="0.00600000000000023" classname="Model_methods" name="prob_DualEndpoint_works_as_expected_for_scalar_samples"/>
    <testcase time="0.00500000000000256" classname="Model_methods" name="prob_DualEndpoint_works_as_expected_for_scalar_samples"/>
    <testcase time="0.0169999999999959" classname="Model_methods" name="prob_DualEndpoint_works_as_expected_for_vectorized_dose_samples"/>
    <testcase time="0.00500000000000256" classname="Model_methods" name="prob_DualEndpoint_works_as_expected_for_vectorized_dose_samples"/>
    <testcase time="0.00500000000000256" classname="Model_methods" name="prob_DualEndpoint_works_as_expected_for_vectorized_dose_samples"/>
    <testcase time="0.0150000000000006" classname="Model_methods" name="prob_DualEndpoint_throws_the_error_when_dose_is_not_valid"/>
    <testcase time="0.0069999999999979" classname="Model_methods" name="prob_DualEndpoint_throws_the_error_when_dose_is_not_valid"/>
    <testcase time="0.0300000000000011" classname="Model_methods" name="prob_LogisticIndepBeta_works_as_expected"/>
    <testcase time="0.00499999999999545" classname="Model_methods" name="prob_LogisticIndepBeta_works_as_expected"/>
    <testcase time="0.0180000000000007" classname="Model_methods" name="prob_LogisticIndepBeta_works_as_expected_for_scalar_samples"/>
    <testcase time="0.019999999999996" classname="Model_methods" name="prob_LogisticIndepBeta_works_as_expected_for_vectors"/>
    <testcase time="0.0210000000000008" classname="Model_methods" name="prob_LogisticIndepBeta_throws_the_error_when_dose_is_not_valid"/>
    <testcase time="0.0069999999999979" classname="Model_methods" name="prob_LogisticIndepBeta_throws_the_error_when_dose_is_not_valid"/>
    <testcase time="0.0249999999999986" classname="Model_methods" name="prob_LogisticIndepBeta_noSamples_works_as_expected"/>
    <testcase time="0.00500000000000256" classname="Model_methods" name="prob_LogisticIndepBeta_noSamples_works_as_expected"/>
    <testcase time="0.0240000000000009" classname="Model_methods" name="prob_LogisticIndepBeta_noSamples_works_as_expected_for_vector_dose"/>
    <testcase time="0.00600000000000023" classname="Model_methods" name="prob_LogisticIndepBeta_noSamples_works_as_expected_for_vector_dose"/>
    <testcase time="0.019999999999996" classname="Model_methods" name="prob_LogisticIndepBeta_noSamples_throws_the_error_when_dose_is_not_valid"/>
    <testcase time="0.0130000000000052" classname="Model_methods" name="prob_OneParLogNormalPrior_works_as_expected"/>
    <testcase time="0.0120000000000005" classname="Model_methods" name="prob_OneParLogNormalPrior_works_as_expected_for_scalar_samples"/>
    <testcase time="0.0120000000000005" classname="Model_methods" name="prob_OneParLogNormalPrior_works_as_expected_for_vectors"/>
    <testcase time="0.0129999999999981" classname="Model_methods" name="prob_OneParLogNormalPrior_throws_the_error_when_dose_is_not_valid"/>
    <testcase time="0.0069999999999979" classname="Model_methods" name="prob_OneParLogNormalPrior_throws_the_error_when_dose_is_not_valid"/>
    <testcase time="0.0129999999999981" classname="Model_methods" name="prob_OneParExpPrior_works_as_expected"/>
    <testcase time="0.0130000000000052" classname="Model_methods" name="prob_OneParExpPrior_works_as_expected_for_scalar_samples"/>
    <testcase time="0.0120000000000005" classname="Model_methods" name="prob_OneParExpPrior_works_as_expected_for_vectors"/>
    <testcase time="0.0139999999999958" classname="Model_methods" name="prob_OneParExpPrior_throws_the_error_when_dose_is_not_valid"/>
    <testcase time="0.007000000000005" classname="Model_methods" name="prob_OneParExpPrior_throws_the_error_when_dose_is_not_valid"/>
    <testcase time="0.0229999999999961" classname="Model_methods" name="efficacy_Effloglog_works_as_expected"/>
    <testcase time="0.0219999999999985" classname="Model_methods" name="efficacy_Effloglog_works_as_expected_for_scalar_samples"/>
    <testcase time="0.0220000000000056" classname="Model_methods" name="efficacy_Effloglog_works_as_expected_for_vectors"/>
    <testcase time="0.0289999999999964" classname="Model_methods" name="efficacy_Effloglog_throws_the_error_when_dose_and_samples_lengths_differ"/>
    <testcase time="0.0240000000000009" classname="Model_methods" name="efficacy_Effloglog_throws_the_error_when_dose_is_negative"/>
    <testcase time="0.0249999999999986" classname="Model_methods" name="efficacy_Effloglog_throws_the_error_when_sample_parameter_names_are_not_valid"/>
    <testcase time="0.0290000000000035" classname="Model_methods" name="efficacy_Effloglog_noSamples_works_as_expected"/>
    <testcase time="0.0069999999999979" classname="Model_methods" name="efficacy_Effloglog_noSamples_works_as_expected"/>
    <testcase time="0.0279999999999987" classname="Model_methods" name="efficacy_Effloglog_noSamples_works_as_expected_for_vector_dose"/>
    <testcase time="0.0069999999999979" classname="Model_methods" name="efficacy_Effloglog_noSamples_works_as_expected_for_vector_dose"/>
    <testcase time="0.0240000000000009" classname="Model_methods" name="efficacy_Effloglog_noSamples_throws_the_error_when_dose_is_negative"/>
    <testcase time="0.0240000000000009" classname="Model_methods" name="efficacy_EffFlexi_works_as_expected"/>
    <testcase time="0.0399999999999991" classname="Model_methods" name="efficacy_EffFlexi_works_as_expected_dose_interpolation_"/>
    <testcase time="0.0219999999999985" classname="Model_methods" name="efficacy_EffFlexi_works_as_expected_for_row_samples"/>
    <testcase time="0.0229999999999961" classname="Model_methods" name="efficacy_EffFlexi_works_as_expected_for_row_samples_match_tolerance_"/>
    <testcase time="0.0280000000000058" classname="Model_methods" name="efficacy_EffFlexi_works_as_expected_for_row_samples_dose_interpolation_"/>
    <testcase time="0.0289999999999964" classname="Model_methods" name="efficacy_EffFlexi_works_as_expected_for_vectors"/>
    <testcase time="0.0320000000000036" classname="Model_methods" name="efficacy_EffFlexi_works_as_expected_for_vectors_match_tolerance_"/>
    <testcase time="0.0239999999999938" classname="Model_methods" name="efficacy_EffFlexi_works_as_expected_for_vectors_dose_interpolation_"/>
    <testcase time="0.0290000000000035" classname="Model_methods" name="efficacy_EffFlexi_throws_warning_and_returns_NA_when_dose_is_out_of_dose_grid_range"/>
    <testcase time="0.00999999999999801" classname="Model_methods" name="efficacy_EffFlexi_throws_warning_and_returns_NA_when_dose_is_out_of_dose_grid_range"/>
    <testcase time="0.0159999999999982" classname="Model_methods" name="efficacy_EffFlexi_throws_warning_and_returns_NA_when_dose_is_out_of_dose_grid_range"/>
    <testcase time="0.007000000000005" classname="Model_methods" name="efficacy_EffFlexi_throws_warning_and_returns_NA_when_dose_is_out_of_dose_grid_range"/>
    <testcase time="0.00799999999999557" classname="Model_methods" name="efficacy_EffFlexi_throws_warning_and_returns_NA_when_dose_is_out_of_dose_grid_range"/>
    <testcase time="0.00500000000000256" classname="Model_methods" name="efficacy_EffFlexi_throws_warning_and_returns_NA_when_dose_is_out_of_dose_grid_range"/>
    <testcase time="0.00900000000000034" classname="Model_methods" name="efficacy_EffFlexi_throws_warning_and_returns_NA_when_dose_is_out_of_dose_grid_range"/>
    <testcase time="0.00399999999999778" classname="Model_methods" name="efficacy_EffFlexi_throws_warning_and_returns_NA_when_dose_is_out_of_dose_grid_range"/>
    <testcase time="0.0249999999999986" classname="Model_methods" name="efficacy_EffFlexi_throws_the_error_when_dose_and_samples_lengths_differ"/>
    <testcase time="0.0240000000000009" classname="Model_methods" name="efficacy_EffFlexi_throws_the_error_when_dose_is_negative"/>
    <testcase time="0.0230000000000032" classname="Model_methods" name="efficacy_EffFlexi_throws_the_error_when_sample_parameter_names_are_not_valid"/>
    <testcase time="0.0139999999999958" classname="Model_methods" name="biomarker_DualEndpoint_works_as_expected"/>
    <testcase time="0.0120000000000005" classname="Model_methods" name="biomarker_DualEndpoint_works_as_expected_for_xLevel_vector"/>
    <testcase time="0.0190000000000055" classname="Model_methods" name="biomarker_DualEndpoint_throws_the_error_when_xLevel_is_not_valid"/>
    <testcase time="0.0069999999999979" classname="Model_methods" name="biomarker_DualEndpoint_throws_the_error_when_xLevel_is_not_valid"/>
    <testcase time="0.0210000000000008" classname="Model_methods" name="gain_ModelTox_ModelEff_works_as_expected"/>
    <testcase time="0.0210000000000008" classname="Model_methods" name="gain_ModelTox_ModelEff_works_as_expected_for_scalar_samples"/>
    <testcase time="0.0210000000000008" classname="Model_methods" name="gain_ModelTox_ModelEff_works_as_expected_for_vectors"/>
    <testcase time="0.0229999999999961" classname="Model_methods" name="gain_ModelTox_ModelEff_throws_the_error_when_dose_is_not_of_valid_length"/>
    <testcase time="0.0309999999999988" classname="Model_methods" name="gain_ModelTox_Effloglog_noSamples_works_as_expected"/>
    <testcase time="0.027000000000001" classname="Model_methods" name="gain_ModelTox_Effloglog_noSamples_works_as_expected_for_vector_dose"/>
    <testcase time="0.0339999999999989" classname="Model_methods" name="update_ModelPseudo_works_as_expected_for_LogisticIndepBeta"/>
    <testcase time="0.0339999999999989" classname="Model_methods" name="update_ModelPseudo_works_as_expected_for_Effloglog">
      <skipped message="Reason: On CRAN ('test-Model-methods.R:2285:3')"/>
    </testcase>
    <testcase time="0.0480000000000018" classname="Model_methods" name="update_ModelPseudo_works_as_expected_for_EffFlexi">
      <skipped message="Reason: On CRAN ('test-Model-methods.R:2293:3')"/>
    </testcase>
    <testcase time="0.0320000000000036" classname="Model_methods" name="update_ModelPseudo_throws_the_error_when_data_is_not_an_object_of_Data_class"/>
  </testsuite>
  <testsuite name="Model-validity" timestamp="2024-10-07T08:40:18Z" hostname="18e134b69287" tests="146" skipped="12" failures="0" errors="0" time="1.898">
    <testcase time="0.019999999999996" classname="Model_validity" name="v_general_model_passes_for_valid_object"/>
    <testcase time="0.00800000000000267" classname="Model_validity" name="v_general_model_returns_message_for_non_valid_object"/>
    <testcase time="0.0069999999999979" classname="Model_validity" name="v_model_logistic_kadane_passes_for_valid_object"/>
    <testcase time="0.00800000000000267" classname="Model_validity" name="v_model_logistic_kadane_returns_message_for_wrong_theta_probability"/>
    <testcase time="0.00300000000000011" classname="Model_validity" name="v_model_logistic_kadane_returns_message_for_wrong_theta_probability"/>
    <testcase time="0.00300000000000011" classname="Model_validity" name="v_model_logistic_kadane_returns_message_for_wrong_theta_probability"/>
    <testcase time="0.00799999999999557" classname="Model_validity" name="v_model_logistic_kadane_returns_message_for_non_scalars"/>
    <testcase time="0.007000000000005" classname="Model_validity" name="v_model_logistic_kadane_returns_message_for_xmin_greater_than_xmax"/>
    <testcase time="0.00300000000000011" classname="Model_validity" name="v_model_logistic_kadane_returns_message_for_xmin_greater_than_xmax"/>
    <testcase time="0.00900000000000034" classname="Model_validity" name="v_model_logistic_kadane_returns_message_for_wrong_theta_probability"/>
    <testcase time="0.00399999999999778" classname="Model_validity" name="v_model_logistic_kadane_returns_message_for_wrong_theta_probability"/>
    <testcase time="0.00300000000000011" classname="Model_validity" name="v_model_logistic_kadane_returns_message_for_wrong_theta_probability"/>
    <testcase time="0.00900000000000034" classname="Model_validity" name="v_model_logistic_kadane_returns_message_for_xmin_greater_than_xmax"/>
    <testcase time="0.00300000000000011" classname="Model_validity" name="v_model_logistic_kadane_returns_message_for_xmin_greater_than_xmax"/>
    <testcase time="0.00900000000000034" classname="Model_validity" name="v_model_logistic_kadane_returns_message_for_non_scalars"/>
    <testcase time="0.00999999999999801" classname="Model_validity" name="v_model_logistic_kadane_beta_gamma_passes_for_valid_object"/>
    <testcase time="0.0140000000000029" classname="Model_validity" name="v_model_logistic_kadane_beta_gamma_returns_message_for_non_scalars">
      <skipped message="Reason: On CRAN ('test-Model-validity.R:134:3')"/>
    </testcase>
    <testcase time="0.0180000000000007" classname="Model_validity" name="v_model_logistic_kadane_beta_gamma_returns_message_for_wrong_Beta_distribution_shape_parameter_alpha"/>
    <testcase time="0.00300000000000011" classname="Model_validity" name="v_model_logistic_kadane_beta_gamma_returns_message_for_wrong_Beta_distribution_shape_parameter_alpha"/>
    <testcase time="0.00900000000000034" classname="Model_validity" name="v_model_logistic_kadane_beta_gamma_returns_message_for_wrong_Beta_distribution_shape_parameter_beta"/>
    <testcase time="0.00300000000000011" classname="Model_validity" name="v_model_logistic_kadane_beta_gamma_returns_message_for_wrong_Beta_distribution_shape_parameter_beta"/>
    <testcase time="0.00900000000000034" classname="Model_validity" name="v_model_logistic_kadane_beta_gamma_returns_message_for_wrong_Gamma_distribution_shape_parameter"/>
    <testcase time="0.00399999999999778" classname="Model_validity" name="v_model_logistic_kadane_beta_gamma_returns_message_for_wrong_Gamma_distribution_shape_parameter"/>
    <testcase time="0.0159999999999982" classname="Model_validity" name="v_model_logistic_kadane_beta_gamma_returns_message_for_wrong_Gamma_distribution_rate_parameter"/>
    <testcase time="0.00300000000000011" classname="Model_validity" name="v_model_logistic_kadane_beta_gamma_returns_message_for_wrong_Gamma_distribution_rate_parameter"/>
    <testcase time="0.0110000000000028" classname="Model_validity" name="v_model_logistic_normal_mix_passes_for_valid_object"/>
    <testcase time="0.0110000000000028" classname="Model_validity" name="v_model_logistic_normal_mix_returns_message_for_wrong_weightpar"/>
    <testcase time="0.00399999999999778" classname="Model_validity" name="v_model_logistic_normal_mix_returns_message_for_wrong_weightpar"/>
    <testcase time="0.00300000000000011" classname="Model_validity" name="v_model_logistic_normal_mix_returns_message_for_wrong_weightpar"/>
    <testcase time="0.00399999999999778" classname="Model_validity" name="v_model_logistic_normal_mix_returns_message_for_wrong_weightpar"/>
    <testcase time="0.00300000000000011" classname="Model_validity" name="v_model_logistic_normal_mix_returns_message_for_wrong_weightpar"/>
    <testcase time="0.00399999999999778" classname="Model_validity" name="v_model_logistic_normal_mix_returns_message_for_wrong_weightpar"/>
    <testcase time="0.00300000000000011" classname="Model_validity" name="v_model_logistic_normal_mix_returns_message_for_wrong_weightpar"/>
    <testcase time="0.0180000000000007" classname="Model_validity" name="v_model_logistic_normal_fixed_mix_passes_for_valid_object"/>
    <testcase time="0.0150000000000006" classname="Model_validity" name="v_model_logistic_normal_fixed_mix_returns_message_for_wrong_components"/>
    <testcase time="0.0210000000000008" classname="Model_validity" name="v_model_logistic_normal_fixed_mix_returns_message_for_non_valid_ModelParamsNormal_comp">
      <skipped message="Reason: On CRAN ('test-Model-validity.R:229:3')"/>
    </testcase>
    <testcase time="0.0249999999999986" classname="Model_validity" name="v_model_logistic_normal_fixed_mix_returns_message_for_weights_and_comp_of_diff_len"/>
    <testcase time="0.0160000000000053" classname="Model_validity" name="v_model_logistic_normal_fixed_mix_returns_message_for_weights_not_sum_to_1"/>
    <testcase time="0.0150000000000006" classname="Model_validity" name="v_model_logistic_normal_fixed_mix_returns_message_for_negative_weights"/>
    <testcase time="0.0150000000000006" classname="Model_validity" name="v_model_logistic_normal_fixed_mix_returns_message_for_non_scalar_log_normal"/>
    <testcase time="0.00999999999999801" classname="Model_validity" name="v_model_logistic_log_normal_mix_passes_for_valid_object"/>
    <testcase time="0.00999999999999801" classname="Model_validity" name="v_model_logistic_log_normal_mix_returns_message_for_wrong_share_weight"/>
    <testcase time="0.00300000000000011" classname="Model_validity" name="v_model_logistic_log_normal_mix_returns_message_for_wrong_share_weight"/>
    <testcase time="0.0130000000000052" classname="Model_validity" name="v_model_dual_endpoint_passes_for_valid_object"/>
    <testcase time="0.00399999999999778" classname="Model_validity" name="v_model_dual_endpoint_passes_for_valid_object"/>
    <testcase time="0.00900000000000034" classname="Model_validity" name="v_model_dual_endpoint_returns_message_for_wrong_use_log_dose"/>
    <testcase time="0.0139999999999958" classname="Model_validity" name="v_model_dual_endpoint_returns_message_for_wrong_use_fixed">
      <skipped message="Reason: On CRAN ('test-Model-validity.R:318:3')"/>
    </testcase>
    <testcase time="0.0180000000000007" classname="Model_validity" name="v_model_dual_endpoint_returns_message_for_wrong_fixed_sigma2W"/>
    <testcase time="0.00999999999999801" classname="Model_validity" name="v_model_dual_endpoint_returns_message_for_wrong_sigma2W"/>
    <testcase time="0.00999999999999801" classname="Model_validity" name="v_model_dual_endpoint_returns_message_for_wrong_fixed_rho"/>
    <testcase time="0.00900000000000034" classname="Model_validity" name="v_model_dual_endpoint_returns_message_for_wrong_rho"/>
    <testcase time="0.0249999999999986" classname="Model_validity" name="v_model_dual_endpoint_rw_passes_for_valid_object"/>
    <testcase time="0.00300000000000011" classname="Model_validity" name="v_model_dual_endpoint_rw_passes_for_valid_object"/>
    <testcase time="0.0160000000000053" classname="Model_validity" name="v_model_dual_endpoint_rw_returns_message_for_wrong_use_fixed"/>
    <testcase time="0.0150000000000006" classname="Model_validity" name="v_model_dual_endpoint_rw_returns_message_for_wrong_fixed_sigma2betaW"/>
    <testcase time="0.0209999999999937" classname="Model_validity" name="v_model_dual_endpoint_rw_returns_message_for_wrong_sigma2betaW"/>
    <testcase time="0.0260000000000034" classname="Model_validity" name="v_model_dual_endpoint_beta_passes_for_valid_object"/>
    <testcase time="0.00399999999999778" classname="Model_validity" name="v_model_dual_endpoint_beta_passes_for_valid_object"/>
    <testcase time="0.0210000000000008" classname="Model_validity" name="v_model_dual_endpoint_beta_returns_message_for_wrong_use_fixed">
      <skipped message="Reason: On CRAN ('test-Model-validity.R:429:3')"/>
    </testcase>
    <testcase time="0.0290000000000035" classname="Model_validity" name="v_model_dual_endpoint_beta_returns_message_for_wrong_fixed_parameters">
      <skipped message="Reason: On CRAN ('test-Model-validity.R:438:3')"/>
    </testcase>
    <testcase time="0.0309999999999988" classname="Model_validity" name="v_model_dual_endpoint_beta_returns_message_for_wrong_parameters">
      <skipped message="Reason: On CRAN ('test-Model-validity.R:449:3')"/>
    </testcase>
    <testcase time="0.0360000000000014" classname="Model_validity" name="v_model_dual_endpoint_emax_passes_for_valid_object"/>
    <testcase time="0.00300000000000011" classname="Model_validity" name="v_model_dual_endpoint_emax_passes_for_valid_object"/>
    <testcase time="0.0210000000000008" classname="Model_validity" name="v_model_dual_endpoint_emax_returns_message_for_wrong_fixed_parameters">
      <skipped message="Reason: On CRAN ('test-Model-validity.R:469:3')"/>
    </testcase>
    <testcase time="0.0309999999999988" classname="Model_validity" name="v_model_dual_endpoint_emax_returns_message_for_wrong_parameters">
      <skipped message="Reason: On CRAN ('test-Model-validity.R:479:3')"/>
    </testcase>
    <testcase time="0.0279999999999987" classname="Model_validity" name="v_model_logistic_indep_beta_passes_for_valid_object"/>
    <testcase time="0.00400000000000489" classname="Model_validity" name="v_model_logistic_indep_beta_passes_for_valid_object"/>
    <testcase time="0.019999999999996" classname="Model_validity" name="v_model_logistic_indep_beta_returns_message_for_wrong_DLE_parameters">
      <skipped message="Reason: On CRAN ('test-Model-validity.R:498:3')"/>
    </testcase>
    <testcase time="0.0279999999999987" classname="Model_validity" name="v_model_logistic_indep_beta_returns_message_for_wrong_DLE_parameters_diff_len_">
      <skipped message="Reason: On CRAN ('test-Model-validity.R:512:3')"/>
    </testcase>
    <testcase time="0.0249999999999986" classname="Model_validity" name="v_model_logistic_indep_beta_returns_message_for_wrong_phi_parameters"/>
    <testcase time="0.0150000000000006" classname="Model_validity" name="v_model_logistic_indep_beta_returns_message_for_wrong_Pcov"/>
    <testcase time="0.00300000000000011" classname="Model_validity" name="v_model_logistic_indep_beta_returns_message_for_wrong_Pcov"/>
    <testcase time="0.00300000000000011" classname="Model_validity" name="v_model_logistic_indep_beta_returns_message_for_wrong_Pcov"/>
    <testcase time="0.0300000000000011" classname="Model_validity" name="v_model_eff_log_log_passes_for_valid_object"/>
    <testcase time="0.00499999999999545" classname="Model_validity" name="v_model_eff_log_log_passes_for_valid_object"/>
    <testcase time="0.019999999999996" classname="Model_validity" name="v_model_eff_log_log_returns_message_for_wrong_eff_and_eff_dose_parameters_NAs_"/>
    <testcase time="0.0200000000000102" classname="Model_validity" name="v_model_eff_log_log_returns_message_for_wrong_eff_and_eff_dose_parameters_scalars_"/>
    <testcase time="0.0189999999999912" classname="Model_validity" name="v_model_eff_log_log_returns_message_for_wrong_eff_and_eff_dose_parameters_diff_lengths_"/>
    <testcase time="0.0190000000000055" classname="Model_validity" name="v_model_eff_log_log_returns_message_for_wrong_fixed_nu"/>
    <testcase time="0.0210000000000008" classname="Model_validity" name="v_model_eff_log_log_returns_message_for_wrong_nu"/>
    <testcase time="0.0210000000000008" classname="Model_validity" name="v_model_eff_log_log_returns_message_for_wrong_use_fixed"/>
    <testcase time="0.0210000000000008" classname="Model_validity" name="v_model_eff_log_log_returns_message_for_wrong_const"/>
    <testcase time="0.00399999999999068" classname="Model_validity" name="v_model_eff_log_log_returns_message_for_wrong_const"/>
    <testcase time="0.01400000000001" classname="Model_validity" name="v_model_eff_log_log_returns_message_for_dose_const_1_emptydata_"/>
    <testcase time="0.019999999999996" classname="Model_validity" name="v_model_eff_log_log_returns_message_for_dose_const_1"/>
    <testcase time="0.019999999999996" classname="Model_validity" name="v_model_eff_log_log_returns_message_for_wrong_theta1_theta2"/>
    <testcase time="0.0190000000000055" classname="Model_validity" name="v_model_eff_log_log_returns_message_for_wrong_Pcov"/>
    <testcase time="0.00399999999999068" classname="Model_validity" name="v_model_eff_log_log_returns_message_for_wrong_Pcov"/>
    <testcase time="0.00400000000000489" classname="Model_validity" name="v_model_eff_log_log_returns_message_for_wrong_Pcov"/>
    <testcase time="0.0169999999999959" classname="Model_validity" name="v_model_eff_log_log_returns_message_for_wrong_Pcov_data_len_2_"/>
    <testcase time="0.0139999999999958" classname="Model_validity" name="v_model_eff_log_log_returns_message_for_wrong_X_empty_data_"/>
    <testcase time="0.00400000000000489" classname="Model_validity" name="v_model_eff_log_log_returns_message_for_wrong_X_empty_data_"/>
    <testcase time="0.0190000000000055" classname="Model_validity" name="v_model_eff_log_log_returns_message_for_wrong_X"/>
    <testcase time="0.00399999999999068" classname="Model_validity" name="v_model_eff_log_log_returns_message_for_wrong_X"/>
    <testcase time="0.0130000000000052" classname="Model_validity" name="v_model_eff_log_log_returns_message_for_wrong_Y_empty_data_"/>
    <testcase time="0.0190000000000055" classname="Model_validity" name="v_model_eff_log_log_returns_message_for_wrong_Y"/>
    <testcase time="0.0249999999999915" classname="Model_validity" name="v_model_eff_log_log_returns_message_for_wrong_mu"/>
    <testcase time="0.0210000000000008" classname="Model_validity" name="v_model_eff_log_log_returns_message_for_wrong_Q"/>
    <testcase time="0.00600000000000023" classname="Model_validity" name="v_model_eff_log_log_returns_message_for_wrong_Q"/>
    <testcase time="0.00400000000000489" classname="Model_validity" name="v_model_eff_log_log_returns_message_for_wrong_Q"/>
    <testcase time="0.027000000000001" classname="Model_validity" name="v_model_eff_flexi_passes_for_valid_object"/>
    <testcase time="0.00399999999999068" classname="Model_validity" name="v_model_eff_flexi_passes_for_valid_object"/>
    <testcase time="0.0200000000000102" classname="Model_validity" name="v_model_eff_flexi_returns_message_for_wrong_eff_and_eff_dose_parameters_NAs_"/>
    <testcase time="0.0189999999999912" classname="Model_validity" name="v_model_eff_flexi_returns_message_for_wrong_eff_and_eff_dose_parameters_scalars_"/>
    <testcase time="0.0190000000000055" classname="Model_validity" name="v_model_eff_flexi_returns_message_for_wrong_eff_and_eff_dose_parameters_diff_lengths_"/>
    <testcase time="0.019999999999996" classname="Model_validity" name="v_model_eff_flexi_returns_message_for_wrong_use_fixed"/>
    <testcase time="0.0229999999999961" classname="Model_validity" name="v_model_eff_flexi_returns_message_for_wrong_fixed_sigma2W">
      <skipped message="Reason: On CRAN ('test-Model-validity.R:844:3')"/>
    </testcase>
    <testcase time="0.0290000000000106" classname="Model_validity" name="v_model_eff_flexi_returns_message_for_wrong_sigma2W"/>
    <testcase time="0.0259999999999962" classname="Model_validity" name="v_model_eff_flexi_returns_message_for_wrong_fixed_sigma2betaW">
      <skipped message="Reason: On CRAN ('test-Model-validity.R:862:3')"/>
    </testcase>
    <testcase time="0.0289999999999964" classname="Model_validity" name="v_model_eff_flexi_returns_message_for_wrong_sigma2betaW"/>
    <testcase time="0.019999999999996" classname="Model_validity" name="v_model_eff_flexi_returns_message_for_wrong_rw1"/>
    <testcase time="0.0130000000000052" classname="Model_validity" name="v_model_eff_flexi_returns_message_for_wrong_ncol_of_X_empty_data_"/>
    <testcase time="0.0139999999999958" classname="Model_validity" name="v_model_eff_flexi_returns_message_for_wrong_X_empty_data_"/>
    <testcase time="0.0200000000000102" classname="Model_validity" name="v_model_eff_flexi_returns_message_for_wrong_ncol_of_X"/>
    <testcase time="0.0249999999999915" classname="Model_validity" name="v_model_eff_flexi_returns_message_for_wrong_X"/>
    <testcase time="0.0200000000000102" classname="Model_validity" name="v_model_eff_flexi_returns_message_for_wrong_RW"/>
    <testcase time="0.0219999999999914" classname="Model_validity" name="v_model_eff_flexi_returns_message_for_wrong_RW_RW2_"/>
    <testcase time="0.0220000000000056" classname="Model_validity" name="v_model_eff_flexi_returns_message_for_wrong_RW_rank"/>
    <testcase time="0.00399999999999068" classname="Model_validity" name="v_model_eff_flexi_returns_message_for_wrong_RW_rank"/>
    <testcase time="0.0130000000000052" classname="Model_validity" name="v_model_da_logistic_log_normal_passes_for_valid_object"/>
    <testcase time="0.0120000000000005" classname="Model_validity" name="v_model_da_logistic_log_normal_returns_message_for_wrong_npiece"/>
    <testcase time="0.0120000000000005" classname="Model_validity" name="v_model_da_logistic_log_normal_returns_message_for_wrong_l_vector"/>
    <testcase time="0.00399999999999068" classname="Model_validity" name="v_model_da_logistic_log_normal_returns_message_for_wrong_l_vector"/>
    <testcase time="0.0120000000000005" classname="Model_validity" name="v_model_da_logistic_log_normal_returns_message_for_wrong_c_par"/>
    <testcase time="0.0130000000000052" classname="Model_validity" name="v_model_da_logistic_log_normal_returns_message_for_wrong_cond_pem"/>
    <testcase time="0.0120000000000005" classname="Model_validity" name="v_model_tite_logistic_log_normal_passes_for_valid_object"/>
    <testcase time="0.0120000000000005" classname="Model_validity" name="v_model_tite_logistic_log_normal_returns_message_for_wrong_weight_method"/>
    <testcase time="0.00399999999999068" classname="Model_validity" name="v_model_tite_logistic_log_normal_returns_message_for_wrong_weight_method"/>
    <testcase time="0.00900000000000034" classname="Model_validity" name="v_model_one_par_exp_normal_prior_passes_for_valid_object"/>
    <testcase time="0.00900000000000034" classname="Model_validity" name="v_model_one_par_exp_normal_prior_passes_for_valid_object_finit_art._prec._interpolation_"/>
    <testcase time="0.0100000000000051" classname="Model_validity" name="v_model_one_par_exp_normal_prior_returns_message_for_wrong_skel_fun_skel_fun_inv"/>
    <testcase time="0.00900000000000034" classname="Model_validity" name="v_model_one_par_exp_normal_prior_returns_message_for_wrong_skel_probs"/>
    <testcase time="0.00400000000000489" classname="Model_validity" name="v_model_one_par_exp_normal_prior_returns_message_for_wrong_skel_probs"/>
    <testcase time="0.00399999999999068" classname="Model_validity" name="v_model_one_par_exp_normal_prior_returns_message_for_wrong_skel_probs"/>
    <testcase time="0.00900000000000034" classname="Model_validity" name="v_model_one_par_exp_normal_prior_returns_message_for_wrong_sigma2"/>
    <testcase time="0.00400000000000489" classname="Model_validity" name="v_model_one_par_exp_normal_prior_returns_message_for_wrong_sigma2"/>
    <testcase time="0.00900000000000034" classname="Model_validity" name="v_model_one_par_exp_prior_passes_for_valid_object"/>
    <testcase time="0.00900000000000034" classname="Model_validity" name="v_model_one_par_exp_prior_passes_for_valid_object_finit_art._prec._interpolation_"/>
    <testcase time="0.00900000000000034" classname="Model_validity" name="v_model_one_par_exp_prior_returns_message_for_wrong_skel_fun_skel_fun_inv"/>
    <testcase time="0.00900000000000034" classname="Model_validity" name="v_model_one_par_exp_prior_returns_message_for_wrong_skel_probs"/>
    <testcase time="0.00400000000000489" classname="Model_validity" name="v_model_one_par_exp_prior_returns_message_for_wrong_skel_probs"/>
    <testcase time="0.00399999999999068" classname="Model_validity" name="v_model_one_par_exp_prior_returns_message_for_wrong_skel_probs"/>
    <testcase time="0.00900000000000034" classname="Model_validity" name="v_model_one_par_exp_prior_returns_message_for_wrong_lambda"/>
    <testcase time="0.00400000000000489" classname="Model_validity" name="v_model_one_par_exp_prior_returns_message_for_wrong_lambda"/>
    <testcase time="0.0109999999999957" classname="Model_validity" name="LogisticLogNormalOrdinal_accepts_only_diagonal_covariance_matrices"/>
    <testcase time="0.0160000000000053" classname="Model_validity" name="LogisticLogNormalOrdinal_accepts_only_diagonal_covariance_matrices"/>
  </testsuite>
  <testsuite name="ModelParams-class" timestamp="2024-10-07T08:40:20Z" hostname="18e134b69287" tests="9" skipped="0" failures="0" errors="0" time="0.055">
    <testcase time="0.0139999999999958" classname="ModelParams_class" name=".ModelParamsNormal_works_as_expected"/>
    <testcase time="0.00199999999999534" classname="ModelParams_class" name=".ModelParamsNormal_works_as_expected"/>
    <testcase time="0.00600000000000023" classname="ModelParams_class" name=".ModelParamsNormal_works_as_expected"/>
    <testcase time="0.00900000000000034" classname="ModelParams_class" name="ModelParamsNormal_object_can_be_created_with_user_constructor"/>
    <testcase time="0.00200000000000955" classname="ModelParams_class" name="ModelParamsNormal_object_can_be_created_with_user_constructor"/>
    <testcase time="0.00499999999999545" classname="ModelParams_class" name="ModelParamsNormal_object_can_be_created_with_user_constructor"/>
    <testcase time="0.0100000000000051" classname="ModelParams_class" name="ModelParamsNormal_object_can_be_created_also_for_larger_dimensions"/>
    <testcase time="0.00199999999999534" classname="ModelParams_class" name="ModelParamsNormal_object_can_be_created_also_for_larger_dimensions"/>
    <testcase time="0.00499999999999545" classname="ModelParams_class" name="ModelParamsNormal_object_can_be_created_also_for_larger_dimensions"/>
  </testsuite>
  <testsuite name="ModelParams-validity" timestamp="2024-10-07T08:40:20Z" hostname="18e134b69287" tests="8" skipped="0" failures="0" errors="0" time="0.112">
    <testcase time="0.0170000000000101" classname="ModelParams_validity" name="v_model_params_normal_passes_for_valid_object"/>
    <testcase time="0.0120000000000005" classname="ModelParams_validity" name="v_model_params_normal_passes_for_valid_object_with_larger_dimensions"/>
    <testcase time="0.012999999999991" classname="ModelParams_validity" name="v_model_params_normal_returns_error_for_mean_with_NA"/>
    <testcase time="0.019999999999996" classname="ModelParams_validity" name="v_model_params_normal_returns_error_for_cov_with_NA"/>
    <testcase time="0.0120000000000005" classname="ModelParams_validity" name="v_model_params_normal_returns_error_for_prec_with_NA"/>
    <testcase time="0.0130000000000052" classname="ModelParams_validity" name="v_model_params_normal_returns_error_for_wrong_cov"/>
    <testcase time="0.0120000000000005" classname="ModelParams_validity" name="v_model_params_normal_returns_error_for_wrong_prec"/>
    <testcase time="0.0130000000000052" classname="ModelParams_validity" name="v_model_params_normal_returns_error_for_wrong_prec_not_an_inverse_of_cov_"/>
  </testsuite>
  <testsuite name="Rules-class" timestamp="2024-10-07T08:40:20Z" hostname="18e134b69287" tests="648" skipped="0" failures="0" errors="0" time="3.097">
    <testcase time="0.0189999999999912" classname="Rules_class" name=".NextBestMTD_works_as_expected"/>
    <testcase time="0.00200000000000955" classname="Rules_class" name=".NextBestMTD_works_as_expected"/>
    <testcase time="0.00300000000000011" classname="Rules_class" name=".NextBestMTD_works_as_expected"/>
    <testcase time="0.00600000000000023" classname="Rules_class" name=".DefaultNextBestMTD_works_as_expected"/>
    <testcase time="0.00199999999999534" classname="Rules_class" name=".DefaultNextBestMTD_works_as_expected"/>
    <testcase time="0.00300000000000011" classname="Rules_class" name=".DefaultNextBestMTD_works_as_expected"/>
    <testcase time="0.00600000000000023" classname="Rules_class" name="NextBestMTD_object_can_be_created_with_user_constructor"/>
    <testcase time="0.00100000000000477" classname="Rules_class" name="NextBestMTD_object_can_be_created_with_user_constructor"/>
    <testcase time="0.00300000000000011" classname="Rules_class" name="NextBestMTD_object_can_be_created_with_user_constructor"/>
    <testcase time="0.00300000000000011" classname="Rules_class" name="NextBestMTD_object_can_be_created_with_user_constructor"/>
    <testcase time="0.00300000000000011" classname="Rules_class" name="NextBestMTD_object_can_be_created_with_user_constructor"/>
    <testcase time="0.00499999999999545" classname="Rules_class" name=".NextBestNCRM_works_as_expected"/>
    <testcase time="0.00100000000000477" classname="Rules_class" name=".NextBestNCRM_works_as_expected"/>
    <testcase time="0.00300000000000011" classname="Rules_class" name=".NextBestNCRM_works_as_expected"/>
    <testcase time="0.00599999999998602" classname="Rules_class" name=".DefaultNextBestNCRM_works_as_expected"/>
    <testcase time="0.00100000000000477" classname="Rules_class" name=".DefaultNextBestNCRM_works_as_expected"/>
    <testcase time="0.00300000000000011" classname="Rules_class" name=".DefaultNextBestNCRM_works_as_expected"/>
    <testcase time="0.00600000000000023" classname="Rules_class" name="NextBestNCRM_object_can_be_created_with_user_constructor"/>
    <testcase time="0.00100000000000477" classname="Rules_class" name="NextBestNCRM_object_can_be_created_with_user_constructor"/>
    <testcase time="0.00300000000000011" classname="Rules_class" name="NextBestNCRM_object_can_be_created_with_user_constructor"/>
    <testcase time="0.00300000000000011" classname="Rules_class" name="NextBestNCRM_object_can_be_created_with_user_constructor"/>
    <testcase time="0.00300000000000011" classname="Rules_class" name="NextBestNCRM_object_can_be_created_with_user_constructor"/>
    <testcase time="0.00300000000000011" classname="Rules_class" name="NextBestNCRM_object_can_be_created_with_user_constructor"/>
    <testcase time="0.00499999999999545" classname="Rules_class" name=".NextBestNCRMLoss_works_as_expected"/>
    <testcase time="0.00100000000000477" classname="Rules_class" name=".NextBestNCRMLoss_works_as_expected"/>
    <testcase time="0.00399999999999068" classname="Rules_class" name=".NextBestNCRMLoss_works_as_expected"/>
    <testcase time="0.00600000000000023" classname="Rules_class" name=".DefaultNextBestNCRMLoss_works_as_expected"/>
    <testcase time="0.00100000000000477" classname="Rules_class" name=".DefaultNextBestNCRMLoss_works_as_expected"/>
    <testcase time="0.00400000000000489" classname="Rules_class" name=".DefaultNextBestNCRMLoss_works_as_expected"/>
    <testcase time="0.00699999999999079" classname="Rules_class" name="NextBestNCRMLoss_object_can_be_created_with_user_constructor"/>
    <testcase time="0.00100000000000477" classname="Rules_class" name="NextBestNCRMLoss_object_can_be_created_with_user_constructor"/>
    <testcase time="0.00400000000000489" classname="Rules_class" name="NextBestNCRMLoss_object_can_be_created_with_user_constructor"/>
    <testcase time="0.00300000000000011" classname="Rules_class" name="NextBestNCRMLoss_object_can_be_created_with_user_constructor"/>
    <testcase time="0.00199999999999534" classname="Rules_class" name="NextBestNCRMLoss_object_can_be_created_with_user_constructor"/>
    <testcase time="0.00300000000000011" classname="Rules_class" name="NextBestNCRMLoss_object_can_be_created_with_user_constructor"/>
    <testcase time="0.00300000000000011" classname="Rules_class" name="NextBestNCRMLoss_object_can_be_created_with_user_constructor"/>
    <testcase time="0.00300000000000011" classname="Rules_class" name="NextBestNCRMLoss_object_can_be_created_with_user_constructor"/>
    <testcase time="0.00499999999999545" classname="Rules_class" name=".NextBestThreePlusThree_works_as_expected"/>
    <testcase time="0.00100000000000477" classname="Rules_class" name=".NextBestThreePlusThree_works_as_expected"/>
    <testcase time="0.00300000000000011" classname="Rules_class" name=".NextBestThreePlusThree_works_as_expected"/>
    <testcase time="0.00499999999999545" classname="Rules_class" name=".DefaultNextBestThreePlusThree_works_as_expected"/>
    <testcase time="0.00100000000000477" classname="Rules_class" name=".DefaultNextBestThreePlusThree_works_as_expected"/>
    <testcase time="0.00300000000000011" classname="Rules_class" name=".DefaultNextBestThreePlusThree_works_as_expected"/>
    <testcase time="0.00499999999999545" classname="Rules_class" name="NextBestThreePlusThree_object_can_be_created_with_user_constructor"/>
    <testcase time="0.00100000000000477" classname="Rules_class" name="NextBestThreePlusThree_object_can_be_created_with_user_constructor"/>
    <testcase time="0.00300000000000011" classname="Rules_class" name="NextBestThreePlusThree_object_can_be_created_with_user_constructor"/>
    <testcase time="0.00499999999999545" classname="Rules_class" name=".NextBestDualEndpoint_works_as_expected"/>
    <testcase time="0.00100000000000477" classname="Rules_class" name=".NextBestDualEndpoint_works_as_expected"/>
    <testcase time="0.00400000000000489" classname="Rules_class" name=".NextBestDualEndpoint_works_as_expected"/>
    <testcase time="0.00499999999999545" classname="Rules_class" name="NextBestDualEndpoint_object_can_be_created_with_user_constructor"/>
    <testcase time="0.00199999999999534" classname="Rules_class" name="NextBestDualEndpoint_object_can_be_created_with_user_constructor"/>
    <testcase time="0.00300000000000011" classname="Rules_class" name="NextBestDualEndpoint_object_can_be_created_with_user_constructor"/>
    <testcase time="0.00300000000000011" classname="Rules_class" name="NextBestDualEndpoint_object_can_be_created_with_user_constructor"/>
    <testcase time="0.00300000000000011" classname="Rules_class" name="NextBestDualEndpoint_object_can_be_created_with_user_constructor"/>
    <testcase time="0.00300000000000011" classname="Rules_class" name="NextBestDualEndpoint_object_can_be_created_with_user_constructor"/>
    <testcase time="0.00199999999999534" classname="Rules_class" name="NextBestDualEndpoint_object_can_be_created_with_user_constructor"/>
    <testcase time="0.00600000000000023" classname="Rules_class" name="NextBestDualEndpoint_object_can_be_created_with_user_constructor_2"/>
    <testcase time="0.00200000000000955" classname="Rules_class" name="NextBestDualEndpoint_object_can_be_created_with_user_constructor_2"/>
    <testcase time="0.00300000000000011" classname="Rules_class" name="NextBestDualEndpoint_object_can_be_created_with_user_constructor_2"/>
    <testcase time="0.00300000000000011" classname="Rules_class" name="NextBestDualEndpoint_object_can_be_created_with_user_constructor_2"/>
    <testcase time="0.00300000000000011" classname="Rules_class" name="NextBestDualEndpoint_object_can_be_created_with_user_constructor_2"/>
    <testcase time="0.00300000000000011" classname="Rules_class" name="NextBestDualEndpoint_object_can_be_created_with_user_constructor_2"/>
    <testcase time="0.00199999999999534" classname="Rules_class" name="NextBestDualEndpoint_object_can_be_created_with_user_constructor_2"/>
    <testcase time="0.00799999999999557" classname="Rules_class" name=".DefaultNextBestDualEndpoint_works_as_expected"/>
    <testcase time="0.00500000000000966" classname="Rules_class" name=".NextBestMinDist_works_as_expected"/>
    <testcase time="0.00199999999999534" classname="Rules_class" name=".NextBestMinDist_works_as_expected"/>
    <testcase time="0.00300000000000011" classname="Rules_class" name=".NextBestMinDist_works_as_expected"/>
    <testcase time="0.00600000000000023" classname="Rules_class" name=".DefaultNextBestMinDist_works_as_expected"/>
    <testcase time="0.00100000000000477" classname="Rules_class" name=".DefaultNextBestMinDist_works_as_expected"/>
    <testcase time="0.00300000000000011" classname="Rules_class" name=".DefaultNextBestMinDist_works_as_expected"/>
    <testcase time="0.00600000000000023" classname="Rules_class" name="NextBestMinDist_object_can_be_created_with_user_constructor"/>
    <testcase time="0.000999999999990564" classname="Rules_class" name="NextBestMinDist_object_can_be_created_with_user_constructor"/>
    <testcase time="0.00300000000000011" classname="Rules_class" name="NextBestMinDist_object_can_be_created_with_user_constructor"/>
    <testcase time="0.00300000000000011" classname="Rules_class" name="NextBestMinDist_object_can_be_created_with_user_constructor"/>
    <testcase time="0.00500000000000966" classname="Rules_class" name=".NextBestInfTheory_works_as_expected"/>
    <testcase time="0.00199999999999534" classname="Rules_class" name=".NextBestInfTheory_works_as_expected"/>
    <testcase time="0.00300000000000011" classname="Rules_class" name=".NextBestInfTheory_works_as_expected"/>
    <testcase time="0.00600000000000023" classname="Rules_class" name=".DefaultNextBestInfTheory_works_as_expected"/>
    <testcase time="0.00100000000000477" classname="Rules_class" name=".DefaultNextBestInfTheory_works_as_expected"/>
    <testcase time="0.00300000000000011" classname="Rules_class" name=".DefaultNextBestInfTheory_works_as_expected"/>
    <testcase time="0.00600000000000023" classname="Rules_class" name="NextBestInfTheory_object_can_be_created_with_user_constructor"/>
    <testcase time="0.000999999999990564" classname="Rules_class" name="NextBestInfTheory_object_can_be_created_with_user_constructor"/>
    <testcase time="0.00400000000000489" classname="Rules_class" name="NextBestInfTheory_object_can_be_created_with_user_constructor"/>
    <testcase time="0.00300000000000011" classname="Rules_class" name="NextBestInfTheory_object_can_be_created_with_user_constructor"/>
    <testcase time="0.00199999999999534" classname="Rules_class" name="NextBestInfTheory_object_can_be_created_with_user_constructor"/>
    <testcase time="0.00600000000000023" classname="Rules_class" name=".NextBestTD_works_as_expected"/>
    <testcase time="0.00100000000000477" classname="Rules_class" name=".NextBestTD_works_as_expected"/>
    <testcase time="0.00400000000000489" classname="Rules_class" name=".NextBestTD_works_as_expected"/>
    <testcase time="0.00600000000000023" classname="Rules_class" name=".DefaultNextBestTD_works_as_expected"/>
    <testcase time="0.000999999999990564" classname="Rules_class" name=".DefaultNextBestTD_works_as_expected"/>
    <testcase time="0.00400000000000489" classname="Rules_class" name=".DefaultNextBestTD_works_as_expected"/>
    <testcase time="0.00600000000000023" classname="Rules_class" name="NextBestTD_object_can_be_created_with_user_constructor"/>
    <testcase time="0.000999999999990564" classname="Rules_class" name="NextBestTD_object_can_be_created_with_user_constructor"/>
    <testcase time="0.00400000000000489" classname="Rules_class" name="NextBestTD_object_can_be_created_with_user_constructor"/>
    <testcase time="0.00300000000000011" classname="Rules_class" name="NextBestTD_object_can_be_created_with_user_constructor"/>
    <testcase time="0.00300000000000011" classname="Rules_class" name="NextBestTD_object_can_be_created_with_user_constructor"/>
    <testcase time="0.00600000000000023" classname="Rules_class" name=".NextBestTDsamples_works_as_expected"/>
    <testcase time="0.00100000000000477" classname="Rules_class" name=".NextBestTDsamples_works_as_expected"/>
    <testcase time="0.00499999999999545" classname="Rules_class" name=".NextBestTDsamples_works_as_expected"/>
    <testcase time="0.00600000000000023" classname="Rules_class" name=".DefaultNextBestTDsamples_works_as_expected"/>
    <testcase time="0.00199999999999534" classname="Rules_class" name=".DefaultNextBestTDsamples_works_as_expected"/>
    <testcase time="0.00400000000000489" classname="Rules_class" name=".DefaultNextBestTDsamples_works_as_expected"/>
    <testcase time="0.0360000000000014" classname="Rules_class" name="NextBestTDsamples_object_can_be_created_with_user_constructor"/>
    <testcase time="0.00199999999999534" classname="Rules_class" name="NextBestTDsamples_object_can_be_created_with_user_constructor"/>
    <testcase time="0.00400000000000489" classname="Rules_class" name="NextBestTDsamples_object_can_be_created_with_user_constructor"/>
    <testcase time="0.00300000000000011" classname="Rules_class" name="NextBestTDsamples_object_can_be_created_with_user_constructor"/>
    <testcase time="0.00300000000000011" classname="Rules_class" name="NextBestTDsamples_object_can_be_created_with_user_constructor"/>
    <testcase time="0.00300000000000011" classname="Rules_class" name="NextBestTDsamples_object_can_be_created_with_user_constructor"/>
    <testcase time="0.00499999999999545" classname="Rules_class" name=".NextBestMaxGain_works_as_expected"/>
    <testcase time="0.00200000000000955" classname="Rules_class" name=".NextBestMaxGain_works_as_expected"/>
    <testcase time="0.00300000000000011" classname="Rules_class" name=".NextBestMaxGain_works_as_expected"/>
    <testcase time="0.00699999999999079" classname="Rules_class" name=".DefaultNextBestMaxGain_works_as_expected"/>
    <testcase time="0.00100000000000477" classname="Rules_class" name=".DefaultNextBestMaxGain_works_as_expected"/>
    <testcase time="0.00400000000000489" classname="Rules_class" name=".DefaultNextBestMaxGain_works_as_expected"/>
    <testcase time="0.00600000000000023" classname="Rules_class" name="NextBestMaxGain_object_can_be_created_with_user_constructor"/>
    <testcase time="0.00199999999999534" classname="Rules_class" name="NextBestMaxGain_object_can_be_created_with_user_constructor"/>
    <testcase time="0.00399999999999068" classname="Rules_class" name="NextBestMaxGain_object_can_be_created_with_user_constructor"/>
    <testcase time="0.00300000000000011" classname="Rules_class" name="NextBestMaxGain_object_can_be_created_with_user_constructor"/>
    <testcase time="0.00300000000000011" classname="Rules_class" name="NextBestMaxGain_object_can_be_created_with_user_constructor"/>
    <testcase time="0.00500000000000966" classname="Rules_class" name=".NextBestMaxGainSamples_works_as_expected"/>
    <testcase time="0.00199999999999534" classname="Rules_class" name=".NextBestMaxGainSamples_works_as_expected"/>
    <testcase time="0.00400000000000489" classname="Rules_class" name=".NextBestMaxGainSamples_works_as_expected"/>
    <testcase time="0.00699999999999079" classname="Rules_class" name="NextBestMaxGainSamples_object_can_be_created_with_user_constructor"/>
    <testcase time="0.00200000000000955" classname="Rules_class" name="NextBestMaxGainSamples_object_can_be_created_with_user_constructor"/>
    <testcase time="0.00399999999999068" classname="Rules_class" name="NextBestMaxGainSamples_object_can_be_created_with_user_constructor"/>
    <testcase time="0.00300000000000011" classname="Rules_class" name="NextBestMaxGainSamples_object_can_be_created_with_user_constructor"/>
    <testcase time="0.00300000000000011" classname="Rules_class" name="NextBestMaxGainSamples_object_can_be_created_with_user_constructor"/>
    <testcase time="0.00300000000000011" classname="Rules_class" name="NextBestMaxGainSamples_object_can_be_created_with_user_constructor"/>
    <testcase time="0.00300000000000011" classname="Rules_class" name="NextBestMaxGainSamples_object_can_be_created_with_user_constructor"/>
    <testcase time="0.007000000000005" classname="Rules_class" name=".DefaultNextBestMaxGainSamples_works_as_expected"/>
    <testcase time="0.00400000000000489" classname="Rules_class" name=".DefaultNextBestMaxGainSamples_works_as_expected"/>
    <testcase time="0.00300000000000011" classname="Rules_class" name=".DefaultNextBestMaxGainSamples_works_as_expected"/>
    <testcase time="0.00300000000000011" classname="Rules_class" name=".DefaultNextBestMaxGainSamples_works_as_expected"/>
    <testcase time="0.00399999999999068" classname="Rules_class" name=".DefaultNextBestMaxGainSamples_works_as_expected"/>
    <testcase time="0.00300000000000011" classname="Rules_class" name=".DefaultNextBestMaxGainSamples_works_as_expected"/>
    <testcase time="0.00500000000000966" classname="Rules_class" name=".NextBestProbMTDLTE_works_as_expected"/>
    <testcase time="0.00199999999999534" classname="Rules_class" name=".NextBestProbMTDLTE_works_as_expected"/>
    <testcase time="0.00400000000000489" classname="Rules_class" name=".NextBestProbMTDLTE_works_as_expected"/>
    <testcase time="0.00600000000000023" classname="Rules_class" name="NextBestProbMTDLTE_object_can_be_created_with_user_constructor"/>
    <testcase time="0.000999999999990564" classname="Rules_class" name="NextBestProbMTDLTE_object_can_be_created_with_user_constructor"/>
    <testcase time="0.00400000000000489" classname="Rules_class" name="NextBestProbMTDLTE_object_can_be_created_with_user_constructor"/>
    <testcase time="0.00300000000000011" classname="Rules_class" name="NextBestProbMTDLTE_object_can_be_created_with_user_constructor"/>
    <testcase time="0.00600000000000023" classname="Rules_class" name=".DefaultNextBestProbMTDLTE_works_as_expected"/>
    <testcase time="0.00199999999999534" classname="Rules_class" name=".DefaultNextBestProbMTDLTE_works_as_expected"/>
    <testcase time="0.00300000000000011" classname="Rules_class" name=".DefaultNextBestProbMTDLTE_works_as_expected"/>
    <testcase time="0.00600000000000023" classname="Rules_class" name=".NextBestProbMTDMinDist_works_as_expected"/>
    <testcase time="0.00200000000000955" classname="Rules_class" name=".NextBestProbMTDMinDist_works_as_expected"/>
    <testcase time="0.00300000000000011" classname="Rules_class" name=".NextBestProbMTDMinDist_works_as_expected"/>
    <testcase time="0.00600000000000023" classname="Rules_class" name="NextBestProbMTDMinDist_object_can_be_created_with_user_constructor"/>
    <testcase time="0.00199999999999534" classname="Rules_class" name="NextBestProbMTDMinDist_object_can_be_created_with_user_constructor"/>
    <testcase time="0.00399999999999068" classname="Rules_class" name="NextBestProbMTDMinDist_object_can_be_created_with_user_constructor"/>
    <testcase time="0.00300000000000011" classname="Rules_class" name="NextBestProbMTDMinDist_object_can_be_created_with_user_constructor"/>
    <testcase time="0.00600000000000023" classname="Rules_class" name=".DefaultNextBestProbMTDMinDist_works_as_expected"/>
    <testcase time="0.00200000000000955" classname="Rules_class" name=".DefaultNextBestProbMTDMinDist_works_as_expected"/>
    <testcase time="0.00300000000000011" classname="Rules_class" name=".DefaultNextBestProbMTDMinDist_works_as_expected"/>
    <testcase time="0.00799999999999557" classname="Rules_class" name=".NextBestOrdinal_works_as_expected"/>
    <testcase time="0.00100000000000477" classname="Rules_class" name=".NextBestOrdinal_works_as_expected"/>
    <testcase time="0.00399999999999068" classname="Rules_class" name=".NextBestOrdinal_works_as_expected"/>
    <testcase time="0.007000000000005" classname="Rules_class" name=".DefaultNextBestOrdinal_works_as_expected"/>
    <testcase time="0.00199999999999534" classname="Rules_class" name=".DefaultNextBestOrdinal_works_as_expected"/>
    <testcase time="0.00300000000000011" classname="Rules_class" name=".DefaultNextBestOrdinal_works_as_expected"/>
    <testcase time="0.00600000000000023" classname="Rules_class" name=".IncrementsRelative_works_as_expected"/>
    <testcase time="0.00200000000000955" classname="Rules_class" name=".IncrementsRelative_works_as_expected"/>
    <testcase time="0.00300000000000011" classname="Rules_class" name=".IncrementsRelative_works_as_expected"/>
    <testcase time="0.00600000000000023" classname="Rules_class" name="IncrementsRelative_object_can_be_created_with_user_constructor"/>
    <testcase time="0.00199999999999534" classname="Rules_class" name="IncrementsRelative_object_can_be_created_with_user_constructor"/>
    <testcase time="0.00400000000000489" classname="Rules_class" name="IncrementsRelative_object_can_be_created_with_user_constructor"/>
    <testcase time="0.00300000000000011" classname="Rules_class" name="IncrementsRelative_object_can_be_created_with_user_constructor"/>
    <testcase time="0.00300000000000011" classname="Rules_class" name="IncrementsRelative_object_can_be_created_with_user_constructor"/>
    <testcase time="0.00799999999999557" classname="Rules_class" name=".DefaultIncrementsRelative_works_as_expected"/>
    <testcase time="0.00499999999999545" classname="Rules_class" name=".IncrementsRelativeParts_works_as_expected"/>
    <testcase time="0.00200000000000955" classname="Rules_class" name=".IncrementsRelativeParts_works_as_expected"/>
    <testcase time="0.00399999999999068" classname="Rules_class" name=".IncrementsRelativeParts_works_as_expected"/>
    <testcase time="0.007000000000005" classname="Rules_class" name="IncrementsRelativeParts_object_can_be_created_with_user_constructor"/>
    <testcase time="0.00100000000000477" classname="Rules_class" name="IncrementsRelativeParts_object_can_be_created_with_user_constructor"/>
    <testcase time="0.00399999999999068" classname="Rules_class" name="IncrementsRelativeParts_object_can_be_created_with_user_constructor"/>
    <testcase time="0.00300000000000011" classname="Rules_class" name="IncrementsRelativeParts_object_can_be_created_with_user_constructor"/>
    <testcase time="0.00300000000000011" classname="Rules_class" name="IncrementsRelativeParts_object_can_be_created_with_user_constructor"/>
    <testcase time="0.00799999999999557" classname="Rules_class" name=".DefaultIncrementsRelativeParts_works_as_expected"/>
    <testcase time="0.00900000000000034" classname="Rules_class" name=".DefaultIncrementsRelativeParts_works_as_expected"/>
    <testcase time="0.00499999999999545" classname="Rules_class" name=".IncrementsRelativeDLT_works_as_expected"/>
    <testcase time="0.00200000000000955" classname="Rules_class" name=".IncrementsRelativeDLT_works_as_expected"/>
    <testcase time="0.00399999999999068" classname="Rules_class" name=".IncrementsRelativeDLT_works_as_expected"/>
    <testcase time="0.00600000000000023" classname="Rules_class" name="IncrementsRelativeDLT_object_can_be_created_with_user_constructor"/>
    <testcase time="0.00200000000000955" classname="Rules_class" name="IncrementsRelativeDLT_object_can_be_created_with_user_constructor"/>
    <testcase time="0.00300000000000011" classname="Rules_class" name="IncrementsRelativeDLT_object_can_be_created_with_user_constructor"/>
    <testcase time="0.00399999999999068" classname="Rules_class" name="IncrementsRelativeDLT_object_can_be_created_with_user_constructor"/>
    <testcase time="0.00300000000000011" classname="Rules_class" name="IncrementsRelativeDLT_object_can_be_created_with_user_constructor"/>
    <testcase time="0.00800000000000978" classname="Rules_class" name=".DefaultIncrementsRelativeDLT_works_as_expected"/>
    <testcase time="0.00499999999999545" classname="Rules_class" name="IncrementsRelativeDLTCurrent_works_as_expected"/>
    <testcase time="0.00199999999999534" classname="Rules_class" name="IncrementsRelativeDLTCurrent_works_as_expected"/>
    <testcase time="0.00400000000000489" classname="Rules_class" name="IncrementsRelativeDLTCurrent_works_as_expected"/>
    <testcase time="0.00600000000000023" classname="Rules_class" name="IncrementsRelativeDLTCurrent_object_can_be_created_with_user_constructor"/>
    <testcase time="0.00199999999999534" classname="Rules_class" name="IncrementsRelativeDLTCurrent_object_can_be_created_with_user_constructor"/>
    <testcase time="0.00400000000000489" classname="Rules_class" name="IncrementsRelativeDLTCurrent_object_can_be_created_with_user_constructor"/>
    <testcase time="0.0100000000000051" classname="Rules_class" name="IncrementsRelativeDLTCurrent_object_can_be_created_with_user_constructor"/>
    <testcase time="0.00300000000000011" classname="Rules_class" name="IncrementsRelativeDLTCurrent_object_can_be_created_with_user_constructor"/>
    <testcase time="0.007000000000005" classname="Rules_class" name=".DefaultIncrementsRelativeDLTCurrent_works_as_expected"/>
    <testcase time="0.00600000000000023" classname="Rules_class" name=".IncrementsDoseLevels_works_as_expected"/>
    <testcase time="0.00199999999999534" classname="Rules_class" name=".IncrementsDoseLevels_works_as_expected"/>
    <testcase time="0.00400000000000489" classname="Rules_class" name=".IncrementsDoseLevels_works_as_expected"/>
    <testcase time="0.00600000000000023" classname="Rules_class" name="IncrementsDoseLevels_object_can_be_created_with_user_constructor_default_"/>
    <testcase time="0.00199999999999534" classname="Rules_class" name="IncrementsDoseLevels_object_can_be_created_with_user_constructor_default_"/>
    <testcase time="0.00400000000000489" classname="Rules_class" name="IncrementsDoseLevels_object_can_be_created_with_user_constructor_default_"/>
    <testcase time="0.00300000000000011" classname="Rules_class" name="IncrementsDoseLevels_object_can_be_created_with_user_constructor_default_"/>
    <testcase time="0.00300000000000011" classname="Rules_class" name="IncrementsDoseLevels_object_can_be_created_with_user_constructor_default_"/>
    <testcase time="0.00600000000000023" classname="Rules_class" name="IncrementsDoseLevels_object_can_be_created_with_user_constructor"/>
    <testcase time="0.00199999999999534" classname="Rules_class" name="IncrementsDoseLevels_object_can_be_created_with_user_constructor"/>
    <testcase time="0.00400000000000489" classname="Rules_class" name="IncrementsDoseLevels_object_can_be_created_with_user_constructor"/>
    <testcase time="0.00399999999999068" classname="Rules_class" name="IncrementsDoseLevels_object_can_be_created_with_user_constructor"/>
    <testcase time="0.00300000000000011" classname="Rules_class" name="IncrementsDoseLevels_object_can_be_created_with_user_constructor"/>
    <testcase time="0.00799999999999557" classname="Rules_class" name=".DefaultIncrementsDoseLevels_works_as_expected"/>
    <testcase time="0.00600000000000023" classname="Rules_class" name=".IncrementsHSRBeta_works_as_expected"/>
    <testcase time="0.00200000000000955" classname="Rules_class" name=".IncrementsHSRBeta_works_as_expected"/>
    <testcase time="0.00399999999999068" classname="Rules_class" name=".IncrementsHSRBeta_works_as_expected"/>
    <testcase time="0.00600000000000023" classname="Rules_class" name="IncrementsHSRBeta_object_can_be_created_with_user_constructor_default_"/>
    <testcase time="0.00200000000000955" classname="Rules_class" name="IncrementsHSRBeta_object_can_be_created_with_user_constructor_default_"/>
    <testcase time="0.00399999999999068" classname="Rules_class" name="IncrementsHSRBeta_object_can_be_created_with_user_constructor_default_"/>
    <testcase time="0.00300000000000011" classname="Rules_class" name="IncrementsHSRBeta_object_can_be_created_with_user_constructor_default_"/>
    <testcase time="0.00300000000000011" classname="Rules_class" name="IncrementsHSRBeta_object_can_be_created_with_user_constructor_default_"/>
    <testcase time="0.00400000000000489" classname="Rules_class" name="IncrementsHSRBeta_object_can_be_created_with_user_constructor_default_"/>
    <testcase time="0.00300000000000011" classname="Rules_class" name="IncrementsHSRBeta_object_can_be_created_with_user_constructor_default_"/>
    <testcase time="0.00600000000000023" classname="Rules_class" name="IncrementsHSRBeta_object_can_be_created_with_user_constructor"/>
    <testcase time="0.00199999999999534" classname="Rules_class" name="IncrementsHSRBeta_object_can_be_created_with_user_constructor"/>
    <testcase time="0.00400000000000489" classname="Rules_class" name="IncrementsHSRBeta_object_can_be_created_with_user_constructor"/>
    <testcase time="0.00400000000000489" classname="Rules_class" name="IncrementsHSRBeta_object_can_be_created_with_user_constructor"/>
    <testcase time="0.00300000000000011" classname="Rules_class" name="IncrementsHSRBeta_object_can_be_created_with_user_constructor"/>
    <testcase time="0.00300000000000011" classname="Rules_class" name="IncrementsHSRBeta_object_can_be_created_with_user_constructor"/>
    <testcase time="0.00399999999999068" classname="Rules_class" name="IncrementsHSRBeta_object_can_be_created_with_user_constructor"/>
    <testcase time="0.00800000000000978" classname="Rules_class" name=".DefaultIncrementsHSRBeta_works_as_expected"/>
    <testcase time="0.00600000000000023" classname="Rules_class" name=".IncrementsMin_works_as_expected"/>
    <testcase time="0.00199999999999534" classname="Rules_class" name=".IncrementsMin_works_as_expected"/>
    <testcase time="0.00300000000000011" classname="Rules_class" name=".IncrementsMin_works_as_expected"/>
    <testcase time="0.007000000000005" classname="Rules_class" name="IncrementsMin_object_can_be_created_with_user_constructor"/>
    <testcase time="0.00199999999999534" classname="Rules_class" name="IncrementsMin_object_can_be_created_with_user_constructor"/>
    <testcase time="0.00400000000000489" classname="Rules_class" name="IncrementsMin_object_can_be_created_with_user_constructor"/>
    <testcase time="0.00399999999999068" classname="Rules_class" name="IncrementsMin_object_can_be_created_with_user_constructor"/>
    <testcase time="0.00900000000000034" classname="Rules_class" name=".DefaultIncrementsMin_works_as_expected"/>
    <testcase time="0.00600000000000023" classname="Rules_class" name="IncrementsOrdinal_works_as_expected"/>
    <testcase time="0.00199999999999534" classname="Rules_class" name="IncrementsOrdinal_works_as_expected"/>
    <testcase time="0.00400000000000489" classname="Rules_class" name="IncrementsOrdinal_works_as_expected"/>
    <testcase time="0.00600000000000023" classname="Rules_class" name="IncrementsOrdinal_object_can_be_created_with_user_constructor"/>
    <testcase time="0.00199999999999534" classname="Rules_class" name="IncrementsOrdinal_object_can_be_created_with_user_constructor"/>
    <testcase time="0.00400000000000489" classname="Rules_class" name="IncrementsOrdinal_object_can_be_created_with_user_constructor"/>
    <testcase time="0.00400000000000489" classname="Rules_class" name="IncrementsOrdinal_object_can_be_created_with_user_constructor"/>
    <testcase time="0.00300000000000011" classname="Rules_class" name="IncrementsOrdinal_object_can_be_created_with_user_constructor"/>
    <testcase time="0.00399999999999068" classname="Rules_class" name="IncrementsOrdinal_object_can_be_created_with_user_constructor"/>
    <testcase time="0.00900000000000034" classname="Rules_class" name=".DefaultIncrementsOrdinal_works_as_expected"/>
    <testcase time="0.00600000000000023" classname="Rules_class" name=".StoppingMissingDose_works_as_expected"/>
    <testcase time="0.00200000000000955" classname="Rules_class" name=".StoppingMissingDose_works_as_expected"/>
    <testcase time="0.00399999999999068" classname="Rules_class" name=".StoppingMissingDose_works_as_expected"/>
    <testcase time="0.007000000000005" classname="Rules_class" name=".DefaultStoppingMissingDose_works_as_expected"/>
    <testcase time="0.00499999999999545" classname="Rules_class" name=".StoppingCohortsNearDose_works_as_expected"/>
    <testcase time="0.00200000000000955" classname="Rules_class" name=".StoppingCohortsNearDose_works_as_expected"/>
    <testcase time="0.00399999999999068" classname="Rules_class" name=".StoppingCohortsNearDose_works_as_expected"/>
    <testcase time="0.007000000000005" classname="Rules_class" name="StoppingCohortsNearDose_object_can_be_created_with_user_constructor_default_"/>
    <testcase time="0.00199999999999534" classname="Rules_class" name="StoppingCohortsNearDose_object_can_be_created_with_user_constructor_default_"/>
    <testcase time="0.00400000000000489" classname="Rules_class" name="StoppingCohortsNearDose_object_can_be_created_with_user_constructor_default_"/>
    <testcase time="0.00300000000000011" classname="Rules_class" name="StoppingCohortsNearDose_object_can_be_created_with_user_constructor_default_"/>
    <testcase time="0.00400000000000489" classname="Rules_class" name="StoppingCohortsNearDose_object_can_be_created_with_user_constructor_default_"/>
    <testcase time="0.00300000000000011" classname="Rules_class" name="StoppingCohortsNearDose_object_can_be_created_with_user_constructor_default_"/>
    <testcase time="0.00699999999999079" classname="Rules_class" name="StoppingCohortsNearDose_object_can_be_created_with_user_constructor"/>
    <testcase time="0.00200000000000955" classname="Rules_class" name="StoppingCohortsNearDose_object_can_be_created_with_user_constructor"/>
    <testcase time="0.00399999999999068" classname="Rules_class" name="StoppingCohortsNearDose_object_can_be_created_with_user_constructor"/>
    <testcase time="0.00300000000000011" classname="Rules_class" name="StoppingCohortsNearDose_object_can_be_created_with_user_constructor"/>
    <testcase time="0.00400000000000489" classname="Rules_class" name="StoppingCohortsNearDose_object_can_be_created_with_user_constructor"/>
    <testcase time="0.00300000000000011" classname="Rules_class" name="StoppingCohortsNearDose_object_can_be_created_with_user_constructor"/>
    <testcase time="0.007000000000005" classname="Rules_class" name="StoppingCohortsNearDose_replaces_empty_label_with_correct_default_label"/>
    <testcase time="0.0029999999999859" classname="Rules_class" name="StoppingCohortsNearDose_replaces_empty_label_with_correct_default_label"/>
    <testcase time="0.00800000000000978" classname="Rules_class" name=".DefaultStoppingCohortsNearDose_works_as_expected"/>
    <testcase time="0.00600000000000023" classname="Rules_class" name=".StoppingPatientsNearDose_works_as_expected"/>
    <testcase time="0.00199999999999534" classname="Rules_class" name=".StoppingPatientsNearDose_works_as_expected"/>
    <testcase time="0.00400000000000489" classname="Rules_class" name=".StoppingPatientsNearDose_works_as_expected"/>
    <testcase time="0.00699999999999079" classname="Rules_class" name="StoppingPatientsNearDose_object_can_be_created_with_user_constructor_default_"/>
    <testcase time="0.00200000000000955" classname="Rules_class" name="StoppingPatientsNearDose_object_can_be_created_with_user_constructor_default_"/>
    <testcase time="0.00999999999999091" classname="Rules_class" name="StoppingPatientsNearDose_object_can_be_created_with_user_constructor_default_"/>
    <testcase time="0.00500000000000966" classname="Rules_class" name="StoppingPatientsNearDose_object_can_be_created_with_user_constructor_default_"/>
    <testcase time="0.00300000000000011" classname="Rules_class" name="StoppingPatientsNearDose_object_can_be_created_with_user_constructor_default_"/>
    <testcase time="0.00399999999999068" classname="Rules_class" name="StoppingPatientsNearDose_object_can_be_created_with_user_constructor_default_"/>
    <testcase time="0.007000000000005" classname="Rules_class" name="StoppingPatientsNearDose_object_can_be_created_with_user_constructor"/>
    <testcase time="0.00199999999999534" classname="Rules_class" name="StoppingPatientsNearDose_object_can_be_created_with_user_constructor"/>
    <testcase time="0.00500000000000966" classname="Rules_class" name="StoppingPatientsNearDose_object_can_be_created_with_user_constructor"/>
    <testcase time="0.00300000000000011" classname="Rules_class" name="StoppingPatientsNearDose_object_can_be_created_with_user_constructor"/>
    <testcase time="0.00499999999999545" classname="Rules_class" name="StoppingPatientsNearDose_object_can_be_created_with_user_constructor"/>
    <testcase time="0.00400000000000489" classname="Rules_class" name="StoppingPatientsNearDose_object_can_be_created_with_user_constructor"/>
    <testcase time="0.00699999999999079" classname="Rules_class" name="StoppingPatientsNearDose_replaces_empty_label_with_correct_default_label"/>
    <testcase time="0.00400000000000489" classname="Rules_class" name="StoppingPatientsNearDose_replaces_empty_label_with_correct_default_label"/>
    <testcase time="0.00900000000000034" classname="Rules_class" name=".DefaultStoppingPatientsNearDose_works_as_expected"/>
    <testcase time="0.00600000000000023" classname="Rules_class" name=".StoppingMinCohorts_works_as_expected"/>
    <testcase time="0.00300000000000011" classname="Rules_class" name=".StoppingMinCohorts_works_as_expected"/>
    <testcase time="0.00400000000000489" classname="Rules_class" name=".StoppingMinCohorts_works_as_expected"/>
    <testcase time="0.00699999999999079" classname="Rules_class" name="StoppingMinCohorts_object_can_be_created_with_user_constructor_default_"/>
    <testcase time="0.00200000000000955" classname="Rules_class" name="StoppingMinCohorts_object_can_be_created_with_user_constructor_default_"/>
    <testcase time="0.00499999999999545" classname="Rules_class" name="StoppingMinCohorts_object_can_be_created_with_user_constructor_default_"/>
    <testcase time="0.00300000000000011" classname="Rules_class" name="StoppingMinCohorts_object_can_be_created_with_user_constructor_default_"/>
    <testcase time="0.00399999999999068" classname="Rules_class" name="StoppingMinCohorts_object_can_be_created_with_user_constructor_default_"/>
    <testcase time="0.007000000000005" classname="Rules_class" name="StoppingMinCohorts_object_can_be_created_with_user_constructor"/>
    <testcase time="0.00199999999999534" classname="Rules_class" name="StoppingMinCohorts_object_can_be_created_with_user_constructor"/>
    <testcase time="0.00500000000000966" classname="Rules_class" name="StoppingMinCohorts_object_can_be_created_with_user_constructor"/>
    <testcase time="0.00300000000000011" classname="Rules_class" name="StoppingMinCohorts_object_can_be_created_with_user_constructor"/>
    <testcase time="0.00399999999999068" classname="Rules_class" name="StoppingMinCohorts_object_can_be_created_with_user_constructor"/>
    <testcase time="0.007000000000005" classname="Rules_class" name="StoppingMinCohorts_replaces_empty_label_with_correct_default_label"/>
    <testcase time="0.00400000000000489" classname="Rules_class" name="StoppingMinCohorts_replaces_empty_label_with_correct_default_label"/>
    <testcase time="0.00799999999999557" classname="Rules_class" name=".DefaultStoppingMinCohorts_works_as_expected"/>
    <testcase time="0.00600000000000023" classname="Rules_class" name=".StoppingMinPatients_works_as_expected"/>
    <testcase time="0.00300000000000011" classname="Rules_class" name=".StoppingMinPatients_works_as_expected"/>
    <testcase time="0.00400000000000489" classname="Rules_class" name=".StoppingMinPatients_works_as_expected"/>
    <testcase time="0.00699999999999079" classname="Rules_class" name="StoppingMinPatients_object_can_be_created_with_user_constructor_default_"/>
    <testcase time="0.00200000000000955" classname="Rules_class" name="StoppingMinPatients_object_can_be_created_with_user_constructor_default_"/>
    <testcase time="0.00399999999999068" classname="Rules_class" name="StoppingMinPatients_object_can_be_created_with_user_constructor_default_"/>
    <testcase time="0.00400000000000489" classname="Rules_class" name="StoppingMinPatients_object_can_be_created_with_user_constructor_default_"/>
    <testcase time="0.00400000000000489" classname="Rules_class" name="StoppingMinPatients_object_can_be_created_with_user_constructor_default_"/>
    <testcase time="0.00600000000000023" classname="Rules_class" name="StoppingMinPatients_object_can_be_created_with_user_constructor"/>
    <testcase time="0.00300000000000011" classname="Rules_class" name="StoppingMinPatients_object_can_be_created_with_user_constructor"/>
    <testcase time="0.00399999999999068" classname="Rules_class" name="StoppingMinPatients_object_can_be_created_with_user_constructor"/>
    <testcase time="0.00400000000000489" classname="Rules_class" name="StoppingMinPatients_object_can_be_created_with_user_constructor"/>
    <testcase time="0.00400000000000489" classname="Rules_class" name="StoppingMinPatients_object_can_be_created_with_user_constructor"/>
    <testcase time="0.00699999999999079" classname="Rules_class" name="StoppingMinPatients_replaces_empty_label_with_correct_default_label"/>
    <testcase time="0.00400000000000489" classname="Rules_class" name="StoppingMinPatients_replaces_empty_label_with_correct_default_label"/>
    <testcase time="0.00799999999999557" classname="Rules_class" name=".DefaultStoppingMinPatients_works_as_expected"/>
    <testcase time="0.00600000000000023" classname="Rules_class" name=".StoppingTargetProb_works_as_expected"/>
    <testcase time="0.00199999999999534" classname="Rules_class" name=".StoppingTargetProb_works_as_expected"/>
    <testcase time="0.00500000000000966" classname="Rules_class" name=".StoppingTargetProb_works_as_expected"/>
    <testcase time="0.00600000000000023" classname="Rules_class" name="StoppingTargetProb_object_can_be_created_with_user_constructor_default_"/>
    <testcase time="0.00300000000000011" classname="Rules_class" name="StoppingTargetProb_object_can_be_created_with_user_constructor_default_"/>
    <testcase time="0.00399999999999068" classname="Rules_class" name="StoppingTargetProb_object_can_be_created_with_user_constructor_default_"/>
    <testcase time="0.00400000000000489" classname="Rules_class" name="StoppingTargetProb_object_can_be_created_with_user_constructor_default_"/>
    <testcase time="0.00400000000000489" classname="Rules_class" name="StoppingTargetProb_object_can_be_created_with_user_constructor_default_"/>
    <testcase time="0.00399999999999068" classname="Rules_class" name="StoppingTargetProb_object_can_be_created_with_user_constructor_default_"/>
    <testcase time="0.007000000000005" classname="Rules_class" name="StoppingTargetProb_object_can_be_created_with_user_constructor"/>
    <testcase time="0.00199999999999534" classname="Rules_class" name="StoppingTargetProb_object_can_be_created_with_user_constructor"/>
    <testcase time="0.00500000000000966" classname="Rules_class" name="StoppingTargetProb_object_can_be_created_with_user_constructor"/>
    <testcase time="0.00399999999999068" classname="Rules_class" name="StoppingTargetProb_object_can_be_created_with_user_constructor"/>
    <testcase time="0.00300000000000011" classname="Rules_class" name="StoppingTargetProb_object_can_be_created_with_user_constructor"/>
    <testcase time="0.00400000000000489" classname="Rules_class" name="StoppingTargetProb_object_can_be_created_with_user_constructor"/>
    <testcase time="0.007000000000005" classname="Rules_class" name="StoppingTargetProb_replaces_empty_label_with_correct_default_label"/>
    <testcase time="0.00399999999999068" classname="Rules_class" name="StoppingTargetProb_replaces_empty_label_with_correct_default_label"/>
    <testcase time="0.00800000000000978" classname="Rules_class" name=".DefaultStoppingTargetProb_works_as_expected"/>
    <testcase time="0.00600000000000023" classname="Rules_class" name=".StoppingMTDdistribution_works_as_expected"/>
    <testcase time="0.00300000000000011" classname="Rules_class" name=".StoppingMTDdistribution_works_as_expected"/>
    <testcase time="0.00499999999999545" classname="Rules_class" name=".StoppingMTDdistribution_works_as_expected"/>
    <testcase time="0.007000000000005" classname="Rules_class" name="StoppingMTDdistribution_object_can_be_created_with_user_constructor_default_"/>
    <testcase time="0.00300000000000011" classname="Rules_class" name="StoppingMTDdistribution_object_can_be_created_with_user_constructor_default_"/>
    <testcase time="0.00399999999999068" classname="Rules_class" name="StoppingMTDdistribution_object_can_be_created_with_user_constructor_default_"/>
    <testcase time="0.00400000000000489" classname="Rules_class" name="StoppingMTDdistribution_object_can_be_created_with_user_constructor_default_"/>
    <testcase time="0.00400000000000489" classname="Rules_class" name="StoppingMTDdistribution_object_can_be_created_with_user_constructor_default_"/>
    <testcase time="0.00399999999999068" classname="Rules_class" name="StoppingMTDdistribution_object_can_be_created_with_user_constructor_default_"/>
    <testcase time="0.00400000000000489" classname="Rules_class" name="StoppingMTDdistribution_object_can_be_created_with_user_constructor_default_"/>
    <testcase time="0.00699999999999079" classname="Rules_class" name="StoppingMTDdistribution_object_can_be_created_with_user_constructor"/>
    <testcase time="0.0100000000000051" classname="Rules_class" name="StoppingMTDdistribution_object_can_be_created_with_user_constructor"/>
    <testcase time="0.00600000000000023" classname="Rules_class" name="StoppingMTDdistribution_object_can_be_created_with_user_constructor"/>
    <testcase time="0.00400000000000489" classname="Rules_class" name="StoppingMTDdistribution_object_can_be_created_with_user_constructor"/>
    <testcase time="0.00399999999999068" classname="Rules_class" name="StoppingMTDdistribution_object_can_be_created_with_user_constructor"/>
    <testcase time="0.00500000000000966" classname="Rules_class" name="StoppingMTDdistribution_object_can_be_created_with_user_constructor"/>
    <testcase time="0.00399999999999068" classname="Rules_class" name="StoppingMTDdistribution_object_can_be_created_with_user_constructor"/>
    <testcase time="0.007000000000005" classname="Rules_class" name="StoppingMTDdistribution_replaces_empty_label_with_correct_default_label"/>
    <testcase time="0.00499999999999545" classname="Rules_class" name="StoppingMTDdistribution_replaces_empty_label_with_correct_default_label"/>
    <testcase time="0.0100000000000051" classname="Rules_class" name=".DefaultStoppingMTDdistribution_works_as_expected"/>
    <testcase time="0.007000000000005" classname="Rules_class" name=".StoppingMTDCV_works_as_expected"/>
    <testcase time="0.00300000000000011" classname="Rules_class" name=".StoppingMTDCV_works_as_expected"/>
    <testcase time="0.00399999999999068" classname="Rules_class" name=".StoppingMTDCV_works_as_expected"/>
    <testcase time="0.007000000000005" classname="Rules_class" name="StoppingMTDCV_object_can_be_created_with_user_constructor_default_"/>
    <testcase time="0.00300000000000011" classname="Rules_class" name="StoppingMTDCV_object_can_be_created_with_user_constructor_default_"/>
    <testcase time="0.00499999999999545" classname="Rules_class" name="StoppingMTDCV_object_can_be_created_with_user_constructor_default_"/>
    <testcase time="0.00400000000000489" classname="Rules_class" name="StoppingMTDCV_object_can_be_created_with_user_constructor_default_"/>
    <testcase time="0.00400000000000489" classname="Rules_class" name="StoppingMTDCV_object_can_be_created_with_user_constructor_default_"/>
    <testcase time="0.00399999999999068" classname="Rules_class" name="StoppingMTDCV_object_can_be_created_with_user_constructor_default_"/>
    <testcase time="0.007000000000005" classname="Rules_class" name="StoppingMTDCV_object_can_be_created_with_user_constructor"/>
    <testcase time="0.00199999999999534" classname="Rules_class" name="StoppingMTDCV_object_can_be_created_with_user_constructor"/>
    <testcase time="0.00500000000000966" classname="Rules_class" name="StoppingMTDCV_object_can_be_created_with_user_constructor"/>
    <testcase time="0.00399999999999068" classname="Rules_class" name="StoppingMTDCV_object_can_be_created_with_user_constructor"/>
    <testcase time="0.00400000000000489" classname="Rules_class" name="StoppingMTDCV_object_can_be_created_with_user_constructor"/>
    <testcase time="0.00399999999999068" classname="Rules_class" name="StoppingMTDCV_object_can_be_created_with_user_constructor"/>
    <testcase time="0.007000000000005" classname="Rules_class" name="StoppingMTDCV_replaces_empty_label_with_correct_default_label"/>
    <testcase time="0.00400000000000489" classname="Rules_class" name="StoppingMTDCV_replaces_empty_label_with_correct_default_label"/>
    <testcase time="0.00900000000000034" classname="Rules_class" name=".DefaultStoppingMTDCV_works_as_expected"/>
    <testcase time="0.00600000000000023" classname="Rules_class" name=".StoppingLowestDoseHSRBeta_works_as_expected"/>
    <testcase time="0.00300000000000011" classname="Rules_class" name=".StoppingLowestDoseHSRBeta_works_as_expected"/>
    <testcase time="0.00499999999999545" classname="Rules_class" name=".StoppingLowestDoseHSRBeta_works_as_expected"/>
    <testcase time="0.007000000000005" classname="Rules_class" name="StoppingLowestDoseHSRBeta_object_can_be_created_with_user_constructor_default_"/>
    <testcase time="0.00300000000000011" classname="Rules_class" name="StoppingLowestDoseHSRBeta_object_can_be_created_with_user_constructor_default_"/>
    <testcase time="0.00399999999999068" classname="Rules_class" name="StoppingLowestDoseHSRBeta_object_can_be_created_with_user_constructor_default_"/>
    <testcase time="0.00500000000000966" classname="Rules_class" name="StoppingLowestDoseHSRBeta_object_can_be_created_with_user_constructor_default_"/>
    <testcase time="0.00399999999999068" classname="Rules_class" name="StoppingLowestDoseHSRBeta_object_can_be_created_with_user_constructor_default_"/>
    <testcase time="0.00400000000000489" classname="Rules_class" name="StoppingLowestDoseHSRBeta_object_can_be_created_with_user_constructor_default_"/>
    <testcase time="0.00400000000000489" classname="Rules_class" name="StoppingLowestDoseHSRBeta_object_can_be_created_with_user_constructor_default_"/>
    <testcase time="0.00399999999999068" classname="Rules_class" name="StoppingLowestDoseHSRBeta_object_can_be_created_with_user_constructor_default_"/>
    <testcase time="0.007000000000005" classname="Rules_class" name="StoppingLowestDoseHSRBeta_object_can_be_created_with_user_constructor"/>
    <testcase time="0.00300000000000011" classname="Rules_class" name="StoppingLowestDoseHSRBeta_object_can_be_created_with_user_constructor"/>
    <testcase time="0.00499999999999545" classname="Rules_class" name="StoppingLowestDoseHSRBeta_object_can_be_created_with_user_constructor"/>
    <testcase time="0.00400000000000489" classname="Rules_class" name="StoppingLowestDoseHSRBeta_object_can_be_created_with_user_constructor"/>
    <testcase time="0.00400000000000489" classname="Rules_class" name="StoppingLowestDoseHSRBeta_object_can_be_created_with_user_constructor"/>
    <testcase time="0.00399999999999068" classname="Rules_class" name="StoppingLowestDoseHSRBeta_object_can_be_created_with_user_constructor"/>
    <testcase time="0.00600000000000023" classname="Rules_class" name="StoppingLowestDoseHSRBeta_object_can_be_created_with_user_constructor"/>
    <testcase time="0.00400000000000489" classname="Rules_class" name="StoppingLowestDoseHSRBeta_object_can_be_created_with_user_constructor"/>
    <testcase time="0.007000000000005" classname="Rules_class" name="StoppingLowestDoseHSRBeta_replaces_empty_label_with_correct_default_label"/>
    <testcase time="0.00499999999999545" classname="Rules_class" name="StoppingLowestDoseHSRBeta_replaces_empty_label_with_correct_default_label"/>
    <testcase time="0.00900000000000034" classname="Rules_class" name=".DefaultStoppingLowestDoseHSRBeta_works_as_expected"/>
    <testcase time="0.00699999999999079" classname="Rules_class" name=".StoppingTargetBiomarker_works_as_expected"/>
    <testcase time="0.00300000000000011" classname="Rules_class" name=".StoppingTargetBiomarker_works_as_expected"/>
    <testcase time="0.00500000000000966" classname="Rules_class" name=".StoppingTargetBiomarker_works_as_expected"/>
    <testcase time="0.00799999999999557" classname="Rules_class" name="StoppingTargetBiomarker_object_can_be_created_with_user_constructor_default_"/>
    <testcase time="0.00300000000000011" classname="Rules_class" name="StoppingTargetBiomarker_object_can_be_created_with_user_constructor_default_"/>
    <testcase time="0.00499999999999545" classname="Rules_class" name="StoppingTargetBiomarker_object_can_be_created_with_user_constructor_default_"/>
    <testcase time="0.00400000000000489" classname="Rules_class" name="StoppingTargetBiomarker_object_can_be_created_with_user_constructor_default_"/>
    <testcase time="0.00400000000000489" classname="Rules_class" name="StoppingTargetBiomarker_object_can_be_created_with_user_constructor_default_"/>
    <testcase time="0.00400000000000489" classname="Rules_class" name="StoppingTargetBiomarker_object_can_be_created_with_user_constructor_default_"/>
    <testcase time="0.007000000000005" classname="Rules_class" name="StoppingTargetBiomarker_object_can_be_created_with_user_constructor"/>
    <testcase time="0.00300000000000011" classname="Rules_class" name="StoppingTargetBiomarker_object_can_be_created_with_user_constructor"/>
    <testcase time="0.00499999999999545" classname="Rules_class" name="StoppingTargetBiomarker_object_can_be_created_with_user_constructor"/>
    <testcase time="0.00400000000000489" classname="Rules_class" name="StoppingTargetBiomarker_object_can_be_created_with_user_constructor"/>
    <testcase time="0.00399999999999068" classname="Rules_class" name="StoppingTargetBiomarker_object_can_be_created_with_user_constructor"/>
    <testcase time="0.00400000000000489" classname="Rules_class" name="StoppingTargetBiomarker_object_can_be_created_with_user_constructor"/>
    <testcase time="0.00400000000000489" classname="Rules_class" name="StoppingTargetBiomarker_object_can_be_created_with_user_constructor"/>
    <testcase time="0.00699999999999079" classname="Rules_class" name="StoppingTargetBiomarker_replaces_empty_label_with_correct_default_label"/>
    <testcase time="0.00400000000000489" classname="Rules_class" name="StoppingTargetBiomarker_replaces_empty_label_with_correct_default_label"/>
    <testcase time="0.0169999999999959" classname="Rules_class" name=".DefaultStoppingTargetBiomarker_works_as_expected"/>
    <testcase time="0.00800000000000978" classname="Rules_class" name=".StoppingSpecificDose_works_as_expected"/>
    <testcase time="0.00300000000000011" classname="Rules_class" name=".StoppingSpecificDose_works_as_expected"/>
    <testcase time="0.00399999999999068" classname="Rules_class" name=".StoppingSpecificDose_works_as_expected"/>
    <testcase time="0.00799999999999557" classname="Rules_class" name="StoppingSpecificDose_object_can_be_created_with_user_constructor_default_"/>
    <testcase time="0.00300000000000011" classname="Rules_class" name="StoppingSpecificDose_object_can_be_created_with_user_constructor_default_"/>
    <testcase time="0.00500000000000966" classname="Rules_class" name="StoppingSpecificDose_object_can_be_created_with_user_constructor_default_"/>
    <testcase time="0.00300000000000011" classname="Rules_class" name="StoppingSpecificDose_object_can_be_created_with_user_constructor_default_"/>
    <testcase time="0.00499999999999545" classname="Rules_class" name="StoppingSpecificDose_object_can_be_created_with_user_constructor_default_"/>
    <testcase time="0.00400000000000489" classname="Rules_class" name="StoppingSpecificDose_object_can_be_created_with_user_constructor_default_"/>
    <testcase time="0.00499999999999545" classname="Rules_class" name="StoppingSpecificDose_object_can_be_created_with_user_constructor_default_"/>
    <testcase time="0.00400000000000489" classname="Rules_class" name="StoppingSpecificDose_object_can_be_created_with_user_constructor_default_"/>
    <testcase time="0.00499999999999545" classname="Rules_class" name="StoppingSpecificDose_object_can_be_created_with_user_constructor_default_"/>
    <testcase time="0.00799999999999557" classname="Rules_class" name="StoppingSpecificDose_object_can_be_created_with_user_constructor"/>
    <testcase time="0.00300000000000011" classname="Rules_class" name="StoppingSpecificDose_object_can_be_created_with_user_constructor"/>
    <testcase time="0.00500000000000966" classname="Rules_class" name="StoppingSpecificDose_object_can_be_created_with_user_constructor"/>
    <testcase time="0.00199999999999534" classname="Rules_class" name="StoppingSpecificDose_object_can_be_created_with_user_constructor"/>
    <testcase time="0.00499999999999545" classname="Rules_class" name="StoppingSpecificDose_object_can_be_created_with_user_constructor"/>
    <testcase time="0.00400000000000489" classname="Rules_class" name="StoppingSpecificDose_object_can_be_created_with_user_constructor"/>
    <testcase time="0.00400000000000489" classname="Rules_class" name="StoppingSpecificDose_object_can_be_created_with_user_constructor"/>
    <testcase time="0.00499999999999545" classname="Rules_class" name="StoppingSpecificDose_object_can_be_created_with_user_constructor"/>
    <testcase time="0.00400000000000489" classname="Rules_class" name="StoppingSpecificDose_object_can_be_created_with_user_constructor"/>
    <testcase time="0.00799999999999557" classname="Rules_class" name="StoppingSpecificDose_replaces_empty_label_with_correct_default_label"/>
    <testcase time="0.00400000000000489" classname="Rules_class" name="StoppingSpecificDose_replaces_empty_label_with_correct_default_label"/>
    <testcase time="0.0110000000000099" classname="Rules_class" name=".DefaultStoppingSpecificDose_works_as_expected"/>
    <testcase time="0.00600000000000023" classname="Rules_class" name=".StoppingHighestDose_works_as_expected"/>
    <testcase time="0.00300000000000011" classname="Rules_class" name=".StoppingHighestDose_works_as_expected"/>
    <testcase time="0.00499999999999545" classname="Rules_class" name=".StoppingHighestDose_works_as_expected"/>
    <testcase time="0.00600000000000023" classname="Rules_class" name="StoppingHighestDose_object_can_be_created_with_user_constructor_default_"/>
    <testcase time="0.00300000000000011" classname="Rules_class" name="StoppingHighestDose_object_can_be_created_with_user_constructor_default_"/>
    <testcase time="0.00399999999999068" classname="Rules_class" name="StoppingHighestDose_object_can_be_created_with_user_constructor_default_"/>
    <testcase time="0.00500000000000966" classname="Rules_class" name="StoppingHighestDose_object_can_be_created_with_user_constructor_default_"/>
    <testcase time="0.00600000000000023" classname="Rules_class" name="StoppingHighestDose_object_can_be_created_with_user_constructor"/>
    <testcase time="0.00300000000000011" classname="Rules_class" name="StoppingHighestDose_object_can_be_created_with_user_constructor"/>
    <testcase time="0.00399999999999068" classname="Rules_class" name="StoppingHighestDose_object_can_be_created_with_user_constructor"/>
    <testcase time="0.00500000000000966" classname="Rules_class" name="StoppingHighestDose_object_can_be_created_with_user_constructor"/>
    <testcase time="0.00600000000000023" classname="Rules_class" name="StoppingHighestDose_replaces_empty_label_with_correct_default_label"/>
    <testcase time="0.00499999999999545" classname="Rules_class" name="StoppingHighestDose_replaces_empty_label_with_correct_default_label"/>
    <testcase time="0.0100000000000051" classname="Rules_class" name=".DefaultStoppingHighestDose_works_as_expected"/>
    <testcase time="0.00699999999999079" classname="Rules_class" name=".StoppingList_works_as_expected"/>
    <testcase time="0.00300000000000011" classname="Rules_class" name=".StoppingList_works_as_expected"/>
    <testcase time="0.00500000000000966" classname="Rules_class" name=".StoppingList_works_as_expected"/>
    <testcase time="0.00900000000000034" classname="Rules_class" name="StoppingList_object_can_be_created_with_user_constructor"/>
    <testcase time="0.00300000000000011" classname="Rules_class" name="StoppingList_object_can_be_created_with_user_constructor"/>
    <testcase time="0.00499999999999545" classname="Rules_class" name="StoppingList_object_can_be_created_with_user_constructor"/>
    <testcase time="0.00400000000000489" classname="Rules_class" name="StoppingList_object_can_be_created_with_user_constructor"/>
    <testcase time="0.00399999999999068" classname="Rules_class" name="StoppingList_object_can_be_created_with_user_constructor"/>
    <testcase time="0.0120000000000005" classname="Rules_class" name=".DefaultStoppingList_works_as_expected"/>
    <testcase time="0.007000000000005" classname="Rules_class" name=".StoppingAll_works_as_expected"/>
    <testcase time="0.00300000000000011" classname="Rules_class" name=".StoppingAll_works_as_expected"/>
    <testcase time="0.00400000000000489" classname="Rules_class" name=".StoppingAll_works_as_expected"/>
    <testcase time="0.00800000000000978" classname="Rules_class" name=".DefaultStoppingAll_works_as_expected"/>
    <testcase time="0.0029999999999859" classname="Rules_class" name=".DefaultStoppingAll_works_as_expected"/>
    <testcase time="0.00500000000000966" classname="Rules_class" name=".DefaultStoppingAll_works_as_expected"/>
    <testcase time="0.00900000000000034" classname="Rules_class" name="StoppingAll_object_can_be_created_with_user_constructor"/>
    <testcase time="0.00300000000000011" classname="Rules_class" name="StoppingAll_object_can_be_created_with_user_constructor"/>
    <testcase time="0.00399999999999068" classname="Rules_class" name="StoppingAll_object_can_be_created_with_user_constructor"/>
    <testcase time="0.00500000000000966" classname="Rules_class" name="StoppingAll_object_can_be_created_with_user_constructor"/>
    <testcase time="0.00399999999999068" classname="Rules_class" name="StoppingAll_object_can_be_created_with_user_constructor"/>
    <testcase time="0.007000000000005" classname="Rules_class" name=".StoppingAny_works_as_expected"/>
    <testcase time="0.00300000000000011" classname="Rules_class" name=".StoppingAny_works_as_expected"/>
    <testcase time="0.00499999999999545" classname="Rules_class" name=".StoppingAny_works_as_expected"/>
    <testcase time="0.0160000000000053" classname="Rules_class" name=".DefaultStoppingAny_works_as_expected"/>
    <testcase time="0.00300000000000011" classname="Rules_class" name=".DefaultStoppingAny_works_as_expected"/>
    <testcase time="0.00499999999999545" classname="Rules_class" name=".DefaultStoppingAny_works_as_expected"/>
    <testcase time="0.00900000000000034" classname="Rules_class" name="StoppingAny_object_can_be_created_with_user_constructor"/>
    <testcase time="0.00300000000000011" classname="Rules_class" name="StoppingAny_object_can_be_created_with_user_constructor"/>
    <testcase time="0.00600000000000023" classname="Rules_class" name="StoppingAny_object_can_be_created_with_user_constructor"/>
    <testcase time="0.00500000000000966" classname="Rules_class" name="StoppingAny_object_can_be_created_with_user_constructor"/>
    <testcase time="0.00499999999999545" classname="Rules_class" name="StoppingAny_object_can_be_created_with_user_constructor"/>
    <testcase time="0.007000000000005" classname="Rules_class" name=".StoppingTDCIRatio_works_as_expected"/>
    <testcase time="0.00300000000000011" classname="Rules_class" name=".StoppingTDCIRatio_works_as_expected"/>
    <testcase time="0.00499999999999545" classname="Rules_class" name=".StoppingTDCIRatio_works_as_expected"/>
    <testcase time="0.00799999999999557" classname="Rules_class" name="StoppingTDCIRatio_object_can_be_created_with_user_constructor_default_"/>
    <testcase time="0.00300000000000011" classname="Rules_class" name="StoppingTDCIRatio_object_can_be_created_with_user_constructor_default_"/>
    <testcase time="0.00600000000000023" classname="Rules_class" name="StoppingTDCIRatio_object_can_be_created_with_user_constructor_default_"/>
    <testcase time="0.00400000000000489" classname="Rules_class" name="StoppingTDCIRatio_object_can_be_created_with_user_constructor_default_"/>
    <testcase time="0.00499999999999545" classname="Rules_class" name="StoppingTDCIRatio_object_can_be_created_with_user_constructor_default_"/>
    <testcase time="0.00400000000000489" classname="Rules_class" name="StoppingTDCIRatio_object_can_be_created_with_user_constructor_default_"/>
    <testcase time="0.00799999999999557" classname="Rules_class" name="StoppingTDCIRatio_object_can_be_created_with_user_constructor"/>
    <testcase time="0.00300000000000011" classname="Rules_class" name="StoppingTDCIRatio_object_can_be_created_with_user_constructor"/>
    <testcase time="0.00499999999999545" classname="Rules_class" name="StoppingTDCIRatio_object_can_be_created_with_user_constructor"/>
    <testcase time="0.00500000000000966" classname="Rules_class" name="StoppingTDCIRatio_object_can_be_created_with_user_constructor"/>
    <testcase time="0.00399999999999068" classname="Rules_class" name="StoppingTDCIRatio_object_can_be_created_with_user_constructor"/>
    <testcase time="0.00500000000000966" classname="Rules_class" name="StoppingTDCIRatio_object_can_be_created_with_user_constructor"/>
    <testcase time="0.00699999999999079" classname="Rules_class" name="StoppingTDCIRatio_replaces_empty_label_with_correct_default_label"/>
    <testcase time="0.00500000000000966" classname="Rules_class" name="StoppingTDCIRatio_replaces_empty_label_with_correct_default_label"/>
    <testcase time="0.00900000000000034" classname="Rules_class" name=".DefaultStoppingTDCIRatio_works_as_expected"/>
    <testcase time="0.00699999999999079" classname="Rules_class" name=".StoppingMaxGainCIRatio_works_as_expected"/>
    <testcase time="0.00300000000000011" classname="Rules_class" name=".StoppingMaxGainCIRatio_works_as_expected"/>
    <testcase time="0.00500000000000966" classname="Rules_class" name=".StoppingMaxGainCIRatio_works_as_expected"/>
    <testcase time="0.00699999999999079" classname="Rules_class" name="StoppingMaxGainCIRatio_object_can_be_created_with_user_constructor_default_"/>
    <testcase time="0.00300000000000011" classname="Rules_class" name="StoppingMaxGainCIRatio_object_can_be_created_with_user_constructor_default_"/>
    <testcase time="0.00500000000000966" classname="Rules_class" name="StoppingMaxGainCIRatio_object_can_be_created_with_user_constructor_default_"/>
    <testcase time="0.00499999999999545" classname="Rules_class" name="StoppingMaxGainCIRatio_object_can_be_created_with_user_constructor_default_"/>
    <testcase time="0.00400000000000489" classname="Rules_class" name="StoppingMaxGainCIRatio_object_can_be_created_with_user_constructor_default_"/>
    <testcase time="0.00399999999999068" classname="Rules_class" name="StoppingMaxGainCIRatio_object_can_be_created_with_user_constructor_default_"/>
    <testcase time="0.00800000000000978" classname="Rules_class" name="StoppingMaxGainCIRatio_object_can_be_created_with_user_constructor"/>
    <testcase time="0.00300000000000011" classname="Rules_class" name="StoppingMaxGainCIRatio_object_can_be_created_with_user_constructor"/>
    <testcase time="0.00499999999999545" classname="Rules_class" name="StoppingMaxGainCIRatio_object_can_be_created_with_user_constructor"/>
    <testcase time="0.00399999999999068" classname="Rules_class" name="StoppingMaxGainCIRatio_object_can_be_created_with_user_constructor"/>
    <testcase time="0.00500000000000966" classname="Rules_class" name="StoppingMaxGainCIRatio_object_can_be_created_with_user_constructor"/>
    <testcase time="0.00399999999999068" classname="Rules_class" name="StoppingMaxGainCIRatio_object_can_be_created_with_user_constructor"/>
    <testcase time="0.007000000000005" classname="Rules_class" name="StoppingMaxGainCIRatio_replaces_empty_label_with_correct_default_label"/>
    <testcase time="0.00499999999999545" classname="Rules_class" name="StoppingMaxGainCIRatio_replaces_empty_label_with_correct_default_label"/>
    <testcase time="0.00900000000000034" classname="Rules_class" name=".DefaultStoppingMaxGainCIRatio_works_as_expected"/>
    <testcase time="0.00800000000000978" classname="Rules_class" name=".StoppingOrdinal_works_as_expected"/>
    <testcase time="0.00399999999999068" classname="Rules_class" name=".StoppingOrdinal_works_as_expected"/>
    <testcase time="0.00400000000000489" classname="Rules_class" name=".StoppingOrdinal_works_as_expected"/>
    <testcase time="0.00799999999999557" classname="Rules_class" name=".DefaultStoppingOrdinal_works_as_expected"/>
    <testcase time="0.00300000000000011" classname="Rules_class" name=".DefaultStoppingOrdinal_works_as_expected"/>
    <testcase time="0.00500000000000966" classname="Rules_class" name=".DefaultStoppingOrdinal_works_as_expected"/>
    <testcase time="0.00699999999999079" classname="Rules_class" name="StoppingOrdinal_object_can_be_created_with_user_constructor"/>
    <testcase time="0.00300000000000011" classname="Rules_class" name="StoppingOrdinal_object_can_be_created_with_user_constructor"/>
    <testcase time="0.00500000000000966" classname="Rules_class" name="StoppingOrdinal_object_can_be_created_with_user_constructor"/>
    <testcase time="0.00399999999999068" classname="Rules_class" name="StoppingOrdinal_object_can_be_created_with_user_constructor"/>
    <testcase time="0.00600000000000023" classname="Rules_class" name="StoppingOrdinal_object_can_be_created_with_user_constructor"/>
    <testcase time="0.00400000000000489" classname="Rules_class" name="StoppingOrdinal_object_can_be_created_with_user_constructor"/>
    <testcase time="0.00799999999999557" classname="Rules_class" name=".StoppingExternal_works_as_expected"/>
    <testcase time="0.00300000000000011" classname="Rules_class" name=".StoppingExternal_works_as_expected"/>
    <testcase time="0.0120000000000005" classname="Rules_class" name=".StoppingExternal_works_as_expected"/>
    <testcase time="0.00499999999999545" classname="Rules_class" name=".StoppingExternal_works_as_expected"/>
    <testcase time="0.007000000000005" classname="Rules_class" name=".DefaultStoppingExternal_works_as_expected"/>
    <testcase time="0.00300000000000011" classname="Rules_class" name=".DefaultStoppingExternal_works_as_expected"/>
    <testcase time="0.00399999999999068" classname="Rules_class" name=".DefaultStoppingExternal_works_as_expected"/>
    <testcase time="0.007000000000005" classname="Rules_class" name=".DefaultStoppingExternal_works_as_expected"/>
    <testcase time="0.0120000000000005" classname="Rules_class" name="StoppingExternal_object_can_be_created_with_user_constructor"/>
    <testcase time="0.00499999999999545" classname="Rules_class" name="StoppingExternal_object_can_be_created_with_user_constructor"/>
    <testcase time="0.00600000000000023" classname="Rules_class" name="StoppingExternal_object_can_be_created_with_user_constructor"/>
    <testcase time="0.00500000000000966" classname="Rules_class" name="StoppingExternal_object_can_be_created_with_user_constructor"/>
    <testcase time="0.00699999999999079" classname="Rules_class" name=".CohortSizeRange_works_as_expected"/>
    <testcase time="0.00300000000000011" classname="Rules_class" name=".CohortSizeRange_works_as_expected"/>
    <testcase time="0.00500000000000966" classname="Rules_class" name=".CohortSizeRange_works_as_expected"/>
    <testcase time="0.00799999999999557" classname="Rules_class" name="CohortSizeRange_object_can_be_created_with_user_constructor"/>
    <testcase time="0.00300000000000011" classname="Rules_class" name="CohortSizeRange_object_can_be_created_with_user_constructor"/>
    <testcase time="0.00600000000000023" classname="Rules_class" name="CohortSizeRange_object_can_be_created_with_user_constructor"/>
    <testcase time="0.00400000000000489" classname="Rules_class" name="CohortSizeRange_object_can_be_created_with_user_constructor"/>
    <testcase time="0.00499999999999545" classname="Rules_class" name="CohortSizeRange_object_can_be_created_with_user_constructor"/>
    <testcase time="0.0130000000000052" classname="Rules_class" name=".DefaultCohortSizeRange_works_as_expected"/>
    <testcase time="0.00699999999999079" classname="Rules_class" name=".CohortSizeDLT_works_as_expected"/>
    <testcase time="0.00300000000000011" classname="Rules_class" name=".CohortSizeDLT_works_as_expected"/>
    <testcase time="0.00500000000000966" classname="Rules_class" name=".CohortSizeDLT_works_as_expected"/>
    <testcase time="0.00799999999999557" classname="Rules_class" name="CohortSizeDLT_object_can_be_created_with_user_constructor"/>
    <testcase time="0.00300000000000011" classname="Rules_class" name="CohortSizeDLT_object_can_be_created_with_user_constructor"/>
    <testcase time="0.00499999999999545" classname="Rules_class" name="CohortSizeDLT_object_can_be_created_with_user_constructor"/>
    <testcase time="0.00499999999999545" classname="Rules_class" name="CohortSizeDLT_object_can_be_created_with_user_constructor"/>
    <testcase time="0.00500000000000966" classname="Rules_class" name="CohortSizeDLT_object_can_be_created_with_user_constructor"/>
    <testcase time="0.00900000000000034" classname="Rules_class" name=".DefaultCohortSizeDLT_works_as_expected"/>
    <testcase time="0.00699999999999079" classname="Rules_class" name=".CohortSizeConst_works_as_expected"/>
    <testcase time="0.00300000000000011" classname="Rules_class" name=".CohortSizeConst_works_as_expected"/>
    <testcase time="0.00600000000000023" classname="Rules_class" name=".CohortSizeConst_works_as_expected"/>
    <testcase time="0.007000000000005" classname="Rules_class" name="CohortSizeConst_object_can_be_created_with_user_constructor"/>
    <testcase time="0.00300000000000011" classname="Rules_class" name="CohortSizeConst_object_can_be_created_with_user_constructor"/>
    <testcase time="0.00499999999999545" classname="Rules_class" name="CohortSizeConst_object_can_be_created_with_user_constructor"/>
    <testcase time="0.00500000000000966" classname="Rules_class" name="CohortSizeConst_object_can_be_created_with_user_constructor"/>
    <testcase time="0.00900000000000034" classname="Rules_class" name=".DefaultCohortSizeConst_works_as_expected"/>
    <testcase time="0.00699999999999079" classname="Rules_class" name=".CohortSizeParts_works_as_expected"/>
    <testcase time="0.00300000000000011" classname="Rules_class" name=".CohortSizeParts_works_as_expected"/>
    <testcase time="0.00500000000000966" classname="Rules_class" name=".CohortSizeParts_works_as_expected"/>
    <testcase time="0.00699999999999079" classname="Rules_class" name=".DefaultCohortSizeParts_works_as_expected"/>
    <testcase time="0.00400000000000489" classname="Rules_class" name=".DefaultCohortSizeParts_works_as_expected"/>
    <testcase time="0.00499999999999545" classname="Rules_class" name=".DefaultCohortSizeParts_works_as_expected"/>
    <testcase time="0.007000000000005" classname="Rules_class" name="CohortSizeParts_object_can_be_created_with_user_constructor"/>
    <testcase time="0.00300000000000011" classname="Rules_class" name="CohortSizeParts_object_can_be_created_with_user_constructor"/>
    <testcase time="0.00499999999999545" classname="Rules_class" name="CohortSizeParts_object_can_be_created_with_user_constructor"/>
    <testcase time="0.00499999999999545" classname="Rules_class" name="CohortSizeParts_object_can_be_created_with_user_constructor"/>
    <testcase time="0.007000000000005" classname="Rules_class" name=".CohortSizeMax_works_as_expected"/>
    <testcase time="0.00400000000000489" classname="Rules_class" name=".CohortSizeMax_works_as_expected"/>
    <testcase time="0.00499999999999545" classname="Rules_class" name=".CohortSizeMax_works_as_expected"/>
    <testcase time="0.00799999999999557" classname="Rules_class" name="CohortSizeMax_object_can_be_created_with_user_constructor"/>
    <testcase time="0.00400000000000489" classname="Rules_class" name="CohortSizeMax_object_can_be_created_with_user_constructor"/>
    <testcase time="0.00499999999999545" classname="Rules_class" name="CohortSizeMax_object_can_be_created_with_user_constructor"/>
    <testcase time="0.00500000000000966" classname="Rules_class" name="CohortSizeMax_object_can_be_created_with_user_constructor"/>
    <testcase time="0.00600000000000023" classname="Rules_class" name="CohortSizeMax_object_can_be_created_with_user_constructor"/>
    <testcase time="0.00300000000000011" classname="Rules_class" name="CohortSizeMax_object_can_be_created_with_user_constructor"/>
    <testcase time="0.00499999999999545" classname="Rules_class" name="CohortSizeMax_object_can_be_created_with_user_constructor"/>
    <testcase time="0.0120000000000005" classname="Rules_class" name="CohortSizeMax_object_can_be_created_with_user_constructor"/>
    <testcase time="0.0109999999999957" classname="Rules_class" name=".DefaultCohortSizeMax_works_as_expected"/>
    <testcase time="0.007000000000005" classname="Rules_class" name=".CohortSizeMin_works_as_expected"/>
    <testcase time="0.00400000000000489" classname="Rules_class" name=".CohortSizeMin_works_as_expected"/>
    <testcase time="0.00600000000000023" classname="Rules_class" name=".CohortSizeMin_works_as_expected"/>
    <testcase time="0.00900000000000034" classname="Rules_class" name="CohortSizeMin_object_can_be_created_with_user_constructor"/>
    <testcase time="0.00399999999999068" classname="Rules_class" name="CohortSizeMin_object_can_be_created_with_user_constructor"/>
    <testcase time="0.00500000000000966" classname="Rules_class" name="CohortSizeMin_object_can_be_created_with_user_constructor"/>
    <testcase time="0.00400000000000489" classname="Rules_class" name="CohortSizeMin_object_can_be_created_with_user_constructor"/>
    <testcase time="0.00600000000000023" classname="Rules_class" name="CohortSizeMin_object_can_be_created_with_user_constructor"/>
    <testcase time="0.00399999999999068" classname="Rules_class" name="CohortSizeMin_object_can_be_created_with_user_constructor"/>
    <testcase time="0.00500000000000966" classname="Rules_class" name="CohortSizeMin_object_can_be_created_with_user_constructor"/>
    <testcase time="0.00499999999999545" classname="Rules_class" name="CohortSizeMin_object_can_be_created_with_user_constructor"/>
    <testcase time="0.0109999999999957" classname="Rules_class" name=".DefaultCohortSizeMain_works_as_expected"/>
    <testcase time="0.00900000000000034" classname="Rules_class" name=".CohortSizeOrdinal_works_as_expected"/>
    <testcase time="0.00300000000000011" classname="Rules_class" name=".CohortSizeOrdinal_works_as_expected"/>
    <testcase time="0.00600000000000023" classname="Rules_class" name=".CohortSizeOrdinal_works_as_expected"/>
    <testcase time="0.00800000000000978" classname="Rules_class" name=".DefaultCohortSizeOrdinal_works_as_expected"/>
    <testcase time="0.00300000000000011" classname="Rules_class" name=".DefaultCohortSizeOrdinal_works_as_expected"/>
    <testcase time="0.00600000000000023" classname="Rules_class" name=".DefaultCohortSizeOrdinal_works_as_expected"/>
    <testcase time="0.00799999999999557" classname="Rules_class" name="CohortSizeOrdinal_object_can_be_created_with_user_constructor"/>
    <testcase time="0.00300000000000011" classname="Rules_class" name="CohortSizeOrdinal_object_can_be_created_with_user_constructor"/>
    <testcase time="0.00600000000000023" classname="Rules_class" name="CohortSizeOrdinal_object_can_be_created_with_user_constructor"/>
    <testcase time="0.00499999999999545" classname="Rules_class" name="CohortSizeOrdinal_object_can_be_created_with_user_constructor"/>
    <testcase time="0.00500000000000966" classname="Rules_class" name="CohortSizeOrdinal_object_can_be_created_with_user_constructor"/>
    <testcase time="0.00699999999999079" classname="Rules_class" name=".SafetyWindowSize_works_as_expected"/>
    <testcase time="0.00300000000000011" classname="Rules_class" name=".SafetyWindowSize_works_as_expected"/>
    <testcase time="0.00499999999999545" classname="Rules_class" name=".SafetyWindowSize_works_as_expected"/>
    <testcase time="0.00800000000000978" classname="Rules_class" name=".DefaultSafetyWindowSize_works_as_expected"/>
    <testcase time="0.00399999999999068" classname="Rules_class" name=".DefaultSafetyWindowSize_works_as_expected"/>
    <testcase time="0.00500000000000966" classname="Rules_class" name=".DefaultSafetyWindowSize_works_as_expected"/>
    <testcase time="0.00799999999999557" classname="Rules_class" name="SafetyWindowSize_object_can_be_created_with_user_constructor"/>
    <testcase time="0.00300000000000011" classname="Rules_class" name="SafetyWindowSize_object_can_be_created_with_user_constructor"/>
    <testcase time="0.00600000000000023" classname="Rules_class" name="SafetyWindowSize_object_can_be_created_with_user_constructor"/>
    <testcase time="0.00499999999999545" classname="Rules_class" name="SafetyWindowSize_object_can_be_created_with_user_constructor"/>
    <testcase time="0.00499999999999545" classname="Rules_class" name="SafetyWindowSize_object_can_be_created_with_user_constructor"/>
    <testcase time="0.00400000000000489" classname="Rules_class" name="SafetyWindowSize_object_can_be_created_with_user_constructor"/>
    <testcase time="0.00499999999999545" classname="Rules_class" name="SafetyWindowSize_object_can_be_created_with_user_constructor"/>
    <testcase time="0.0110000000000099" classname="Rules_class" name="SafetyWindowSize_warns_when_follow_follow_min"/>
    <testcase time="0.00799999999999557" classname="Rules_class" name=".SafetyWindowConst_works_as_expected"/>
    <testcase time="0.00300000000000011" classname="Rules_class" name=".SafetyWindowConst_works_as_expected"/>
    <testcase time="0.007000000000005" classname="Rules_class" name=".SafetyWindowConst_works_as_expected"/>
    <testcase time="0.00799999999999557" classname="Rules_class" name=".DefaultSafetyWindowConst_works_as_expected"/>
    <testcase time="0.00300000000000011" classname="Rules_class" name=".DefaultSafetyWindowConst_works_as_expected"/>
    <testcase time="0.00499999999999545" classname="Rules_class" name=".DefaultSafetyWindowConst_works_as_expected"/>
    <testcase time="0.00800000000000978" classname="Rules_class" name="SafetyWindowConst_object_can_be_created_with_user_constructor"/>
    <testcase time="0.00399999999999068" classname="Rules_class" name="SafetyWindowConst_object_can_be_created_with_user_constructor"/>
    <testcase time="0.00500000000000966" classname="Rules_class" name="SafetyWindowConst_object_can_be_created_with_user_constructor"/>
    <testcase time="0.00499999999999545" classname="Rules_class" name="SafetyWindowConst_object_can_be_created_with_user_constructor"/>
    <testcase time="0.00499999999999545" classname="Rules_class" name="SafetyWindowConst_object_can_be_created_with_user_constructor"/>
    <testcase time="0.00500000000000966" classname="Rules_class" name="SafetyWindowConst_object_can_be_created_with_user_constructor"/>
    <testcase time="0.0180000000000007" classname="Rules_class" name="SafetyWindowConst_warns_when_follow_follow_min"/>
    <testcase time="0.00999999999999091" classname="Rules_class" name="Use_of_.DefaultNextBest_throws_an_exception"/>
    <testcase time="0.0109999999999957" classname="Rules_class" name="Use_of_.DefaultIncrements_throws_an_exception"/>
    <testcase time="0.0110000000000099" classname="Rules_class" name="Use_of_.DefaultSafetyWindow_throws_an_exception"/>
    <testcase time="0.0109999999999957" classname="Rules_class" name="Use_of_.DefaultCohortSize_throws_an_exception"/>
  </testsuite>
  <testsuite name="Rules-methods" timestamp="2024-10-07T08:40:23Z" hostname="18e134b69287" tests="2455" skipped="44" failures="0" errors="0" time="33.85">
    <testcase time="0.0589999999999975" classname="Rules_methods" name="nextBest_NextBestMTD_returns_correct_next_dose_and_plot"/>
    <testcase time="0.0990000000000038" classname="Rules_methods" name="nextBest_NextBestMTD_returns_correct_next_dose_and_plot">
      <skipped message="Reason: On CRAN ('test-Rules-methods.R:26:3')"/>
    </testcase>
    <testcase time="0.0390000000000015" classname="Rules_methods" name="nextBest_NextBestMTD_returns_correct_next_dose_and_plot_no_doselimit_"/>
    <testcase time="0.123000000000005" classname="Rules_methods" name="nextBest_NextBestMTD_returns_correct_next_dose_and_plot_no_doselimit_">
      <skipped message="Reason: On CRAN ('test-Rules-methods.R:44:3')"/>
    </testcase>
    <testcase time="0.0449999999999875" classname="Rules_methods" name="nextBest_NextBestMTD_returns_correct_next_dose_and_plot_when_doselimit_0"/>
    <testcase time="0.0940000000000083" classname="Rules_methods" name="nextBest_NextBestMTD_returns_correct_next_dose_and_plot_when_doselimit_0">
      <skipped message="Reason: On CRAN ('test-Rules-methods.R:68:3')"/>
    </testcase>
    <testcase time="0.140999999999991" classname="Rules_methods" name="nextBest_NextBestNCRM_returns_expected_values_of_the_objects"/>
    <testcase time="0.00800000000000978" classname="Rules_methods" name="nextBest_NextBestNCRM_returns_expected_values_of_the_objects">
      <skipped message="Reason: On CRAN ('test-Rules-methods.R:86:3')"/>
    </testcase>
    <testcase time="0.147999999999996" classname="Rules_methods" name="nextBest_NextBestNCRM_returns_expected_values_of_the_objects_no_doselimit_"/>
    <testcase time="0.007000000000005" classname="Rules_methods" name="nextBest_NextBestNCRM_returns_expected_values_of_the_objects_no_doselimit_">
      <skipped message="Reason: On CRAN ('test-Rules-methods.R:104:3')"/>
    </testcase>
    <testcase time="0.168999999999997" classname="Rules_methods" name="nextBest_NextBestNCRM_can_accept_additional_arguments_and_pass_them_to_prob_inside"/>
    <testcase time="0.155000000000001" classname="Rules_methods" name="nextBest_NextBestNCRM_DataParts_returns_expected_values_of_the_objects"/>
    <testcase time="0.00799999999999557" classname="Rules_methods" name="nextBest_NextBestNCRM_DataParts_returns_expected_values_of_the_objects">
      <skipped message="Reason: On CRAN ('test-Rules-methods.R:133:3')"/>
    </testcase>
    <testcase time="0.138999999999996" classname="Rules_methods" name="nextBest_NextBestNCRM_DataParts_returns_expected_values_of_the_objects_no_doselimit_"/>
    <testcase time="0.007000000000005" classname="Rules_methods" name="nextBest_NextBestNCRM_DataParts_returns_expected_values_of_the_objects_no_doselimit_">
      <skipped message="Reason: On CRAN ('test-Rules-methods.R:149:3')"/>
    </testcase>
    <testcase time="0.0319999999999965" classname="Rules_methods" name="nextBest_NextBestNCRM_DataParts_returns_expected_value_for_all_parts_1"/>
    <testcase time="0.00400000000000489" classname="Rules_methods" name="nextBest_NextBestNCRM_DataParts_returns_expected_value_for_all_parts_1"/>
    <testcase time="0.0240000000000009" classname="Rules_methods" name="nextBest_NextBestNCRM_DataParts_throws_the_error_for_all_parts_1_and_no_doselimit"/>
    <testcase time="0.190999999999988" classname="Rules_methods" name="nextBest_NextBestNCRMLoss_returns_expected_values_of_the_objects"/>
    <testcase time="0.00800000000000978" classname="Rules_methods" name="nextBest_NextBestNCRMLoss_returns_expected_values_of_the_objects">
      <skipped message="Reason: On CRAN ('test-Rules-methods.R:201:3')"/>
    </testcase>
    <testcase time="0.218999999999994" classname="Rules_methods" name="nextBest_NextBestNCRMLoss_returns_expected_values_of_the_objects_loss_function_of_4_elements_"/>
    <testcase time="0.00799999999999557" classname="Rules_methods" name="nextBest_NextBestNCRMLoss_returns_expected_values_of_the_objects_loss_function_of_4_elements_">
      <skipped message="Reason: On CRAN ('test-Rules-methods.R:224:3')"/>
    </testcase>
    <testcase time="0.177000000000007" classname="Rules_methods" name="nextBest_NextBestNCRMLoss_returns_expected_values_of_the_objects_no_doselimit_"/>
    <testcase time="0.0139999999999958" classname="Rules_methods" name="nextBest_NextBestNCRMLoss_returns_expected_values_of_the_objects_no_doselimit_">
      <skipped message="Reason: On CRAN ('test-Rules-methods.R:240:3')"/>
    </testcase>
    <testcase time="0.0230000000000103" classname="Rules_methods" name="nextBest_NextBestThreePlusThree_returns_expected_values_33_and_escalated_"/>
    <testcase time="0.00300000000000011" classname="Rules_methods" name="nextBest_NextBestThreePlusThree_returns_expected_values_33_and_escalated_"/>
    <testcase time="0.0159999999999911" classname="Rules_methods" name="nextBest_NextBestThreePlusThree_returns_expected_values_33_max_dose_no_escalation_"/>
    <testcase time="0.00300000000000011" classname="Rules_methods" name="nextBest_NextBestThreePlusThree_returns_expected_values_33_max_dose_no_escalation_"/>
    <testcase time="0.0150000000000006" classname="Rules_methods" name="nextBest_NextBestThreePlusThree_returns_expected_values_33_and_no_escalation_"/>
    <testcase time="0.00300000000000011" classname="Rules_methods" name="nextBest_NextBestThreePlusThree_returns_expected_values_33_and_no_escalation_"/>
    <testcase time="0.0160000000000053" classname="Rules_methods" name="nextBest_NextBestThreePlusThree_returns_expected_values_33_"/>
    <testcase time="0.00300000000000011" classname="Rules_methods" name="nextBest_NextBestThreePlusThree_returns_expected_values_33_"/>
    <testcase time="0.0159999999999911" classname="Rules_methods" name="nextBest_NextBestThreePlusThree_returns_expected_values_33_3_patients_at_last_lev_"/>
    <testcase time="0.00300000000000011" classname="Rules_methods" name="nextBest_NextBestThreePlusThree_returns_expected_values_33_3_patients_at_last_lev_"/>
    <testcase time="0.0170000000000101" classname="Rules_methods" name="nextBest_NextBestThreePlusThree_returns_expected_values_33_6_patients_at_last_lev_"/>
    <testcase time="0.00300000000000011" classname="Rules_methods" name="nextBest_NextBestThreePlusThree_returns_expected_values_33_6_patients_at_last_lev_"/>
    <testcase time="0.0229999999999961" classname="Rules_methods" name="nextBest_NextBestThreePlusThree_returns_expected_values_next_level_0_"/>
    <testcase time="0.00300000000000011" classname="Rules_methods" name="nextBest_NextBestThreePlusThree_returns_expected_values_next_level_0_"/>
    <testcase time="0.144000000000005" classname="Rules_methods" name="nextBest_NextBestDualEndpoint_returns_expected_elements"/>
    <testcase time="0.00699999999999079" classname="Rules_methods" name="nextBest_NextBestDualEndpoint_returns_expected_elements">
      <skipped message="Reason: On CRAN ('test-Rules-methods.R:322:3')"/>
    </testcase>
    <testcase time="0.161000000000001" classname="Rules_methods" name="nextBest_NextBestDualEndpoint_returns_expected_elements_with_Emax_param_"/>
    <testcase time="0.00799999999999557" classname="Rules_methods" name="nextBest_NextBestDualEndpoint_returns_expected_elements_with_Emax_param_">
      <skipped message="Reason: On CRAN ('test-Rules-methods.R:340:3')"/>
    </testcase>
    <testcase time="0.165000000000006" classname="Rules_methods" name="nextBest_NextBestDualEndpoint_returns_expected_elements_absolute_target_"/>
    <testcase time="0.007000000000005" classname="Rules_methods" name="nextBest_NextBestDualEndpoint_returns_expected_elements_absolute_target_">
      <skipped message="Reason: On CRAN ('test-Rules-methods.R:357:3')"/>
    </testcase>
    <testcase time="0.153999999999996" classname="Rules_methods" name="nextBest_NextBestDualEndpoint_returns_expected_elements_absolute_target_no_doselimit_"/>
    <testcase time="0.00699999999999079" classname="Rules_methods" name="nextBest_NextBestDualEndpoint_returns_expected_elements_absolute_target_no_doselimit_">
      <skipped message="Reason: On CRAN ('test-Rules-methods.R:374:3')"/>
    </testcase>
    <testcase time="0.0550000000000068" classname="Rules_methods" name="nextBest_NextBestMinDist_returns_expected_values_and_plot"/>
    <testcase time="0.00799999999999557" classname="Rules_methods" name="nextBest_NextBestMinDist_returns_expected_values_and_plot">
      <skipped message="Reason: On CRAN ('test-Rules-methods.R:390:3')"/>
    </testcase>
    <testcase time="0.0510000000000019" classname="Rules_methods" name="nextBest_NextBestMinDist_returns_expected_values_and_plot_with_placebo_"/>
    <testcase time="0.00799999999999557" classname="Rules_methods" name="nextBest_NextBestMinDist_returns_expected_values_and_plot_with_placebo_">
      <skipped message="Reason: On CRAN ('test-Rules-methods.R:404:3')"/>
    </testcase>
    <testcase time="0.0460000000000065" classname="Rules_methods" name="nextBest_NextBestMinDist_returns_expected_values_and_plot_no_doselimit_"/>
    <testcase time="0.00799999999999557" classname="Rules_methods" name="nextBest_NextBestMinDist_returns_expected_values_and_plot_no_doselimit_">
      <skipped message="Reason: On CRAN ('test-Rules-methods.R:418:3')"/>
    </testcase>
    <testcase time="0.0310000000000059" classname="Rules_methods" name="nextBest_NextBestInfTheory_returns_correct_next_dose"/>
    <testcase time="0.0220000000000056" classname="Rules_methods" name="nextBest_NextBestInfTheory_returns_correct_next_dose_no_doselimit_"/>
    <testcase time="0.0369999999999919" classname="Rules_methods" name="nextBest_NextBestTDsamples_returns_expected_values_of_the_objects"/>
    <testcase time="0.161000000000001" classname="Rules_methods" name="nextBest_NextBestTDsamples_returns_expected_values_of_the_objects">
      <skipped message="Reason: On CRAN ('test-Rules-methods.R:478:5')"/>
    </testcase>
    <testcase time="0.0480000000000018" classname="Rules_methods" name="nextBest_NextBestTDsamples_returns_expected_values_of_the_objects_no_doselimit_"/>
    <testcase time="0.126999999999995" classname="Rules_methods" name="nextBest_NextBestTDsamples_returns_expected_values_of_the_objects_no_doselimit_">
      <skipped message="Reason: On CRAN ('test-Rules-methods.R:506:5')"/>
    </testcase>
    <testcase time="0.046999999999997" classname="Rules_methods" name="nextBest_NextBestTDsamples_returns_expected_values_of_the_objects_other_targets_"/>
    <testcase time="0.0630000000000024" classname="Rules_methods" name="nextBest_NextBestTD_returns_expected_values_of_the_objects"/>
    <testcase time="0.124000000000009" classname="Rules_methods" name="nextBest_NextBestTD_returns_expected_values_of_the_objects">
      <skipped message="Reason: On CRAN ('test-Rules-methods.R:554:3')"/>
    </testcase>
    <testcase time="0.0629999999999882" classname="Rules_methods" name="nextBest_NextBestTD_returns_expected_values_of_the_objects_no_doselimit_"/>
    <testcase time="0.164000000000001" classname="Rules_methods" name="nextBest_NextBestTD_returns_expected_values_of_the_objects_no_doselimit_">
      <skipped message="Reason: On CRAN ('test-Rules-methods.R:574:3')"/>
    </testcase>
    <testcase time="0.0640000000000072" classname="Rules_methods" name="nextBest_NextBestTD_returns_expected_values_of_the_objects_other_targets_"/>
    <testcase time="0.174999999999997" classname="Rules_methods" name="nextBest_NextBestMaxGain_returns_expected_values_of_the_objects"/>
    <testcase time="0.191999999999993" classname="Rules_methods" name="nextBest_NextBestMaxGain_returns_expected_values_of_the_objects">
      <skipped message="Reason: On CRAN ('test-Rules-methods.R:621:3')"/>
    </testcase>
    <testcase time="0.437000000000012" classname="Rules_methods" name="nextBest_NextBestMaxGain_returns_expected_values_of_the_objects_no_doselimit_"/>
    <testcase time="0.170000000000002" classname="Rules_methods" name="nextBest_NextBestMaxGain_returns_expected_values_of_the_objects_no_doselimit_">
      <skipped message="Reason: On CRAN ('test-Rules-methods.R:647:3')"/>
    </testcase>
    <testcase time="0.177999999999997" classname="Rules_methods" name="nextBest_NextBestMaxGain_returns_expected_values_of_the_objects_other_targets_placebo_"/>
    <testcase time="0.0679999999999978" classname="Rules_methods" name="nextBest_NextBestMaxGainSamples_returns_expected_values_of_the_objects"/>
    <testcase time="0.120999999999995" classname="Rules_methods" name="nextBest_NextBestMaxGainSamples_returns_expected_values_of_the_objects">
      <skipped message="Reason: On CRAN ('test-Rules-methods.R:710:3')"/>
    </testcase>
    <testcase time="0.0760000000000076" classname="Rules_methods" name="nextBest_NextBestMaxGainSamples_returns_expected_values_of_the_objects_no_doselimit_"/>
    <testcase time="0.128" classname="Rules_methods" name="nextBest_NextBestMaxGainSamples_returns_expected_values_of_the_objects_no_doselimit_">
      <skipped message="Reason: On CRAN ('test-Rules-methods.R:746:3')"/>
    </testcase>
    <testcase time="0.0789999999999935" classname="Rules_methods" name="nextBest_NextBestMaxGainSamples_returns_expected_values_of_the_objects_other_targets_placebo_"/>
    <testcase time="0.0480000000000018" classname="Rules_methods" name="nextBest_NextBestProbMTDLTE_returns_correct_next_dose_and_plot"/>
    <testcase time="0.007000000000005" classname="Rules_methods" name="nextBest_NextBestProbMTDLTE_returns_correct_next_dose_and_plot">
      <skipped message="Reason: On CRAN ('test-Rules-methods.R:796:3')"/>
    </testcase>
    <testcase time="0.0489999999999924" classname="Rules_methods" name="nextBest_NextBestProbMTDLTE_returns_correct_next_dose_and_plot_with_placebo_"/>
    <testcase time="0.007000000000005" classname="Rules_methods" name="nextBest_NextBestProbMTDLTE_returns_correct_next_dose_and_plot_with_placebo_">
      <skipped message="Reason: On CRAN ('test-Rules-methods.R:810:3')"/>
    </testcase>
    <testcase time="0.0450000000000017" classname="Rules_methods" name="nextBest_NextBestProbMTDLTE_returns_correct_next_dose_and_plot_no_doselimit_"/>
    <testcase time="0.00799999999999557" classname="Rules_methods" name="nextBest_NextBestProbMTDLTE_returns_correct_next_dose_and_plot_no_doselimit_">
      <skipped message="Reason: On CRAN ('test-Rules-methods.R:825:3')"/>
    </testcase>
    <testcase time="0.0510000000000019" classname="Rules_methods" name="nextBest_NextBestProbMTDMinDist_returns_correct_next_dose_and_plot"/>
    <testcase time="0.007000000000005" classname="Rules_methods" name="nextBest_NextBestProbMTDMinDist_returns_correct_next_dose_and_plot">
      <skipped message="Reason: On CRAN ('test-Rules-methods.R:841:3')"/>
    </testcase>
    <testcase time="0.0479999999999876" classname="Rules_methods" name="nextBest_NextBestProbMTDMinDist_returns_correct_next_dose_and_plot_with_placebo_"/>
    <testcase time="0.00800000000000978" classname="Rules_methods" name="nextBest_NextBestProbMTDMinDist_returns_correct_next_dose_and_plot_with_placebo_">
      <skipped message="Reason: On CRAN ('test-Rules-methods.R:855:3')"/>
    </testcase>
    <testcase time="0.0429999999999922" classname="Rules_methods" name="nextBest_NextBestProbMTDMinDist_returns_correct_next_dose_and_plot_no_doselimit_"/>
    <testcase time="0.00800000000000978" classname="Rules_methods" name="nextBest_NextBestProbMTDMinDist_returns_correct_next_dose_and_plot_no_doselimit_">
      <skipped message="Reason: On CRAN ('test-Rules-methods.R:869:3')"/>
    </testcase>
    <testcase time="0.103999999999999" classname="Rules_methods" name="nextBest_NextBestOrdinal_throws_exception_when_passed_a_GeneralModel_object"/>
    <testcase time="0.518999999999991" classname="Rules_methods" name="nextBest_NextBestOrdinal_works_correctly">
      <skipped message="Reason: On CRAN ('test-Rules-methods.R:909:3')"/>
    </testcase>
    <testcase time="0.111000000000004" classname="Rules_methods" name="nextBest_NextBestMax_works_correctly"/>
    <testcase time="0.233000000000004" classname="Rules_methods" name="nextBest_NextBestMax_works_correctly">
      <skipped message="Reason: On CRAN ('test-Rules-methods.R:944:3')"/>
    </testcase>
    <testcase time="0.0959999999999894" classname="Rules_methods" name="nextBest_NextBestMin_works_correctly"/>
    <testcase time="0.216000000000008" classname="Rules_methods" name="nextBest_NextBestMin_works_correctly">
      <skipped message="Reason: On CRAN ('test-Rules-methods.R:978:3')"/>
    </testcase>
    <testcase time="0.0210000000000008" classname="Rules_methods" name="NextBestList_fails_gracefully_with_bad_input"/>
    <testcase time="0.00799999999999557" classname="Rules_methods" name="NextBestList_fails_gracefully_with_bad_input"/>
    <testcase time="0.00900000000000034" classname="Rules_methods" name="maxDose_IncrementsRelative_works_correctly_for_last_dose_in_1st_interval"/>
    <testcase time="0.0100000000000051" classname="Rules_methods" name="maxDose_IncrementsRelative_works_correctly_for_last_dose_in_2nd_interval"/>
    <testcase time="0.00300000000000011" classname="Rules_methods" name="maxDose_IncrementsRelative_works_correctly_for_last_dose_in_2nd_interval"/>
    <testcase time="0.0109999999999957" classname="Rules_methods" name="maxDose_IncrementsRelative_throws_error_when_last_dose_is_below_the_first_interval"/>
    <testcase time="0.0180000000000007" classname="Rules_methods" name="maxDose_IncrementsRelative_throws_error_when_IncrementsRelative_is_empty"/>
    <testcase time="0.0100000000000051" classname="Rules_methods" name="maxDose_IncrementsRelative_throws_error_when_Data_is_empty"/>
    <testcase time="0.00900000000000034" classname="Rules_methods" name="maxDose_IncrementsRelativeDLT_works_correctly_for_no_of_DLTs_in_1st_interval"/>
    <testcase time="0.00300000000000011" classname="Rules_methods" name="maxDose_IncrementsRelativeDLT_works_correctly_for_no_of_DLTs_in_1st_interval"/>
    <testcase time="0.00900000000000034" classname="Rules_methods" name="maxDose_IncrementsRelativeDLT_works_correctly_for_no_of_DLTs_in_2nd_interval"/>
    <testcase time="0.00499999999999545" classname="Rules_methods" name="maxDose_IncrementsRelativeDLT_works_correctly_for_no_of_DLTs_in_2nd_interval"/>
    <testcase time="0.0120000000000005" classname="Rules_methods" name="maxDose_IncrementsRelativeDLT_throws_error_when_no_of_DLTs_is_below_the_first_interval"/>
    <testcase time="0.0169999999999959" classname="Rules_methods" name="maxDose_IncrementsRelativeDLT_throws_error_when_IncrementsRelativeDLT_is_empty"/>
    <testcase time="0.0109999999999957" classname="Rules_methods" name="maxDose_IncrementsRelativeDLT_throws_error_when_Data_is_empty"/>
    <testcase time="0.0400000000000063" classname="Rules_methods" name="IncrementsRelativeDLTCurrent_works_correctly"/>
    <testcase time="0.0169999999999959" classname="Rules_methods" name="maxDose_IncrementsRelativeDLTCurrent_works_correctly_when_DLTs_in_1st_interval_no_DLTs_in_cohorts"/>
    <testcase time="0.00300000000000011" classname="Rules_methods" name="maxDose_IncrementsRelativeDLTCurrent_works_correctly_when_DLTs_in_1st_interval_no_DLTs_in_cohorts"/>
    <testcase time="0.0100000000000051" classname="Rules_methods" name="maxDose_IncrementsRelativeDLTCurrent_works_correctly_when_DLTs_in_1st_interval_DLTs_in_cohorts"/>
    <testcase time="0.00300000000000011" classname="Rules_methods" name="maxDose_IncrementsRelativeDLTCurrent_works_correctly_when_DLTs_in_1st_interval_DLTs_in_cohorts"/>
    <testcase time="0.00900000000000034" classname="Rules_methods" name="maxDose_IncrementsRelativeDLTCurrent_works_correctly_when_DLTs_in_2nd_interval_no_DLTs_in_cohorts"/>
    <testcase time="0.00499999999999545" classname="Rules_methods" name="maxDose_IncrementsRelativeDLTCurrent_works_correctly_when_DLTs_in_2nd_interval_no_DLTs_in_cohorts"/>
    <testcase time="0.0100000000000051" classname="Rules_methods" name="maxDose_IncrementsRelativeDLTCurrent_works_correctly_when_DLTs_in_2nd_interval_DLTs_in_cohorts"/>
    <testcase time="0.00300000000000011" classname="Rules_methods" name="maxDose_IncrementsRelativeDLTCurrent_works_correctly_when_DLTs_in_2nd_interval_DLTs_in_cohorts"/>
    <testcase time="0.0120000000000005" classname="Rules_methods" name="maxDose_IncrementsRelativeDLTCurrent_throws_error_when_no_of_DLTs_below_the_first_interval"/>
    <testcase time="0.0169999999999959" classname="Rules_methods" name="maxDose_IncrementsRelativeDLTCurrent_throws_error_when_IncrementsRelativeDLTCurrent_is_empty"/>
    <testcase time="0.0109999999999957" classname="Rules_methods" name="maxDose_IncrementsRelativeDLTCurrent_throws_error_when_Data_is_empty"/>
    <testcase time="0.0130000000000052" classname="Rules_methods" name="maxDose_IncrementsRelativeParts_works_correctly_when_in_part_1_and_part_2_not_started"/>
    <testcase time="0.0120000000000005" classname="Rules_methods" name="maxDose_IncrementsRelativeParts_works_correctly_when_in_part_1_part_2_started_DLT"/>
    <testcase time="0.0139999999999958" classname="Rules_methods" name="maxDose_IncrementsRelativeParts_works_correctly_when_in_part_1_part_2_started_no_DLT_clean_start_0"/>
    <testcase time="0.0130000000000052" classname="Rules_methods" name="maxDose_IncrementsRelativeParts_works_correctly_when_in_part_1_part_2_started_no_DLT_clean_start_0"/>
    <testcase time="0.0130000000000052" classname="Rules_methods" name="maxDose_IncrementsRelativeParts_works_correctly_when_already_in_part_2"/>
    <testcase time="0.0139999999999958" classname="Rules_methods" name="maxDose_IncrementsRelativeParts_throws_error_when_part1Ladder_is_exceeded_in_p1_no_p2_"/>
    <testcase time="0.0159999999999911" classname="Rules_methods" name="maxDose_IncrementsRelativeParts_throws_error_when_part1Ladder_is_exceeded_in_p1_p2_DLT_"/>
    <testcase time="0.00600000000000023" classname="Rules_methods" name="maxDose_IncrementsRelativeParts_throws_error_when_part1Ladder_is_exceeded_in_p1_p2_DLT_"/>
    <testcase time="0.0150000000000006" classname="Rules_methods" name="maxDose_IncrementsRelativeParts_throws_error_when_part1Ladder_is_exceeded_in_p1_p2_DLT_cstart_0_"/>
    <testcase time="0.0150000000000006" classname="Rules_methods" name="maxDose_IncrementsRelativeParts_throws_error_when_part1Ladder_is_exceeded_in_p1_p2_DLT_cstart_0_"/>
    <testcase time="0.00900000000000034" classname="Rules_methods" name="maxDose_IncrementsDoseLevels_works_correctly_for_last_basis_level_and_1_level_increase"/>
    <testcase time="0.00900000000000034" classname="Rules_methods" name="maxDose_IncrementsDoseLevels_works_correctly_for_last_basis_level_and_2_levels_increase"/>
    <testcase time="0.0100000000000051" classname="Rules_methods" name="maxDose_IncrementsDoseLevels_works_correctly_for_max_basis_level_and_1_level_increase"/>
    <testcase time="0.00900000000000034" classname="Rules_methods" name="maxDose_IncrementsDoseLevels_works_correctly_for_max_basis_level_and_2_levels_increase"/>
    <testcase time="0.00900000000000034" classname="Rules_methods" name="maxDose_IncrementsDoseLevels_works_correctly_for_last_basis_level_and_over_grid_increase"/>
    <testcase time="0.00900000000000034" classname="Rules_methods" name="maxDose_IncrementsDoseLevels_works_correctly_for_max_basis_level_and_over_grid_increase"/>
    <testcase time="0.0150000000000006" classname="Rules_methods" name="IncrementsHSRBeta_works_correctly_if_toxcicity_probability_is_below_threshold_probability"/>
    <testcase time="0.0159999999999911" classname="Rules_methods" name="IncrementsHSRBeta_works_correctly_if_toxcicity_probability_is_above_threshold_probability"/>
    <testcase time="0.0180000000000007" classname="Rules_methods" name="IncrementsHSRBeta_works_correctly_if_toxcicity_probability_of_first_active_dose_is_above_threshold_probability"/>
    <testcase time="0.0170000000000101" classname="Rules_methods" name="IncrementsHSRBeta_works_correctly_if_toxcicity_probability_of_placebo_is_above_threshold_probability"/>
    <testcase time="0.0210000000000008" classname="Rules_methods" name="IncrementsHSRBeta_works_correctly_if_toxcicity_probability_of_first_active_dose_is_above_threshold_probability_and_placebo_T_but_not_appplied"/>
    <testcase time="0.0150000000000006" classname="Rules_methods" name="IncrementsHSRBeta_works_correctly_if_toxcicity_probability_of_first_active_dose_is_above_threshold_probability_no_placebo_"/>
    <testcase time="0.0150000000000006" classname="Rules_methods" name="IncrementsHSRBeta_works_correctly_if_toxcicity_probability_is_above_threshold_probability_no_placebo_"/>
    <testcase time="0.0109999999999957" classname="Rules_methods" name="maxDose_IncrementsMin_works_correctly_when_incr1_is_minimum"/>
    <testcase time="0.00900000000000034" classname="Rules_methods" name="maxDose_IncrementsMin_works_correctly_when_incr2_is_minimum"/>
    <testcase time="0.0150000000000006" classname="Rules_methods" name="maxDose_IncrementsMin_DataOrdinal_works_correctly_when_incr1_is_minimum"/>
    <testcase time="0.0139999999999958" classname="Rules_methods" name="maxDose_IncrementsMinOrdinal_works_correctly_when_incr2_is_minimum"/>
    <testcase time="0.0210000000000008" classname="Rules_methods" name="maxDose_IncrementsOrdinal_works_correctly"/>
    <testcase time="0.00900000000000034" classname="Rules_methods" name="StoppingMissingDose_works_correctly"/>
    <testcase time="0.00400000000000489" classname="Rules_methods" name="StoppingMissingDose_works_correctly"/>
    <testcase time="0.00499999999999545" classname="Rules_methods" name="StoppingMissingDose_works_correctly"/>
    <testcase time="0.00300000000000011" classname="Rules_methods" name="StoppingMissingDose_works_correctly"/>
    <testcase time="0.00499999999999545" classname="Rules_methods" name="StoppingMissingDose_works_correctly"/>
    <testcase time="0.00300000000000011" classname="Rules_methods" name="StoppingMissingDose_works_correctly"/>
    <testcase time="0.0380000000000109" classname="Rules_methods" name="StoppingCohortsNearDose_can_handle_when_dose_is_NA"/>
    <testcase time="0.0150000000000006" classname="Rules_methods" name="stopTrial_works_correctly_for_StoppingCohortsNearDose"/>
    <testcase time="0.00300000000000011" classname="Rules_methods" name="stopTrial_works_correctly_for_StoppingCohortsNearDose"/>
    <testcase time="0.0109999999999957" classname="Rules_methods" name="stopTrial_works_correctly_for_StoppingCohortsNearDose"/>
    <testcase time="0.00300000000000011" classname="Rules_methods" name="stopTrial_works_correctly_for_StoppingCohortsNearDose"/>
    <testcase time="0.00900000000000034" classname="Rules_methods" name="stopTrial_works_correctly_for_StoppingCohortsNearDose"/>
    <testcase time="0.00300000000000011" classname="Rules_methods" name="stopTrial_works_correctly_for_StoppingCohortsNearDose"/>
    <testcase time="0.00900000000000034" classname="Rules_methods" name="stopTrial_works_correctly_for_StoppingCohortsNearDose"/>
    <testcase time="0.00399999999999068" classname="Rules_methods" name="stopTrial_works_correctly_for_StoppingCohortsNearDose"/>
    <testcase time="0.00900000000000034" classname="Rules_methods" name="stopTrial_works_correctly_for_StoppingCohortsNearDose"/>
    <testcase time="0.00400000000000489" classname="Rules_methods" name="stopTrial_works_correctly_for_StoppingCohortsNearDose"/>
    <testcase time="0.00900000000000034" classname="Rules_methods" name="stopTrial_works_correctly_for_StoppingCohortsNearDose"/>
    <testcase time="0.00300000000000011" classname="Rules_methods" name="stopTrial_works_correctly_for_StoppingCohortsNearDose"/>
    <testcase time="0.0100000000000051" classname="Rules_methods" name="stopTrial_works_correctly_for_StoppingCohortsNearDose"/>
    <testcase time="0.00300000000000011" classname="Rules_methods" name="stopTrial_works_correctly_for_StoppingCohortsNearDose"/>
    <testcase time="0.00999999999999091" classname="Rules_methods" name="stopTrial_works_correctly_for_StoppingCohortsNearDose"/>
    <testcase time="0.00300000000000011" classname="Rules_methods" name="stopTrial_works_correctly_for_StoppingCohortsNearDose"/>
    <testcase time="0.00900000000000034" classname="Rules_methods" name="stopTrial_works_correctly_for_StoppingCohortsNearDose"/>
    <testcase time="0.00400000000000489" classname="Rules_methods" name="stopTrial_works_correctly_for_StoppingCohortsNearDose"/>
    <testcase time="0.00900000000000034" classname="Rules_methods" name="stopTrial_works_correctly_for_StoppingCohortsNearDose"/>
    <testcase time="0.00400000000000489" classname="Rules_methods" name="stopTrial_works_correctly_for_StoppingCohortsNearDose"/>
    <testcase time="0.0109999999999957" classname="Rules_methods" name="stopTrial_works_correctly_for_StoppingCohortsNearDose"/>
    <testcase time="0.00400000000000489" classname="Rules_methods" name="stopTrial_works_correctly_for_StoppingCohortsNearDose"/>
    <testcase time="0.00999999999999091" classname="Rules_methods" name="stopTrial_works_correctly_for_StoppingCohortsNearDose"/>
    <testcase time="0.00300000000000011" classname="Rules_methods" name="stopTrial_works_correctly_for_StoppingCohortsNearDose"/>
    <testcase time="0.0180000000000007" classname="Rules_methods" name="stopTrial_works_correctly_for_StoppingCohortsNearDose"/>
    <testcase time="0.00400000000000489" classname="Rules_methods" name="stopTrial_works_correctly_for_StoppingCohortsNearDose"/>
    <testcase time="0.039999999999992" classname="Rules_methods" name="StoppingPatientsNearDose_can_handle_when_dose_is_NA"/>
    <testcase time="0.027000000000001" classname="Rules_methods" name="StoppingMinCohorts_works_correctly_if_next_dose_is_NA"/>
    <testcase time="0.0100000000000051" classname="Rules_methods" name="StoppingMinCohorts_works_correctly_in_edge_cases"/>
    <testcase time="0.00400000000000489" classname="Rules_methods" name="StoppingMinCohorts_works_correctly_in_edge_cases"/>
    <testcase time="0.0119999999999862" classname="Rules_methods" name="StoppingMinCohorts_works_correctly_in_edge_cases"/>
    <testcase time="0.00300000000000011" classname="Rules_methods" name="StoppingMinCohorts_works_correctly_in_edge_cases"/>
    <testcase time="0.0259999999999962" classname="Rules_methods" name="StoppingMinPatients_works_correctly_if_next_dose_is_NA"/>
    <testcase time="0.01400000000001" classname="Rules_methods" name="stopTrial_works_correctly_for_StoppingMinPatients"/>
    <testcase time="0.00300000000000011" classname="Rules_methods" name="stopTrial_works_correctly_for_StoppingMinPatients"/>
    <testcase time="0.0109999999999957" classname="Rules_methods" name="stopTrial_works_correctly_for_StoppingMinPatients"/>
    <testcase time="0.00300000000000011" classname="Rules_methods" name="stopTrial_works_correctly_for_StoppingMinPatients"/>
    <testcase time="0.0100000000000051" classname="Rules_methods" name="stopTrial_works_correctly_for_StoppingMinPatients"/>
    <testcase time="0.00300000000000011" classname="Rules_methods" name="stopTrial_works_correctly_for_StoppingMinPatients"/>
    <testcase time="0.0390000000000015" classname="Rules_methods" name="StoppingTargetProb_can_handle_when_dose_is_NA"/>
    <testcase time="0.0379999999999967" classname="Rules_methods" name="StoppingTargetProb_works_correctly_when_below_threshold"/>
    <testcase time="0.0380000000000109" classname="Rules_methods" name="StoppingTargetProb_works_correctly_when_above_threshold"/>
    <testcase time="0.0390000000000015" classname="Rules_methods" name="stopTrial_StoppingTargetProb_can_accept_additional_arguments_and_pass_them_to_prob"/>
    <testcase time="0.0589999999999975" classname="Rules_methods" name="StoppingMTDdistribution_can_handle_when_dose_is_NA"/>
    <testcase time="0.0300000000000011" classname="Rules_methods" name="stopTrial_works_correctly_for_StoppingMTDdistribution"/>
    <testcase time="0.00499999999999545" classname="Rules_methods" name="stopTrial_works_correctly_for_StoppingMTDdistribution"/>
    <testcase time="0.00499999999999545" classname="Rules_methods" name="stopTrial_works_correctly_for_StoppingMTDdistribution"/>
    <testcase time="0.00500000000000966" classname="Rules_methods" name="stopTrial_works_correctly_for_StoppingMTDdistribution"/>
    <testcase time="0.00499999999999545" classname="Rules_methods" name="stopTrial_works_correctly_for_StoppingMTDdistribution"/>
    <testcase time="0.00499999999999545" classname="Rules_methods" name="stopTrial_works_correctly_for_StoppingMTDdistribution"/>
    <testcase time="0.00400000000000489" classname="Rules_methods" name="stopTrial_works_correctly_for_StoppingMTDdistribution"/>
    <testcase time="0.0130000000000052" classname="Rules_methods" name="stopTrial_works_correctly_for_StoppingMTDdistribution"/>
    <testcase time="0.00499999999999545" classname="Rules_methods" name="stopTrial_works_correctly_for_StoppingMTDdistribution"/>
    <testcase time="0.00400000000000489" classname="Rules_methods" name="stopTrial_works_correctly_for_StoppingMTDdistribution"/>
    <testcase time="0.00499999999999545" classname="Rules_methods" name="stopTrial_works_correctly_for_StoppingMTDdistribution"/>
    <testcase time="0.00399999999999068" classname="Rules_methods" name="stopTrial_works_correctly_for_StoppingMTDdistribution"/>
    <testcase time="0.00500000000000966" classname="Rules_methods" name="stopTrial_works_correctly_for_StoppingMTDdistribution"/>
    <testcase time="0.00399999999999068" classname="Rules_methods" name="stopTrial_works_correctly_for_StoppingMTDdistribution"/>
    <testcase time="0.00400000000000489" classname="Rules_methods" name="stopTrial_works_correctly_for_StoppingMTDdistribution"/>
    <testcase time="0.00499999999999545" classname="Rules_methods" name="stopTrial_works_correctly_for_StoppingMTDdistribution"/>
    <testcase time="0.00400000000000489" classname="Rules_methods" name="stopTrial_works_correctly_for_StoppingMTDdistribution"/>
    <testcase time="0.00499999999999545" classname="Rules_methods" name="stopTrial_works_correctly_for_StoppingMTDdistribution"/>
    <testcase time="0.00500000000000966" classname="Rules_methods" name="stopTrial_works_correctly_for_StoppingMTDdistribution"/>
    <testcase time="0.00499999999999545" classname="Rules_methods" name="stopTrial_works_correctly_for_StoppingMTDdistribution"/>
    <testcase time="0.00400000000000489" classname="Rules_methods" name="stopTrial_works_correctly_for_StoppingMTDdistribution"/>
    <testcase time="0.00499999999999545" classname="Rules_methods" name="stopTrial_works_correctly_for_StoppingMTDdistribution"/>
    <testcase time="0.00400000000000489" classname="Rules_methods" name="stopTrial_works_correctly_for_StoppingMTDdistribution"/>
    <testcase time="0.00499999999999545" classname="Rules_methods" name="stopTrial_works_correctly_for_StoppingMTDdistribution"/>
    <testcase time="0.00400000000000489" classname="Rules_methods" name="stopTrial_works_correctly_for_StoppingMTDdistribution"/>
    <testcase time="0.00499999999999545" classname="Rules_methods" name="stopTrial_works_correctly_for_StoppingMTDdistribution"/>
    <testcase time="0.00499999999999545" classname="Rules_methods" name="stopTrial_works_correctly_for_StoppingMTDdistribution"/>
    <testcase time="0.00400000000000489" classname="Rules_methods" name="stopTrial_works_correctly_for_StoppingMTDdistribution"/>
    <testcase time="0.00499999999999545" classname="Rules_methods" name="stopTrial_works_correctly_for_StoppingMTDdistribution"/>
    <testcase time="0.00400000000000489" classname="Rules_methods" name="stopTrial_works_correctly_for_StoppingMTDdistribution"/>
    <testcase time="0.00499999999999545" classname="Rules_methods" name="stopTrial_works_correctly_for_StoppingMTDdistribution"/>
    <testcase time="0.00400000000000489" classname="Rules_methods" name="stopTrial_works_correctly_for_StoppingMTDdistribution"/>
    <testcase time="0.00499999999999545" classname="Rules_methods" name="stopTrial_works_correctly_for_StoppingMTDdistribution"/>
    <testcase time="0.00500000000000966" classname="Rules_methods" name="stopTrial_works_correctly_for_StoppingMTDdistribution"/>
    <testcase time="0.00399999999999068" classname="Rules_methods" name="stopTrial_works_correctly_for_StoppingMTDdistribution"/>
    <testcase time="0.00500000000000966" classname="Rules_methods" name="stopTrial_works_correctly_for_StoppingMTDdistribution"/>
    <testcase time="0.00399999999999068" classname="Rules_methods" name="stopTrial_works_correctly_for_StoppingMTDdistribution"/>
    <testcase time="0.00500000000000966" classname="Rules_methods" name="stopTrial_works_correctly_for_StoppingMTDdistribution"/>
    <testcase time="0.00399999999999068" classname="Rules_methods" name="stopTrial_works_correctly_for_StoppingMTDdistribution"/>
    <testcase time="0.00499999999999545" classname="Rules_methods" name="stopTrial_works_correctly_for_StoppingMTDdistribution"/>
    <testcase time="0.00500000000000966" classname="Rules_methods" name="stopTrial_works_correctly_for_StoppingMTDdistribution"/>
    <testcase time="0.00399999999999068" classname="Rules_methods" name="stopTrial_works_correctly_for_StoppingMTDdistribution"/>
    <testcase time="0.00500000000000966" classname="Rules_methods" name="stopTrial_works_correctly_for_StoppingMTDdistribution"/>
    <testcase time="0.00399999999999068" classname="Rules_methods" name="stopTrial_works_correctly_for_StoppingMTDdistribution"/>
    <testcase time="0.00500000000000966" classname="Rules_methods" name="stopTrial_works_correctly_for_StoppingMTDdistribution"/>
    <testcase time="0.00499999999999545" classname="Rules_methods" name="stopTrial_works_correctly_for_StoppingMTDdistribution"/>
    <testcase time="0.00400000000000489" classname="Rules_methods" name="stopTrial_works_correctly_for_StoppingMTDdistribution"/>
    <testcase time="0.00499999999999545" classname="Rules_methods" name="stopTrial_works_correctly_for_StoppingMTDdistribution"/>
    <testcase time="0.00499999999999545" classname="Rules_methods" name="stopTrial_works_correctly_for_StoppingMTDdistribution"/>
    <testcase time="0.00400000000000489" classname="Rules_methods" name="stopTrial_works_correctly_for_StoppingMTDdistribution"/>
    <testcase time="0.00499999999999545" classname="Rules_methods" name="stopTrial_works_correctly_for_StoppingMTDdistribution"/>
    <testcase time="0.00500000000000966" classname="Rules_methods" name="stopTrial_works_correctly_for_StoppingMTDdistribution"/>
    <testcase time="0.00499999999999545" classname="Rules_methods" name="stopTrial_works_correctly_for_StoppingMTDdistribution"/>
    <testcase time="0.00499999999999545" classname="Rules_methods" name="stopTrial_works_correctly_for_StoppingMTDdistribution"/>
    <testcase time="0.00500000000000966" classname="Rules_methods" name="stopTrial_works_correctly_for_StoppingMTDdistribution"/>
    <testcase time="0.00499999999999545" classname="Rules_methods" name="stopTrial_works_correctly_for_StoppingMTDdistribution"/>
    <testcase time="0.00600000000000023" classname="Rules_methods" name="stopTrial_works_correctly_for_StoppingMTDdistribution"/>
    <testcase time="0.00499999999999545" classname="Rules_methods" name="stopTrial_works_correctly_for_StoppingMTDdistribution"/>
    <testcase time="0.00600000000000023" classname="Rules_methods" name="stopTrial_works_correctly_for_StoppingMTDdistribution"/>
    <testcase time="0.00500000000000966" classname="Rules_methods" name="stopTrial_works_correctly_for_StoppingMTDdistribution"/>
    <testcase time="0.00600000000000023" classname="Rules_methods" name="stopTrial_works_correctly_for_StoppingMTDdistribution"/>
    <testcase time="0.00499999999999545" classname="Rules_methods" name="stopTrial_works_correctly_for_StoppingMTDdistribution"/>
    <testcase time="0.00499999999999545" classname="Rules_methods" name="stopTrial_works_correctly_for_StoppingMTDdistribution"/>
    <testcase time="0.00600000000000023" classname="Rules_methods" name="stopTrial_works_correctly_for_StoppingMTDdistribution"/>
    <testcase time="0.00499999999999545" classname="Rules_methods" name="stopTrial_works_correctly_for_StoppingMTDdistribution"/>
    <testcase time="0.00600000000000023" classname="Rules_methods" name="stopTrial_works_correctly_for_StoppingMTDdistribution"/>
    <testcase time="0.00600000000000023" classname="Rules_methods" name="stopTrial_works_correctly_for_StoppingMTDdistribution"/>
    <testcase time="0.00500000000000966" classname="Rules_methods" name="stopTrial_works_correctly_for_StoppingMTDdistribution"/>
    <testcase time="0.00600000000000023" classname="Rules_methods" name="stopTrial_works_correctly_for_StoppingMTDdistribution"/>
    <testcase time="0.00600000000000023" classname="Rules_methods" name="stopTrial_works_correctly_for_StoppingMTDdistribution"/>
    <testcase time="0.00499999999999545" classname="Rules_methods" name="stopTrial_works_correctly_for_StoppingMTDdistribution"/>
    <testcase time="0.007000000000005" classname="Rules_methods" name="stopTrial_works_correctly_for_StoppingMTDdistribution"/>
    <testcase time="0.00499999999999545" classname="Rules_methods" name="stopTrial_works_correctly_for_StoppingMTDdistribution"/>
    <testcase time="0.00600000000000023" classname="Rules_methods" name="stopTrial_works_correctly_for_StoppingMTDdistribution"/>
    <testcase time="0.00499999999999545" classname="Rules_methods" name="stopTrial_works_correctly_for_StoppingMTDdistribution"/>
    <testcase time="0.00500000000000966" classname="Rules_methods" name="stopTrial_works_correctly_for_StoppingMTDdistribution"/>
    <testcase time="0.0120000000000005" classname="Rules_methods" name="stopTrial_works_correctly_for_StoppingMTDdistribution"/>
    <testcase time="0.00600000000000023" classname="Rules_methods" name="stopTrial_works_correctly_for_StoppingMTDdistribution"/>
    <testcase time="0.00600000000000023" classname="Rules_methods" name="stopTrial_works_correctly_for_StoppingMTDdistribution"/>
    <testcase time="0.00499999999999545" classname="Rules_methods" name="stopTrial_works_correctly_for_StoppingMTDdistribution"/>
    <testcase time="0.00499999999999545" classname="Rules_methods" name="stopTrial_works_correctly_for_StoppingMTDdistribution"/>
    <testcase time="0.00500000000000966" classname="Rules_methods" name="stopTrial_works_correctly_for_StoppingMTDdistribution"/>
    <testcase time="0.00499999999999545" classname="Rules_methods" name="stopTrial_works_correctly_for_StoppingMTDdistribution"/>
    <testcase time="0.00499999999999545" classname="Rules_methods" name="stopTrial_works_correctly_for_StoppingMTDdistribution"/>
    <testcase time="0.00500000000000966" classname="Rules_methods" name="stopTrial_works_correctly_for_StoppingMTDdistribution"/>
    <testcase time="0.00499999999999545" classname="Rules_methods" name="stopTrial_works_correctly_for_StoppingMTDdistribution"/>
    <testcase time="0.00499999999999545" classname="Rules_methods" name="stopTrial_works_correctly_for_StoppingMTDdistribution"/>
    <testcase time="0.00600000000000023" classname="Rules_methods" name="stopTrial_works_correctly_for_StoppingMTDdistribution"/>
    <testcase time="0.00499999999999545" classname="Rules_methods" name="stopTrial_works_correctly_for_StoppingMTDdistribution"/>
    <testcase time="0.00600000000000023" classname="Rules_methods" name="stopTrial_works_correctly_for_StoppingMTDdistribution"/>
    <testcase time="0.00500000000000966" classname="Rules_methods" name="stopTrial_works_correctly_for_StoppingMTDdistribution"/>
    <testcase time="0.00499999999999545" classname="Rules_methods" name="stopTrial_works_correctly_for_StoppingMTDdistribution"/>
    <testcase time="0.00499999999999545" classname="Rules_methods" name="stopTrial_works_correctly_for_StoppingMTDdistribution"/>
    <testcase time="0.00500000000000966" classname="Rules_methods" name="stopTrial_works_correctly_for_StoppingMTDdistribution"/>
    <testcase time="0.00499999999999545" classname="Rules_methods" name="stopTrial_works_correctly_for_StoppingMTDdistribution"/>
    <testcase time="0.00499999999999545" classname="Rules_methods" name="stopTrial_works_correctly_for_StoppingMTDdistribution"/>
    <testcase time="0.00500000000000966" classname="Rules_methods" name="stopTrial_works_correctly_for_StoppingMTDdistribution"/>
    <testcase time="0.00499999999999545" classname="Rules_methods" name="stopTrial_works_correctly_for_StoppingMTDdistribution"/>
    <testcase time="0.00499999999999545" classname="Rules_methods" name="stopTrial_works_correctly_for_StoppingMTDdistribution"/>
    <testcase time="0.00500000000000966" classname="Rules_methods" name="stopTrial_works_correctly_for_StoppingMTDdistribution"/>
    <testcase time="0.00499999999999545" classname="Rules_methods" name="stopTrial_works_correctly_for_StoppingMTDdistribution"/>
    <testcase time="0.00499999999999545" classname="Rules_methods" name="stopTrial_works_correctly_for_StoppingMTDdistribution"/>
    <testcase time="0.00500000000000966" classname="Rules_methods" name="stopTrial_works_correctly_for_StoppingMTDdistribution"/>
    <testcase time="0.00399999999999068" classname="Rules_methods" name="stopTrial_works_correctly_for_StoppingMTDdistribution"/>
    <testcase time="0.00500000000000966" classname="Rules_methods" name="stopTrial_works_correctly_for_StoppingMTDdistribution"/>
    <testcase time="0.00499999999999545" classname="Rules_methods" name="stopTrial_works_correctly_for_StoppingMTDdistribution"/>
    <testcase time="0.00499999999999545" classname="Rules_methods" name="stopTrial_works_correctly_for_StoppingMTDdistribution"/>
    <testcase time="0.00500000000000966" classname="Rules_methods" name="stopTrial_works_correctly_for_StoppingMTDdistribution"/>
    <testcase time="0.00399999999999068" classname="Rules_methods" name="stopTrial_works_correctly_for_StoppingMTDdistribution"/>
    <testcase time="0.00500000000000966" classname="Rules_methods" name="stopTrial_works_correctly_for_StoppingMTDdistribution"/>
    <testcase time="0.00499999999999545" classname="Rules_methods" name="stopTrial_works_correctly_for_StoppingMTDdistribution"/>
    <testcase time="0.00399999999999068" classname="Rules_methods" name="stopTrial_works_correctly_for_StoppingMTDdistribution"/>
    <testcase time="0.00500000000000966" classname="Rules_methods" name="stopTrial_works_correctly_for_StoppingMTDdistribution"/>
    <testcase time="0.00499999999999545" classname="Rules_methods" name="stopTrial_works_correctly_for_StoppingMTDdistribution"/>
    <testcase time="0.00499999999999545" classname="Rules_methods" name="stopTrial_works_correctly_for_StoppingMTDdistribution"/>
    <testcase time="0.00400000000000489" classname="Rules_methods" name="stopTrial_works_correctly_for_StoppingMTDdistribution"/>
    <testcase time="0.00600000000000023" classname="Rules_methods" name="stopTrial_works_correctly_for_StoppingMTDdistribution"/>
    <testcase time="0.007000000000005" classname="Rules_methods" name="stopTrial_works_correctly_for_StoppingMTDdistribution"/>
    <testcase time="0.00600000000000023" classname="Rules_methods" name="stopTrial_works_correctly_for_StoppingMTDdistribution"/>
    <testcase time="0.00499999999999545" classname="Rules_methods" name="stopTrial_works_correctly_for_StoppingMTDdistribution"/>
    <testcase time="0.00499999999999545" classname="Rules_methods" name="stopTrial_works_correctly_for_StoppingMTDdistribution"/>
    <testcase time="0.00500000000000966" classname="Rules_methods" name="stopTrial_works_correctly_for_StoppingMTDdistribution"/>
    <testcase time="0.00499999999999545" classname="Rules_methods" name="stopTrial_works_correctly_for_StoppingMTDdistribution"/>
    <testcase time="0.00499999999999545" classname="Rules_methods" name="stopTrial_works_correctly_for_StoppingMTDdistribution"/>
    <testcase time="0.00500000000000966" classname="Rules_methods" name="stopTrial_works_correctly_for_StoppingMTDdistribution"/>
    <testcase time="0.00499999999999545" classname="Rules_methods" name="stopTrial_works_correctly_for_StoppingMTDdistribution"/>
    <testcase time="0.00400000000000489" classname="Rules_methods" name="stopTrial_works_correctly_for_StoppingMTDdistribution"/>
    <testcase time="0.00499999999999545" classname="Rules_methods" name="stopTrial_works_correctly_for_StoppingMTDdistribution"/>
    <testcase time="0.00499999999999545" classname="Rules_methods" name="stopTrial_works_correctly_for_StoppingMTDdistribution"/>
    <testcase time="0.00500000000000966" classname="Rules_methods" name="stopTrial_works_correctly_for_StoppingMTDdistribution"/>
    <testcase time="0.00499999999999545" classname="Rules_methods" name="stopTrial_works_correctly_for_StoppingMTDdistribution"/>
    <testcase time="0.00400000000000489" classname="Rules_methods" name="stopTrial_works_correctly_for_StoppingMTDdistribution"/>
    <testcase time="0.00499999999999545" classname="Rules_methods" name="stopTrial_works_correctly_for_StoppingMTDdistribution"/>
    <testcase time="0.00499999999999545" classname="Rules_methods" name="stopTrial_works_correctly_for_StoppingMTDdistribution"/>
    <testcase time="0.00500000000000966" classname="Rules_methods" name="stopTrial_works_correctly_for_StoppingMTDdistribution"/>
    <testcase time="0.00499999999999545" classname="Rules_methods" name="stopTrial_works_correctly_for_StoppingMTDdistribution"/>
    <testcase time="0.00600000000000023" classname="Rules_methods" name="stopTrial_works_correctly_for_StoppingMTDdistribution"/>
    <testcase time="0.00499999999999545" classname="Rules_methods" name="stopTrial_works_correctly_for_StoppingMTDdistribution"/>
    <testcase time="0.00499999999999545" classname="Rules_methods" name="stopTrial_works_correctly_for_StoppingMTDdistribution"/>
    <testcase time="0.00500000000000966" classname="Rules_methods" name="stopTrial_works_correctly_for_StoppingMTDdistribution"/>
    <testcase time="0.0120000000000005" classname="Rules_methods" name="stopTrial_works_correctly_for_StoppingMTDdistribution"/>
    <testcase time="0.00499999999999545" classname="Rules_methods" name="stopTrial_works_correctly_for_StoppingMTDdistribution"/>
    <testcase time="0.00499999999999545" classname="Rules_methods" name="stopTrial_works_correctly_for_StoppingMTDdistribution"/>
    <testcase time="0.00500000000000966" classname="Rules_methods" name="stopTrial_works_correctly_for_StoppingMTDdistribution"/>
    <testcase time="0.00499999999999545" classname="Rules_methods" name="stopTrial_works_correctly_for_StoppingMTDdistribution"/>
    <testcase time="0.00499999999999545" classname="Rules_methods" name="stopTrial_works_correctly_for_StoppingMTDdistribution"/>
    <testcase time="0.00500000000000966" classname="Rules_methods" name="stopTrial_works_correctly_for_StoppingMTDdistribution"/>
    <testcase time="0.00499999999999545" classname="Rules_methods" name="stopTrial_works_correctly_for_StoppingMTDdistribution"/>
    <testcase time="0.00499999999999545" classname="Rules_methods" name="stopTrial_works_correctly_for_StoppingMTDdistribution"/>
    <testcase time="0.00500000000000966" classname="Rules_methods" name="stopTrial_works_correctly_for_StoppingMTDdistribution"/>
    <testcase time="0.00499999999999545" classname="Rules_methods" name="stopTrial_works_correctly_for_StoppingMTDdistribution"/>
    <testcase time="0.00499999999999545" classname="Rules_methods" name="stopTrial_works_correctly_for_StoppingMTDdistribution"/>
    <testcase time="0.00500000000000966" classname="Rules_methods" name="stopTrial_works_correctly_for_StoppingMTDdistribution"/>
    <testcase time="0.00499999999999545" classname="Rules_methods" name="stopTrial_works_correctly_for_StoppingMTDdistribution"/>
    <testcase time="0.00499999999999545" classname="Rules_methods" name="stopTrial_works_correctly_for_StoppingMTDdistribution"/>
    <testcase time="0.00500000000000966" classname="Rules_methods" name="stopTrial_works_correctly_for_StoppingMTDdistribution"/>
    <testcase time="0.00499999999999545" classname="Rules_methods" name="stopTrial_works_correctly_for_StoppingMTDdistribution"/>
    <testcase time="0.00499999999999545" classname="Rules_methods" name="stopTrial_works_correctly_for_StoppingMTDdistribution"/>
    <testcase time="0.00499999999999545" classname="Rules_methods" name="stopTrial_works_correctly_for_StoppingMTDdistribution"/>
    <testcase time="0.00500000000000966" classname="Rules_methods" name="stopTrial_works_correctly_for_StoppingMTDdistribution"/>
    <testcase time="0.00399999999999068" classname="Rules_methods" name="stopTrial_works_correctly_for_StoppingMTDdistribution"/>
    <testcase time="0.00600000000000023" classname="Rules_methods" name="stopTrial_works_correctly_for_StoppingMTDdistribution"/>
    <testcase time="0.00500000000000966" classname="Rules_methods" name="stopTrial_works_correctly_for_StoppingMTDdistribution"/>
    <testcase time="0.00499999999999545" classname="Rules_methods" name="stopTrial_works_correctly_for_StoppingMTDdistribution"/>
    <testcase time="0.00499999999999545" classname="Rules_methods" name="stopTrial_works_correctly_for_StoppingMTDdistribution"/>
    <testcase time="0.00500000000000966" classname="Rules_methods" name="stopTrial_works_correctly_for_StoppingMTDdistribution"/>
    <testcase time="0.00499999999999545" classname="Rules_methods" name="stopTrial_works_correctly_for_StoppingMTDdistribution"/>
    <testcase time="0.00499999999999545" classname="Rules_methods" name="stopTrial_works_correctly_for_StoppingMTDdistribution"/>
    <testcase time="0.00500000000000966" classname="Rules_methods" name="stopTrial_works_correctly_for_StoppingMTDdistribution"/>
    <testcase time="0.00600000000000023" classname="Rules_methods" name="stopTrial_works_correctly_for_StoppingMTDdistribution"/>
    <testcase time="0.00499999999999545" classname="Rules_methods" name="stopTrial_works_correctly_for_StoppingMTDdistribution"/>
    <testcase time="0.00499999999999545" classname="Rules_methods" name="stopTrial_works_correctly_for_StoppingMTDdistribution"/>
    <testcase time="0.00500000000000966" classname="Rules_methods" name="stopTrial_works_correctly_for_StoppingMTDdistribution"/>
    <testcase time="0.00499999999999545" classname="Rules_methods" name="stopTrial_works_correctly_for_StoppingMTDdistribution"/>
    <testcase time="0.00600000000000023" classname="Rules_methods" name="stopTrial_works_correctly_for_StoppingMTDdistribution"/>
    <testcase time="0.00499999999999545" classname="Rules_methods" name="stopTrial_works_correctly_for_StoppingMTDdistribution"/>
    <testcase time="0.00500000000000966" classname="Rules_methods" name="stopTrial_works_correctly_for_StoppingMTDdistribution"/>
    <testcase time="0.00499999999999545" classname="Rules_methods" name="stopTrial_works_correctly_for_StoppingMTDdistribution"/>
    <testcase time="0.00499999999999545" classname="Rules_methods" name="stopTrial_works_correctly_for_StoppingMTDdistribution"/>
    <testcase time="0.00600000000000023" classname="Rules_methods" name="stopTrial_works_correctly_for_StoppingMTDdistribution"/>
    <testcase time="0.00500000000000966" classname="Rules_methods" name="stopTrial_works_correctly_for_StoppingMTDdistribution"/>
    <testcase time="0.00499999999999545" classname="Rules_methods" name="stopTrial_works_correctly_for_StoppingMTDdistribution"/>
    <testcase time="0.00600000000000023" classname="Rules_methods" name="stopTrial_works_correctly_for_StoppingMTDdistribution"/>
    <testcase time="0.00499999999999545" classname="Rules_methods" name="stopTrial_works_correctly_for_StoppingMTDdistribution"/>
    <testcase time="0.00600000000000023" classname="Rules_methods" name="stopTrial_works_correctly_for_StoppingMTDdistribution"/>
    <testcase time="0.00499999999999545" classname="Rules_methods" name="stopTrial_works_correctly_for_StoppingMTDdistribution"/>
    <testcase time="0.00500000000000966" classname="Rules_methods" name="stopTrial_works_correctly_for_StoppingMTDdistribution"/>
    <testcase time="0.00499999999999545" classname="Rules_methods" name="stopTrial_works_correctly_for_StoppingMTDdistribution"/>
    <testcase time="0.00499999999999545" classname="Rules_methods" name="stopTrial_works_correctly_for_StoppingMTDdistribution"/>
    <testcase time="0.00500000000000966" classname="Rules_methods" name="stopTrial_works_correctly_for_StoppingMTDdistribution"/>
    <testcase time="0.00499999999999545" classname="Rules_methods" name="stopTrial_works_correctly_for_StoppingMTDdistribution"/>
    <testcase time="0.00499999999999545" classname="Rules_methods" name="stopTrial_works_correctly_for_StoppingMTDdistribution"/>
    <testcase time="0.00500000000000966" classname="Rules_methods" name="stopTrial_works_correctly_for_StoppingMTDdistribution"/>
    <testcase time="0.00499999999999545" classname="Rules_methods" name="stopTrial_works_correctly_for_StoppingMTDdistribution"/>
    <testcase time="0.00600000000000023" classname="Rules_methods" name="stopTrial_works_correctly_for_StoppingMTDdistribution"/>
    <testcase time="0.00600000000000023" classname="Rules_methods" name="stopTrial_works_correctly_for_StoppingMTDdistribution"/>
    <testcase time="0.00499999999999545" classname="Rules_methods" name="stopTrial_works_correctly_for_StoppingMTDdistribution"/>
    <testcase time="0.00600000000000023" classname="Rules_methods" name="stopTrial_works_correctly_for_StoppingMTDdistribution"/>
    <testcase time="0.00500000000000966" classname="Rules_methods" name="stopTrial_works_correctly_for_StoppingMTDdistribution"/>
    <testcase time="0.0120000000000005" classname="Rules_methods" name="stopTrial_works_correctly_for_StoppingMTDdistribution"/>
    <testcase time="0.00499999999999545" classname="Rules_methods" name="stopTrial_works_correctly_for_StoppingMTDdistribution"/>
    <testcase time="0.00499999999999545" classname="Rules_methods" name="stopTrial_works_correctly_for_StoppingMTDdistribution"/>
    <testcase time="0.00600000000000023" classname="Rules_methods" name="stopTrial_works_correctly_for_StoppingMTDdistribution"/>
    <testcase time="0.00500000000000966" classname="Rules_methods" name="stopTrial_works_correctly_for_StoppingMTDdistribution"/>
    <testcase time="0.00499999999999545" classname="Rules_methods" name="stopTrial_works_correctly_for_StoppingMTDdistribution"/>
    <testcase time="0.00499999999999545" classname="Rules_methods" name="stopTrial_works_correctly_for_StoppingMTDdistribution"/>
    <testcase time="0.00499999999999545" classname="Rules_methods" name="stopTrial_works_correctly_for_StoppingMTDdistribution"/>
    <testcase time="0.00500000000000966" classname="Rules_methods" name="stopTrial_works_correctly_for_StoppingMTDdistribution"/>
    <testcase time="0.00600000000000023" classname="Rules_methods" name="stopTrial_works_correctly_for_StoppingMTDdistribution"/>
    <testcase time="0.00499999999999545" classname="Rules_methods" name="stopTrial_works_correctly_for_StoppingMTDdistribution"/>
    <testcase time="0.00499999999999545" classname="Rules_methods" name="stopTrial_works_correctly_for_StoppingMTDdistribution"/>
    <testcase time="0.00500000000000966" classname="Rules_methods" name="stopTrial_works_correctly_for_StoppingMTDdistribution"/>
    <testcase time="0.00499999999999545" classname="Rules_methods" name="stopTrial_works_correctly_for_StoppingMTDdistribution"/>
    <testcase time="0.00499999999999545" classname="Rules_methods" name="stopTrial_works_correctly_for_StoppingMTDdistribution"/>
    <testcase time="0.00600000000000023" classname="Rules_methods" name="stopTrial_works_correctly_for_StoppingMTDdistribution"/>
    <testcase time="0.00500000000000966" classname="Rules_methods" name="stopTrial_works_correctly_for_StoppingMTDdistribution"/>
    <testcase time="0.00499999999999545" classname="Rules_methods" name="stopTrial_works_correctly_for_StoppingMTDdistribution"/>
    <testcase time="0.00499999999999545" classname="Rules_methods" name="stopTrial_works_correctly_for_StoppingMTDdistribution"/>
    <testcase time="0.00500000000000966" classname="Rules_methods" name="stopTrial_works_correctly_for_StoppingMTDdistribution"/>
    <testcase time="0.00499999999999545" classname="Rules_methods" name="stopTrial_works_correctly_for_StoppingMTDdistribution"/>
    <testcase time="0.00499999999999545" classname="Rules_methods" name="stopTrial_works_correctly_for_StoppingMTDdistribution"/>
    <testcase time="0.00500000000000966" classname="Rules_methods" name="stopTrial_works_correctly_for_StoppingMTDdistribution"/>
    <testcase time="0.00499999999999545" classname="Rules_methods" name="stopTrial_works_correctly_for_StoppingMTDdistribution"/>
    <testcase time="0.00499999999999545" classname="Rules_methods" name="stopTrial_works_correctly_for_StoppingMTDdistribution"/>
    <testcase time="0.00500000000000966" classname="Rules_methods" name="stopTrial_works_correctly_for_StoppingMTDdistribution"/>
    <testcase time="0.00500000000000966" classname="Rules_methods" name="stopTrial_works_correctly_for_StoppingMTDdistribution"/>
    <testcase time="0.00499999999999545" classname="Rules_methods" name="stopTrial_works_correctly_for_StoppingMTDdistribution"/>
    <testcase time="0.00499999999999545" classname="Rules_methods" name="stopTrial_works_correctly_for_StoppingMTDdistribution"/>
    <testcase time="0.00500000000000966" classname="Rules_methods" name="stopTrial_works_correctly_for_StoppingMTDdistribution"/>
    <testcase time="0.00499999999999545" classname="Rules_methods" name="stopTrial_works_correctly_for_StoppingMTDdistribution"/>
    <testcase time="0.00499999999999545" classname="Rules_methods" name="stopTrial_works_correctly_for_StoppingMTDdistribution"/>
    <testcase time="0.00600000000000023" classname="Rules_methods" name="stopTrial_works_correctly_for_StoppingMTDdistribution"/>
    <testcase time="0.00499999999999545" classname="Rules_methods" name="stopTrial_works_correctly_for_StoppingMTDdistribution"/>
    <testcase time="0.00500000000000966" classname="Rules_methods" name="stopTrial_works_correctly_for_StoppingMTDdistribution"/>
    <testcase time="0.00499999999999545" classname="Rules_methods" name="stopTrial_works_correctly_for_StoppingMTDdistribution"/>
    <testcase time="0.00499999999999545" classname="Rules_methods" name="stopTrial_works_correctly_for_StoppingMTDdistribution"/>
    <testcase time="0.00499999999999545" classname="Rules_methods" name="stopTrial_works_correctly_for_StoppingMTDdistribution"/>
    <testcase time="0.00500000000000966" classname="Rules_methods" name="stopTrial_works_correctly_for_StoppingMTDdistribution"/>
    <testcase time="0.00499999999999545" classname="Rules_methods" name="stopTrial_works_correctly_for_StoppingMTDdistribution"/>
    <testcase time="0.00600000000000023" classname="Rules_methods" name="stopTrial_works_correctly_for_StoppingMTDdistribution"/>
    <testcase time="0.00600000000000023" classname="Rules_methods" name="stopTrial_works_correctly_for_StoppingMTDdistribution"/>
    <testcase time="0.00600000000000023" classname="Rules_methods" name="stopTrial_works_correctly_for_StoppingMTDdistribution"/>
    <testcase time="0.00499999999999545" classname="Rules_methods" name="stopTrial_works_correctly_for_StoppingMTDdistribution"/>
    <testcase time="0.00499999999999545" classname="Rules_methods" name="stopTrial_works_correctly_for_StoppingMTDdistribution"/>
    <testcase time="0.00500000000000966" classname="Rules_methods" name="stopTrial_works_correctly_for_StoppingMTDdistribution"/>
    <testcase time="0.00499999999999545" classname="Rules_methods" name="stopTrial_works_correctly_for_StoppingMTDdistribution"/>
    <testcase time="0.00600000000000023" classname="Rules_methods" name="stopTrial_works_correctly_for_StoppingMTDdistribution"/>
    <testcase time="0.00499999999999545" classname="Rules_methods" name="stopTrial_works_correctly_for_StoppingMTDdistribution"/>
    <testcase time="0.00600000000000023" classname="Rules_methods" name="stopTrial_works_correctly_for_StoppingMTDdistribution"/>
    <testcase time="0.00500000000000966" classname="Rules_methods" name="stopTrial_works_correctly_for_StoppingMTDdistribution"/>
    <testcase time="0.00600000000000023" classname="Rules_methods" name="stopTrial_works_correctly_for_StoppingMTDdistribution"/>
    <testcase time="0.00699999999999079" classname="Rules_methods" name="stopTrial_works_correctly_for_StoppingMTDdistribution"/>
    <testcase time="0.00600000000000023" classname="Rules_methods" name="stopTrial_works_correctly_for_StoppingMTDdistribution"/>
    <testcase time="0.00600000000000023" classname="Rules_methods" name="stopTrial_works_correctly_for_StoppingMTDdistribution"/>
    <testcase time="0.00600000000000023" classname="Rules_methods" name="stopTrial_works_correctly_for_StoppingMTDdistribution"/>
    <testcase time="0.0139999999999958" classname="Rules_methods" name="stopTrial_works_correctly_for_StoppingMTDdistribution"/>
    <testcase time="0.00600000000000023" classname="Rules_methods" name="stopTrial_works_correctly_for_StoppingMTDdistribution"/>
    <testcase time="0.007000000000005" classname="Rules_methods" name="stopTrial_works_correctly_for_StoppingMTDdistribution"/>
    <testcase time="0.007000000000005" classname="Rules_methods" name="stopTrial_works_correctly_for_StoppingMTDdistribution"/>
    <testcase time="0.00600000000000023" classname="Rules_methods" name="stopTrial_works_correctly_for_StoppingMTDdistribution"/>
    <testcase time="0.00600000000000023" classname="Rules_methods" name="stopTrial_works_correctly_for_StoppingMTDdistribution"/>
    <testcase time="0.00600000000000023" classname="Rules_methods" name="stopTrial_works_correctly_for_StoppingMTDdistribution"/>
    <testcase time="0.00600000000000023" classname="Rules_methods" name="stopTrial_works_correctly_for_StoppingMTDdistribution"/>
    <testcase time="0.00600000000000023" classname="Rules_methods" name="stopTrial_works_correctly_for_StoppingMTDdistribution"/>
    <testcase time="0.00600000000000023" classname="Rules_methods" name="stopTrial_works_correctly_for_StoppingMTDdistribution"/>
    <testcase time="0.00600000000000023" classname="Rules_methods" name="stopTrial_works_correctly_for_StoppingMTDdistribution"/>
    <testcase time="0.00600000000000023" classname="Rules_methods" name="stopTrial_works_correctly_for_StoppingMTDdistribution"/>
    <testcase time="0.00499999999999545" classname="Rules_methods" name="stopTrial_works_correctly_for_StoppingMTDdistribution"/>
    <testcase time="0.00600000000000023" classname="Rules_methods" name="stopTrial_works_correctly_for_StoppingMTDdistribution"/>
    <testcase time="0.00600000000000023" classname="Rules_methods" name="stopTrial_works_correctly_for_StoppingMTDdistribution"/>
    <testcase time="0.00499999999999545" classname="Rules_methods" name="stopTrial_works_correctly_for_StoppingMTDdistribution"/>
    <testcase time="0.00600000000000023" classname="Rules_methods" name="stopTrial_works_correctly_for_StoppingMTDdistribution"/>
    <testcase time="0.00600000000000023" classname="Rules_methods" name="stopTrial_works_correctly_for_StoppingMTDdistribution"/>
    <testcase time="0.00600000000000023" classname="Rules_methods" name="stopTrial_works_correctly_for_StoppingMTDdistribution"/>
    <testcase time="0.00499999999999545" classname="Rules_methods" name="stopTrial_works_correctly_for_StoppingMTDdistribution"/>
    <testcase time="0.00600000000000023" classname="Rules_methods" name="stopTrial_works_correctly_for_StoppingMTDdistribution"/>
    <testcase time="0.00600000000000023" classname="Rules_methods" name="stopTrial_works_correctly_for_StoppingMTDdistribution"/>
    <testcase time="0.00600000000000023" classname="Rules_methods" name="stopTrial_works_correctly_for_StoppingMTDdistribution"/>
    <testcase time="0.00600000000000023" classname="Rules_methods" name="stopTrial_works_correctly_for_StoppingMTDdistribution"/>
    <testcase time="0.00500000000000966" classname="Rules_methods" name="stopTrial_works_correctly_for_StoppingMTDdistribution"/>
    <testcase time="0.00600000000000023" classname="Rules_methods" name="stopTrial_works_correctly_for_StoppingMTDdistribution"/>
    <testcase time="0.00600000000000023" classname="Rules_methods" name="stopTrial_works_correctly_for_StoppingMTDdistribution"/>
    <testcase time="0.00600000000000023" classname="Rules_methods" name="stopTrial_works_correctly_for_StoppingMTDdistribution"/>
    <testcase time="0.00600000000000023" classname="Rules_methods" name="stopTrial_works_correctly_for_StoppingMTDdistribution"/>
    <testcase time="0.00600000000000023" classname="Rules_methods" name="stopTrial_works_correctly_for_StoppingMTDdistribution"/>
    <testcase time="0.00600000000000023" classname="Rules_methods" name="stopTrial_works_correctly_for_StoppingMTDdistribution"/>
    <testcase time="0.00600000000000023" classname="Rules_methods" name="stopTrial_works_correctly_for_StoppingMTDdistribution"/>
    <testcase time="0.00600000000000023" classname="Rules_methods" name="stopTrial_works_correctly_for_StoppingMTDdistribution"/>
    <testcase time="0.00600000000000023" classname="Rules_methods" name="stopTrial_works_correctly_for_StoppingMTDdistribution"/>
    <testcase time="0.00600000000000023" classname="Rules_methods" name="stopTrial_works_correctly_for_StoppingMTDdistribution"/>
    <testcase time="0.00600000000000023" classname="Rules_methods" name="stopTrial_works_correctly_for_StoppingMTDdistribution"/>
    <testcase time="0.00600000000000023" classname="Rules_methods" name="stopTrial_works_correctly_for_StoppingMTDdistribution"/>
    <testcase time="0.00699999999999079" classname="Rules_methods" name="stopTrial_works_correctly_for_StoppingMTDdistribution"/>
    <testcase time="0.00600000000000023" classname="Rules_methods" name="stopTrial_works_correctly_for_StoppingMTDdistribution"/>
    <testcase time="0.00600000000000023" classname="Rules_methods" name="stopTrial_works_correctly_for_StoppingMTDdistribution"/>
    <testcase time="0.007000000000005" classname="Rules_methods" name="stopTrial_works_correctly_for_StoppingMTDdistribution"/>
    <testcase time="0.00600000000000023" classname="Rules_methods" name="stopTrial_works_correctly_for_StoppingMTDdistribution"/>
    <testcase time="0.00600000000000023" classname="Rules_methods" name="stopTrial_works_correctly_for_StoppingMTDdistribution"/>
    <testcase time="0.00600000000000023" classname="Rules_methods" name="stopTrial_works_correctly_for_StoppingMTDdistribution"/>
    <testcase time="0.00699999999999079" classname="Rules_methods" name="stopTrial_works_correctly_for_StoppingMTDdistribution"/>
    <testcase time="0.007000000000005" classname="Rules_methods" name="stopTrial_works_correctly_for_StoppingMTDdistribution"/>
    <testcase time="0.007000000000005" classname="Rules_methods" name="stopTrial_works_correctly_for_StoppingMTDdistribution"/>
    <testcase time="0.00699999999999079" classname="Rules_methods" name="stopTrial_works_correctly_for_StoppingMTDdistribution"/>
    <testcase time="0.00600000000000023" classname="Rules_methods" name="stopTrial_works_correctly_for_StoppingMTDdistribution"/>
    <testcase time="0.00800000000000978" classname="Rules_methods" name="stopTrial_works_correctly_for_StoppingMTDdistribution"/>
    <testcase time="0.00600000000000023" classname="Rules_methods" name="stopTrial_works_correctly_for_StoppingMTDdistribution"/>
    <testcase time="0.00699999999999079" classname="Rules_methods" name="stopTrial_works_correctly_for_StoppingMTDdistribution"/>
    <testcase time="0.007000000000005" classname="Rules_methods" name="stopTrial_works_correctly_for_StoppingMTDdistribution"/>
    <testcase time="0.0139999999999958" classname="Rules_methods" name="stopTrial_works_correctly_for_StoppingMTDdistribution"/>
    <testcase time="0.007000000000005" classname="Rules_methods" name="stopTrial_works_correctly_for_StoppingMTDdistribution"/>
    <testcase time="0.00699999999999079" classname="Rules_methods" name="stopTrial_works_correctly_for_StoppingMTDdistribution"/>
    <testcase time="0.007000000000005" classname="Rules_methods" name="stopTrial_works_correctly_for_StoppingMTDdistribution"/>
    <testcase time="0.007000000000005" classname="Rules_methods" name="stopTrial_works_correctly_for_StoppingMTDdistribution"/>
    <testcase time="0.00699999999999079" classname="Rules_methods" name="stopTrial_works_correctly_for_StoppingMTDdistribution"/>
    <testcase time="0.00600000000000023" classname="Rules_methods" name="stopTrial_works_correctly_for_StoppingMTDdistribution"/>
    <testcase time="0.007000000000005" classname="Rules_methods" name="stopTrial_works_correctly_for_StoppingMTDdistribution"/>
    <testcase time="0.00600000000000023" classname="Rules_methods" name="stopTrial_works_correctly_for_StoppingMTDdistribution"/>
    <testcase time="0.007000000000005" classname="Rules_methods" name="stopTrial_works_correctly_for_StoppingMTDdistribution"/>
    <testcase time="0.00699999999999079" classname="Rules_methods" name="stopTrial_works_correctly_for_StoppingMTDdistribution"/>
    <testcase time="0.007000000000005" classname="Rules_methods" name="stopTrial_works_correctly_for_StoppingMTDdistribution"/>
    <testcase time="0.007000000000005" classname="Rules_methods" name="stopTrial_works_correctly_for_StoppingMTDdistribution"/>
    <testcase time="0.00699999999999079" classname="Rules_methods" name="stopTrial_works_correctly_for_StoppingMTDdistribution"/>
    <testcase time="0.007000000000005" classname="Rules_methods" name="stopTrial_works_correctly_for_StoppingMTDdistribution"/>
    <testcase time="0.007000000000005" classname="Rules_methods" name="stopTrial_works_correctly_for_StoppingMTDdistribution"/>
    <testcase time="0.00600000000000023" classname="Rules_methods" name="stopTrial_works_correctly_for_StoppingMTDdistribution"/>
    <testcase time="0.00699999999999079" classname="Rules_methods" name="stopTrial_works_correctly_for_StoppingMTDdistribution"/>
    <testcase time="0.007000000000005" classname="Rules_methods" name="stopTrial_works_correctly_for_StoppingMTDdistribution"/>
    <testcase time="0.007000000000005" classname="Rules_methods" name="stopTrial_works_correctly_for_StoppingMTDdistribution"/>
    <testcase time="0.00699999999999079" classname="Rules_methods" name="stopTrial_works_correctly_for_StoppingMTDdistribution"/>
    <testcase time="0.007000000000005" classname="Rules_methods" name="stopTrial_works_correctly_for_StoppingMTDdistribution"/>
    <testcase time="0.00699999999999079" classname="Rules_methods" name="stopTrial_works_correctly_for_StoppingMTDdistribution"/>
    <testcase time="0.007000000000005" classname="Rules_methods" name="stopTrial_works_correctly_for_StoppingMTDdistribution"/>
    <testcase time="0.007000000000005" classname="Rules_methods" name="stopTrial_works_correctly_for_StoppingMTDdistribution"/>
    <testcase time="0.00699999999999079" classname="Rules_methods" name="stopTrial_works_correctly_for_StoppingMTDdistribution"/>
    <testcase time="0.007000000000005" classname="Rules_methods" name="stopTrial_works_correctly_for_StoppingMTDdistribution"/>
    <testcase time="0.007000000000005" classname="Rules_methods" name="stopTrial_works_correctly_for_StoppingMTDdistribution"/>
    <testcase time="0.00699999999999079" classname="Rules_methods" name="stopTrial_works_correctly_for_StoppingMTDdistribution"/>
    <testcase time="0.007000000000005" classname="Rules_methods" name="stopTrial_works_correctly_for_StoppingMTDdistribution"/>
    <testcase time="0.007000000000005" classname="Rules_methods" name="stopTrial_works_correctly_for_StoppingMTDdistribution"/>
    <testcase time="0.00699999999999079" classname="Rules_methods" name="stopTrial_works_correctly_for_StoppingMTDdistribution"/>
    <testcase time="0.007000000000005" classname="Rules_methods" name="stopTrial_works_correctly_for_StoppingMTDdistribution"/>
    <testcase time="0.007000000000005" classname="Rules_methods" name="stopTrial_works_correctly_for_StoppingMTDdistribution"/>
    <testcase time="0.00699999999999079" classname="Rules_methods" name="stopTrial_works_correctly_for_StoppingMTDdistribution"/>
    <testcase time="0.00600000000000023" classname="Rules_methods" name="stopTrial_works_correctly_for_StoppingMTDdistribution"/>
    <testcase time="0.007000000000005" classname="Rules_methods" name="stopTrial_works_correctly_for_StoppingMTDdistribution"/>
    <testcase time="0.00600000000000023" classname="Rules_methods" name="stopTrial_works_correctly_for_StoppingMTDdistribution"/>
    <testcase time="0.007000000000005" classname="Rules_methods" name="stopTrial_works_correctly_for_StoppingMTDdistribution"/>
    <testcase time="0.00599999999998602" classname="Rules_methods" name="stopTrial_works_correctly_for_StoppingMTDdistribution"/>
    <testcase time="0.007000000000005" classname="Rules_methods" name="stopTrial_works_correctly_for_StoppingMTDdistribution"/>
    <testcase time="0.00600000000000023" classname="Rules_methods" name="stopTrial_works_correctly_for_StoppingMTDdistribution"/>
    <testcase time="0.00600000000000023" classname="Rules_methods" name="stopTrial_works_correctly_for_StoppingMTDdistribution"/>
    <testcase time="0.007000000000005" classname="Rules_methods" name="stopTrial_works_correctly_for_StoppingMTDdistribution"/>
    <testcase time="0.00600000000000023" classname="Rules_methods" name="stopTrial_works_correctly_for_StoppingMTDdistribution"/>
    <testcase time="0.00600000000000023" classname="Rules_methods" name="stopTrial_works_correctly_for_StoppingMTDdistribution"/>
    <testcase time="0.00699999999999079" classname="Rules_methods" name="stopTrial_works_correctly_for_StoppingMTDdistribution"/>
    <testcase time="0.007000000000005" classname="Rules_methods" name="stopTrial_works_correctly_for_StoppingMTDdistribution"/>
    <testcase time="0.007000000000005" classname="Rules_methods" name="stopTrial_works_correctly_for_StoppingMTDdistribution"/>
    <testcase time="0.00699999999999079" classname="Rules_methods" name="stopTrial_works_correctly_for_StoppingMTDdistribution"/>
    <testcase time="0.01400000000001" classname="Rules_methods" name="stopTrial_works_correctly_for_StoppingMTDdistribution"/>
    <testcase time="0.00600000000000023" classname="Rules_methods" name="stopTrial_works_correctly_for_StoppingMTDdistribution"/>
    <testcase time="0.00699999999999079" classname="Rules_methods" name="stopTrial_works_correctly_for_StoppingMTDdistribution"/>
    <testcase time="0.007000000000005" classname="Rules_methods" name="stopTrial_works_correctly_for_StoppingMTDdistribution"/>
    <testcase time="0.00600000000000023" classname="Rules_methods" name="stopTrial_works_correctly_for_StoppingMTDdistribution"/>
    <testcase time="0.007000000000005" classname="Rules_methods" name="stopTrial_works_correctly_for_StoppingMTDdistribution"/>
    <testcase time="0.00600000000000023" classname="Rules_methods" name="stopTrial_works_correctly_for_StoppingMTDdistribution"/>
    <testcase time="0.00699999999999079" classname="Rules_methods" name="stopTrial_works_correctly_for_StoppingMTDdistribution"/>
    <testcase time="0.00600000000000023" classname="Rules_methods" name="stopTrial_works_correctly_for_StoppingMTDdistribution"/>
    <testcase time="0.007000000000005" classname="Rules_methods" name="stopTrial_works_correctly_for_StoppingMTDdistribution"/>
    <testcase time="0.00699999999999079" classname="Rules_methods" name="stopTrial_works_correctly_for_StoppingMTDdistribution"/>
    <testcase time="0.00600000000000023" classname="Rules_methods" name="stopTrial_works_correctly_for_StoppingMTDdistribution"/>
    <testcase time="0.00600000000000023" classname="Rules_methods" name="stopTrial_works_correctly_for_StoppingMTDdistribution"/>
    <testcase time="0.00600000000000023" classname="Rules_methods" name="stopTrial_works_correctly_for_StoppingMTDdistribution"/>
    <testcase time="0.007000000000005" classname="Rules_methods" name="stopTrial_works_correctly_for_StoppingMTDdistribution"/>
    <testcase time="0.00600000000000023" classname="Rules_methods" name="stopTrial_works_correctly_for_StoppingMTDdistribution"/>
    <testcase time="0.007000000000005" classname="Rules_methods" name="stopTrial_works_correctly_for_StoppingMTDdistribution"/>
    <testcase time="0.00699999999999079" classname="Rules_methods" name="stopTrial_works_correctly_for_StoppingMTDdistribution"/>
    <testcase time="0.00600000000000023" classname="Rules_methods" name="stopTrial_works_correctly_for_StoppingMTDdistribution"/>
    <testcase time="0.007000000000005" classname="Rules_methods" name="stopTrial_works_correctly_for_StoppingMTDdistribution"/>
    <testcase time="0.00600000000000023" classname="Rules_methods" name="stopTrial_works_correctly_for_StoppingMTDdistribution"/>
    <testcase time="0.007000000000005" classname="Rules_methods" name="stopTrial_works_correctly_for_StoppingMTDdistribution"/>
    <testcase time="0.00600000000000023" classname="Rules_methods" name="stopTrial_works_correctly_for_StoppingMTDdistribution"/>
    <testcase time="0.00600000000000023" classname="Rules_methods" name="stopTrial_works_correctly_for_StoppingMTDdistribution"/>
    <testcase time="0.00699999999999079" classname="Rules_methods" name="stopTrial_works_correctly_for_StoppingMTDdistribution"/>
    <testcase time="0.00600000000000023" classname="Rules_methods" name="stopTrial_works_correctly_for_StoppingMTDdistribution"/>
    <testcase time="0.00600000000000023" classname="Rules_methods" name="stopTrial_works_correctly_for_StoppingMTDdistribution"/>
    <testcase time="0.00600000000000023" classname="Rules_methods" name="stopTrial_works_correctly_for_StoppingMTDdistribution"/>
    <testcase time="0.007000000000005" classname="Rules_methods" name="stopTrial_works_correctly_for_StoppingMTDdistribution"/>
    <testcase time="0.00600000000000023" classname="Rules_methods" name="stopTrial_works_correctly_for_StoppingMTDdistribution"/>
    <testcase time="0.00600000000000023" classname="Rules_methods" name="stopTrial_works_correctly_for_StoppingMTDdistribution"/>
    <testcase time="0.00600000000000023" classname="Rules_methods" name="stopTrial_works_correctly_for_StoppingMTDdistribution"/>
    <testcase time="0.00699999999999079" classname="Rules_methods" name="stopTrial_works_correctly_for_StoppingMTDdistribution"/>
    <testcase time="0.00600000000000023" classname="Rules_methods" name="stopTrial_works_correctly_for_StoppingMTDdistribution"/>
    <testcase time="0.00600000000000023" classname="Rules_methods" name="stopTrial_works_correctly_for_StoppingMTDdistribution"/>
    <testcase time="0.007000000000005" classname="Rules_methods" name="stopTrial_works_correctly_for_StoppingMTDdistribution"/>
    <testcase time="0.00600000000000023" classname="Rules_methods" name="stopTrial_works_correctly_for_StoppingMTDdistribution"/>
    <testcase time="0.007000000000005" classname="Rules_methods" name="stopTrial_works_correctly_for_StoppingMTDdistribution"/>
    <testcase time="0.00600000000000023" classname="Rules_methods" name="stopTrial_works_correctly_for_StoppingMTDdistribution"/>
    <testcase time="0.00699999999999079" classname="Rules_methods" name="stopTrial_works_correctly_for_StoppingMTDdistribution"/>
    <testcase time="0.00600000000000023" classname="Rules_methods" name="stopTrial_works_correctly_for_StoppingMTDdistribution"/>
    <testcase time="0.007000000000005" classname="Rules_methods" name="stopTrial_works_correctly_for_StoppingMTDdistribution"/>
    <testcase time="0.00600000000000023" classname="Rules_methods" name="stopTrial_works_correctly_for_StoppingMTDdistribution"/>
    <testcase time="0.00600000000000023" classname="Rules_methods" name="stopTrial_works_correctly_for_StoppingMTDdistribution"/>
    <testcase time="0.00699999999999079" classname="Rules_methods" name="stopTrial_works_correctly_for_StoppingMTDdistribution"/>
    <testcase time="0.00600000000000023" classname="Rules_methods" name="stopTrial_works_correctly_for_StoppingMTDdistribution"/>
    <testcase time="0.007000000000005" classname="Rules_methods" name="stopTrial_works_correctly_for_StoppingMTDdistribution"/>
    <testcase time="0.0139999999999958" classname="Rules_methods" name="stopTrial_works_correctly_for_StoppingMTDdistribution"/>
    <testcase time="0.007000000000005" classname="Rules_methods" name="stopTrial_works_correctly_for_StoppingMTDdistribution"/>
    <testcase time="0.00699999999999079" classname="Rules_methods" name="stopTrial_works_correctly_for_StoppingMTDdistribution"/>
    <testcase time="0.007000000000005" classname="Rules_methods" name="stopTrial_works_correctly_for_StoppingMTDdistribution"/>
    <testcase time="0.007000000000005" classname="Rules_methods" name="stopTrial_works_correctly_for_StoppingMTDdistribution"/>
    <testcase time="0.00900000000000034" classname="Rules_methods" name="stopTrial_works_correctly_for_StoppingMTDdistribution"/>
    <testcase time="0.0120000000000005" classname="Rules_methods" name="stopTrial_works_correctly_for_StoppingMTDdistribution"/>
    <testcase time="0.00699999999999079" classname="Rules_methods" name="stopTrial_works_correctly_for_StoppingMTDdistribution"/>
    <testcase time="0.007000000000005" classname="Rules_methods" name="stopTrial_works_correctly_for_StoppingMTDdistribution"/>
    <testcase time="0.007000000000005" classname="Rules_methods" name="stopTrial_works_correctly_for_StoppingMTDdistribution"/>
    <testcase time="0.00699999999999079" classname="Rules_methods" name="stopTrial_works_correctly_for_StoppingMTDdistribution"/>
    <testcase time="0.007000000000005" classname="Rules_methods" name="stopTrial_works_correctly_for_StoppingMTDdistribution"/>
    <testcase time="0.007000000000005" classname="Rules_methods" name="stopTrial_works_correctly_for_StoppingMTDdistribution"/>
    <testcase time="0.00699999999999079" classname="Rules_methods" name="stopTrial_works_correctly_for_StoppingMTDdistribution"/>
    <testcase time="0.007000000000005" classname="Rules_methods" name="stopTrial_works_correctly_for_StoppingMTDdistribution"/>
    <testcase time="0.00699999999999079" classname="Rules_methods" name="stopTrial_works_correctly_for_StoppingMTDdistribution"/>
    <testcase time="0.00600000000000023" classname="Rules_methods" name="stopTrial_works_correctly_for_StoppingMTDdistribution"/>
    <testcase time="0.007000000000005" classname="Rules_methods" name="stopTrial_works_correctly_for_StoppingMTDdistribution"/>
    <testcase time="0.007000000000005" classname="Rules_methods" name="stopTrial_works_correctly_for_StoppingMTDdistribution"/>
    <testcase time="0.00600000000000023" classname="Rules_methods" name="stopTrial_works_correctly_for_StoppingMTDdistribution"/>
    <testcase time="0.00699999999999079" classname="Rules_methods" name="stopTrial_works_correctly_for_StoppingMTDdistribution"/>
    <testcase time="0.007000000000005" classname="Rules_methods" name="stopTrial_works_correctly_for_StoppingMTDdistribution"/>
    <testcase time="0.007000000000005" classname="Rules_methods" name="stopTrial_works_correctly_for_StoppingMTDdistribution"/>
    <testcase time="0.00699999999999079" classname="Rules_methods" name="stopTrial_works_correctly_for_StoppingMTDdistribution"/>
    <testcase time="0.00600000000000023" classname="Rules_methods" name="stopTrial_works_correctly_for_StoppingMTDdistribution"/>
    <testcase time="0.007000000000005" classname="Rules_methods" name="stopTrial_works_correctly_for_StoppingMTDdistribution"/>
    <testcase time="0.00600000000000023" classname="Rules_methods" name="stopTrial_works_correctly_for_StoppingMTDdistribution"/>
    <testcase time="0.007000000000005" classname="Rules_methods" name="stopTrial_works_correctly_for_StoppingMTDdistribution"/>
    <testcase time="0.00600000000000023" classname="Rules_methods" name="stopTrial_works_correctly_for_StoppingMTDdistribution"/>
    <testcase time="0.00699999999999079" classname="Rules_methods" name="stopTrial_works_correctly_for_StoppingMTDdistribution"/>
    <testcase time="0.007000000000005" classname="Rules_methods" name="stopTrial_works_correctly_for_StoppingMTDdistribution"/>
    <testcase time="0.007000000000005" classname="Rules_methods" name="stopTrial_works_correctly_for_StoppingMTDdistribution"/>
    <testcase time="0.00600000000000023" classname="Rules_methods" name="stopTrial_works_correctly_for_StoppingMTDdistribution"/>
    <testcase time="0.00699999999999079" classname="Rules_methods" name="stopTrial_works_correctly_for_StoppingMTDdistribution"/>
    <testcase time="0.007000000000005" classname="Rules_methods" name="stopTrial_works_correctly_for_StoppingMTDdistribution"/>
    <testcase time="0.00699999999999079" classname="Rules_methods" name="stopTrial_works_correctly_for_StoppingMTDdistribution"/>
    <testcase time="0.007000000000005" classname="Rules_methods" name="stopTrial_works_correctly_for_StoppingMTDdistribution"/>
    <testcase time="0.007000000000005" classname="Rules_methods" name="stopTrial_works_correctly_for_StoppingMTDdistribution"/>
    <testcase time="0.00699999999999079" classname="Rules_methods" name="stopTrial_works_correctly_for_StoppingMTDdistribution"/>
    <testcase time="0.00800000000000978" classname="Rules_methods" name="stopTrial_works_correctly_for_StoppingMTDdistribution"/>
    <testcase time="0.00699999999999079" classname="Rules_methods" name="stopTrial_works_correctly_for_StoppingMTDdistribution"/>
    <testcase time="0.00800000000000978" classname="Rules_methods" name="stopTrial_works_correctly_for_StoppingMTDdistribution"/>
    <testcase time="0.00799999999999557" classname="Rules_methods" name="stopTrial_works_correctly_for_StoppingMTDdistribution"/>
    <testcase time="0.00799999999999557" classname="Rules_methods" name="stopTrial_works_correctly_for_StoppingMTDdistribution"/>
    <testcase time="0.00800000000000978" classname="Rules_methods" name="stopTrial_works_correctly_for_StoppingMTDdistribution"/>
    <testcase time="0.00799999999999557" classname="Rules_methods" name="stopTrial_works_correctly_for_StoppingMTDdistribution"/>
    <testcase time="0.0150000000000006" classname="Rules_methods" name="stopTrial_works_correctly_for_StoppingMTDdistribution"/>
    <testcase time="0.007000000000005" classname="Rules_methods" name="stopTrial_works_correctly_for_StoppingMTDdistribution"/>
    <testcase time="0.00699999999999079" classname="Rules_methods" name="stopTrial_works_correctly_for_StoppingMTDdistribution"/>
    <testcase time="0.007000000000005" classname="Rules_methods" name="stopTrial_works_correctly_for_StoppingMTDdistribution"/>
    <testcase time="0.00799999999999557" classname="Rules_methods" name="stopTrial_works_correctly_for_StoppingMTDdistribution"/>
    <testcase time="0.007000000000005" classname="Rules_methods" name="stopTrial_works_correctly_for_StoppingMTDdistribution"/>
    <testcase time="0.00799999999999557" classname="Rules_methods" name="stopTrial_works_correctly_for_StoppingMTDdistribution"/>
    <testcase time="0.00799999999999557" classname="Rules_methods" name="stopTrial_works_correctly_for_StoppingMTDdistribution"/>
    <testcase time="0.007000000000005" classname="Rules_methods" name="stopTrial_works_correctly_for_StoppingMTDdistribution"/>
    <testcase time="0.00799999999999557" classname="Rules_methods" name="stopTrial_works_correctly_for_StoppingMTDdistribution"/>
    <testcase time="0.00800000000000978" classname="Rules_methods" name="stopTrial_works_correctly_for_StoppingMTDdistribution"/>
    <testcase time="0.00799999999999557" classname="Rules_methods" name="stopTrial_works_correctly_for_StoppingMTDdistribution"/>
    <testcase time="0.00799999999999557" classname="Rules_methods" name="stopTrial_works_correctly_for_StoppingMTDdistribution"/>
    <testcase time="0.00800000000000978" classname="Rules_methods" name="stopTrial_works_correctly_for_StoppingMTDdistribution"/>
    <testcase time="0.00699999999999079" classname="Rules_methods" name="stopTrial_works_correctly_for_StoppingMTDdistribution"/>
    <testcase time="0.007000000000005" classname="Rules_methods" name="stopTrial_works_correctly_for_StoppingMTDdistribution"/>
    <testcase time="0.007000000000005" classname="Rules_methods" name="stopTrial_works_correctly_for_StoppingMTDdistribution"/>
    <testcase time="0.00699999999999079" classname="Rules_methods" name="stopTrial_works_correctly_for_StoppingMTDdistribution"/>
    <testcase time="0.00800000000000978" classname="Rules_methods" name="stopTrial_works_correctly_for_StoppingMTDdistribution"/>
    <testcase time="0.00699999999999079" classname="Rules_methods" name="stopTrial_works_correctly_for_StoppingMTDdistribution"/>
    <testcase time="0.007000000000005" classname="Rules_methods" name="stopTrial_works_correctly_for_StoppingMTDdistribution"/>
    <testcase time="0.00699999999999079" classname="Rules_methods" name="stopTrial_works_correctly_for_StoppingMTDdistribution"/>
    <testcase time="0.00800000000000978" classname="Rules_methods" name="stopTrial_works_correctly_for_StoppingMTDdistribution"/>
    <testcase time="0.00699999999999079" classname="Rules_methods" name="stopTrial_works_correctly_for_StoppingMTDdistribution"/>
    <testcase time="0.007000000000005" classname="Rules_methods" name="stopTrial_works_correctly_for_StoppingMTDdistribution"/>
    <testcase time="0.007000000000005" classname="Rules_methods" name="stopTrial_works_correctly_for_StoppingMTDdistribution"/>
    <testcase time="0.00799999999999557" classname="Rules_methods" name="stopTrial_works_correctly_for_StoppingMTDdistribution"/>
    <testcase time="0.007000000000005" classname="Rules_methods" name="stopTrial_works_correctly_for_StoppingMTDdistribution"/>
    <testcase time="0.00799999999999557" classname="Rules_methods" name="stopTrial_works_correctly_for_StoppingMTDdistribution"/>
    <testcase time="0.007000000000005" classname="Rules_methods" name="stopTrial_works_correctly_for_StoppingMTDdistribution"/>
    <testcase time="0.00699999999999079" classname="Rules_methods" name="stopTrial_works_correctly_for_StoppingMTDdistribution"/>
    <testcase time="0.007000000000005" classname="Rules_methods" name="stopTrial_works_correctly_for_StoppingMTDdistribution"/>
    <testcase time="0.00799999999999557" classname="Rules_methods" name="stopTrial_works_correctly_for_StoppingMTDdistribution"/>
    <testcase time="0.007000000000005" classname="Rules_methods" name="stopTrial_works_correctly_for_StoppingMTDdistribution"/>
    <testcase time="0.00799999999999557" classname="Rules_methods" name="stopTrial_works_correctly_for_StoppingMTDdistribution"/>
    <testcase time="0.007000000000005" classname="Rules_methods" name="stopTrial_works_correctly_for_StoppingMTDdistribution"/>
    <testcase time="0.00699999999999079" classname="Rules_methods" name="stopTrial_works_correctly_for_StoppingMTDdistribution"/>
    <testcase time="0.00799999999999557" classname="Rules_methods" name="stopTrial_works_correctly_for_StoppingMTDdistribution"/>
    <testcase time="0.007000000000005" classname="Rules_methods" name="stopTrial_works_correctly_for_StoppingMTDdistribution"/>
    <testcase time="0.007000000000005" classname="Rules_methods" name="stopTrial_works_correctly_for_StoppingMTDdistribution"/>
    <testcase time="0.00799999999999557" classname="Rules_methods" name="stopTrial_works_correctly_for_StoppingMTDdistribution"/>
    <testcase time="0.00799999999999557" classname="Rules_methods" name="stopTrial_works_correctly_for_StoppingMTDdistribution"/>
    <testcase time="0.007000000000005" classname="Rules_methods" name="stopTrial_works_correctly_for_StoppingMTDdistribution"/>
    <testcase time="0.00799999999999557" classname="Rules_methods" name="stopTrial_works_correctly_for_StoppingMTDdistribution"/>
    <testcase time="0.0150000000000006" classname="Rules_methods" name="stopTrial_works_correctly_for_StoppingMTDdistribution"/>
    <testcase time="0.007000000000005" classname="Rules_methods" name="stopTrial_works_correctly_for_StoppingMTDdistribution"/>
    <testcase time="0.00799999999999557" classname="Rules_methods" name="stopTrial_works_correctly_for_StoppingMTDdistribution"/>
    <testcase time="0.007000000000005" classname="Rules_methods" name="stopTrial_works_correctly_for_StoppingMTDdistribution"/>
    <testcase time="0.00799999999999557" classname="Rules_methods" name="stopTrial_works_correctly_for_StoppingMTDdistribution"/>
    <testcase time="0.007000000000005" classname="Rules_methods" name="stopTrial_works_correctly_for_StoppingMTDdistribution"/>
    <testcase time="0.007000000000005" classname="Rules_methods" name="stopTrial_works_correctly_for_StoppingMTDdistribution"/>
    <testcase time="0.00799999999999557" classname="Rules_methods" name="stopTrial_works_correctly_for_StoppingMTDdistribution"/>
    <testcase time="0.007000000000005" classname="Rules_methods" name="stopTrial_works_correctly_for_StoppingMTDdistribution"/>
    <testcase time="0.00799999999999557" classname="Rules_methods" name="stopTrial_works_correctly_for_StoppingMTDdistribution"/>
    <testcase time="0.00699999999999079" classname="Rules_methods" name="stopTrial_works_correctly_for_StoppingMTDdistribution"/>
    <testcase time="0.00800000000000978" classname="Rules_methods" name="stopTrial_works_correctly_for_StoppingMTDdistribution"/>
    <testcase time="0.00799999999999557" classname="Rules_methods" name="stopTrial_works_correctly_for_StoppingMTDdistribution"/>
    <testcase time="0.00799999999999557" classname="Rules_methods" name="stopTrial_works_correctly_for_StoppingMTDdistribution"/>
    <testcase time="0.00800000000000978" classname="Rules_methods" name="stopTrial_works_correctly_for_StoppingMTDdistribution"/>
    <testcase time="0.00799999999999557" classname="Rules_methods" name="stopTrial_works_correctly_for_StoppingMTDdistribution"/>
    <testcase time="0.007000000000005" classname="Rules_methods" name="stopTrial_works_correctly_for_StoppingMTDdistribution"/>
    <testcase time="0.00799999999999557" classname="Rules_methods" name="stopTrial_works_correctly_for_StoppingMTDdistribution"/>
    <testcase time="0.00799999999999557" classname="Rules_methods" name="stopTrial_works_correctly_for_StoppingMTDdistribution"/>
    <testcase time="0.00800000000000978" classname="Rules_methods" name="stopTrial_works_correctly_for_StoppingMTDdistribution"/>
    <testcase time="0.00699999999999079" classname="Rules_methods" name="stopTrial_works_correctly_for_StoppingMTDdistribution"/>
    <testcase time="0.00800000000000978" classname="Rules_methods" name="stopTrial_works_correctly_for_StoppingMTDdistribution"/>
    <testcase time="0.00699999999999079" classname="Rules_methods" name="stopTrial_works_correctly_for_StoppingMTDdistribution"/>
    <testcase time="0.00800000000000978" classname="Rules_methods" name="stopTrial_works_correctly_for_StoppingMTDdistribution"/>
    <testcase time="0.00699999999999079" classname="Rules_methods" name="stopTrial_works_correctly_for_StoppingMTDdistribution"/>
    <testcase time="0.007000000000005" classname="Rules_methods" name="stopTrial_works_correctly_for_StoppingMTDdistribution"/>
    <testcase time="0.00799999999999557" classname="Rules_methods" name="stopTrial_works_correctly_for_StoppingMTDdistribution"/>
    <testcase time="0.007000000000005" classname="Rules_methods" name="stopTrial_works_correctly_for_StoppingMTDdistribution"/>
    <testcase time="0.00799999999999557" classname="Rules_methods" name="stopTrial_works_correctly_for_StoppingMTDdistribution"/>
    <testcase time="0.00799999999999557" classname="Rules_methods" name="stopTrial_works_correctly_for_StoppingMTDdistribution"/>
    <testcase time="0.00800000000000978" classname="Rules_methods" name="stopTrial_works_correctly_for_StoppingMTDdistribution"/>
    <testcase time="0.00799999999999557" classname="Rules_methods" name="stopTrial_works_correctly_for_StoppingMTDdistribution"/>
    <testcase time="0.007000000000005" classname="Rules_methods" name="stopTrial_works_correctly_for_StoppingMTDdistribution"/>
    <testcase time="0.00799999999999557" classname="Rules_methods" name="stopTrial_works_correctly_for_StoppingMTDdistribution"/>
    <testcase time="0.007000000000005" classname="Rules_methods" name="stopTrial_works_correctly_for_StoppingMTDdistribution"/>
    <testcase time="0.00699999999999079" classname="Rules_methods" name="stopTrial_works_correctly_for_StoppingMTDdistribution"/>
    <testcase time="0.00800000000000978" classname="Rules_methods" name="stopTrial_works_correctly_for_StoppingMTDdistribution"/>
    <testcase time="0.00699999999999079" classname="Rules_methods" name="stopTrial_works_correctly_for_StoppingMTDdistribution"/>
    <testcase time="0.00800000000000978" classname="Rules_methods" name="stopTrial_works_correctly_for_StoppingMTDdistribution"/>
    <testcase time="0.00799999999999557" classname="Rules_methods" name="stopTrial_works_correctly_for_StoppingMTDdistribution"/>
    <testcase time="0.00900000000000034" classname="Rules_methods" name="stopTrial_works_correctly_for_StoppingMTDdistribution"/>
    <testcase time="0.00900000000000034" classname="Rules_methods" name="stopTrial_works_correctly_for_StoppingMTDdistribution"/>
    <testcase time="0.00799999999999557" classname="Rules_methods" name="stopTrial_works_correctly_for_StoppingMTDdistribution"/>
    <testcase time="0.0160000000000053" classname="Rules_methods" name="stopTrial_works_correctly_for_StoppingMTDdistribution"/>
    <testcase time="0.00699999999999079" classname="Rules_methods" name="stopTrial_works_correctly_for_StoppingMTDdistribution"/>
    <testcase time="0.00800000000000978" classname="Rules_methods" name="stopTrial_works_correctly_for_StoppingMTDdistribution"/>
    <testcase time="0.00799999999999557" classname="Rules_methods" name="stopTrial_works_correctly_for_StoppingMTDdistribution"/>
    <testcase time="0.007000000000005" classname="Rules_methods" name="stopTrial_works_correctly_for_StoppingMTDdistribution"/>
    <testcase time="0.00699999999999079" classname="Rules_methods" name="stopTrial_works_correctly_for_StoppingMTDdistribution"/>
    <testcase time="0.00800000000000978" classname="Rules_methods" name="stopTrial_works_correctly_for_StoppingMTDdistribution"/>
    <testcase time="0.00799999999999557" classname="Rules_methods" name="stopTrial_works_correctly_for_StoppingMTDdistribution"/>
    <testcase time="0.007000000000005" classname="Rules_methods" name="stopTrial_works_correctly_for_StoppingMTDdistribution"/>
    <testcase time="0.00799999999999557" classname="Rules_methods" name="stopTrial_works_correctly_for_StoppingMTDdistribution"/>
    <testcase time="0.00799999999999557" classname="Rules_methods" name="stopTrial_works_correctly_for_StoppingMTDdistribution"/>
    <testcase time="0.007000000000005" classname="Rules_methods" name="stopTrial_works_correctly_for_StoppingMTDdistribution"/>
    <testcase time="0.00799999999999557" classname="Rules_methods" name="stopTrial_works_correctly_for_StoppingMTDdistribution"/>
    <testcase time="0.007000000000005" classname="Rules_methods" name="stopTrial_works_correctly_for_StoppingMTDdistribution"/>
    <testcase time="0.00799999999999557" classname="Rules_methods" name="stopTrial_works_correctly_for_StoppingMTDdistribution"/>
    <testcase time="0.007000000000005" classname="Rules_methods" name="stopTrial_works_correctly_for_StoppingMTDdistribution"/>
    <testcase time="0.00799999999999557" classname="Rules_methods" name="stopTrial_works_correctly_for_StoppingMTDdistribution"/>
    <testcase time="0.007000000000005" classname="Rules_methods" name="stopTrial_works_correctly_for_StoppingMTDdistribution"/>
    <testcase time="0.00699999999999079" classname="Rules_methods" name="stopTrial_works_correctly_for_StoppingMTDdistribution"/>
    <testcase time="0.00900000000000034" classname="Rules_methods" name="stopTrial_works_correctly_for_StoppingMTDdistribution"/>
    <testcase time="0.007000000000005" classname="Rules_methods" name="stopTrial_works_correctly_for_StoppingMTDdistribution"/>
    <testcase time="0.00799999999999557" classname="Rules_methods" name="stopTrial_works_correctly_for_StoppingMTDdistribution"/>
    <testcase time="0.00800000000000978" classname="Rules_methods" name="stopTrial_works_correctly_for_StoppingMTDdistribution"/>
    <testcase time="0.00699999999999079" classname="Rules_methods" name="stopTrial_works_correctly_for_StoppingMTDdistribution"/>
    <testcase time="0.00800000000000978" classname="Rules_methods" name="stopTrial_works_correctly_for_StoppingMTDdistribution"/>
    <testcase time="0.00699999999999079" classname="Rules_methods" name="stopTrial_works_correctly_for_StoppingMTDdistribution"/>
    <testcase time="0.00800000000000978" classname="Rules_methods" name="stopTrial_works_correctly_for_StoppingMTDdistribution"/>
    <testcase time="0.00799999999999557" classname="Rules_methods" name="stopTrial_works_correctly_for_StoppingMTDdistribution"/>
    <testcase time="0.007000000000005" classname="Rules_methods" name="stopTrial_works_correctly_for_StoppingMTDdistribution"/>
    <testcase time="0.00799999999999557" classname="Rules_methods" name="stopTrial_works_correctly_for_StoppingMTDdistribution"/>
    <testcase time="0.00799999999999557" classname="Rules_methods" name="stopTrial_works_correctly_for_StoppingMTDdistribution"/>
    <testcase time="0.00799999999999557" classname="Rules_methods" name="stopTrial_works_correctly_for_StoppingMTDdistribution"/>
    <testcase time="0.00800000000000978" classname="Rules_methods" name="stopTrial_works_correctly_for_StoppingMTDdistribution"/>
    <testcase time="0.00699999999999079" classname="Rules_methods" name="stopTrial_works_correctly_for_StoppingMTDdistribution"/>
    <testcase time="0.00900000000000034" classname="Rules_methods" name="stopTrial_works_correctly_for_StoppingMTDdistribution"/>
    <testcase time="0.007000000000005" classname="Rules_methods" name="stopTrial_works_correctly_for_StoppingMTDdistribution"/>
    <testcase time="0.00799999999999557" classname="Rules_methods" name="stopTrial_works_correctly_for_StoppingMTDdistribution"/>
    <testcase time="0.00800000000000978" classname="Rules_methods" name="stopTrial_works_correctly_for_StoppingMTDdistribution"/>
    <testcase time="0.00999999999999091" classname="Rules_methods" name="stopTrial_works_correctly_for_StoppingMTDdistribution"/>
    <testcase time="0.00800000000000978" classname="Rules_methods" name="stopTrial_works_correctly_for_StoppingMTDdistribution"/>
    <testcase time="0.00900000000000034" classname="Rules_methods" name="stopTrial_works_correctly_for_StoppingMTDdistribution"/>
    <testcase time="0.0459999999999923" classname="Rules_methods" name="stopTrial_works_correctly_for_StoppingMTDdistribution"/>
    <testcase time="0.00900000000000034" classname="Rules_methods" name="stopTrial_works_correctly_for_StoppingMTDdistribution"/>
    <testcase time="0.00799999999999557" classname="Rules_methods" name="stopTrial_works_correctly_for_StoppingMTDdistribution"/>
    <testcase time="0.00800000000000978" classname="Rules_methods" name="stopTrial_works_correctly_for_StoppingMTDdistribution"/>
    <testcase time="0.00799999999999557" classname="Rules_methods" name="stopTrial_works_correctly_for_StoppingMTDdistribution"/>
    <testcase time="0.007000000000005" classname="Rules_methods" name="stopTrial_works_correctly_for_StoppingMTDdistribution"/>
    <testcase time="0.00799999999999557" classname="Rules_methods" name="stopTrial_works_correctly_for_StoppingMTDdistribution"/>
    <testcase time="0.007000000000005" classname="Rules_methods" name="stopTrial_works_correctly_for_StoppingMTDdistribution"/>
    <testcase time="0.00799999999999557" classname="Rules_methods" name="stopTrial_works_correctly_for_StoppingMTDdistribution"/>
    <testcase time="0.007000000000005" classname="Rules_methods" name="stopTrial_works_correctly_for_StoppingMTDdistribution"/>
    <testcase time="0.00799999999999557" classname="Rules_methods" name="stopTrial_works_correctly_for_StoppingMTDdistribution"/>
    <testcase time="0.007000000000005" classname="Rules_methods" name="stopTrial_works_correctly_for_StoppingMTDdistribution"/>
    <testcase time="0.00799999999999557" classname="Rules_methods" name="stopTrial_works_correctly_for_StoppingMTDdistribution"/>
    <testcase time="0.007000000000005" classname="Rules_methods" name="stopTrial_works_correctly_for_StoppingMTDdistribution"/>
    <testcase time="0.00799999999999557" classname="Rules_methods" name="stopTrial_works_correctly_for_StoppingMTDdistribution"/>
    <testcase time="0.00900000000000034" classname="Rules_methods" name="stopTrial_works_correctly_for_StoppingMTDdistribution"/>
    <testcase time="0.00799999999999557" classname="Rules_methods" name="stopTrial_works_correctly_for_StoppingMTDdistribution"/>
    <testcase time="0.00799999999999557" classname="Rules_methods" name="stopTrial_works_correctly_for_StoppingMTDdistribution"/>
    <testcase time="0.00900000000000034" classname="Rules_methods" name="stopTrial_works_correctly_for_StoppingMTDdistribution"/>
    <testcase time="0.00900000000000034" classname="Rules_methods" name="stopTrial_works_correctly_for_StoppingMTDdistribution"/>
    <testcase time="0.00800000000000978" classname="Rules_methods" name="stopTrial_works_correctly_for_StoppingMTDdistribution"/>
    <testcase time="0.00799999999999557" classname="Rules_methods" name="stopTrial_works_correctly_for_StoppingMTDdistribution"/>
    <testcase time="0.00799999999999557" classname="Rules_methods" name="stopTrial_works_correctly_for_StoppingMTDdistribution"/>
    <testcase time="0.00800000000000978" classname="Rules_methods" name="stopTrial_works_correctly_for_StoppingMTDdistribution"/>
    <testcase time="0.00799999999999557" classname="Rules_methods" name="stopTrial_works_correctly_for_StoppingMTDdistribution"/>
    <testcase time="0.00799999999999557" classname="Rules_methods" name="stopTrial_works_correctly_for_StoppingMTDdistribution"/>
    <testcase time="0.00800000000000978" classname="Rules_methods" name="stopTrial_works_correctly_for_StoppingMTDdistribution"/>
    <testcase time="0.00799999999999557" classname="Rules_methods" name="stopTrial_works_correctly_for_StoppingMTDdistribution"/>
    <testcase time="0.00799999999999557" classname="Rules_methods" name="stopTrial_works_correctly_for_StoppingMTDdistribution"/>
    <testcase time="0.00800000000000978" classname="Rules_methods" name="stopTrial_works_correctly_for_StoppingMTDdistribution"/>
    <testcase time="0.00699999999999079" classname="Rules_methods" name="stopTrial_works_correctly_for_StoppingMTDdistribution"/>
    <testcase time="0.00799999999999557" classname="Rules_methods" name="stopTrial_works_correctly_for_StoppingMTDdistribution"/>
    <testcase time="0.007000000000005" classname="Rules_methods" name="stopTrial_works_correctly_for_StoppingMTDdistribution"/>
    <testcase time="0.00799999999999557" classname="Rules_methods" name="stopTrial_works_correctly_for_StoppingMTDdistribution"/>
    <testcase time="0.00800000000000978" classname="Rules_methods" name="stopTrial_works_correctly_for_StoppingMTDdistribution"/>
    <testcase time="0.00799999999999557" classname="Rules_methods" name="stopTrial_works_correctly_for_StoppingMTDdistribution"/>
    <testcase time="0.00799999999999557" classname="Rules_methods" name="stopTrial_works_correctly_for_StoppingMTDdistribution"/>
    <testcase time="0.00800000000000978" classname="Rules_methods" name="stopTrial_works_correctly_for_StoppingMTDdistribution"/>
    <testcase time="0.00799999999999557" classname="Rules_methods" name="stopTrial_works_correctly_for_StoppingMTDdistribution"/>
    <testcase time="0.00799999999999557" classname="Rules_methods" name="stopTrial_works_correctly_for_StoppingMTDdistribution"/>
    <testcase time="0.0150000000000006" classname="Rules_methods" name="stopTrial_works_correctly_for_StoppingMTDdistribution"/>
    <testcase time="0.0100000000000051" classname="Rules_methods" name="stopTrial_works_correctly_for_StoppingMTDdistribution"/>
    <testcase time="0.00799999999999557" classname="Rules_methods" name="stopTrial_works_correctly_for_StoppingMTDdistribution"/>
    <testcase time="0.007000000000005" classname="Rules_methods" name="stopTrial_works_correctly_for_StoppingMTDdistribution"/>
    <testcase time="0.00799999999999557" classname="Rules_methods" name="stopTrial_works_correctly_for_StoppingMTDdistribution"/>
    <testcase time="0.00800000000000978" classname="Rules_methods" name="stopTrial_works_correctly_for_StoppingMTDdistribution"/>
    <testcase time="0.00799999999999557" classname="Rules_methods" name="stopTrial_works_correctly_for_StoppingMTDdistribution"/>
    <testcase time="0.00799999999999557" classname="Rules_methods" name="stopTrial_works_correctly_for_StoppingMTDdistribution"/>
    <testcase time="0.00799999999999557" classname="Rules_methods" name="stopTrial_works_correctly_for_StoppingMTDdistribution"/>
    <testcase time="0.00800000000000978" classname="Rules_methods" name="stopTrial_works_correctly_for_StoppingMTDdistribution"/>
    <testcase time="0.00699999999999079" classname="Rules_methods" name="stopTrial_works_correctly_for_StoppingMTDdistribution"/>
    <testcase time="0.007000000000005" classname="Rules_methods" name="stopTrial_works_correctly_for_StoppingMTDdistribution"/>
    <testcase time="0.00799999999999557" classname="Rules_methods" name="stopTrial_works_correctly_for_StoppingMTDdistribution"/>
    <testcase time="0.007000000000005" classname="Rules_methods" name="stopTrial_works_correctly_for_StoppingMTDdistribution"/>
    <testcase time="0.00799999999999557" classname="Rules_methods" name="stopTrial_works_correctly_for_StoppingMTDdistribution"/>
    <testcase time="0.00799999999999557" classname="Rules_methods" name="stopTrial_works_correctly_for_StoppingMTDdistribution"/>
    <testcase time="0.00800000000000978" classname="Rules_methods" name="stopTrial_works_correctly_for_StoppingMTDdistribution"/>
    <testcase time="0.00799999999999557" classname="Rules_methods" name="stopTrial_works_correctly_for_StoppingMTDdistribution"/>
    <testcase time="0.00799999999999557" classname="Rules_methods" name="stopTrial_works_correctly_for_StoppingMTDdistribution"/>
    <testcase time="0.00800000000000978" classname="Rules_methods" name="stopTrial_works_correctly_for_StoppingMTDdistribution"/>
    <testcase time="0.00799999999999557" classname="Rules_methods" name="stopTrial_works_correctly_for_StoppingMTDdistribution"/>
    <testcase time="0.007000000000005" classname="Rules_methods" name="stopTrial_works_correctly_for_StoppingMTDdistribution"/>
    <testcase time="0.00799999999999557" classname="Rules_methods" name="stopTrial_works_correctly_for_StoppingMTDdistribution"/>
    <testcase time="0.00699999999999079" classname="Rules_methods" name="stopTrial_works_correctly_for_StoppingMTDdistribution"/>
    <testcase time="0.007000000000005" classname="Rules_methods" name="stopTrial_works_correctly_for_StoppingMTDdistribution"/>
    <testcase time="0.00799999999999557" classname="Rules_methods" name="stopTrial_works_correctly_for_StoppingMTDdistribution"/>
    <testcase time="0.00800000000000978" classname="Rules_methods" name="stopTrial_works_correctly_for_StoppingMTDdistribution"/>
    <testcase time="0.00699999999999079" classname="Rules_methods" name="stopTrial_works_correctly_for_StoppingMTDdistribution"/>
    <testcase time="0.00800000000000978" classname="Rules_methods" name="stopTrial_works_correctly_for_StoppingMTDdistribution"/>
    <testcase time="0.00699999999999079" classname="Rules_methods" name="stopTrial_works_correctly_for_StoppingMTDdistribution"/>
    <testcase time="0.00800000000000978" classname="Rules_methods" name="stopTrial_works_correctly_for_StoppingMTDdistribution"/>
    <testcase time="0.00699999999999079" classname="Rules_methods" name="stopTrial_works_correctly_for_StoppingMTDdistribution"/>
    <testcase time="0.007000000000005" classname="Rules_methods" name="stopTrial_works_correctly_for_StoppingMTDdistribution"/>
    <testcase time="0.00799999999999557" classname="Rules_methods" name="stopTrial_works_correctly_for_StoppingMTDdistribution"/>
    <testcase time="0.007000000000005" classname="Rules_methods" name="stopTrial_works_correctly_for_StoppingMTDdistribution"/>
    <testcase time="0.00799999999999557" classname="Rules_methods" name="stopTrial_works_correctly_for_StoppingMTDdistribution"/>
    <testcase time="0.00800000000000978" classname="Rules_methods" name="stopTrial_works_correctly_for_StoppingMTDdistribution"/>
    <testcase time="0.00799999999999557" classname="Rules_methods" name="stopTrial_works_correctly_for_StoppingMTDdistribution"/>
    <testcase time="0.00799999999999557" classname="Rules_methods" name="stopTrial_works_correctly_for_StoppingMTDdistribution"/>
    <testcase time="0.00799999999999557" classname="Rules_methods" name="stopTrial_works_correctly_for_StoppingMTDdistribution"/>
    <testcase time="0.0170000000000101" classname="Rules_methods" name="stopTrial_works_correctly_for_StoppingMTDdistribution"/>
    <testcase time="0.00900000000000034" classname="Rules_methods" name="stopTrial_works_correctly_for_StoppingMTDdistribution"/>
    <testcase time="0.00799999999999557" classname="Rules_methods" name="stopTrial_works_correctly_for_StoppingMTDdistribution"/>
    <testcase time="0.00900000000000034" classname="Rules_methods" name="stopTrial_works_correctly_for_StoppingMTDdistribution"/>
    <testcase time="0.00799999999999557" classname="Rules_methods" name="stopTrial_works_correctly_for_StoppingMTDdistribution"/>
    <testcase time="0.00800000000000978" classname="Rules_methods" name="stopTrial_works_correctly_for_StoppingMTDdistribution"/>
    <testcase time="0.00799999999999557" classname="Rules_methods" name="stopTrial_works_correctly_for_StoppingMTDdistribution"/>
    <testcase time="0.00799999999999557" classname="Rules_methods" name="stopTrial_works_correctly_for_StoppingMTDdistribution"/>
    <testcase time="0.00800000000000978" classname="Rules_methods" name="stopTrial_works_correctly_for_StoppingMTDdistribution"/>
    <testcase time="0.00799999999999557" classname="Rules_methods" name="stopTrial_works_correctly_for_StoppingMTDdistribution"/>
    <testcase time="0.00799999999999557" classname="Rules_methods" name="stopTrial_works_correctly_for_StoppingMTDdistribution"/>
    <testcase time="0.00799999999999557" classname="Rules_methods" name="stopTrial_works_correctly_for_StoppingMTDdistribution"/>
    <testcase time="0.00799999999999557" classname="Rules_methods" name="stopTrial_works_correctly_for_StoppingMTDdistribution"/>
    <testcase time="0.00900000000000034" classname="Rules_methods" name="stopTrial_works_correctly_for_StoppingMTDdistribution"/>
    <testcase time="0.00900000000000034" classname="Rules_methods" name="stopTrial_works_correctly_for_StoppingMTDdistribution"/>
    <testcase time="0.00800000000000978" classname="Rules_methods" name="stopTrial_works_correctly_for_StoppingMTDdistribution"/>
    <testcase time="0.00900000000000034" classname="Rules_methods" name="stopTrial_works_correctly_for_StoppingMTDdistribution"/>
    <testcase time="0.00900000000000034" classname="Rules_methods" name="stopTrial_works_correctly_for_StoppingMTDdistribution"/>
    <testcase time="0.00900000000000034" classname="Rules_methods" name="stopTrial_works_correctly_for_StoppingMTDdistribution"/>
    <testcase time="0.00900000000000034" classname="Rules_methods" name="stopTrial_works_correctly_for_StoppingMTDdistribution"/>
    <testcase time="0.00799999999999557" classname="Rules_methods" name="stopTrial_works_correctly_for_StoppingMTDdistribution"/>
    <testcase time="0.00799999999999557" classname="Rules_methods" name="stopTrial_works_correctly_for_StoppingMTDdistribution"/>
    <testcase time="0.00800000000000978" classname="Rules_methods" name="stopTrial_works_correctly_for_StoppingMTDdistribution"/>
    <testcase time="0.00900000000000034" classname="Rules_methods" name="stopTrial_works_correctly_for_StoppingMTDdistribution"/>
    <testcase time="0.00799999999999557" classname="Rules_methods" name="stopTrial_works_correctly_for_StoppingMTDdistribution"/>
    <testcase time="0.00900000000000034" classname="Rules_methods" name="stopTrial_works_correctly_for_StoppingMTDdistribution"/>
    <testcase time="0.00799999999999557" classname="Rules_methods" name="stopTrial_works_correctly_for_StoppingMTDdistribution"/>
    <testcase time="0.00799999999999557" classname="Rules_methods" name="stopTrial_works_correctly_for_StoppingMTDdistribution"/>
    <testcase time="0.00900000000000034" classname="Rules_methods" name="stopTrial_works_correctly_for_StoppingMTDdistribution"/>
    <testcase time="0.007000000000005" classname="Rules_methods" name="stopTrial_works_correctly_for_StoppingMTDdistribution"/>
    <testcase time="0.00699999999999079" classname="Rules_methods" name="stopTrial_works_correctly_for_StoppingMTDdistribution"/>
    <testcase time="0.00800000000000978" classname="Rules_methods" name="stopTrial_works_correctly_for_StoppingMTDdistribution"/>
    <testcase time="0.00799999999999557" classname="Rules_methods" name="stopTrial_works_correctly_for_StoppingMTDdistribution"/>
    <testcase time="0.00799999999999557" classname="Rules_methods" name="stopTrial_works_correctly_for_StoppingMTDdistribution"/>
    <testcase time="0.00800000000000978" classname="Rules_methods" name="stopTrial_works_correctly_for_StoppingMTDdistribution"/>
    <testcase time="0.00799999999999557" classname="Rules_methods" name="stopTrial_works_correctly_for_StoppingMTDdistribution"/>
    <testcase time="0.00900000000000034" classname="Rules_methods" name="stopTrial_works_correctly_for_StoppingMTDdistribution"/>
    <testcase time="0.00900000000000034" classname="Rules_methods" name="stopTrial_works_correctly_for_StoppingMTDdistribution"/>
    <testcase time="0.0160000000000053" classname="Rules_methods" name="stopTrial_works_correctly_for_StoppingMTDdistribution"/>
    <testcase time="0.00900000000000034" classname="Rules_methods" name="stopTrial_works_correctly_for_StoppingMTDdistribution"/>
    <testcase time="0.00799999999999557" classname="Rules_methods" name="stopTrial_works_correctly_for_StoppingMTDdistribution"/>
    <testcase time="0.00900000000000034" classname="Rules_methods" name="stopTrial_works_correctly_for_StoppingMTDdistribution"/>
    <testcase time="0.00799999999999557" classname="Rules_methods" name="stopTrial_works_correctly_for_StoppingMTDdistribution"/>
    <testcase time="0.00799999999999557" classname="Rules_methods" name="stopTrial_works_correctly_for_StoppingMTDdistribution"/>
    <testcase time="0.00800000000000978" classname="Rules_methods" name="stopTrial_works_correctly_for_StoppingMTDdistribution"/>
    <testcase time="0.00799999999999557" classname="Rules_methods" name="stopTrial_works_correctly_for_StoppingMTDdistribution"/>
    <testcase time="0.00900000000000034" classname="Rules_methods" name="stopTrial_works_correctly_for_StoppingMTDdistribution"/>
    <testcase time="0.00799999999999557" classname="Rules_methods" name="stopTrial_works_correctly_for_StoppingMTDdistribution"/>
    <testcase time="0.00900000000000034" classname="Rules_methods" name="stopTrial_works_correctly_for_StoppingMTDdistribution"/>
    <testcase time="0.00800000000000978" classname="Rules_methods" name="stopTrial_works_correctly_for_StoppingMTDdistribution"/>
    <testcase time="0.00799999999999557" classname="Rules_methods" name="stopTrial_works_correctly_for_StoppingMTDdistribution"/>
    <testcase time="0.00900000000000034" classname="Rules_methods" name="stopTrial_works_correctly_for_StoppingMTDdistribution"/>
    <testcase time="0.00900000000000034" classname="Rules_methods" name="stopTrial_works_correctly_for_StoppingMTDdistribution"/>
    <testcase time="0.00900000000000034" classname="Rules_methods" name="stopTrial_works_correctly_for_StoppingMTDdistribution"/>
    <testcase time="0.00900000000000034" classname="Rules_methods" name="stopTrial_works_correctly_for_StoppingMTDdistribution"/>
    <testcase time="0.00900000000000034" classname="Rules_methods" name="stopTrial_works_correctly_for_StoppingMTDdistribution"/>
    <testcase time="0.00900000000000034" classname="Rules_methods" name="stopTrial_works_correctly_for_StoppingMTDdistribution"/>
    <testcase time="0.00799999999999557" classname="Rules_methods" name="stopTrial_works_correctly_for_StoppingMTDdistribution"/>
    <testcase time="0.00900000000000034" classname="Rules_methods" name="stopTrial_works_correctly_for_StoppingMTDdistribution"/>
    <testcase time="0.00900000000000034" classname="Rules_methods" name="stopTrial_works_correctly_for_StoppingMTDdistribution"/>
    <testcase time="0.00799999999999557" classname="Rules_methods" name="stopTrial_works_correctly_for_StoppingMTDdistribution"/>
    <testcase time="0.00800000000000978" classname="Rules_methods" name="stopTrial_works_correctly_for_StoppingMTDdistribution"/>
    <testcase time="0.00799999999999557" classname="Rules_methods" name="stopTrial_works_correctly_for_StoppingMTDdistribution"/>
    <testcase time="0.00799999999999557" classname="Rules_methods" name="stopTrial_works_correctly_for_StoppingMTDdistribution"/>
    <testcase time="0.00799999999999557" classname="Rules_methods" name="stopTrial_works_correctly_for_StoppingMTDdistribution"/>
    <testcase time="0.00800000000000978" classname="Rules_methods" name="stopTrial_works_correctly_for_StoppingMTDdistribution"/>
    <testcase time="0.00799999999999557" classname="Rules_methods" name="stopTrial_works_correctly_for_StoppingMTDdistribution"/>
    <testcase time="0.00900000000000034" classname="Rules_methods" name="stopTrial_works_correctly_for_StoppingMTDdistribution"/>
    <testcase time="0.00799999999999557" classname="Rules_methods" name="stopTrial_works_correctly_for_StoppingMTDdistribution"/>
    <testcase time="0.00800000000000978" classname="Rules_methods" name="stopTrial_works_correctly_for_StoppingMTDdistribution"/>
    <testcase time="0.00799999999999557" classname="Rules_methods" name="stopTrial_works_correctly_for_StoppingMTDdistribution"/>
    <testcase time="0.00799999999999557" classname="Rules_methods" name="stopTrial_works_correctly_for_StoppingMTDdistribution"/>
    <testcase time="0.00900000000000034" classname="Rules_methods" name="stopTrial_works_correctly_for_StoppingMTDdistribution"/>
    <testcase time="0.00799999999999557" classname="Rules_methods" name="stopTrial_works_correctly_for_StoppingMTDdistribution"/>
    <testcase time="0.00800000000000978" classname="Rules_methods" name="stopTrial_works_correctly_for_StoppingMTDdistribution"/>
    <testcase time="0.00799999999999557" classname="Rules_methods" name="stopTrial_works_correctly_for_StoppingMTDdistribution"/>
    <testcase time="0.0169999999999959" classname="Rules_methods" name="stopTrial_works_correctly_for_StoppingMTDdistribution"/>
    <testcase time="0.00800000000000978" classname="Rules_methods" name="stopTrial_works_correctly_for_StoppingMTDdistribution"/>
    <testcase time="0.00799999999999557" classname="Rules_methods" name="stopTrial_works_correctly_for_StoppingMTDdistribution"/>
    <testcase time="0.00900000000000034" classname="Rules_methods" name="stopTrial_works_correctly_for_StoppingMTDdistribution"/>
    <testcase time="0.00799999999999557" classname="Rules_methods" name="stopTrial_works_correctly_for_StoppingMTDdistribution"/>
    <testcase time="0.00900000000000034" classname="Rules_methods" name="stopTrial_works_correctly_for_StoppingMTDdistribution"/>
    <testcase time="0.00900000000000034" classname="Rules_methods" name="stopTrial_works_correctly_for_StoppingMTDdistribution"/>
    <testcase time="0.00800000000000978" classname="Rules_methods" name="stopTrial_works_correctly_for_StoppingMTDdistribution"/>
    <testcase time="0.00900000000000034" classname="Rules_methods" name="stopTrial_works_correctly_for_StoppingMTDdistribution"/>
    <testcase time="0.00899999999998613" classname="Rules_methods" name="stopTrial_works_correctly_for_StoppingMTDdistribution"/>
    <testcase time="0.00800000000000978" classname="Rules_methods" name="stopTrial_works_correctly_for_StoppingMTDdistribution"/>
    <testcase time="0.00900000000000034" classname="Rules_methods" name="stopTrial_works_correctly_for_StoppingMTDdistribution"/>
    <testcase time="0.00900000000000034" classname="Rules_methods" name="stopTrial_works_correctly_for_StoppingMTDdistribution"/>
    <testcase time="0.00900000000000034" classname="Rules_methods" name="stopTrial_works_correctly_for_StoppingMTDdistribution"/>
    <testcase time="0.00900000000000034" classname="Rules_methods" name="stopTrial_works_correctly_for_StoppingMTDdistribution"/>
    <testcase time="0.0450000000000017" classname="Rules_methods" name="StoppingMTDCV_can_handle_when_dose_is_NA"/>
    <testcase time="0.0439999999999969" classname="Rules_methods" name="StoppingMTDCV_works_correctly_if_CV_is_below_threshold"/>
    <testcase time="0.0429999999999922" classname="Rules_methods" name="StoppingMTDCV_works_correctly_if_CV_is_above_threshold"/>
    <testcase time="0.0320000000000107" classname="Rules_methods" name="StoppingLowestDoseHSRBeta_works_correctly_if_next_dose_is_NA"/>
    <testcase time="0.0300000000000011" classname="Rules_methods" name="StoppingLowestDoseHSRBeta_works_correctly_if_first_active_dose_is_not_toxic"/>
    <testcase time="0.0289999999999964" classname="Rules_methods" name="StoppingLowestDoseHSRBeta_works_correctly_if_first_active_dose_is_toxic"/>
    <testcase time="0.039999999999992" classname="Rules_methods" name="StoppingLowestDoseHSRBeta_works_correctly_if_first_active_dose_is_not_applied"/>
    <testcase time="0.0280000000000058" classname="Rules_methods" name="StoppingLowestDoseHSRBeta_works_correctly_if_first_active_dose_is_not_toxic"/>
    <testcase time="0.0280000000000058" classname="Rules_methods" name="StoppingLowestDoseHSRBeta_works_correctly_if_first_active_dose_is_toxic"/>
    <testcase time="0.0279999999999916" classname="Rules_methods" name="StoppingLowestDoseHSRBeta_works_correctly_if_first_active_dose_is_not_applied"/>
    <testcase time="0.0450000000000017" classname="Rules_methods" name="StoppingTargetBiomarker_can_handle_when_dose_is_NA"/>
    <testcase time="0.185999999999993" classname="Rules_methods" name="stopTrial_works_for_StoppingTargetBiomarker"/>
    <testcase time="0.0160000000000053" classname="Rules_methods" name="stopTrial_works_for_StoppingTargetBiomarker"/>
    <testcase time="0.0169999999999959" classname="Rules_methods" name="stopTrial_works_for_StoppingTargetBiomarker"/>
    <testcase time="0.0170000000000101" classname="Rules_methods" name="stopTrial_works_for_StoppingTargetBiomarker"/>
    <testcase time="0.0159999999999911" classname="Rules_methods" name="stopTrial_works_for_StoppingTargetBiomarker"/>
    <testcase time="0.0290000000000106" classname="Rules_methods" name="stopTrial_works_for_StoppingTargetBiomarker"/>
    <testcase time="0.0159999999999911" classname="Rules_methods" name="stopTrial_works_for_StoppingTargetBiomarker"/>
    <testcase time="0.0169999999999959" classname="Rules_methods" name="stopTrial_works_for_StoppingTargetBiomarker"/>
    <testcase time="0.0170000000000101" classname="Rules_methods" name="stopTrial_works_for_StoppingTargetBiomarker"/>
    <testcase time="0.0169999999999959" classname="Rules_methods" name="stopTrial_works_for_StoppingTargetBiomarker"/>
    <testcase time="0.0160000000000053" classname="Rules_methods" name="stopTrial_works_for_StoppingTargetBiomarker"/>
    <testcase time="0.0169999999999959" classname="Rules_methods" name="stopTrial_works_for_StoppingTargetBiomarker"/>
    <testcase time="0.0180000000000007" classname="Rules_methods" name="stopTrial_works_for_StoppingTargetBiomarker"/>
    <testcase time="0.0169999999999959" classname="Rules_methods" name="stopTrial_works_for_StoppingTargetBiomarker"/>
    <testcase time="0.0180000000000007" classname="Rules_methods" name="stopTrial_works_for_StoppingTargetBiomarker"/>
    <testcase time="0.0169999999999959" classname="Rules_methods" name="stopTrial_works_for_StoppingTargetBiomarker"/>
    <testcase time="0.0170000000000101" classname="Rules_methods" name="stopTrial_works_for_StoppingTargetBiomarker"/>
    <testcase time="0.0189999999999912" classname="Rules_methods" name="stopTrial_works_for_StoppingTargetBiomarker"/>
    <testcase time="0.0180000000000007" classname="Rules_methods" name="stopTrial_works_for_StoppingTargetBiomarker"/>
    <testcase time="0.0180000000000007" classname="Rules_methods" name="stopTrial_works_for_StoppingTargetBiomarker"/>
    <testcase time="0.0190000000000055" classname="Rules_methods" name="stopTrial_works_for_StoppingTargetBiomarker"/>
    <testcase time="0.0289999999999964" classname="Rules_methods" name="stopTrial_works_for_StoppingTargetBiomarker"/>
    <testcase time="0.0169999999999959" classname="Rules_methods" name="stopTrial_works_for_StoppingTargetBiomarker"/>
    <testcase time="0.0160000000000053" classname="Rules_methods" name="stopTrial_works_for_StoppingTargetBiomarker"/>
    <testcase time="0.0150000000000006" classname="Rules_methods" name="stopTrial_works_for_StoppingTargetBiomarker"/>
    <testcase time="0.0160000000000053" classname="Rules_methods" name="stopTrial_works_for_StoppingTargetBiomarker"/>
    <testcase time="0.0169999999999959" classname="Rules_methods" name="stopTrial_works_for_StoppingTargetBiomarker"/>
    <testcase time="0.0180000000000007" classname="Rules_methods" name="stopTrial_works_for_StoppingTargetBiomarker"/>
    <testcase time="0.0169999999999959" classname="Rules_methods" name="stopTrial_works_for_StoppingTargetBiomarker"/>
    <testcase time="0.0190000000000055" classname="Rules_methods" name="stopTrial_works_for_StoppingTargetBiomarker"/>
    <testcase time="0.0159999999999911" classname="Rules_methods" name="stopTrial_works_for_StoppingTargetBiomarker"/>
    <testcase time="0.0170000000000101" classname="Rules_methods" name="stopTrial_works_for_StoppingTargetBiomarker"/>
    <testcase time="0.0189999999999912" classname="Rules_methods" name="stopTrial_works_for_StoppingTargetBiomarker"/>
    <testcase time="0.0160000000000053" classname="Rules_methods" name="stopTrial_works_for_StoppingTargetBiomarker"/>
    <testcase time="0.019999999999996" classname="Rules_methods" name="stopTrial_works_for_StoppingTargetBiomarker"/>
    <testcase time="0.0160000000000053" classname="Rules_methods" name="stopTrial_works_for_StoppingTargetBiomarker"/>
    <testcase time="0.0279999999999916" classname="Rules_methods" name="stopTrial_works_for_StoppingTargetBiomarker"/>
    <testcase time="0.0160000000000053" classname="Rules_methods" name="stopTrial_works_for_StoppingTargetBiomarker"/>
    <testcase time="0.0150000000000006" classname="Rules_methods" name="stopTrial_works_for_StoppingTargetBiomarker"/>
    <testcase time="0.0160000000000053" classname="Rules_methods" name="stopTrial_works_for_StoppingTargetBiomarker"/>
    <testcase time="0.0159999999999911" classname="Rules_methods" name="stopTrial_works_for_StoppingTargetBiomarker"/>
    <testcase time="0.0349999999999966" classname="Rules_methods" name="StoppingSpecificDose_works_correctly_if_next_dose_is_NA"/>
    <testcase time="0.034000000000006" classname="Rules_methods" name="StoppingSpecificDose_works_correctly_if_dose_rec._differs_from_specific_and_stop_crit._not_met"/>
    <testcase time="0.034000000000006" classname="Rules_methods" name="StoppingSpecificDose_works_correctly_if_dose_rec._differs_from_specific_and_stop_crit._is_met"/>
    <testcase time="0.0349999999999966" classname="Rules_methods" name="StoppingSpecificDose_works_correctly_if_dose_rec_specific_and_stop_crit._not_met"/>
    <testcase time="0.0330000000000013" classname="Rules_methods" name="StoppingSpecificDose_works_correctly_if_dose_rec._specific_and_stop_crit._is_met"/>
    <testcase time="0.0690000000000026" classname="Rules_methods" name="StoppingSpecificDose_correctly_replaces_next_best_string_with_specific_string"/>
    <testcase time="0.0300000000000011" classname="Rules_methods" name="StoppingHighestDose_works_correctly_if_next_dose_is_NA"/>
    <testcase time="0.0299999999999869" classname="Rules_methods" name="StoppingList_with_any_works_correctly_if_next_dose_is_NA"/>
    <testcase time="0.0280000000000058" classname="Rules_methods" name="StoppingList_with_all_works_correctly_if_next_dose_is_NA"/>
    <testcase time="0.0280000000000058" classname="Rules_methods" name="stopTrial_works_correctly_for_StoppingList"/>
    <testcase time="0.00699999999999079" classname="Rules_methods" name="stopTrial_works_correctly_for_StoppingList"/>
    <testcase time="0.0110000000000099" classname="Rules_methods" name="stopTrial_works_correctly_for_StoppingList"/>
    <testcase time="0.00699999999999079" classname="Rules_methods" name="stopTrial_works_correctly_for_StoppingList"/>
    <testcase time="0.0100000000000051" classname="Rules_methods" name="stopTrial_works_correctly_for_StoppingList"/>
    <testcase time="0.00600000000000023" classname="Rules_methods" name="stopTrial_works_correctly_for_StoppingList"/>
    <testcase time="0.00999999999999091" classname="Rules_methods" name="stopTrial_works_correctly_for_StoppingList"/>
    <testcase time="0.007000000000005" classname="Rules_methods" name="stopTrial_works_correctly_for_StoppingList"/>
    <testcase time="0.012999999999991" classname="Rules_methods" name="stopTrial_works_correctly_for_StoppingList"/>
    <testcase time="0.00800000000000978" classname="Rules_methods" name="stopTrial_works_correctly_for_StoppingList"/>
    <testcase time="0.0109999999999957" classname="Rules_methods" name="stopTrial_works_correctly_for_StoppingList"/>
    <testcase time="0.00600000000000023" classname="Rules_methods" name="stopTrial_works_correctly_for_StoppingList"/>
    <testcase time="0.0109999999999957" classname="Rules_methods" name="stopTrial_works_correctly_for_StoppingList"/>
    <testcase time="0.007000000000005" classname="Rules_methods" name="stopTrial_works_correctly_for_StoppingList"/>
    <testcase time="0.0130000000000052" classname="Rules_methods" name="stopTrial_works_correctly_for_StoppingList"/>
    <testcase time="0.00799999999999557" classname="Rules_methods" name="stopTrial_works_correctly_for_StoppingList"/>
    <testcase time="0.0120000000000005" classname="Rules_methods" name="stopTrial_works_correctly_for_StoppingList"/>
    <testcase time="0.007000000000005" classname="Rules_methods" name="stopTrial_works_correctly_for_StoppingList"/>
    <testcase time="0.0209999999999866" classname="Rules_methods" name="stopTrial_works_correctly_for_StoppingList"/>
    <testcase time="0.007000000000005" classname="Rules_methods" name="stopTrial_works_correctly_for_StoppingList"/>
    <testcase time="0.0109999999999957" classname="Rules_methods" name="stopTrial_works_correctly_for_StoppingList"/>
    <testcase time="0.00800000000000978" classname="Rules_methods" name="stopTrial_works_correctly_for_StoppingList"/>
    <testcase time="0.0210000000000008" classname="Rules_methods" name="stopTrial_works_correctly_for_StoppingList"/>
    <testcase time="0.0109999999999957" classname="Rules_methods" name="stopTrial_works_correctly_for_StoppingList"/>
    <testcase time="0.0319999999999965" classname="Rules_methods" name="StoppingAll_works_correctly_if_next_dose_is_NA"/>
    <testcase time="0.0250000000000057" classname="Rules_methods" name="stopTrial_works_correctly_for_StoppingAll"/>
    <testcase time="0.00799999999999557" classname="Rules_methods" name="stopTrial_works_correctly_for_StoppingAll"/>
    <testcase time="0.0130000000000052" classname="Rules_methods" name="stopTrial_works_correctly_for_StoppingAll"/>
    <testcase time="0.00799999999999557" classname="Rules_methods" name="stopTrial_works_correctly_for_StoppingAll"/>
    <testcase time="0.0120000000000005" classname="Rules_methods" name="stopTrial_works_correctly_for_StoppingAll"/>
    <testcase time="0.007000000000005" classname="Rules_methods" name="stopTrial_works_correctly_for_StoppingAll"/>
    <testcase time="0.0120000000000005" classname="Rules_methods" name="stopTrial_works_correctly_for_StoppingAll"/>
    <testcase time="0.00799999999999557" classname="Rules_methods" name="stopTrial_works_correctly_for_StoppingAll"/>
    <testcase time="0.0120000000000005" classname="Rules_methods" name="stopTrial_works_correctly_for_StoppingAll"/>
    <testcase time="0.007000000000005" classname="Rules_methods" name="stopTrial_works_correctly_for_StoppingAll"/>
    <testcase time="0.0109999999999957" classname="Rules_methods" name="stopTrial_works_correctly_for_StoppingAll"/>
    <testcase time="0.007000000000005" classname="Rules_methods" name="stopTrial_works_correctly_for_StoppingAll"/>
    <testcase time="0.012999999999991" classname="Rules_methods" name="stopTrial_works_correctly_for_StoppingAll"/>
    <testcase time="0.00800000000000978" classname="Rules_methods" name="stopTrial_works_correctly_for_StoppingAll"/>
    <testcase time="0.0119999999999862" classname="Rules_methods" name="stopTrial_works_correctly_for_StoppingAll"/>
    <testcase time="0.007000000000005" classname="Rules_methods" name="stopTrial_works_correctly_for_StoppingAll"/>
    <testcase time="0.0109999999999957" classname="Rules_methods" name="stopTrial_works_correctly_for_StoppingAll"/>
    <testcase time="0.00800000000000978" classname="Rules_methods" name="stopTrial_works_correctly_for_StoppingAll"/>
    <testcase time="0.0139999999999958" classname="Rules_methods" name="Logical_operators_for_combining_Stopping_rules_work_correctly"/>
    <testcase time="0.00799999999999557" classname="Rules_methods" name="Logical_operators_for_combining_Stopping_rules_work_correctly"/>
    <testcase time="0.00800000000000978" classname="Rules_methods" name="Logical_operators_for_combining_Stopping_rules_work_correctly"/>
    <testcase time="0.0409999999999968" classname="Rules_methods" name="StoppingAny_works_correctly_if_next_dose_is_NA"/>
    <testcase time="0.0240000000000009" classname="Rules_methods" name="stopTrial_works_correctly_for_StoppingAny"/>
    <testcase time="0.00799999999999557" classname="Rules_methods" name="stopTrial_works_correctly_for_StoppingAny"/>
    <testcase time="0.0130000000000052" classname="Rules_methods" name="stopTrial_works_correctly_for_StoppingAny"/>
    <testcase time="0.00799999999999557" classname="Rules_methods" name="stopTrial_works_correctly_for_StoppingAny"/>
    <testcase time="0.0120000000000005" classname="Rules_methods" name="stopTrial_works_correctly_for_StoppingAny"/>
    <testcase time="0.00799999999999557" classname="Rules_methods" name="stopTrial_works_correctly_for_StoppingAny"/>
    <testcase time="0.0130000000000052" classname="Rules_methods" name="stopTrial_works_correctly_for_StoppingAny"/>
    <testcase time="0.0109999999999957" classname="Rules_methods" name="stopTrial_works_correctly_for_StoppingAny"/>
    <testcase time="0.0120000000000005" classname="Rules_methods" name="stopTrial_works_correctly_for_StoppingAny"/>
    <testcase time="0.00800000000000978" classname="Rules_methods" name="stopTrial_works_correctly_for_StoppingAny"/>
    <testcase time="0.0120000000000005" classname="Rules_methods" name="stopTrial_works_correctly_for_StoppingAny"/>
    <testcase time="0.00799999999999557" classname="Rules_methods" name="stopTrial_works_correctly_for_StoppingAny"/>
    <testcase time="0.0109999999999957" classname="Rules_methods" name="stopTrial_works_correctly_for_StoppingAny"/>
    <testcase time="0.00799999999999557" classname="Rules_methods" name="stopTrial_works_correctly_for_StoppingAny"/>
    <testcase time="0.0120000000000005" classname="Rules_methods" name="stopTrial_works_correctly_for_StoppingAny"/>
    <testcase time="0.007000000000005" classname="Rules_methods" name="stopTrial_works_correctly_for_StoppingAny"/>
    <testcase time="0.0150000000000006" classname="Rules_methods" name="Logical_operators_for_combining_Stopping_rules_work_correctly"/>
    <testcase time="0.00900000000000034" classname="Rules_methods" name="Logical_operators_for_combining_Stopping_rules_work_correctly"/>
    <testcase time="0.00900000000000034" classname="Rules_methods" name="Logical_operators_for_combining_Stopping_rules_work_correctly"/>
    <testcase time="0.0420000000000016" classname="Rules_methods" name="StoppingTDCIRatio_works_correctly_when_dose_is_NA"/>
    <testcase time="0.0229999999999961" classname="Rules_methods" name="stopTrial_works_correctly_for_StoppingTDCIRatio_when_samples_are_provided"/>
    <testcase time="0.00900000000000034" classname="Rules_methods" name="stopTrial_works_correctly_for_StoppingTDCIRatio_when_samples_are_provided"/>
    <testcase time="0.0160000000000053" classname="Rules_methods" name="stopTrial_works_correctly_for_StoppingTDCIRatio_when_samples_are_provided"/>
    <testcase time="0.0109999999999957" classname="Rules_methods" name="stopTrial_works_correctly_for_StoppingTDCIRatio_when_samples_are_provided"/>
    <testcase time="0.00900000000000034" classname="Rules_methods" name="stopTrial_works_correctly_for_StoppingTDCIRatio_when_samples_are_provided"/>
    <testcase time="0.00799999999999557" classname="Rules_methods" name="stopTrial_works_correctly_for_StoppingTDCIRatio_when_samples_are_provided"/>
    <testcase time="0.00900000000000034" classname="Rules_methods" name="stopTrial_works_correctly_for_StoppingTDCIRatio_when_samples_are_provided"/>
    <testcase time="0.00800000000000978" classname="Rules_methods" name="stopTrial_works_correctly_for_StoppingTDCIRatio_when_samples_are_provided"/>
    <testcase time="0.00900000000000034" classname="Rules_methods" name="stopTrial_works_correctly_for_StoppingTDCIRatio_when_samples_are_provided"/>
    <testcase time="0.00799999999999557" classname="Rules_methods" name="stopTrial_works_correctly_for_StoppingTDCIRatio_when_samples_are_provided"/>
    <testcase time="0.00900000000000034" classname="Rules_methods" name="stopTrial_works_correctly_for_StoppingTDCIRatio_when_samples_are_provided"/>
    <testcase time="0.00799999999999557" classname="Rules_methods" name="stopTrial_works_correctly_for_StoppingTDCIRatio_when_samples_are_provided"/>
    <testcase time="0.0100000000000051" classname="Rules_methods" name="stopTrial_works_correctly_for_StoppingTDCIRatio_when_samples_are_provided"/>
    <testcase time="0.0109999999999957" classname="Rules_methods" name="stopTrial_works_correctly_for_StoppingTDCIRatio_when_samples_are_provided"/>
    <testcase time="0.00900000000000034" classname="Rules_methods" name="stopTrial_works_correctly_for_StoppingTDCIRatio_when_samples_are_provided"/>
    <testcase time="0.0100000000000051" classname="Rules_methods" name="stopTrial_works_correctly_for_StoppingTDCIRatio_when_samples_are_provided"/>
    <testcase time="0.00799999999999557" classname="Rules_methods" name="stopTrial_works_correctly_for_StoppingTDCIRatio_when_samples_are_provided"/>
    <testcase time="0.00900000000000034" classname="Rules_methods" name="stopTrial_works_correctly_for_StoppingTDCIRatio_when_samples_are_provided"/>
    <testcase time="0.00799999999999557" classname="Rules_methods" name="stopTrial_works_correctly_for_StoppingTDCIRatio_when_samples_are_provided"/>
    <testcase time="0.00800000000000978" classname="Rules_methods" name="stopTrial_works_correctly_for_StoppingTDCIRatio_when_samples_are_provided"/>
    <testcase time="0.00800000000000978" classname="Rules_methods" name="stopTrial_works_correctly_for_StoppingTDCIRatio_when_samples_are_provided"/>
    <testcase time="0.00799999999999557" classname="Rules_methods" name="stopTrial_works_correctly_for_StoppingTDCIRatio_when_samples_are_provided"/>
    <testcase time="0.00799999999999557" classname="Rules_methods" name="stopTrial_works_correctly_for_StoppingTDCIRatio_when_samples_are_provided"/>
    <testcase time="0.00900000000000034" classname="Rules_methods" name="stopTrial_works_correctly_for_StoppingTDCIRatio_when_samples_are_provided"/>
    <testcase time="0.00900000000000034" classname="Rules_methods" name="stopTrial_works_correctly_for_StoppingTDCIRatio_when_samples_are_provided"/>
    <testcase time="0.00800000000000978" classname="Rules_methods" name="stopTrial_works_correctly_for_StoppingTDCIRatio_when_samples_are_provided"/>
    <testcase time="0.00900000000000034" classname="Rules_methods" name="stopTrial_works_correctly_for_StoppingTDCIRatio_when_samples_are_provided"/>
    <testcase time="0.00799999999999557" classname="Rules_methods" name="stopTrial_works_correctly_for_StoppingTDCIRatio_when_samples_are_provided"/>
    <testcase time="0.00799999999999557" classname="Rules_methods" name="stopTrial_works_correctly_for_StoppingTDCIRatio_when_samples_are_provided"/>
    <testcase time="0.00900000000000034" classname="Rules_methods" name="stopTrial_works_correctly_for_StoppingTDCIRatio_when_samples_are_provided"/>
    <testcase time="0.00799999999999557" classname="Rules_methods" name="stopTrial_works_correctly_for_StoppingTDCIRatio_when_samples_are_provided"/>
    <testcase time="0.00800000000000978" classname="Rules_methods" name="stopTrial_works_correctly_for_StoppingTDCIRatio_when_samples_are_provided"/>
    <testcase time="0.00799999999999557" classname="Rules_methods" name="stopTrial_works_correctly_for_StoppingTDCIRatio_when_samples_are_provided"/>
    <testcase time="0.00799999999999557" classname="Rules_methods" name="stopTrial_works_correctly_for_StoppingTDCIRatio_when_samples_are_provided"/>
    <testcase time="0.00799999999999557" classname="Rules_methods" name="stopTrial_works_correctly_for_StoppingTDCIRatio_when_samples_are_provided"/>
    <testcase time="0.0170000000000101" classname="Rules_methods" name="stopTrial_works_correctly_for_StoppingTDCIRatio_when_samples_are_provided"/>
    <testcase time="0.00900000000000034" classname="Rules_methods" name="stopTrial_works_correctly_for_StoppingTDCIRatio_when_samples_are_provided"/>
    <testcase time="0.00799999999999557" classname="Rules_methods" name="stopTrial_works_correctly_for_StoppingTDCIRatio_when_samples_are_provided"/>
    <testcase time="0.00799999999999557" classname="Rules_methods" name="stopTrial_works_correctly_for_StoppingTDCIRatio_when_samples_are_provided"/>
    <testcase time="0.00900000000000034" classname="Rules_methods" name="stopTrial_works_correctly_for_StoppingTDCIRatio_when_samples_are_provided"/>
    <testcase time="0.00800000000000978" classname="Rules_methods" name="stopTrial_works_correctly_for_StoppingTDCIRatio_when_samples_are_provided"/>
    <testcase time="0.00799999999999557" classname="Rules_methods" name="stopTrial_works_correctly_for_StoppingTDCIRatio_when_samples_are_provided"/>
    <testcase time="0.00900000000000034" classname="Rules_methods" name="stopTrial_works_correctly_for_StoppingTDCIRatio_when_samples_are_provided"/>
    <testcase time="0.00900000000000034" classname="Rules_methods" name="stopTrial_works_correctly_for_StoppingTDCIRatio_when_samples_are_provided"/>
    <testcase time="0.00900000000000034" classname="Rules_methods" name="stopTrial_works_correctly_for_StoppingTDCIRatio_when_samples_are_provided"/>
    <testcase time="0.00900000000000034" classname="Rules_methods" name="stopTrial_works_correctly_for_StoppingTDCIRatio_when_samples_are_provided"/>
    <testcase time="0.00799999999999557" classname="Rules_methods" name="stopTrial_works_correctly_for_StoppingTDCIRatio_when_samples_are_provided"/>
    <testcase time="0.0100000000000051" classname="Rules_methods" name="stopTrial_works_correctly_for_StoppingTDCIRatio_when_samples_are_provided"/>
    <testcase time="0.00900000000000034" classname="Rules_methods" name="stopTrial_works_correctly_for_StoppingTDCIRatio_when_samples_are_provided"/>
    <testcase time="0.00900000000000034" classname="Rules_methods" name="stopTrial_works_correctly_for_StoppingTDCIRatio_when_samples_are_provided"/>
    <testcase time="0.00900000000000034" classname="Rules_methods" name="stopTrial_works_correctly_for_StoppingTDCIRatio_when_samples_are_provided"/>
    <testcase time="0.00900000000000034" classname="Rules_methods" name="stopTrial_works_correctly_for_StoppingTDCIRatio_when_samples_are_provided"/>
    <testcase time="0.00900000000000034" classname="Rules_methods" name="stopTrial_works_correctly_for_StoppingTDCIRatio_when_samples_are_provided"/>
    <testcase time="0.00900000000000034" classname="Rules_methods" name="stopTrial_works_correctly_for_StoppingTDCIRatio_when_samples_are_provided"/>
    <testcase time="0.00900000000000034" classname="Rules_methods" name="stopTrial_works_correctly_for_StoppingTDCIRatio_when_samples_are_provided"/>
    <testcase time="0.00900000000000034" classname="Rules_methods" name="stopTrial_works_correctly_for_StoppingTDCIRatio_when_samples_are_provided"/>
    <testcase time="0.00799999999999557" classname="Rules_methods" name="stopTrial_works_correctly_for_StoppingTDCIRatio_when_samples_are_provided"/>
    <testcase time="0.00900000000000034" classname="Rules_methods" name="stopTrial_works_correctly_for_StoppingTDCIRatio_when_samples_are_provided"/>
    <testcase time="0.00900000000000034" classname="Rules_methods" name="stopTrial_works_correctly_for_StoppingTDCIRatio_when_samples_are_provided"/>
    <testcase time="0.00999999999999091" classname="Rules_methods" name="stopTrial_works_correctly_for_StoppingTDCIRatio_when_samples_are_provided"/>
    <testcase time="0.00900000000000034" classname="Rules_methods" name="stopTrial_works_correctly_for_StoppingTDCIRatio_when_samples_are_provided"/>
    <testcase time="0.00800000000000978" classname="Rules_methods" name="stopTrial_works_correctly_for_StoppingTDCIRatio_when_samples_are_provided"/>
    <testcase time="0.00900000000000034" classname="Rules_methods" name="stopTrial_works_correctly_for_StoppingTDCIRatio_when_samples_are_provided"/>
    <testcase time="0.00900000000000034" classname="Rules_methods" name="stopTrial_works_correctly_for_StoppingTDCIRatio_when_samples_are_provided"/>
    <testcase time="0.00799999999999557" classname="Rules_methods" name="stopTrial_works_correctly_for_StoppingTDCIRatio_when_samples_are_provided"/>
    <testcase time="0.00799999999999557" classname="Rules_methods" name="stopTrial_works_correctly_for_StoppingTDCIRatio_when_samples_are_provided"/>
    <testcase time="0.00900000000000034" classname="Rules_methods" name="stopTrial_works_correctly_for_StoppingTDCIRatio_when_samples_are_provided"/>
    <testcase time="0.0170000000000101" classname="Rules_methods" name="stopTrial_works_correctly_for_StoppingTDCIRatio_when_samples_are_provided"/>
    <testcase time="0.00900000000000034" classname="Rules_methods" name="stopTrial_works_correctly_for_StoppingTDCIRatio_when_samples_are_provided"/>
    <testcase time="0.00900000000000034" classname="Rules_methods" name="stopTrial_works_correctly_for_StoppingTDCIRatio_when_samples_are_provided"/>
    <testcase time="0.00799999999999557" classname="Rules_methods" name="stopTrial_works_correctly_for_StoppingTDCIRatio_when_samples_are_provided"/>
    <testcase time="0.00900000000000034" classname="Rules_methods" name="stopTrial_works_correctly_for_StoppingTDCIRatio_when_samples_are_provided"/>
    <testcase time="0.00799999999999557" classname="Rules_methods" name="stopTrial_works_correctly_for_StoppingTDCIRatio_when_samples_are_provided"/>
    <testcase time="0.00799999999999557" classname="Rules_methods" name="stopTrial_works_correctly_for_StoppingTDCIRatio_when_samples_are_provided"/>
    <testcase time="0.00800000000000978" classname="Rules_methods" name="stopTrial_works_correctly_for_StoppingTDCIRatio_when_samples_are_provided"/>
    <testcase time="0.00799999999999557" classname="Rules_methods" name="stopTrial_works_correctly_for_StoppingTDCIRatio_when_samples_are_provided"/>
    <testcase time="0.00799999999999557" classname="Rules_methods" name="stopTrial_works_correctly_for_StoppingTDCIRatio_when_samples_are_provided"/>
    <testcase time="0.00800000000000978" classname="Rules_methods" name="stopTrial_works_correctly_for_StoppingTDCIRatio_when_samples_are_provided"/>
    <testcase time="0.00900000000000034" classname="Rules_methods" name="stopTrial_works_correctly_for_StoppingTDCIRatio_when_samples_are_provided"/>
    <testcase time="0.00900000000000034" classname="Rules_methods" name="stopTrial_works_correctly_for_StoppingTDCIRatio_when_samples_are_provided"/>
    <testcase time="0.00900000000000034" classname="Rules_methods" name="stopTrial_works_correctly_for_StoppingTDCIRatio_when_samples_are_provided"/>
    <testcase time="0.00900000000000034" classname="Rules_methods" name="stopTrial_works_correctly_for_StoppingTDCIRatio_when_samples_are_provided"/>
    <testcase time="0.00799999999999557" classname="Rules_methods" name="stopTrial_works_correctly_for_StoppingTDCIRatio_when_samples_are_provided"/>
    <testcase time="0.00900000000000034" classname="Rules_methods" name="stopTrial_works_correctly_for_StoppingTDCIRatio_when_samples_are_provided"/>
    <testcase time="0.00799999999999557" classname="Rules_methods" name="stopTrial_works_correctly_for_StoppingTDCIRatio_when_samples_are_provided"/>
    <testcase time="0.00799999999999557" classname="Rules_methods" name="stopTrial_works_correctly_for_StoppingTDCIRatio_when_samples_are_provided"/>
    <testcase time="0.00900000000000034" classname="Rules_methods" name="stopTrial_works_correctly_for_StoppingTDCIRatio_when_samples_are_provided"/>
    <testcase time="0.00800000000000978" classname="Rules_methods" name="stopTrial_works_correctly_for_StoppingTDCIRatio_when_samples_are_provided"/>
    <testcase time="0.00900000000000034" classname="Rules_methods" name="stopTrial_works_correctly_for_StoppingTDCIRatio_when_samples_are_provided"/>
    <testcase time="0.00900000000000034" classname="Rules_methods" name="stopTrial_works_correctly_for_StoppingTDCIRatio_when_samples_are_provided"/>
    <testcase time="0.00900000000000034" classname="Rules_methods" name="stopTrial_works_correctly_for_StoppingTDCIRatio_when_samples_are_provided"/>
    <testcase time="0.00900000000000034" classname="Rules_methods" name="stopTrial_works_correctly_for_StoppingTDCIRatio_when_samples_are_provided"/>
    <testcase time="0.00999999999999091" classname="Rules_methods" name="stopTrial_works_correctly_for_StoppingTDCIRatio_when_samples_are_provided"/>
    <testcase time="0.00900000000000034" classname="Rules_methods" name="stopTrial_works_correctly_for_StoppingTDCIRatio_when_samples_are_provided"/>
    <testcase time="0.00900000000000034" classname="Rules_methods" name="stopTrial_works_correctly_for_StoppingTDCIRatio_when_samples_are_provided"/>
    <testcase time="0.00900000000000034" classname="Rules_methods" name="stopTrial_works_correctly_for_StoppingTDCIRatio_when_samples_are_provided"/>
    <testcase time="0.00900000000000034" classname="Rules_methods" name="stopTrial_works_correctly_for_StoppingTDCIRatio_when_samples_are_provided"/>
    <testcase time="0.00900000000000034" classname="Rules_methods" name="stopTrial_works_correctly_for_StoppingTDCIRatio_when_samples_are_provided"/>
    <testcase time="0.0190000000000055" classname="Rules_methods" name="stopTrial_works_correctly_for_StoppingTDCIRatio_when_samples_are_provided"/>
    <testcase time="0.00999999999999091" classname="Rules_methods" name="stopTrial_works_correctly_for_StoppingTDCIRatio_when_samples_are_provided"/>
    <testcase time="0.00900000000000034" classname="Rules_methods" name="stopTrial_works_correctly_for_StoppingTDCIRatio_when_samples_are_provided"/>
    <testcase time="0.0100000000000051" classname="Rules_methods" name="stopTrial_works_correctly_for_StoppingTDCIRatio_when_samples_are_provided"/>
    <testcase time="0.00900000000000034" classname="Rules_methods" name="stopTrial_works_correctly_for_StoppingTDCIRatio_when_samples_are_provided"/>
    <testcase time="0.0100000000000051" classname="Rules_methods" name="stopTrial_works_correctly_for_StoppingTDCIRatio_when_samples_are_provided"/>
    <testcase time="0.00900000000000034" classname="Rules_methods" name="stopTrial_works_correctly_for_StoppingTDCIRatio_when_samples_are_provided"/>
    <testcase time="0.0109999999999957" classname="Rules_methods" name="stopTrial_works_correctly_for_StoppingTDCIRatio_when_samples_are_provided"/>
    <testcase time="0.0120000000000005" classname="Rules_methods" name="stopTrial_works_correctly_for_StoppingTDCIRatio_when_samples_are_provided"/>
    <testcase time="0.0100000000000051" classname="Rules_methods" name="stopTrial_works_correctly_for_StoppingTDCIRatio_when_samples_are_provided"/>
    <testcase time="0.00900000000000034" classname="Rules_methods" name="stopTrial_works_correctly_for_StoppingTDCIRatio_when_samples_are_provided"/>
    <testcase time="0.00999999999999091" classname="Rules_methods" name="stopTrial_works_correctly_for_StoppingTDCIRatio_when_samples_are_provided"/>
    <testcase time="0.0100000000000051" classname="Rules_methods" name="stopTrial_works_correctly_for_StoppingTDCIRatio_when_samples_are_provided"/>
    <testcase time="0.00999999999999091" classname="Rules_methods" name="stopTrial_works_correctly_for_StoppingTDCIRatio_when_samples_are_provided"/>
    <testcase time="0.00900000000000034" classname="Rules_methods" name="stopTrial_works_correctly_for_StoppingTDCIRatio_when_samples_are_provided"/>
    <testcase time="0.00900000000000034" classname="Rules_methods" name="stopTrial_works_correctly_for_StoppingTDCIRatio_when_samples_are_provided"/>
    <testcase time="0.00900000000000034" classname="Rules_methods" name="stopTrial_works_correctly_for_StoppingTDCIRatio_when_samples_are_provided"/>
    <testcase time="0.00900000000000034" classname="Rules_methods" name="stopTrial_works_correctly_for_StoppingTDCIRatio_when_samples_are_provided"/>
    <testcase time="0.00800000000000978" classname="Rules_methods" name="stopTrial_works_correctly_for_StoppingTDCIRatio_when_samples_are_provided"/>
    <testcase time="0.00900000000000034" classname="Rules_methods" name="stopTrial_works_correctly_for_StoppingTDCIRatio_when_samples_are_provided"/>
    <testcase time="0.00799999999999557" classname="Rules_methods" name="stopTrial_works_correctly_for_StoppingTDCIRatio_when_samples_are_provided"/>
    <testcase time="0.00900000000000034" classname="Rules_methods" name="stopTrial_works_correctly_for_StoppingTDCIRatio_when_samples_are_provided"/>
    <testcase time="0.00799999999999557" classname="Rules_methods" name="stopTrial_works_correctly_for_StoppingTDCIRatio_when_samples_are_provided"/>
    <testcase time="0.00900000000000034" classname="Rules_methods" name="stopTrial_works_correctly_for_StoppingTDCIRatio_when_samples_are_provided"/>
    <testcase time="0.00800000000000978" classname="Rules_methods" name="stopTrial_works_correctly_for_StoppingTDCIRatio_when_samples_are_provided"/>
    <testcase time="0.00900000000000034" classname="Rules_methods" name="stopTrial_works_correctly_for_StoppingTDCIRatio_when_samples_are_provided"/>
    <testcase time="0.00899999999998613" classname="Rules_methods" name="stopTrial_works_correctly_for_StoppingTDCIRatio_when_samples_are_provided"/>
    <testcase time="0.00900000000000034" classname="Rules_methods" name="stopTrial_works_correctly_for_StoppingTDCIRatio_when_samples_are_provided"/>
    <testcase time="0.00800000000000978" classname="Rules_methods" name="stopTrial_works_correctly_for_StoppingTDCIRatio_when_samples_are_provided"/>
    <testcase time="0.00900000000000034" classname="Rules_methods" name="stopTrial_works_correctly_for_StoppingTDCIRatio_when_samples_are_provided"/>
    <testcase time="0.0159999999999911" classname="Rules_methods" name="stopTrial_works_correctly_for_StoppingTDCIRatio_when_samples_are_provided"/>
    <testcase time="0.00900000000000034" classname="Rules_methods" name="stopTrial_works_correctly_for_StoppingTDCIRatio_when_samples_are_provided"/>
    <testcase time="0.00800000000000978" classname="Rules_methods" name="stopTrial_works_correctly_for_StoppingTDCIRatio_when_samples_are_provided"/>
    <testcase time="0.00900000000000034" classname="Rules_methods" name="stopTrial_works_correctly_for_StoppingTDCIRatio_when_samples_are_provided"/>
    <testcase time="0.00799999999999557" classname="Rules_methods" name="stopTrial_works_correctly_for_StoppingTDCIRatio_when_samples_are_provided"/>
    <testcase time="0.00900000000000034" classname="Rules_methods" name="stopTrial_works_correctly_for_StoppingTDCIRatio_when_samples_are_provided"/>
    <testcase time="0.00799999999999557" classname="Rules_methods" name="stopTrial_works_correctly_for_StoppingTDCIRatio_when_samples_are_provided"/>
    <testcase time="0.00900000000000034" classname="Rules_methods" name="stopTrial_works_correctly_for_StoppingTDCIRatio_when_samples_are_provided"/>
    <testcase time="0.00800000000000978" classname="Rules_methods" name="stopTrial_works_correctly_for_StoppingTDCIRatio_when_samples_are_provided"/>
    <testcase time="0.00900000000000034" classname="Rules_methods" name="stopTrial_works_correctly_for_StoppingTDCIRatio_when_samples_are_provided"/>
    <testcase time="0.00899999999998613" classname="Rules_methods" name="stopTrial_works_correctly_for_StoppingTDCIRatio_when_samples_are_provided"/>
    <testcase time="0.00900000000000034" classname="Rules_methods" name="stopTrial_works_correctly_for_StoppingTDCIRatio_when_samples_are_provided"/>
    <testcase time="0.0100000000000051" classname="Rules_methods" name="stopTrial_works_correctly_for_StoppingTDCIRatio_when_samples_are_provided"/>
    <testcase time="0.00999999999999091" classname="Rules_methods" name="stopTrial_works_correctly_for_StoppingTDCIRatio_when_samples_are_provided"/>
    <testcase time="0.0100000000000051" classname="Rules_methods" name="stopTrial_works_correctly_for_StoppingTDCIRatio_when_samples_are_provided"/>
    <testcase time="0.0100000000000051" classname="Rules_methods" name="stopTrial_works_correctly_for_StoppingTDCIRatio_when_samples_are_provided"/>
    <testcase time="0.00999999999999091" classname="Rules_methods" name="stopTrial_works_correctly_for_StoppingTDCIRatio_when_samples_are_provided"/>
    <testcase time="0.00900000000000034" classname="Rules_methods" name="stopTrial_works_correctly_for_StoppingTDCIRatio_when_samples_are_provided"/>
    <testcase time="0.00900000000000034" classname="Rules_methods" name="stopTrial_works_correctly_for_StoppingTDCIRatio_when_samples_are_provided"/>
    <testcase time="0.00900000000000034" classname="Rules_methods" name="stopTrial_works_correctly_for_StoppingTDCIRatio_when_samples_are_provided"/>
    <testcase time="0.00900000000000034" classname="Rules_methods" name="stopTrial_works_correctly_for_StoppingTDCIRatio_when_samples_are_provided"/>
    <testcase time="0.00900000000000034" classname="Rules_methods" name="stopTrial_works_correctly_for_StoppingTDCIRatio_when_samples_are_provided"/>
    <testcase time="0.00800000000000978" classname="Rules_methods" name="stopTrial_works_correctly_for_StoppingTDCIRatio_when_samples_are_provided"/>
    <testcase time="0.00899999999998613" classname="Rules_methods" name="stopTrial_works_correctly_for_StoppingTDCIRatio_when_samples_are_provided"/>
    <testcase time="0.00900000000000034" classname="Rules_methods" name="stopTrial_works_correctly_for_StoppingTDCIRatio_when_samples_are_provided"/>
    <testcase time="0.00900000000000034" classname="Rules_methods" name="stopTrial_works_correctly_for_StoppingTDCIRatio_when_samples_are_provided"/>
    <testcase time="0.00900000000000034" classname="Rules_methods" name="stopTrial_works_correctly_for_StoppingTDCIRatio_when_samples_are_provided"/>
    <testcase time="0.00900000000000034" classname="Rules_methods" name="stopTrial_works_correctly_for_StoppingTDCIRatio_when_samples_are_provided"/>
    <testcase time="0.0100000000000051" classname="Rules_methods" name="stopTrial_works_correctly_for_StoppingTDCIRatio_when_samples_are_provided"/>
    <testcase time="0.00900000000000034" classname="Rules_methods" name="stopTrial_works_correctly_for_StoppingTDCIRatio_when_samples_are_provided"/>
    <testcase time="0.0169999999999959" classname="Rules_methods" name="stopTrial_works_correctly_for_StoppingTDCIRatio_when_samples_are_provided"/>
    <testcase time="0.0100000000000051" classname="Rules_methods" name="stopTrial_works_correctly_for_StoppingTDCIRatio_when_samples_are_provided"/>
    <testcase time="0.00900000000000034" classname="Rules_methods" name="stopTrial_works_correctly_for_StoppingTDCIRatio_when_samples_are_provided"/>
    <testcase time="0.00799999999999557" classname="Rules_methods" name="stopTrial_works_correctly_for_StoppingTDCIRatio_when_samples_are_provided"/>
    <testcase time="0.00900000000000034" classname="Rules_methods" name="stopTrial_works_correctly_for_StoppingTDCIRatio_when_samples_are_provided"/>
    <testcase time="0.00900000000000034" classname="Rules_methods" name="stopTrial_works_correctly_for_StoppingTDCIRatio_when_samples_are_provided"/>
    <testcase time="0.00799999999999557" classname="Rules_methods" name="stopTrial_works_correctly_for_StoppingTDCIRatio_when_samples_are_provided"/>
    <testcase time="0.00900000000000034" classname="Rules_methods" name="stopTrial_works_correctly_for_StoppingTDCIRatio_when_samples_are_provided"/>
    <testcase time="0.0100000000000051" classname="Rules_methods" name="stopTrial_works_correctly_for_StoppingTDCIRatio_when_samples_are_provided"/>
    <testcase time="0.00900000000000034" classname="Rules_methods" name="stopTrial_works_correctly_for_StoppingTDCIRatio_when_samples_are_provided"/>
    <testcase time="0.00900000000000034" classname="Rules_methods" name="stopTrial_works_correctly_for_StoppingTDCIRatio_when_samples_are_provided"/>
    <testcase time="0.00900000000000034" classname="Rules_methods" name="stopTrial_works_correctly_for_StoppingTDCIRatio_when_samples_are_provided"/>
    <testcase time="0.0100000000000051" classname="Rules_methods" name="stopTrial_works_correctly_for_StoppingTDCIRatio_when_samples_are_provided"/>
    <testcase time="0.00900000000000034" classname="Rules_methods" name="stopTrial_works_correctly_for_StoppingTDCIRatio_when_samples_are_provided"/>
    <testcase time="0.00900000000000034" classname="Rules_methods" name="stopTrial_works_correctly_for_StoppingTDCIRatio_when_samples_are_provided"/>
    <testcase time="0.00999999999999091" classname="Rules_methods" name="stopTrial_works_correctly_for_StoppingTDCIRatio_when_samples_are_provided"/>
    <testcase time="0.00800000000000978" classname="Rules_methods" name="stopTrial_works_correctly_for_StoppingTDCIRatio_when_samples_are_provided"/>
    <testcase time="0.00900000000000034" classname="Rules_methods" name="stopTrial_works_correctly_for_StoppingTDCIRatio_when_samples_are_provided"/>
    <testcase time="0.00900000000000034" classname="Rules_methods" name="stopTrial_works_correctly_for_StoppingTDCIRatio_when_samples_are_provided"/>
    <testcase time="0.00900000000000034" classname="Rules_methods" name="stopTrial_works_correctly_for_StoppingTDCIRatio_when_samples_are_provided"/>
    <testcase time="0.00899999999998613" classname="Rules_methods" name="stopTrial_works_correctly_for_StoppingTDCIRatio_when_samples_are_provided"/>
    <testcase time="0.00900000000000034" classname="Rules_methods" name="stopTrial_works_correctly_for_StoppingTDCIRatio_when_samples_are_provided"/>
    <testcase time="0.00800000000000978" classname="Rules_methods" name="stopTrial_works_correctly_for_StoppingTDCIRatio_when_samples_are_provided"/>
    <testcase time="0.00999999999999091" classname="Rules_methods" name="stopTrial_works_correctly_for_StoppingTDCIRatio_when_samples_are_provided"/>
    <testcase time="0.00900000000000034" classname="Rules_methods" name="stopTrial_works_correctly_for_StoppingTDCIRatio_when_samples_are_provided"/>
    <testcase time="0.00900000000000034" classname="Rules_methods" name="stopTrial_works_correctly_for_StoppingTDCIRatio_when_samples_are_provided"/>
    <testcase time="0.00900000000000034" classname="Rules_methods" name="stopTrial_works_correctly_for_StoppingTDCIRatio_when_samples_are_provided"/>
    <testcase time="0.00900000000000034" classname="Rules_methods" name="stopTrial_works_correctly_for_StoppingTDCIRatio_when_samples_are_provided"/>
    <testcase time="0.00900000000000034" classname="Rules_methods" name="stopTrial_works_correctly_for_StoppingTDCIRatio_when_samples_are_provided"/>
    <testcase time="0.00800000000000978" classname="Rules_methods" name="stopTrial_works_correctly_for_StoppingTDCIRatio_when_samples_are_provided"/>
    <testcase time="0.0180000000000007" classname="Rules_methods" name="stopTrial_works_correctly_for_StoppingTDCIRatio_when_samples_are_provided"/>
    <testcase time="0.00900000000000034" classname="Rules_methods" name="stopTrial_works_correctly_for_StoppingTDCIRatio_when_samples_are_provided"/>
    <testcase time="0.00999999999999091" classname="Rules_methods" name="stopTrial_works_correctly_for_StoppingTDCIRatio_when_samples_are_provided"/>
    <testcase time="0.00900000000000034" classname="Rules_methods" name="stopTrial_works_correctly_for_StoppingTDCIRatio_when_samples_are_provided"/>
    <testcase time="0.00900000000000034" classname="Rules_methods" name="stopTrial_works_correctly_for_StoppingTDCIRatio_when_samples_are_provided"/>
    <testcase time="0.00900000000000034" classname="Rules_methods" name="stopTrial_works_correctly_for_StoppingTDCIRatio_when_samples_are_provided"/>
    <testcase time="0.00900000000000034" classname="Rules_methods" name="stopTrial_works_correctly_for_StoppingTDCIRatio_when_samples_are_provided"/>
    <testcase time="0.00900000000000034" classname="Rules_methods" name="stopTrial_works_correctly_for_StoppingTDCIRatio_when_samples_are_provided"/>
    <testcase time="0.00900000000000034" classname="Rules_methods" name="stopTrial_works_correctly_for_StoppingTDCIRatio_when_samples_are_provided"/>
    <testcase time="0.0100000000000051" classname="Rules_methods" name="stopTrial_works_correctly_for_StoppingTDCIRatio_when_samples_are_provided"/>
    <testcase time="0.00999999999999091" classname="Rules_methods" name="stopTrial_works_correctly_for_StoppingTDCIRatio_when_samples_are_provided"/>
    <testcase time="0.0100000000000051" classname="Rules_methods" name="stopTrial_works_correctly_for_StoppingTDCIRatio_when_samples_are_provided"/>
    <testcase time="0.00900000000000034" classname="Rules_methods" name="stopTrial_works_correctly_for_StoppingTDCIRatio_when_samples_are_provided"/>
    <testcase time="0.0100000000000051" classname="Rules_methods" name="stopTrial_works_correctly_for_StoppingTDCIRatio_when_samples_are_provided"/>
    <testcase time="0.00900000000000034" classname="Rules_methods" name="stopTrial_works_correctly_for_StoppingTDCIRatio_when_samples_are_provided"/>
    <testcase time="0.00900000000000034" classname="Rules_methods" name="stopTrial_works_correctly_for_StoppingTDCIRatio_when_samples_are_provided"/>
    <testcase time="0.00899999999998613" classname="Rules_methods" name="stopTrial_works_correctly_for_StoppingTDCIRatio_when_samples_are_provided"/>
    <testcase time="0.00900000000000034" classname="Rules_methods" name="stopTrial_works_correctly_for_StoppingTDCIRatio_when_samples_are_provided"/>
    <testcase time="0.00900000000000034" classname="Rules_methods" name="stopTrial_works_correctly_for_StoppingTDCIRatio_when_samples_are_provided"/>
    <testcase time="0.00900000000000034" classname="Rules_methods" name="stopTrial_works_correctly_for_StoppingTDCIRatio_when_samples_are_provided"/>
    <testcase time="0.00900000000000034" classname="Rules_methods" name="stopTrial_works_correctly_for_StoppingTDCIRatio_when_samples_are_provided"/>
    <testcase time="0.0100000000000051" classname="Rules_methods" name="stopTrial_works_correctly_for_StoppingTDCIRatio_when_samples_are_provided"/>
    <testcase time="0.0100000000000051" classname="Rules_methods" name="stopTrial_works_correctly_for_StoppingTDCIRatio_when_samples_are_provided"/>
    <testcase time="0.00900000000000034" classname="Rules_methods" name="stopTrial_works_correctly_for_StoppingTDCIRatio_when_samples_are_provided"/>
    <testcase time="0.00999999999999091" classname="Rules_methods" name="stopTrial_works_correctly_for_StoppingTDCIRatio_when_samples_are_provided"/>
    <testcase time="0.00900000000000034" classname="Rules_methods" name="stopTrial_works_correctly_for_StoppingTDCIRatio_when_samples_are_provided"/>
    <testcase time="0.0100000000000051" classname="Rules_methods" name="stopTrial_works_correctly_for_StoppingTDCIRatio_when_samples_are_provided"/>
    <testcase time="0.00900000000000034" classname="Rules_methods" name="stopTrial_works_correctly_for_StoppingTDCIRatio_when_samples_are_provided"/>
    <testcase time="0.0160000000000053" classname="Rules_methods" name="stopTrial_works_correctly_for_StoppingTDCIRatio_when_samples_are_provided"/>
    <testcase time="0.0109999999999957" classname="Rules_methods" name="stopTrial_works_correctly_for_StoppingTDCIRatio_when_samples_are_provided"/>
    <testcase time="0.00900000000000034" classname="Rules_methods" name="stopTrial_works_correctly_for_StoppingTDCIRatio_when_samples_are_provided"/>
    <testcase time="0.00999999999999091" classname="Rules_methods" name="stopTrial_works_correctly_for_StoppingTDCIRatio_when_samples_are_provided"/>
    <testcase time="0.00900000000000034" classname="Rules_methods" name="stopTrial_works_correctly_for_StoppingTDCIRatio_when_samples_are_provided"/>
    <testcase time="0.00900000000000034" classname="Rules_methods" name="stopTrial_works_correctly_for_StoppingTDCIRatio_when_samples_are_provided"/>
    <testcase time="0.0100000000000051" classname="Rules_methods" name="stopTrial_works_correctly_for_StoppingTDCIRatio_when_samples_are_provided"/>
    <testcase time="0.0109999999999957" classname="Rules_methods" name="stopTrial_works_correctly_for_StoppingTDCIRatio_when_samples_are_provided"/>
    <testcase time="0.00900000000000034" classname="Rules_methods" name="stopTrial_works_correctly_for_StoppingTDCIRatio_when_samples_are_provided"/>
    <testcase time="0.0100000000000051" classname="Rules_methods" name="stopTrial_works_correctly_for_StoppingTDCIRatio_when_samples_are_provided"/>
    <testcase time="0.00900000000000034" classname="Rules_methods" name="stopTrial_works_correctly_for_StoppingTDCIRatio_when_samples_are_provided"/>
    <testcase time="0.0100000000000051" classname="Rules_methods" name="stopTrial_works_correctly_for_StoppingTDCIRatio_when_samples_are_provided"/>
    <testcase time="0.00999999999999091" classname="Rules_methods" name="stopTrial_works_correctly_for_StoppingTDCIRatio_when_samples_are_provided"/>
    <testcase time="0.0100000000000051" classname="Rules_methods" name="stopTrial_works_correctly_for_StoppingTDCIRatio_when_samples_are_provided"/>
    <testcase time="0.0109999999999957" classname="Rules_methods" name="stopTrial_works_correctly_for_StoppingTDCIRatio_when_samples_are_provided"/>
    <testcase time="0.0130000000000052" classname="Rules_methods" name="stopTrial_works_correctly_for_StoppingTDCIRatio_when_samples_are_provided"/>
    <testcase time="0.00900000000000034" classname="Rules_methods" name="stopTrial_works_correctly_for_StoppingTDCIRatio_when_samples_are_provided"/>
    <testcase time="0.00900000000000034" classname="Rules_methods" name="stopTrial_works_correctly_for_StoppingTDCIRatio_when_samples_are_provided"/>
    <testcase time="0.00900000000000034" classname="Rules_methods" name="stopTrial_works_correctly_for_StoppingTDCIRatio_when_samples_are_provided"/>
    <testcase time="0.00900000000000034" classname="Rules_methods" name="stopTrial_works_correctly_for_StoppingTDCIRatio_when_samples_are_provided"/>
    <testcase time="0.00900000000000034" classname="Rules_methods" name="stopTrial_works_correctly_for_StoppingTDCIRatio_when_samples_are_provided"/>
    <testcase time="0.00999999999999091" classname="Rules_methods" name="stopTrial_works_correctly_for_StoppingTDCIRatio_when_samples_are_provided"/>
    <testcase time="0.0100000000000051" classname="Rules_methods" name="stopTrial_works_correctly_for_StoppingTDCIRatio_when_samples_are_provided"/>
    <testcase time="0.00900000000000034" classname="Rules_methods" name="stopTrial_works_correctly_for_StoppingTDCIRatio_when_samples_are_provided"/>
    <testcase time="0.0100000000000051" classname="Rules_methods" name="stopTrial_works_correctly_for_StoppingTDCIRatio_when_samples_are_provided"/>
    <testcase time="0.00900000000000034" classname="Rules_methods" name="stopTrial_works_correctly_for_StoppingTDCIRatio_when_samples_are_provided"/>
    <testcase time="0.00900000000000034" classname="Rules_methods" name="stopTrial_works_correctly_for_StoppingTDCIRatio_when_samples_are_provided"/>
    <testcase time="0.00999999999999091" classname="Rules_methods" name="stopTrial_works_correctly_for_StoppingTDCIRatio_when_samples_are_provided"/>
    <testcase time="0.00900000000000034" classname="Rules_methods" name="stopTrial_works_correctly_for_StoppingTDCIRatio_when_samples_are_provided"/>
    <testcase time="0.0190000000000055" classname="Rules_methods" name="stopTrial_works_correctly_for_StoppingTDCIRatio_when_samples_are_provided"/>
    <testcase time="0.00999999999999091" classname="Rules_methods" name="stopTrial_works_correctly_for_StoppingTDCIRatio_when_samples_are_provided"/>
    <testcase time="0.0100000000000051" classname="Rules_methods" name="stopTrial_works_correctly_for_StoppingTDCIRatio_when_samples_are_provided"/>
    <testcase time="0.00900000000000034" classname="Rules_methods" name="stopTrial_works_correctly_for_StoppingTDCIRatio_when_samples_are_provided"/>
    <testcase time="0.00900000000000034" classname="Rules_methods" name="stopTrial_works_correctly_for_StoppingTDCIRatio_when_samples_are_provided"/>
    <testcase time="0.0100000000000051" classname="Rules_methods" name="stopTrial_works_correctly_for_StoppingTDCIRatio_when_samples_are_provided"/>
    <testcase time="0.00900000000000034" classname="Rules_methods" name="stopTrial_works_correctly_for_StoppingTDCIRatio_when_samples_are_provided"/>
    <testcase time="0.00999999999999091" classname="Rules_methods" name="stopTrial_works_correctly_for_StoppingTDCIRatio_when_samples_are_provided"/>
    <testcase time="0.00900000000000034" classname="Rules_methods" name="stopTrial_works_correctly_for_StoppingTDCIRatio_when_samples_are_provided"/>
    <testcase time="0.0100000000000051" classname="Rules_methods" name="stopTrial_works_correctly_for_StoppingTDCIRatio_when_samples_are_provided"/>
    <testcase time="0.00999999999999091" classname="Rules_methods" name="stopTrial_works_correctly_for_StoppingTDCIRatio_when_samples_are_provided"/>
    <testcase time="0.0110000000000099" classname="Rules_methods" name="stopTrial_works_correctly_for_StoppingTDCIRatio_when_samples_are_provided"/>
    <testcase time="0.00999999999999091" classname="Rules_methods" name="stopTrial_works_correctly_for_StoppingTDCIRatio_when_samples_are_provided"/>
    <testcase time="0.0100000000000051" classname="Rules_methods" name="stopTrial_works_correctly_for_StoppingTDCIRatio_when_samples_are_provided"/>
    <testcase time="0.0100000000000051" classname="Rules_methods" name="stopTrial_works_correctly_for_StoppingTDCIRatio_when_samples_are_provided"/>
    <testcase time="0.00900000000000034" classname="Rules_methods" name="stopTrial_works_correctly_for_StoppingTDCIRatio_when_samples_are_provided"/>
    <testcase time="0.00900000000000034" classname="Rules_methods" name="stopTrial_works_correctly_for_StoppingTDCIRatio_when_samples_are_provided"/>
    <testcase time="0.00999999999999091" classname="Rules_methods" name="stopTrial_works_correctly_for_StoppingTDCIRatio_when_samples_are_provided"/>
    <testcase time="0.00900000000000034" classname="Rules_methods" name="stopTrial_works_correctly_for_StoppingTDCIRatio_when_samples_are_provided"/>
    <testcase time="0.0100000000000051" classname="Rules_methods" name="stopTrial_works_correctly_for_StoppingTDCIRatio_when_samples_are_provided"/>
    <testcase time="0.00900000000000034" classname="Rules_methods" name="stopTrial_works_correctly_for_StoppingTDCIRatio_when_samples_are_provided"/>
    <testcase time="0.00900000000000034" classname="Rules_methods" name="stopTrial_works_correctly_for_StoppingTDCIRatio_when_samples_are_provided"/>
    <testcase time="0.00900000000000034" classname="Rules_methods" name="stopTrial_works_correctly_for_StoppingTDCIRatio_when_samples_are_provided"/>
    <testcase time="0.00900000000000034" classname="Rules_methods" name="stopTrial_works_correctly_for_StoppingTDCIRatio_when_samples_are_provided"/>
    <testcase time="0.00999999999999091" classname="Rules_methods" name="stopTrial_works_correctly_for_StoppingTDCIRatio_when_samples_are_provided"/>
    <testcase time="0.00900000000000034" classname="Rules_methods" name="stopTrial_works_correctly_for_StoppingTDCIRatio_when_samples_are_provided"/>
    <testcase time="0.00900000000000034" classname="Rules_methods" name="stopTrial_works_correctly_for_StoppingTDCIRatio_when_samples_are_provided"/>
    <testcase time="0.00900000000000034" classname="Rules_methods" name="stopTrial_works_correctly_for_StoppingTDCIRatio_when_samples_are_provided"/>
    <testcase time="0.0260000000000105" classname="Rules_methods" name="stopTrial_works_correctly_for_StoppingTDCIRatio_when_samples_are_provided"/>
    <testcase time="0.00900000000000034" classname="Rules_methods" name="stopTrial_works_correctly_for_StoppingTDCIRatio_when_samples_are_provided"/>
    <testcase time="0.00900000000000034" classname="Rules_methods" name="stopTrial_works_correctly_for_StoppingTDCIRatio_when_samples_are_provided"/>
    <testcase time="0.00900000000000034" classname="Rules_methods" name="stopTrial_works_correctly_for_StoppingTDCIRatio_when_samples_are_provided"/>
    <testcase time="0.00900000000000034" classname="Rules_methods" name="stopTrial_works_correctly_for_StoppingTDCIRatio_when_samples_are_provided"/>
    <testcase time="0.0100000000000051" classname="Rules_methods" name="stopTrial_works_correctly_for_StoppingTDCIRatio_when_samples_are_provided"/>
    <testcase time="0.00999999999999091" classname="Rules_methods" name="stopTrial_works_correctly_for_StoppingTDCIRatio_when_samples_are_provided"/>
    <testcase time="0.00900000000000034" classname="Rules_methods" name="stopTrial_works_correctly_for_StoppingTDCIRatio_when_samples_are_provided"/>
    <testcase time="0.00900000000000034" classname="Rules_methods" name="stopTrial_works_correctly_for_StoppingTDCIRatio_when_samples_are_provided"/>
    <testcase time="0.0100000000000051" classname="Rules_methods" name="stopTrial_works_correctly_for_StoppingTDCIRatio_when_samples_are_provided"/>
    <testcase time="0.0109999999999957" classname="Rules_methods" name="stopTrial_works_correctly_for_StoppingTDCIRatio_when_samples_are_provided"/>
    <testcase time="0.0120000000000005" classname="Rules_methods" name="stopTrial_works_correctly_for_StoppingTDCIRatio_when_samples_are_provided"/>
    <testcase time="0.0100000000000051" classname="Rules_methods" name="stopTrial_works_correctly_for_StoppingTDCIRatio_when_samples_are_provided"/>
    <testcase time="0.0100000000000051" classname="Rules_methods" name="stopTrial_works_correctly_for_StoppingTDCIRatio_when_samples_are_provided"/>
    <testcase time="0.00999999999999091" classname="Rules_methods" name="stopTrial_works_correctly_for_StoppingTDCIRatio_when_samples_are_provided"/>
    <testcase time="0.00900000000000034" classname="Rules_methods" name="stopTrial_works_correctly_for_StoppingTDCIRatio_when_samples_are_provided"/>
    <testcase time="0.0100000000000051" classname="Rules_methods" name="stopTrial_works_correctly_for_StoppingTDCIRatio_when_samples_are_provided"/>
    <testcase time="0.00900000000000034" classname="Rules_methods" name="stopTrial_works_correctly_for_StoppingTDCIRatio_when_samples_are_provided"/>
    <testcase time="0.0100000000000051" classname="Rules_methods" name="stopTrial_works_correctly_for_StoppingTDCIRatio_when_samples_are_provided"/>
    <testcase time="0.00899999999998613" classname="Rules_methods" name="stopTrial_works_correctly_for_StoppingTDCIRatio_when_samples_are_provided"/>
    <testcase time="0.0100000000000051" classname="Rules_methods" name="stopTrial_works_correctly_for_StoppingTDCIRatio_when_samples_are_provided"/>
    <testcase time="0.00900000000000034" classname="Rules_methods" name="stopTrial_works_correctly_for_StoppingTDCIRatio_when_samples_are_provided"/>
    <testcase time="0.0100000000000051" classname="Rules_methods" name="stopTrial_works_correctly_for_StoppingTDCIRatio_when_samples_are_provided"/>
    <testcase time="0.00999999999999091" classname="Rules_methods" name="stopTrial_works_correctly_for_StoppingTDCIRatio_when_samples_are_provided"/>
    <testcase time="0.00900000000000034" classname="Rules_methods" name="stopTrial_works_correctly_for_StoppingTDCIRatio_when_samples_are_provided"/>
    <testcase time="0.00900000000000034" classname="Rules_methods" name="stopTrial_works_correctly_for_StoppingTDCIRatio_when_samples_are_provided"/>
    <testcase time="0.0100000000000051" classname="Rules_methods" name="stopTrial_works_correctly_for_StoppingTDCIRatio_when_samples_are_provided"/>
    <testcase time="0.00900000000000034" classname="Rules_methods" name="stopTrial_works_correctly_for_StoppingTDCIRatio_when_samples_are_provided"/>
    <testcase time="0.019999999999996" classname="Rules_methods" name="stopTrial_works_correctly_for_StoppingTDCIRatio_when_samples_are_provided"/>
    <testcase time="0.0100000000000051" classname="Rules_methods" name="stopTrial_works_correctly_for_StoppingTDCIRatio_when_samples_are_provided"/>
    <testcase time="0.00900000000000034" classname="Rules_methods" name="stopTrial_works_correctly_for_StoppingTDCIRatio_when_samples_are_provided"/>
    <testcase time="0.00999999999999091" classname="Rules_methods" name="stopTrial_works_correctly_for_StoppingTDCIRatio_when_samples_are_provided"/>
    <testcase time="0.00900000000000034" classname="Rules_methods" name="stopTrial_works_correctly_for_StoppingTDCIRatio_when_samples_are_provided"/>
    <testcase time="0.0100000000000051" classname="Rules_methods" name="stopTrial_works_correctly_for_StoppingTDCIRatio_when_samples_are_provided"/>
    <testcase time="0.00900000000000034" classname="Rules_methods" name="stopTrial_works_correctly_for_StoppingTDCIRatio_when_samples_are_provided"/>
    <testcase time="0.00900000000000034" classname="Rules_methods" name="stopTrial_works_correctly_for_StoppingTDCIRatio_when_samples_are_provided"/>
    <testcase time="0.00900000000000034" classname="Rules_methods" name="stopTrial_works_correctly_for_StoppingTDCIRatio_when_samples_are_provided"/>
    <testcase time="0.00900000000000034" classname="Rules_methods" name="stopTrial_works_correctly_for_StoppingTDCIRatio_when_samples_are_provided"/>
    <testcase time="0.0100000000000051" classname="Rules_methods" name="stopTrial_works_correctly_for_StoppingTDCIRatio_when_samples_are_provided"/>
    <testcase time="0.00999999999999091" classname="Rules_methods" name="stopTrial_works_correctly_for_StoppingTDCIRatio_when_samples_are_provided"/>
    <testcase time="0.0100000000000051" classname="Rules_methods" name="stopTrial_works_correctly_for_StoppingTDCIRatio_when_samples_are_provided"/>
    <testcase time="0.0109999999999957" classname="Rules_methods" name="stopTrial_works_correctly_for_StoppingTDCIRatio_when_samples_are_provided"/>
    <testcase time="0.00900000000000034" classname="Rules_methods" name="stopTrial_works_correctly_for_StoppingTDCIRatio_when_samples_are_provided"/>
    <testcase time="0.0100000000000051" classname="Rules_methods" name="stopTrial_works_correctly_for_StoppingTDCIRatio_when_samples_are_provided"/>
    <testcase time="0.00900000000000034" classname="Rules_methods" name="stopTrial_works_correctly_for_StoppingTDCIRatio_when_samples_are_provided"/>
    <testcase time="0.00900000000000034" classname="Rules_methods" name="stopTrial_works_correctly_for_StoppingTDCIRatio_when_samples_are_provided"/>
    <testcase time="0.00999999999999091" classname="Rules_methods" name="stopTrial_works_correctly_for_StoppingTDCIRatio_when_samples_are_provided"/>
    <testcase time="0.0110000000000099" classname="Rules_methods" name="stopTrial_works_correctly_for_StoppingTDCIRatio_when_samples_are_provided"/>
    <testcase time="0.00999999999999091" classname="Rules_methods" name="stopTrial_works_correctly_for_StoppingTDCIRatio_when_samples_are_provided"/>
    <testcase time="0.0100000000000051" classname="Rules_methods" name="stopTrial_works_correctly_for_StoppingTDCIRatio_when_samples_are_provided"/>
    <testcase time="0.0100000000000051" classname="Rules_methods" name="stopTrial_works_correctly_for_StoppingTDCIRatio_when_samples_are_provided"/>
    <testcase time="0.00999999999999091" classname="Rules_methods" name="stopTrial_works_correctly_for_StoppingTDCIRatio_when_samples_are_provided"/>
    <testcase time="0.0110000000000099" classname="Rules_methods" name="stopTrial_works_correctly_for_StoppingTDCIRatio_when_samples_are_provided"/>
    <testcase time="0.00999999999999091" classname="Rules_methods" name="stopTrial_works_correctly_for_StoppingTDCIRatio_when_samples_are_provided"/>
    <testcase time="0.0100000000000051" classname="Rules_methods" name="stopTrial_works_correctly_for_StoppingTDCIRatio_when_samples_are_provided"/>
    <testcase time="0.0190000000000055" classname="Rules_methods" name="stopTrial_works_correctly_for_StoppingTDCIRatio_when_samples_are_provided"/>
    <testcase time="0.0149999999999864" classname="Rules_methods" name="stopTrial_works_correctly_for_StoppingTDCIRatio_when_samples_are_provided"/>
    <testcase time="0.0110000000000099" classname="Rules_methods" name="stopTrial_works_correctly_for_StoppingTDCIRatio_when_samples_are_provided"/>
    <testcase time="0.0109999999999957" classname="Rules_methods" name="stopTrial_works_correctly_for_StoppingTDCIRatio_when_samples_are_provided"/>
    <testcase time="0.0100000000000051" classname="Rules_methods" name="stopTrial_works_correctly_for_StoppingTDCIRatio_when_samples_are_provided"/>
    <testcase time="0.0109999999999957" classname="Rules_methods" name="stopTrial_works_correctly_for_StoppingTDCIRatio_when_samples_are_provided"/>
    <testcase time="0.0100000000000051" classname="Rules_methods" name="stopTrial_works_correctly_for_StoppingTDCIRatio_when_samples_are_provided"/>
    <testcase time="0.00999999999999091" classname="Rules_methods" name="stopTrial_works_correctly_for_StoppingTDCIRatio_when_samples_are_provided"/>
    <testcase time="0.00900000000000034" classname="Rules_methods" name="stopTrial_works_correctly_for_StoppingTDCIRatio_when_samples_are_provided"/>
    <testcase time="0.00900000000000034" classname="Rules_methods" name="stopTrial_works_correctly_for_StoppingTDCIRatio_when_samples_are_provided"/>
    <testcase time="0.0100000000000051" classname="Rules_methods" name="stopTrial_works_correctly_for_StoppingTDCIRatio_when_samples_are_provided"/>
    <testcase time="0.0100000000000051" classname="Rules_methods" name="stopTrial_works_correctly_for_StoppingTDCIRatio_when_samples_are_provided"/>
    <testcase time="0.00999999999999091" classname="Rules_methods" name="stopTrial_works_correctly_for_StoppingTDCIRatio_when_samples_are_provided"/>
    <testcase time="0.0100000000000051" classname="Rules_methods" name="stopTrial_works_correctly_for_StoppingTDCIRatio_when_samples_are_provided"/>
    <testcase time="0.00999999999999091" classname="Rules_methods" name="stopTrial_works_correctly_for_StoppingTDCIRatio_when_samples_are_provided"/>
    <testcase time="0.00900000000000034" classname="Rules_methods" name="stopTrial_works_correctly_for_StoppingTDCIRatio_when_samples_are_provided"/>
    <testcase time="0.00900000000000034" classname="Rules_methods" name="stopTrial_works_correctly_for_StoppingTDCIRatio_when_samples_are_provided"/>
    <testcase time="0.0100000000000051" classname="Rules_methods" name="stopTrial_works_correctly_for_StoppingTDCIRatio_when_samples_are_provided"/>
    <testcase time="0.00900000000000034" classname="Rules_methods" name="stopTrial_works_correctly_for_StoppingTDCIRatio_when_samples_are_provided"/>
    <testcase time="0.00900000000000034" classname="Rules_methods" name="stopTrial_works_correctly_for_StoppingTDCIRatio_when_samples_are_provided"/>
    <testcase time="0.00900000000000034" classname="Rules_methods" name="stopTrial_works_correctly_for_StoppingTDCIRatio_when_samples_are_provided"/>
    <testcase time="0.00900000000000034" classname="Rules_methods" name="stopTrial_works_correctly_for_StoppingTDCIRatio_when_samples_are_provided"/>
    <testcase time="0.00900000000000034" classname="Rules_methods" name="stopTrial_works_correctly_for_StoppingTDCIRatio_when_samples_are_provided"/>
    <testcase time="0.00900000000000034" classname="Rules_methods" name="stopTrial_works_correctly_for_StoppingTDCIRatio_when_samples_are_provided"/>
    <testcase time="0.0100000000000051" classname="Rules_methods" name="stopTrial_works_correctly_for_StoppingTDCIRatio_when_samples_are_provided"/>
    <testcase time="0.00900000000000034" classname="Rules_methods" name="stopTrial_works_correctly_for_StoppingTDCIRatio_when_samples_are_provided"/>
    <testcase time="0.00999999999999091" classname="Rules_methods" name="stopTrial_works_correctly_for_StoppingTDCIRatio_when_samples_are_provided"/>
    <testcase time="0.00900000000000034" classname="Rules_methods" name="stopTrial_works_correctly_for_StoppingTDCIRatio_when_samples_are_provided"/>
    <testcase time="0.019999999999996" classname="Rules_methods" name="stopTrial_works_correctly_for_StoppingTDCIRatio_when_samples_are_provided"/>
    <testcase time="0.00900000000000034" classname="Rules_methods" name="stopTrial_works_correctly_for_StoppingTDCIRatio_when_samples_are_provided"/>
    <testcase time="0.0100000000000051" classname="Rules_methods" name="stopTrial_works_correctly_for_StoppingTDCIRatio_when_samples_are_provided"/>
    <testcase time="0.00900000000000034" classname="Rules_methods" name="stopTrial_works_correctly_for_StoppingTDCIRatio_when_samples_are_provided"/>
    <testcase time="0.0100000000000051" classname="Rules_methods" name="stopTrial_works_correctly_for_StoppingTDCIRatio_when_samples_are_provided"/>
    <testcase time="0.00900000000000034" classname="Rules_methods" name="stopTrial_works_correctly_for_StoppingTDCIRatio_when_samples_are_provided"/>
    <testcase time="0.00900000000000034" classname="Rules_methods" name="stopTrial_works_correctly_for_StoppingTDCIRatio_when_samples_are_provided"/>
    <testcase time="0.00999999999999091" classname="Rules_methods" name="stopTrial_works_correctly_for_StoppingTDCIRatio_when_samples_are_provided"/>
    <testcase time="0.00900000000000034" classname="Rules_methods" name="stopTrial_works_correctly_for_StoppingTDCIRatio_when_samples_are_provided"/>
    <testcase time="0.0100000000000051" classname="Rules_methods" name="stopTrial_works_correctly_for_StoppingTDCIRatio_when_samples_are_provided"/>
    <testcase time="0.0109999999999957" classname="Rules_methods" name="stopTrial_works_correctly_for_StoppingTDCIRatio_when_samples_are_provided"/>
    <testcase time="0.0120000000000005" classname="Rules_methods" name="stopTrial_works_correctly_for_StoppingTDCIRatio_when_samples_are_provided"/>
    <testcase time="0.0100000000000051" classname="Rules_methods" name="stopTrial_works_correctly_for_StoppingTDCIRatio_when_samples_are_provided"/>
    <testcase time="0.0109999999999957" classname="Rules_methods" name="stopTrial_works_correctly_for_StoppingTDCIRatio_when_samples_are_provided"/>
    <testcase time="0.0100000000000051" classname="Rules_methods" name="stopTrial_works_correctly_for_StoppingTDCIRatio_when_samples_are_provided"/>
    <testcase time="0.00900000000000034" classname="Rules_methods" name="stopTrial_works_correctly_for_StoppingTDCIRatio_when_samples_are_provided"/>
    <testcase time="0.00999999999999091" classname="Rules_methods" name="stopTrial_works_correctly_for_StoppingTDCIRatio_when_samples_are_provided"/>
    <testcase time="0.0100000000000051" classname="Rules_methods" name="stopTrial_works_correctly_for_StoppingTDCIRatio_when_samples_are_provided"/>
    <testcase time="0.00900000000000034" classname="Rules_methods" name="stopTrial_works_correctly_for_StoppingTDCIRatio_when_samples_are_provided"/>
    <testcase time="0.0100000000000051" classname="Rules_methods" name="stopTrial_works_correctly_for_StoppingTDCIRatio_when_samples_are_provided"/>
    <testcase time="0.00999999999999091" classname="Rules_methods" name="stopTrial_works_correctly_for_StoppingTDCIRatio_when_samples_are_provided"/>
    <testcase time="0.0100000000000051" classname="Rules_methods" name="stopTrial_works_correctly_for_StoppingTDCIRatio_when_samples_are_provided"/>
    <testcase time="0.0120000000000005" classname="Rules_methods" name="stopTrial_works_correctly_for_StoppingTDCIRatio_when_samples_are_provided"/>
    <testcase time="0.0109999999999957" classname="Rules_methods" name="stopTrial_works_correctly_for_StoppingTDCIRatio_when_samples_are_provided"/>
    <testcase time="0.0100000000000051" classname="Rules_methods" name="stopTrial_works_correctly_for_StoppingTDCIRatio_when_samples_are_provided"/>
    <testcase time="0.0109999999999957" classname="Rules_methods" name="stopTrial_works_correctly_for_StoppingTDCIRatio_when_samples_are_provided"/>
    <testcase time="0.0210000000000008" classname="Rules_methods" name="stopTrial_works_correctly_for_StoppingTDCIRatio_when_samples_are_provided"/>
    <testcase time="0.0169999999999959" classname="Rules_methods" name="stopTrial_works_correctly_for_StoppingTDCIRatio_when_samples_are_provided"/>
    <testcase time="0.0110000000000099" classname="Rules_methods" name="stopTrial_works_correctly_for_StoppingTDCIRatio_when_samples_are_provided"/>
    <testcase time="0.0109999999999957" classname="Rules_methods" name="stopTrial_works_correctly_for_StoppingTDCIRatio_when_samples_are_provided"/>
    <testcase time="0.0100000000000051" classname="Rules_methods" name="stopTrial_works_correctly_for_StoppingTDCIRatio_when_samples_are_provided"/>
    <testcase time="0.0109999999999957" classname="Rules_methods" name="stopTrial_works_correctly_for_StoppingTDCIRatio_when_samples_are_provided"/>
    <testcase time="0.00999999999999091" classname="Rules_methods" name="stopTrial_works_correctly_for_StoppingTDCIRatio_when_samples_are_provided"/>
    <testcase time="0.0100000000000051" classname="Rules_methods" name="stopTrial_works_correctly_for_StoppingTDCIRatio_when_samples_are_provided"/>
    <testcase time="0.0100000000000051" classname="Rules_methods" name="stopTrial_works_correctly_for_StoppingTDCIRatio_when_samples_are_provided"/>
    <testcase time="0.0109999999999957" classname="Rules_methods" name="stopTrial_works_correctly_for_StoppingTDCIRatio_when_samples_are_provided"/>
    <testcase time="0.0109999999999957" classname="Rules_methods" name="stopTrial_works_correctly_for_StoppingTDCIRatio_when_samples_are_provided"/>
    <testcase time="0.0120000000000005" classname="Rules_methods" name="stopTrial_works_correctly_for_StoppingTDCIRatio_when_samples_are_provided"/>
    <testcase time="0.0110000000000099" classname="Rules_methods" name="stopTrial_works_correctly_for_StoppingTDCIRatio_when_samples_are_provided"/>
    <testcase time="0.00999999999999091" classname="Rules_methods" name="stopTrial_works_correctly_for_StoppingTDCIRatio_when_samples_are_provided"/>
    <testcase time="0.0110000000000099" classname="Rules_methods" name="stopTrial_works_correctly_for_StoppingTDCIRatio_when_samples_are_provided"/>
    <testcase time="0.00999999999999091" classname="Rules_methods" name="stopTrial_works_correctly_for_StoppingTDCIRatio_when_samples_are_provided"/>
    <testcase time="0.0110000000000099" classname="Rules_methods" name="stopTrial_works_correctly_for_StoppingTDCIRatio_when_samples_are_provided"/>
    <testcase time="0.0109999999999957" classname="Rules_methods" name="stopTrial_works_correctly_for_StoppingTDCIRatio_when_samples_are_provided"/>
    <testcase time="0.00999999999999091" classname="Rules_methods" name="stopTrial_works_correctly_for_StoppingTDCIRatio_when_samples_are_provided"/>
    <testcase time="0.0110000000000099" classname="Rules_methods" name="stopTrial_works_correctly_for_StoppingTDCIRatio_when_samples_are_provided"/>
    <testcase time="0.0109999999999957" classname="Rules_methods" name="stopTrial_works_correctly_for_StoppingTDCIRatio_when_samples_are_provided"/>
    <testcase time="0.0109999999999957" classname="Rules_methods" name="stopTrial_works_correctly_for_StoppingTDCIRatio_when_samples_are_provided"/>
    <testcase time="0.0110000000000099" classname="Rules_methods" name="stopTrial_works_correctly_for_StoppingTDCIRatio_when_samples_are_provided"/>
    <testcase time="0.0109999999999957" classname="Rules_methods" name="stopTrial_works_correctly_for_StoppingTDCIRatio_when_samples_are_provided"/>
    <testcase time="0.0120000000000005" classname="Rules_methods" name="stopTrial_works_correctly_for_StoppingTDCIRatio_when_samples_are_provided"/>
    <testcase time="0.0120000000000005" classname="Rules_methods" name="stopTrial_works_correctly_for_StoppingTDCIRatio_when_samples_are_provided"/>
    <testcase time="0.0109999999999957" classname="Rules_methods" name="stopTrial_works_correctly_for_StoppingTDCIRatio_when_samples_are_provided"/>
    <testcase time="0.0230000000000103" classname="Rules_methods" name="stopTrial_works_correctly_for_StoppingTDCIRatio_when_samples_are_provided"/>
    <testcase time="0.0109999999999957" classname="Rules_methods" name="stopTrial_works_correctly_for_StoppingTDCIRatio_when_samples_are_provided"/>
    <testcase time="0.0109999999999957" classname="Rules_methods" name="stopTrial_works_correctly_for_StoppingTDCIRatio_when_samples_are_provided"/>
    <testcase time="0.0100000000000051" classname="Rules_methods" name="stopTrial_works_correctly_for_StoppingTDCIRatio_when_samples_are_provided"/>
    <testcase time="0.0109999999999957" classname="Rules_methods" name="stopTrial_works_correctly_for_StoppingTDCIRatio_when_samples_are_provided"/>
    <testcase time="0.0109999999999957" classname="Rules_methods" name="stopTrial_works_correctly_for_StoppingTDCIRatio_when_samples_are_provided"/>
    <testcase time="0.0100000000000051" classname="Rules_methods" name="stopTrial_works_correctly_for_StoppingTDCIRatio_when_samples_are_provided"/>
    <testcase time="0.0109999999999957" classname="Rules_methods" name="stopTrial_works_correctly_for_StoppingTDCIRatio_when_samples_are_provided"/>
    <testcase time="0.0100000000000051" classname="Rules_methods" name="stopTrial_works_correctly_for_StoppingTDCIRatio_when_samples_are_provided"/>
    <testcase time="0.0109999999999957" classname="Rules_methods" name="stopTrial_works_correctly_for_StoppingTDCIRatio_when_samples_are_provided"/>
    <testcase time="0.0120000000000005" classname="Rules_methods" name="stopTrial_works_correctly_for_StoppingTDCIRatio_when_samples_are_provided"/>
    <testcase time="0.0130000000000052" classname="Rules_methods" name="stopTrial_works_correctly_for_StoppingTDCIRatio_when_samples_are_provided"/>
    <testcase time="0.0109999999999957" classname="Rules_methods" name="stopTrial_works_correctly_for_StoppingTDCIRatio_when_samples_are_provided"/>
    <testcase time="0.0120000000000005" classname="Rules_methods" name="stopTrial_works_correctly_for_StoppingTDCIRatio_when_samples_are_provided"/>
    <testcase time="0.0120000000000005" classname="Rules_methods" name="stopTrial_works_correctly_for_StoppingTDCIRatio_when_samples_are_provided"/>
    <testcase time="0.0109999999999957" classname="Rules_methods" name="stopTrial_works_correctly_for_StoppingTDCIRatio_when_samples_are_provided"/>
    <testcase time="0.0110000000000099" classname="Rules_methods" name="stopTrial_works_correctly_for_StoppingTDCIRatio_when_samples_are_provided"/>
    <testcase time="0.0109999999999957" classname="Rules_methods" name="stopTrial_works_correctly_for_StoppingTDCIRatio_when_samples_are_provided"/>
    <testcase time="0.0100000000000051" classname="Rules_methods" name="stopTrial_works_correctly_for_StoppingTDCIRatio_when_samples_are_provided"/>
    <testcase time="0.0109999999999957" classname="Rules_methods" name="stopTrial_works_correctly_for_StoppingTDCIRatio_when_samples_are_provided"/>
    <testcase time="0.0100000000000051" classname="Rules_methods" name="stopTrial_works_correctly_for_StoppingTDCIRatio_when_samples_are_provided"/>
    <testcase time="0.0109999999999957" classname="Rules_methods" name="stopTrial_works_correctly_for_StoppingTDCIRatio_when_samples_are_provided"/>
    <testcase time="0.0109999999999957" classname="Rules_methods" name="stopTrial_works_correctly_for_StoppingTDCIRatio_when_samples_are_provided"/>
    <testcase time="0.0109999999999957" classname="Rules_methods" name="stopTrial_works_correctly_for_StoppingTDCIRatio_when_samples_are_provided"/>
    <testcase time="0.0109999999999957" classname="Rules_methods" name="stopTrial_works_correctly_for_StoppingTDCIRatio_when_samples_are_provided"/>
    <testcase time="0.0100000000000051" classname="Rules_methods" name="stopTrial_works_correctly_for_StoppingTDCIRatio_when_samples_are_provided"/>
    <testcase time="0.0229999999999961" classname="Rules_methods" name="stopTrial_works_correctly_for_StoppingTDCIRatio_when_samples_are_provided"/>
    <testcase time="0.0110000000000099" classname="Rules_methods" name="stopTrial_works_correctly_for_StoppingTDCIRatio_when_samples_are_provided"/>
    <testcase time="0.0109999999999957" classname="Rules_methods" name="stopTrial_works_correctly_for_StoppingTDCIRatio_when_samples_are_provided"/>
    <testcase time="0.0109999999999957" classname="Rules_methods" name="stopTrial_works_correctly_for_StoppingTDCIRatio_when_samples_are_provided"/>
    <testcase time="0.0110000000000099" classname="Rules_methods" name="stopTrial_works_correctly_for_StoppingTDCIRatio_when_samples_are_provided"/>
    <testcase time="0.0109999999999957" classname="Rules_methods" name="stopTrial_works_correctly_for_StoppingTDCIRatio_when_samples_are_provided"/>
    <testcase time="0.0109999999999957" classname="Rules_methods" name="stopTrial_works_correctly_for_StoppingTDCIRatio_when_samples_are_provided"/>
    <testcase time="0.0110000000000099" classname="Rules_methods" name="stopTrial_works_correctly_for_StoppingTDCIRatio_when_samples_are_provided"/>
    <testcase time="0.00999999999999091" classname="Rules_methods" name="stopTrial_works_correctly_for_StoppingTDCIRatio_when_samples_are_provided"/>
    <testcase time="0.0109999999999957" classname="Rules_methods" name="stopTrial_works_correctly_for_StoppingTDCIRatio_when_samples_are_provided"/>
    <testcase time="0.0110000000000099" classname="Rules_methods" name="stopTrial_works_correctly_for_StoppingTDCIRatio_when_samples_are_provided"/>
    <testcase time="0.0109999999999957" classname="Rules_methods" name="stopTrial_works_correctly_for_StoppingTDCIRatio_when_samples_are_provided"/>
    <testcase time="0.0109999999999957" classname="Rules_methods" name="stopTrial_works_correctly_for_StoppingTDCIRatio_when_samples_are_provided"/>
    <testcase time="0.0110000000000099" classname="Rules_methods" name="stopTrial_works_correctly_for_StoppingTDCIRatio_when_samples_are_provided"/>
    <testcase time="0.00999999999999091" classname="Rules_methods" name="stopTrial_works_correctly_for_StoppingTDCIRatio_when_samples_are_provided"/>
    <testcase time="0.0100000000000051" classname="Rules_methods" name="stopTrial_works_correctly_for_StoppingTDCIRatio_when_samples_are_provided"/>
    <testcase time="0.0100000000000051" classname="Rules_methods" name="stopTrial_works_correctly_for_StoppingTDCIRatio_when_samples_are_provided"/>
    <testcase time="0.00999999999999091" classname="Rules_methods" name="stopTrial_works_correctly_for_StoppingTDCIRatio_when_samples_are_provided"/>
    <testcase time="0.0100000000000051" classname="Rules_methods" name="stopTrial_works_correctly_for_StoppingTDCIRatio_when_samples_are_provided"/>
    <testcase time="0.0100000000000051" classname="Rules_methods" name="stopTrial_works_correctly_for_StoppingTDCIRatio_when_samples_are_provided"/>
    <testcase time="0.00999999999999091" classname="Rules_methods" name="stopTrial_works_correctly_for_StoppingTDCIRatio_when_samples_are_provided"/>
    <testcase time="0.0109999999999957" classname="Rules_methods" name="stopTrial_works_correctly_for_StoppingTDCIRatio_when_samples_are_provided"/>
    <testcase time="0.0100000000000051" classname="Rules_methods" name="stopTrial_works_correctly_for_StoppingTDCIRatio_when_samples_are_provided"/>
    <testcase time="0.0100000000000051" classname="Rules_methods" name="stopTrial_works_correctly_for_StoppingTDCIRatio_when_samples_are_provided"/>
    <testcase time="0.00999999999999091" classname="Rules_methods" name="stopTrial_works_correctly_for_StoppingTDCIRatio_when_samples_are_provided"/>
    <testcase time="0.0170000000000101" classname="Rules_methods" name="stopTrial_works_correctly_for_StoppingTDCIRatio_when_samples_are_provided"/>
    <testcase time="0.0139999999999958" classname="Rules_methods" name="stopTrial_works_correctly_for_StoppingTDCIRatio_when_samples_are_provided"/>
    <testcase time="0.0109999999999957" classname="Rules_methods" name="stopTrial_works_correctly_for_StoppingTDCIRatio_when_samples_are_provided"/>
    <testcase time="0.0100000000000051" classname="Rules_methods" name="stopTrial_works_correctly_for_StoppingTDCIRatio_when_samples_are_provided"/>
    <testcase time="0.0100000000000051" classname="Rules_methods" name="stopTrial_works_correctly_for_StoppingTDCIRatio_when_samples_are_provided"/>
    <testcase time="0.00999999999999091" classname="Rules_methods" name="stopTrial_works_correctly_for_StoppingTDCIRatio_when_samples_are_provided"/>
    <testcase time="0.0100000000000051" classname="Rules_methods" name="stopTrial_works_correctly_for_StoppingTDCIRatio_when_samples_are_provided"/>
    <testcase time="0.00999999999999091" classname="Rules_methods" name="stopTrial_works_correctly_for_StoppingTDCIRatio_when_samples_are_provided"/>
    <testcase time="0.0100000000000051" classname="Rules_methods" name="stopTrial_works_correctly_for_StoppingTDCIRatio_when_samples_are_provided"/>
    <testcase time="0.0100000000000051" classname="Rules_methods" name="stopTrial_works_correctly_for_StoppingTDCIRatio_when_samples_are_provided"/>
    <testcase time="0.00999999999999091" classname="Rules_methods" name="stopTrial_works_correctly_for_StoppingTDCIRatio_when_samples_are_provided"/>
    <testcase time="0.0110000000000099" classname="Rules_methods" name="stopTrial_works_correctly_for_StoppingTDCIRatio_when_samples_are_provided"/>
    <testcase time="0.0109999999999957" classname="Rules_methods" name="stopTrial_works_correctly_for_StoppingTDCIRatio_when_samples_are_provided"/>
    <testcase time="0.0100000000000051" classname="Rules_methods" name="stopTrial_works_correctly_for_StoppingTDCIRatio_when_samples_are_provided"/>
    <testcase time="0.00999999999999091" classname="Rules_methods" name="stopTrial_works_correctly_for_StoppingTDCIRatio_when_samples_are_provided"/>
    <testcase time="0.0100000000000051" classname="Rules_methods" name="stopTrial_works_correctly_for_StoppingTDCIRatio_when_samples_are_provided"/>
    <testcase time="0.0100000000000051" classname="Rules_methods" name="stopTrial_works_correctly_for_StoppingTDCIRatio_when_samples_are_provided"/>
    <testcase time="0.00999999999999091" classname="Rules_methods" name="stopTrial_works_correctly_for_StoppingTDCIRatio_when_samples_are_provided"/>
    <testcase time="0.0100000000000051" classname="Rules_methods" name="stopTrial_works_correctly_for_StoppingTDCIRatio_when_samples_are_provided"/>
    <testcase time="0.00900000000000034" classname="Rules_methods" name="stopTrial_works_correctly_for_StoppingTDCIRatio_when_samples_are_provided"/>
    <testcase time="0.019999999999996" classname="Rules_methods" name="stopTrial_works_correctly_for_StoppingTDCIRatio_when_samples_are_not_provided"/>
    <testcase time="0.0109999999999957" classname="Rules_methods" name="stopTrial_works_correctly_for_StoppingTDCIRatio_when_samples_are_not_provided"/>
    <testcase time="0.0110000000000099" classname="Rules_methods" name="stopTrial_works_correctly_for_StoppingTDCIRatio_when_samples_are_not_provided"/>
    <testcase time="0.0109999999999957" classname="Rules_methods" name="stopTrial_works_correctly_for_StoppingTDCIRatio_when_samples_are_not_provided"/>
    <testcase time="0.0109999999999957" classname="Rules_methods" name="stopTrial_works_correctly_for_StoppingTDCIRatio_when_samples_are_not_provided"/>
    <testcase time="0.0220000000000056" classname="Rules_methods" name="stopTrial_works_correctly_for_StoppingTDCIRatio_when_samples_are_not_provided"/>
    <testcase time="0.0109999999999957" classname="Rules_methods" name="stopTrial_works_correctly_for_StoppingTDCIRatio_when_samples_are_not_provided"/>
    <testcase time="0.0110000000000099" classname="Rules_methods" name="stopTrial_works_correctly_for_StoppingTDCIRatio_when_samples_are_not_provided"/>
    <testcase time="0.0109999999999957" classname="Rules_methods" name="stopTrial_works_correctly_for_StoppingTDCIRatio_when_samples_are_not_provided"/>
    <testcase time="0.0109999999999957" classname="Rules_methods" name="stopTrial_works_correctly_for_StoppingTDCIRatio_when_samples_are_not_provided"/>
    <testcase time="0.0109999999999957" classname="Rules_methods" name="stopTrial_works_correctly_for_StoppingTDCIRatio_when_samples_are_not_provided"/>
    <testcase time="0.0110000000000099" classname="Rules_methods" name="stopTrial_works_correctly_for_StoppingTDCIRatio_when_samples_are_not_provided"/>
    <testcase time="0.0150000000000006" classname="Rules_methods" name="stopTrial_works_correctly_for_StoppingTDCIRatio_when_samples_are_not_provided"/>
    <testcase time="0.0109999999999957" classname="Rules_methods" name="stopTrial_works_correctly_for_StoppingTDCIRatio_when_samples_are_not_provided"/>
    <testcase time="0.0120000000000005" classname="Rules_methods" name="stopTrial_works_correctly_for_StoppingTDCIRatio_when_samples_are_not_provided"/>
    <testcase time="0.0120000000000005" classname="Rules_methods" name="stopTrial_works_correctly_for_StoppingTDCIRatio_when_samples_are_not_provided"/>
    <testcase time="0.0120000000000005" classname="Rules_methods" name="stopTrial_works_correctly_for_StoppingTDCIRatio_when_samples_are_not_provided"/>
    <testcase time="0.0109999999999957" classname="Rules_methods" name="stopTrial_works_correctly_for_StoppingTDCIRatio_when_samples_are_not_provided"/>
    <testcase time="0.0100000000000051" classname="Rules_methods" name="stopTrial_works_correctly_for_StoppingTDCIRatio_when_samples_are_not_provided"/>
    <testcase time="0.0109999999999957" classname="Rules_methods" name="stopTrial_works_correctly_for_StoppingTDCIRatio_when_samples_are_not_provided"/>
    <testcase time="0.0109999999999957" classname="Rules_methods" name="stopTrial_works_correctly_for_StoppingTDCIRatio_when_samples_are_not_provided"/>
    <testcase time="0.0100000000000051" classname="Rules_methods" name="stopTrial_works_correctly_for_StoppingTDCIRatio_when_samples_are_not_provided"/>
    <testcase time="0.0109999999999957" classname="Rules_methods" name="stopTrial_works_correctly_for_StoppingTDCIRatio_when_samples_are_not_provided"/>
    <testcase time="0.0110000000000099" classname="Rules_methods" name="stopTrial_works_correctly_for_StoppingTDCIRatio_when_samples_are_not_provided"/>
    <testcase time="0.00999999999999091" classname="Rules_methods" name="stopTrial_works_correctly_for_StoppingTDCIRatio_when_samples_are_not_provided"/>
    <testcase time="0.0110000000000099" classname="Rules_methods" name="stopTrial_works_correctly_for_StoppingTDCIRatio_when_samples_are_not_provided"/>
    <testcase time="0.0109999999999957" classname="Rules_methods" name="stopTrial_works_correctly_for_StoppingTDCIRatio_when_samples_are_not_provided"/>
    <testcase time="0.0100000000000051" classname="Rules_methods" name="stopTrial_works_correctly_for_StoppingTDCIRatio_when_samples_are_not_provided"/>
    <testcase time="0.0229999999999961" classname="Rules_methods" name="stopTrial_works_correctly_for_StoppingTDCIRatio_when_samples_are_not_provided"/>
    <testcase time="0.0120000000000005" classname="Rules_methods" name="stopTrial_works_correctly_for_StoppingTDCIRatio_when_samples_are_not_provided"/>
    <testcase time="0.0109999999999957" classname="Rules_methods" name="stopTrial_works_correctly_for_StoppingTDCIRatio_when_samples_are_not_provided"/>
    <testcase time="0.0109999999999957" classname="Rules_methods" name="stopTrial_works_correctly_for_StoppingTDCIRatio_when_samples_are_not_provided"/>
    <testcase time="0.0110000000000099" classname="Rules_methods" name="stopTrial_works_correctly_for_StoppingTDCIRatio_when_samples_are_not_provided"/>
    <testcase time="0.0109999999999957" classname="Rules_methods" name="stopTrial_works_correctly_for_StoppingTDCIRatio_when_samples_are_not_provided"/>
    <testcase time="0.0160000000000053" classname="Rules_methods" name="stopTrial_works_correctly_for_StoppingTDCIRatio_when_samples_are_not_provided"/>
    <testcase time="0.0109999999999957" classname="Rules_methods" name="stopTrial_works_correctly_for_StoppingTDCIRatio_when_samples_are_not_provided"/>
    <testcase time="0.0109999999999957" classname="Rules_methods" name="stopTrial_works_correctly_for_StoppingTDCIRatio_when_samples_are_not_provided"/>
    <testcase time="0.0130000000000052" classname="Rules_methods" name="stopTrial_works_correctly_for_StoppingTDCIRatio_when_samples_are_not_provided"/>
    <testcase time="0.0120000000000005" classname="Rules_methods" name="stopTrial_works_correctly_for_StoppingTDCIRatio_when_samples_are_not_provided"/>
    <testcase time="0.0120000000000005" classname="Rules_methods" name="stopTrial_works_correctly_for_StoppingTDCIRatio_when_samples_are_not_provided"/>
    <testcase time="0.0120000000000005" classname="Rules_methods" name="stopTrial_works_correctly_for_StoppingTDCIRatio_when_samples_are_not_provided"/>
    <testcase time="0.0120000000000005" classname="Rules_methods" name="stopTrial_works_correctly_for_StoppingTDCIRatio_when_samples_are_not_provided"/>
    <testcase time="0.0109999999999957" classname="Rules_methods" name="stopTrial_works_correctly_for_StoppingTDCIRatio_when_samples_are_not_provided"/>
    <testcase time="0.0109999999999957" classname="Rules_methods" name="stopTrial_works_correctly_for_StoppingTDCIRatio_when_samples_are_not_provided"/>
    <testcase time="0.0110000000000099" classname="Rules_methods" name="stopTrial_works_correctly_for_StoppingTDCIRatio_when_samples_are_not_provided"/>
    <testcase time="0.0109999999999957" classname="Rules_methods" name="stopTrial_works_correctly_for_StoppingTDCIRatio_when_samples_are_not_provided"/>
    <testcase time="0.0109999999999957" classname="Rules_methods" name="stopTrial_works_correctly_for_StoppingTDCIRatio_when_samples_are_not_provided"/>
    <testcase time="0.0110000000000099" classname="Rules_methods" name="stopTrial_works_correctly_for_StoppingTDCIRatio_when_samples_are_not_provided"/>
    <testcase time="0.0109999999999957" classname="Rules_methods" name="stopTrial_works_correctly_for_StoppingTDCIRatio_when_samples_are_not_provided"/>
    <testcase time="0.0120000000000005" classname="Rules_methods" name="stopTrial_works_correctly_for_StoppingTDCIRatio_when_samples_are_not_provided"/>
    <testcase time="0.0120000000000005" classname="Rules_methods" name="stopTrial_works_correctly_for_StoppingTDCIRatio_when_samples_are_not_provided"/>
    <testcase time="0.0249999999999915" classname="Rules_methods" name="stopTrial_works_correctly_for_StoppingTDCIRatio_when_samples_are_not_provided"/>
    <testcase time="0.0130000000000052" classname="Rules_methods" name="stopTrial_works_correctly_for_StoppingTDCIRatio_when_samples_are_not_provided"/>
    <testcase time="0.0120000000000005" classname="Rules_methods" name="stopTrial_works_correctly_for_StoppingTDCIRatio_when_samples_are_not_provided"/>
    <testcase time="0.0120000000000005" classname="Rules_methods" name="stopTrial_works_correctly_for_StoppingTDCIRatio_when_samples_are_not_provided"/>
    <testcase time="0.0120000000000005" classname="Rules_methods" name="stopTrial_works_correctly_for_StoppingTDCIRatio_when_samples_are_not_provided"/>
    <testcase time="0.0109999999999957" classname="Rules_methods" name="stopTrial_works_correctly_for_StoppingTDCIRatio_when_samples_are_not_provided"/>
    <testcase time="0.0120000000000005" classname="Rules_methods" name="stopTrial_works_correctly_for_StoppingTDCIRatio_when_samples_are_not_provided"/>
    <testcase time="0.0110000000000099" classname="Rules_methods" name="stopTrial_works_correctly_for_StoppingTDCIRatio_when_samples_are_not_provided"/>
    <testcase time="0.0120000000000005" classname="Rules_methods" name="stopTrial_works_correctly_for_StoppingTDCIRatio_when_samples_are_not_provided"/>
    <testcase time="0.012999999999991" classname="Rules_methods" name="stopTrial_works_correctly_for_StoppingTDCIRatio_when_samples_are_not_provided"/>
    <testcase time="0.0120000000000005" classname="Rules_methods" name="stopTrial_works_correctly_for_StoppingTDCIRatio_when_samples_are_not_provided"/>
    <testcase time="0.0120000000000005" classname="Rules_methods" name="stopTrial_works_correctly_for_StoppingTDCIRatio_when_samples_are_not_provided"/>
    <testcase time="0.0109999999999957" classname="Rules_methods" name="stopTrial_works_correctly_for_StoppingTDCIRatio_when_samples_are_not_provided"/>
    <testcase time="0.0120000000000005" classname="Rules_methods" name="stopTrial_works_correctly_for_StoppingTDCIRatio_when_samples_are_not_provided"/>
    <testcase time="0.0110000000000099" classname="Rules_methods" name="stopTrial_works_correctly_for_StoppingTDCIRatio_when_samples_are_not_provided"/>
    <testcase time="0.0109999999999957" classname="Rules_methods" name="stopTrial_works_correctly_for_StoppingTDCIRatio_when_samples_are_not_provided"/>
    <testcase time="0.0120000000000005" classname="Rules_methods" name="stopTrial_works_correctly_for_StoppingTDCIRatio_when_samples_are_not_provided"/>
    <testcase time="0.0109999999999957" classname="Rules_methods" name="stopTrial_works_correctly_for_StoppingTDCIRatio_when_samples_are_not_provided"/>
    <testcase time="0.0120000000000005" classname="Rules_methods" name="stopTrial_works_correctly_for_StoppingTDCIRatio_when_samples_are_not_provided"/>
    <testcase time="0.0120000000000005" classname="Rules_methods" name="stopTrial_works_correctly_for_StoppingTDCIRatio_when_samples_are_not_provided"/>
    <testcase time="0.0109999999999957" classname="Rules_methods" name="stopTrial_works_correctly_for_StoppingTDCIRatio_when_samples_are_not_provided"/>
    <testcase time="0.0120000000000005" classname="Rules_methods" name="stopTrial_works_correctly_for_StoppingTDCIRatio_when_samples_are_not_provided"/>
    <testcase time="0.0200000000000102" classname="Rules_methods" name="stopTrial_works_correctly_for_StoppingTDCIRatio_when_samples_are_not_provided"/>
    <testcase time="0.0139999999999958" classname="Rules_methods" name="stopTrial_works_correctly_for_StoppingTDCIRatio_when_samples_are_not_provided"/>
    <testcase time="0.0130000000000052" classname="Rules_methods" name="stopTrial_works_correctly_for_StoppingTDCIRatio_when_samples_are_not_provided"/>
    <testcase time="0.0120000000000005" classname="Rules_methods" name="stopTrial_works_correctly_for_StoppingTDCIRatio_when_samples_are_not_provided"/>
    <testcase time="0.0109999999999957" classname="Rules_methods" name="stopTrial_works_correctly_for_StoppingTDCIRatio_when_samples_are_not_provided"/>
    <testcase time="0.0120000000000005" classname="Rules_methods" name="stopTrial_works_correctly_for_StoppingTDCIRatio_when_samples_are_not_provided"/>
    <testcase time="0.0120000000000005" classname="Rules_methods" name="stopTrial_works_correctly_for_StoppingTDCIRatio_when_samples_are_not_provided"/>
    <testcase time="0.0109999999999957" classname="Rules_methods" name="stopTrial_works_correctly_for_StoppingTDCIRatio_when_samples_are_not_provided"/>
    <testcase time="0.0109999999999957" classname="Rules_methods" name="stopTrial_works_correctly_for_StoppingTDCIRatio_when_samples_are_not_provided"/>
    <testcase time="0.0120000000000005" classname="Rules_methods" name="stopTrial_works_correctly_for_StoppingTDCIRatio_when_samples_are_not_provided"/>
    <testcase time="0.0130000000000052" classname="Rules_methods" name="stopTrial_works_correctly_for_StoppingTDCIRatio_when_samples_are_not_provided"/>
    <testcase time="0.0120000000000005" classname="Rules_methods" name="stopTrial_works_correctly_for_StoppingTDCIRatio_when_samples_are_not_provided"/>
    <testcase time="0.0109999999999957" classname="Rules_methods" name="stopTrial_works_correctly_for_StoppingTDCIRatio_when_samples_are_not_provided"/>
    <testcase time="0.0110000000000099" classname="Rules_methods" name="stopTrial_works_correctly_for_StoppingTDCIRatio_when_samples_are_not_provided"/>
    <testcase time="0.0110000000000099" classname="Rules_methods" name="stopTrial_works_correctly_for_StoppingTDCIRatio_when_samples_are_not_provided"/>
    <testcase time="0.0109999999999957" classname="Rules_methods" name="stopTrial_works_correctly_for_StoppingTDCIRatio_when_samples_are_not_provided"/>
    <testcase time="0.0120000000000005" classname="Rules_methods" name="stopTrial_works_correctly_for_StoppingTDCIRatio_when_samples_are_not_provided"/>
    <testcase time="0.0120000000000005" classname="Rules_methods" name="stopTrial_works_correctly_for_StoppingTDCIRatio_when_samples_are_not_provided"/>
    <testcase time="0.0109999999999957" classname="Rules_methods" name="stopTrial_works_correctly_for_StoppingTDCIRatio_when_samples_are_not_provided"/>
    <testcase time="0.0109999999999957" classname="Rules_methods" name="stopTrial_works_correctly_for_StoppingTDCIRatio_when_samples_are_not_provided"/>
    <testcase time="0.0120000000000005" classname="Rules_methods" name="stopTrial_works_correctly_for_StoppingTDCIRatio_when_samples_are_not_provided"/>
    <testcase time="0.0120000000000005" classname="Rules_methods" name="stopTrial_works_correctly_for_StoppingTDCIRatio_when_samples_are_not_provided"/>
    <testcase time="0.0110000000000099" classname="Rules_methods" name="stopTrial_works_correctly_for_StoppingTDCIRatio_when_samples_are_not_provided"/>
    <testcase time="0.0229999999999961" classname="Rules_methods" name="stopTrial_works_correctly_for_StoppingTDCIRatio_when_samples_are_not_provided"/>
    <testcase time="0.0120000000000005" classname="Rules_methods" name="stopTrial_works_correctly_for_StoppingTDCIRatio_when_samples_are_not_provided"/>
    <testcase time="0.0109999999999957" classname="Rules_methods" name="stopTrial_works_correctly_for_StoppingTDCIRatio_when_samples_are_not_provided"/>
    <testcase time="0.0110000000000099" classname="Rules_methods" name="stopTrial_works_correctly_for_StoppingTDCIRatio_when_samples_are_not_provided"/>
    <testcase time="0.0109999999999957" classname="Rules_methods" name="stopTrial_works_correctly_for_StoppingTDCIRatio_when_samples_are_not_provided"/>
    <testcase time="0.0120000000000005" classname="Rules_methods" name="stopTrial_works_correctly_for_StoppingTDCIRatio_when_samples_are_not_provided"/>
    <testcase time="0.0120000000000005" classname="Rules_methods" name="stopTrial_works_correctly_for_StoppingTDCIRatio_when_samples_are_not_provided"/>
    <testcase time="0.012999999999991" classname="Rules_methods" name="stopTrial_works_correctly_for_StoppingTDCIRatio_when_samples_are_not_provided"/>
    <testcase time="0.0130000000000052" classname="Rules_methods" name="stopTrial_works_correctly_for_StoppingTDCIRatio_when_samples_are_not_provided"/>
    <testcase time="0.0139999999999958" classname="Rules_methods" name="stopTrial_works_correctly_for_StoppingTDCIRatio_when_samples_are_not_provided"/>
    <testcase time="0.0120000000000005" classname="Rules_methods" name="stopTrial_works_correctly_for_StoppingTDCIRatio_when_samples_are_not_provided"/>
    <testcase time="0.0130000000000052" classname="Rules_methods" name="stopTrial_works_correctly_for_StoppingTDCIRatio_when_samples_are_not_provided"/>
    <testcase time="0.0120000000000005" classname="Rules_methods" name="stopTrial_works_correctly_for_StoppingTDCIRatio_when_samples_are_not_provided"/>
    <testcase time="0.0120000000000005" classname="Rules_methods" name="stopTrial_works_correctly_for_StoppingTDCIRatio_when_samples_are_not_provided"/>
    <testcase time="0.0120000000000005" classname="Rules_methods" name="stopTrial_works_correctly_for_StoppingTDCIRatio_when_samples_are_not_provided"/>
    <testcase time="0.0109999999999957" classname="Rules_methods" name="stopTrial_works_correctly_for_StoppingTDCIRatio_when_samples_are_not_provided"/>
    <testcase time="0.0130000000000052" classname="Rules_methods" name="stopTrial_works_correctly_for_StoppingTDCIRatio_when_samples_are_not_provided"/>
    <testcase time="0.012999999999991" classname="Rules_methods" name="stopTrial_works_correctly_for_StoppingTDCIRatio_when_samples_are_not_provided"/>
    <testcase time="0.0120000000000005" classname="Rules_methods" name="stopTrial_works_correctly_for_StoppingTDCIRatio_when_samples_are_not_provided"/>
    <testcase time="0.0120000000000005" classname="Rules_methods" name="stopTrial_works_correctly_for_StoppingTDCIRatio_when_samples_are_not_provided"/>
    <testcase time="0.0130000000000052" classname="Rules_methods" name="stopTrial_works_correctly_for_StoppingTDCIRatio_when_samples_are_not_provided"/>
    <testcase time="0.0160000000000053" classname="Rules_methods" name="stopTrial_works_correctly_for_StoppingTDCIRatio_when_samples_are_not_provided"/>
    <testcase time="0.0259999999999962" classname="Rules_methods" name="stopTrial_works_correctly_for_StoppingTDCIRatio_when_samples_are_not_provided"/>
    <testcase time="0.0130000000000052" classname="Rules_methods" name="stopTrial_works_correctly_for_StoppingTDCIRatio_when_samples_are_not_provided"/>
    <testcase time="0.012999999999991" classname="Rules_methods" name="stopTrial_works_correctly_for_StoppingTDCIRatio_when_samples_are_not_provided"/>
    <testcase time="0.0120000000000005" classname="Rules_methods" name="stopTrial_works_correctly_for_StoppingTDCIRatio_when_samples_are_not_provided"/>
    <testcase time="0.0120000000000005" classname="Rules_methods" name="stopTrial_works_correctly_for_StoppingTDCIRatio_when_samples_are_not_provided"/>
    <testcase time="0.0120000000000005" classname="Rules_methods" name="stopTrial_works_correctly_for_StoppingTDCIRatio_when_samples_are_not_provided"/>
    <testcase time="0.0120000000000005" classname="Rules_methods" name="stopTrial_works_correctly_for_StoppingTDCIRatio_when_samples_are_not_provided"/>
    <testcase time="0.0130000000000052" classname="Rules_methods" name="stopTrial_works_correctly_for_StoppingTDCIRatio_when_samples_are_not_provided"/>
    <testcase time="0.0139999999999958" classname="Rules_methods" name="stopTrial_works_correctly_for_StoppingTDCIRatio_when_samples_are_not_provided"/>
    <testcase time="0.0130000000000052" classname="Rules_methods" name="stopTrial_works_correctly_for_StoppingTDCIRatio_when_samples_are_not_provided"/>
    <testcase time="0.012999999999991" classname="Rules_methods" name="stopTrial_works_correctly_for_StoppingTDCIRatio_when_samples_are_not_provided"/>
    <testcase time="0.0130000000000052" classname="Rules_methods" name="stopTrial_works_correctly_for_StoppingTDCIRatio_when_samples_are_not_provided"/>
    <testcase time="0.0120000000000005" classname="Rules_methods" name="stopTrial_works_correctly_for_StoppingTDCIRatio_when_samples_are_not_provided"/>
    <testcase time="0.0109999999999957" classname="Rules_methods" name="stopTrial_works_correctly_for_StoppingTDCIRatio_when_samples_are_not_provided"/>
    <testcase time="0.0120000000000005" classname="Rules_methods" name="stopTrial_works_correctly_for_StoppingTDCIRatio_when_samples_are_not_provided"/>
    <testcase time="0.0120000000000005" classname="Rules_methods" name="stopTrial_works_correctly_for_StoppingTDCIRatio_when_samples_are_not_provided"/>
    <testcase time="0.0120000000000005" classname="Rules_methods" name="stopTrial_works_correctly_for_StoppingTDCIRatio_when_samples_are_not_provided"/>
    <testcase time="0.0109999999999957" classname="Rules_methods" name="stopTrial_works_correctly_for_StoppingTDCIRatio_when_samples_are_not_provided"/>
    <testcase time="0.0120000000000005" classname="Rules_methods" name="stopTrial_works_correctly_for_StoppingTDCIRatio_when_samples_are_not_provided"/>
    <testcase time="0.0120000000000005" classname="Rules_methods" name="stopTrial_works_correctly_for_StoppingTDCIRatio_when_samples_are_not_provided"/>
    <testcase time="0.0120000000000005" classname="Rules_methods" name="stopTrial_works_correctly_for_StoppingTDCIRatio_when_samples_are_not_provided"/>
    <testcase time="0.0210000000000008" classname="Rules_methods" name="stopTrial_works_correctly_for_StoppingTDCIRatio_when_samples_are_not_provided"/>
    <testcase time="0.0169999999999959" classname="Rules_methods" name="stopTrial_works_correctly_for_StoppingTDCIRatio_when_samples_are_not_provided"/>
    <testcase time="0.01400000000001" classname="Rules_methods" name="stopTrial_works_correctly_for_StoppingTDCIRatio_when_samples_are_not_provided"/>
    <testcase time="0.0120000000000005" classname="Rules_methods" name="stopTrial_works_correctly_for_StoppingTDCIRatio_when_samples_are_not_provided"/>
    <testcase time="0.012999999999991" classname="Rules_methods" name="stopTrial_works_correctly_for_StoppingTDCIRatio_when_samples_are_not_provided"/>
    <testcase time="0.0120000000000005" classname="Rules_methods" name="stopTrial_works_correctly_for_StoppingTDCIRatio_when_samples_are_not_provided"/>
    <testcase time="0.0120000000000005" classname="Rules_methods" name="stopTrial_works_correctly_for_StoppingTDCIRatio_when_samples_are_not_provided"/>
    <testcase time="0.0110000000000099" classname="Rules_methods" name="stopTrial_works_correctly_for_StoppingTDCIRatio_when_samples_are_not_provided"/>
    <testcase time="0.0120000000000005" classname="Rules_methods" name="stopTrial_works_correctly_for_StoppingTDCIRatio_when_samples_are_not_provided"/>
    <testcase time="0.012999999999991" classname="Rules_methods" name="stopTrial_works_correctly_for_StoppingTDCIRatio_when_samples_are_not_provided"/>
    <testcase time="0.0130000000000052" classname="Rules_methods" name="stopTrial_works_correctly_for_StoppingTDCIRatio_when_samples_are_not_provided"/>
    <testcase time="0.0120000000000005" classname="Rules_methods" name="stopTrial_works_correctly_for_StoppingTDCIRatio_when_samples_are_not_provided"/>
    <testcase time="0.0120000000000005" classname="Rules_methods" name="stopTrial_works_correctly_for_StoppingTDCIRatio_when_samples_are_not_provided"/>
    <testcase time="0.0120000000000005" classname="Rules_methods" name="stopTrial_works_correctly_for_StoppingTDCIRatio_when_samples_are_not_provided"/>
    <testcase time="0.0120000000000005" classname="Rules_methods" name="stopTrial_works_correctly_for_StoppingTDCIRatio_when_samples_are_not_provided"/>
    <testcase time="0.0120000000000005" classname="Rules_methods" name="stopTrial_works_correctly_for_StoppingTDCIRatio_when_samples_are_not_provided"/>
    <testcase time="0.0120000000000005" classname="Rules_methods" name="stopTrial_works_correctly_for_StoppingTDCIRatio_when_samples_are_not_provided"/>
    <testcase time="0.0120000000000005" classname="Rules_methods" name="stopTrial_works_correctly_for_StoppingTDCIRatio_when_samples_are_not_provided"/>
    <testcase time="0.0120000000000005" classname="Rules_methods" name="stopTrial_works_correctly_for_StoppingTDCIRatio_when_samples_are_not_provided"/>
    <testcase time="0.0109999999999957" classname="Rules_methods" name="stopTrial_works_correctly_for_StoppingTDCIRatio_when_samples_are_not_provided"/>
    <testcase time="0.0120000000000005" classname="Rules_methods" name="stopTrial_works_correctly_for_StoppingTDCIRatio_when_samples_are_not_provided"/>
    <testcase time="0.0109999999999957" classname="Rules_methods" name="stopTrial_works_correctly_for_StoppingTDCIRatio_when_samples_are_not_provided"/>
    <testcase time="0.0220000000000056" classname="Rules_methods" name="stopTrial_works_correctly_for_StoppingTDCIRatio_when_samples_are_not_provided"/>
    <testcase time="0.0120000000000005" classname="Rules_methods" name="stopTrial_works_correctly_for_StoppingTDCIRatio_when_samples_are_not_provided"/>
    <testcase time="0.0120000000000005" classname="Rules_methods" name="stopTrial_works_correctly_for_StoppingTDCIRatio_when_samples_are_not_provided"/>
    <testcase time="0.012999999999991" classname="Rules_methods" name="stopTrial_works_correctly_for_StoppingTDCIRatio_when_samples_are_not_provided"/>
    <testcase time="0.0130000000000052" classname="Rules_methods" name="stopTrial_works_correctly_for_StoppingTDCIRatio_when_samples_are_not_provided"/>
    <testcase time="0.0120000000000005" classname="Rules_methods" name="stopTrial_works_correctly_for_StoppingTDCIRatio_when_samples_are_not_provided"/>
    <testcase time="0.0120000000000005" classname="Rules_methods" name="stopTrial_works_correctly_for_StoppingTDCIRatio_when_samples_are_not_provided"/>
    <testcase time="0.0130000000000052" classname="Rules_methods" name="stopTrial_works_correctly_for_StoppingTDCIRatio_when_samples_are_not_provided"/>
    <testcase time="0.012999999999991" classname="Rules_methods" name="stopTrial_works_correctly_for_StoppingTDCIRatio_when_samples_are_not_provided"/>
    <testcase time="0.0139999999999958" classname="Rules_methods" name="stopTrial_works_correctly_for_StoppingTDCIRatio_when_samples_are_not_provided"/>
    <testcase time="0.0130000000000052" classname="Rules_methods" name="stopTrial_works_correctly_for_StoppingTDCIRatio_when_samples_are_not_provided"/>
    <testcase time="0.0120000000000005" classname="Rules_methods" name="stopTrial_works_correctly_for_StoppingTDCIRatio_when_samples_are_not_provided"/>
    <testcase time="0.0120000000000005" classname="Rules_methods" name="stopTrial_works_correctly_for_StoppingTDCIRatio_when_samples_are_not_provided"/>
    <testcase time="0.0120000000000005" classname="Rules_methods" name="stopTrial_works_correctly_for_StoppingTDCIRatio_when_samples_are_not_provided"/>
    <testcase time="0.0120000000000005" classname="Rules_methods" name="stopTrial_works_correctly_for_StoppingTDCIRatio_when_samples_are_not_provided"/>
    <testcase time="0.0120000000000005" classname="Rules_methods" name="stopTrial_works_correctly_for_StoppingTDCIRatio_when_samples_are_not_provided"/>
    <testcase time="0.0109999999999957" classname="Rules_methods" name="stopTrial_works_correctly_for_StoppingTDCIRatio_when_samples_are_not_provided"/>
    <testcase time="0.0120000000000005" classname="Rules_methods" name="stopTrial_works_correctly_for_StoppingTDCIRatio_when_samples_are_not_provided"/>
    <testcase time="0.0120000000000005" classname="Rules_methods" name="stopTrial_works_correctly_for_StoppingTDCIRatio_when_samples_are_not_provided"/>
    <testcase time="0.0109999999999957" classname="Rules_methods" name="stopTrial_works_correctly_for_StoppingTDCIRatio_when_samples_are_not_provided"/>
    <testcase time="0.0120000000000005" classname="Rules_methods" name="stopTrial_works_correctly_for_StoppingTDCIRatio_when_samples_are_not_provided"/>
    <testcase time="0.0200000000000102" classname="Rules_methods" name="stopTrial_works_correctly_for_StoppingTDCIRatio_when_samples_are_not_provided"/>
    <testcase time="0.0139999999999958" classname="Rules_methods" name="stopTrial_works_correctly_for_StoppingTDCIRatio_when_samples_are_not_provided"/>
    <testcase time="0.0120000000000005" classname="Rules_methods" name="stopTrial_works_correctly_for_StoppingTDCIRatio_when_samples_are_not_provided"/>
    <testcase time="0.0120000000000005" classname="Rules_methods" name="stopTrial_works_correctly_for_StoppingTDCIRatio_when_samples_are_not_provided"/>
    <testcase time="0.0109999999999957" classname="Rules_methods" name="stopTrial_works_correctly_for_StoppingTDCIRatio_when_samples_are_not_provided"/>
    <testcase time="0.0110000000000099" classname="Rules_methods" name="stopTrial_works_correctly_for_StoppingTDCIRatio_when_samples_are_not_provided"/>
    <testcase time="0.0120000000000005" classname="Rules_methods" name="stopTrial_works_correctly_for_StoppingTDCIRatio_when_samples_are_not_provided"/>
    <testcase time="0.0120000000000005" classname="Rules_methods" name="stopTrial_works_correctly_for_StoppingTDCIRatio_when_samples_are_not_provided"/>
    <testcase time="0.0119999999999862" classname="Rules_methods" name="stopTrial_works_correctly_for_StoppingTDCIRatio_when_samples_are_not_provided"/>
    <testcase time="0.0130000000000052" classname="Rules_methods" name="stopTrial_works_correctly_for_StoppingTDCIRatio_when_samples_are_not_provided"/>
    <testcase time="0.0130000000000052" classname="Rules_methods" name="stopTrial_works_correctly_for_StoppingTDCIRatio_when_samples_are_not_provided"/>
    <testcase time="0.0120000000000005" classname="Rules_methods" name="stopTrial_works_correctly_for_StoppingTDCIRatio_when_samples_are_not_provided"/>
    <testcase time="0.0109999999999957" classname="Rules_methods" name="stopTrial_works_correctly_for_StoppingTDCIRatio_when_samples_are_not_provided"/>
    <testcase time="0.0120000000000005" classname="Rules_methods" name="stopTrial_works_correctly_for_StoppingTDCIRatio_when_samples_are_not_provided"/>
    <testcase time="0.0130000000000052" classname="Rules_methods" name="stopTrial_works_correctly_for_StoppingTDCIRatio_when_samples_are_not_provided"/>
    <testcase time="0.0120000000000005" classname="Rules_methods" name="stopTrial_works_correctly_for_StoppingTDCIRatio_when_samples_are_not_provided"/>
    <testcase time="0.0109999999999957" classname="Rules_methods" name="stopTrial_works_correctly_for_StoppingTDCIRatio_when_samples_are_not_provided"/>
    <testcase time="0.0120000000000005" classname="Rules_methods" name="stopTrial_works_correctly_for_StoppingTDCIRatio_when_samples_are_not_provided"/>
    <testcase time="0.0120000000000005" classname="Rules_methods" name="stopTrial_works_correctly_for_StoppingTDCIRatio_when_samples_are_not_provided"/>
    <testcase time="0.0120000000000005" classname="Rules_methods" name="stopTrial_works_correctly_for_StoppingTDCIRatio_when_samples_are_not_provided"/>
    <testcase time="0.0109999999999957" classname="Rules_methods" name="stopTrial_works_correctly_for_StoppingTDCIRatio_when_samples_are_not_provided"/>
    <testcase time="0.0190000000000055" classname="Rules_methods" name="stopTrial_works_correctly_for_StoppingTDCIRatio_when_samples_are_not_provided"/>
    <testcase time="0.0150000000000006" classname="Rules_methods" name="stopTrial_works_correctly_for_StoppingTDCIRatio_when_samples_are_not_provided"/>
    <testcase time="0.0120000000000005" classname="Rules_methods" name="stopTrial_works_correctly_for_StoppingTDCIRatio_when_samples_are_not_provided"/>
    <testcase time="0.0120000000000005" classname="Rules_methods" name="stopTrial_works_correctly_for_StoppingTDCIRatio_when_samples_are_not_provided"/>
    <testcase time="0.0120000000000005" classname="Rules_methods" name="stopTrial_works_correctly_for_StoppingTDCIRatio_when_samples_are_not_provided"/>
    <testcase time="0.0120000000000005" classname="Rules_methods" name="stopTrial_works_correctly_for_StoppingTDCIRatio_when_samples_are_not_provided"/>
    <testcase time="0.012999999999991" classname="Rules_methods" name="stopTrial_works_correctly_for_StoppingTDCIRatio_when_samples_are_not_provided"/>
    <testcase time="0.0109999999999957" classname="Rules_methods" name="stopTrial_works_correctly_for_StoppingTDCIRatio_when_samples_are_not_provided"/>
    <testcase time="0.0130000000000052" classname="Rules_methods" name="stopTrial_works_correctly_for_StoppingTDCIRatio_when_samples_are_not_provided"/>
    <testcase time="0.0130000000000052" classname="Rules_methods" name="stopTrial_works_correctly_for_StoppingTDCIRatio_when_samples_are_not_provided"/>
    <testcase time="0.012999999999991" classname="Rules_methods" name="stopTrial_works_correctly_for_StoppingTDCIRatio_when_samples_are_not_provided"/>
    <testcase time="0.0130000000000052" classname="Rules_methods" name="stopTrial_works_correctly_for_StoppingTDCIRatio_when_samples_are_not_provided"/>
    <testcase time="0.0130000000000052" classname="Rules_methods" name="stopTrial_works_correctly_for_StoppingTDCIRatio_when_samples_are_not_provided"/>
    <testcase time="0.0120000000000005" classname="Rules_methods" name="stopTrial_works_correctly_for_StoppingTDCIRatio_when_samples_are_not_provided"/>
    <testcase time="0.0120000000000005" classname="Rules_methods" name="stopTrial_works_correctly_for_StoppingTDCIRatio_when_samples_are_not_provided"/>
    <testcase time="0.012999999999991" classname="Rules_methods" name="stopTrial_works_correctly_for_StoppingTDCIRatio_when_samples_are_not_provided"/>
    <testcase time="0.0120000000000005" classname="Rules_methods" name="stopTrial_works_correctly_for_StoppingTDCIRatio_when_samples_are_not_provided"/>
    <testcase time="0.0130000000000052" classname="Rules_methods" name="stopTrial_works_correctly_for_StoppingTDCIRatio_when_samples_are_not_provided"/>
    <testcase time="0.012999999999991" classname="Rules_methods" name="stopTrial_works_correctly_for_StoppingTDCIRatio_when_samples_are_not_provided"/>
    <testcase time="0.0130000000000052" classname="Rules_methods" name="stopTrial_works_correctly_for_StoppingTDCIRatio_when_samples_are_not_provided"/>
    <testcase time="0.0120000000000005" classname="Rules_methods" name="stopTrial_works_correctly_for_StoppingTDCIRatio_when_samples_are_not_provided"/>
    <testcase time="0.0210000000000008" classname="Rules_methods" name="stopTrial_works_correctly_for_StoppingTDCIRatio_when_samples_are_not_provided"/>
    <testcase time="0.0139999999999958" classname="Rules_methods" name="stopTrial_works_correctly_for_StoppingTDCIRatio_when_samples_are_not_provided"/>
    <testcase time="0.0130000000000052" classname="Rules_methods" name="stopTrial_works_correctly_for_StoppingTDCIRatio_when_samples_are_not_provided"/>
    <testcase time="0.0120000000000005" classname="Rules_methods" name="stopTrial_works_correctly_for_StoppingTDCIRatio_when_samples_are_not_provided"/>
    <testcase time="0.0130000000000052" classname="Rules_methods" name="stopTrial_works_correctly_for_StoppingTDCIRatio_when_samples_are_not_provided"/>
    <testcase time="0.0119999999999862" classname="Rules_methods" name="stopTrial_works_correctly_for_StoppingTDCIRatio_when_samples_are_not_provided"/>
    <testcase time="0.0110000000000099" classname="Rules_methods" name="stopTrial_works_correctly_for_StoppingTDCIRatio_when_samples_are_not_provided"/>
    <testcase time="0.0120000000000005" classname="Rules_methods" name="stopTrial_works_correctly_for_StoppingTDCIRatio_when_samples_are_not_provided"/>
    <testcase time="0.0139999999999958" classname="Rules_methods" name="stopTrial_works_correctly_for_StoppingTDCIRatio_when_samples_are_not_provided"/>
    <testcase time="0.0130000000000052" classname="Rules_methods" name="stopTrial_works_correctly_for_StoppingTDCIRatio_when_samples_are_not_provided"/>
    <testcase time="0.0120000000000005" classname="Rules_methods" name="stopTrial_works_correctly_for_StoppingTDCIRatio_when_samples_are_not_provided"/>
    <testcase time="0.012999999999991" classname="Rules_methods" name="stopTrial_works_correctly_for_StoppingTDCIRatio_when_samples_are_not_provided"/>
    <testcase time="0.0130000000000052" classname="Rules_methods" name="stopTrial_works_correctly_for_StoppingTDCIRatio_when_samples_are_not_provided"/>
    <testcase time="0.0120000000000005" classname="Rules_methods" name="stopTrial_works_correctly_for_StoppingTDCIRatio_when_samples_are_not_provided"/>
    <testcase time="0.0120000000000005" classname="Rules_methods" name="stopTrial_works_correctly_for_StoppingTDCIRatio_when_samples_are_not_provided"/>
    <testcase time="0.0109999999999957" classname="Rules_methods" name="stopTrial_works_correctly_for_StoppingTDCIRatio_when_samples_are_not_provided"/>
    <testcase time="0.0120000000000005" classname="Rules_methods" name="stopTrial_works_correctly_for_StoppingTDCIRatio_when_samples_are_not_provided"/>
    <testcase time="0.0120000000000005" classname="Rules_methods" name="stopTrial_works_correctly_for_StoppingTDCIRatio_when_samples_are_not_provided"/>
    <testcase time="0.0120000000000005" classname="Rules_methods" name="stopTrial_works_correctly_for_StoppingTDCIRatio_when_samples_are_not_provided"/>
    <testcase time="0.0120000000000005" classname="Rules_methods" name="stopTrial_works_correctly_for_StoppingTDCIRatio_when_samples_are_not_provided"/>
    <testcase time="0.0120000000000005" classname="Rules_methods" name="stopTrial_works_correctly_for_StoppingTDCIRatio_when_samples_are_not_provided"/>
    <testcase time="0.0219999999999914" classname="Rules_methods" name="stopTrial_works_correctly_for_StoppingTDCIRatio_when_samples_are_not_provided"/>
    <testcase time="0.0120000000000005" classname="Rules_methods" name="stopTrial_works_correctly_for_StoppingTDCIRatio_when_samples_are_not_provided"/>
    <testcase time="0.0120000000000005" classname="Rules_methods" name="stopTrial_works_correctly_for_StoppingTDCIRatio_when_samples_are_not_provided"/>
    <testcase time="0.0120000000000005" classname="Rules_methods" name="stopTrial_works_correctly_for_StoppingTDCIRatio_when_samples_are_not_provided"/>
    <testcase time="0.0109999999999957" classname="Rules_methods" name="stopTrial_works_correctly_for_StoppingTDCIRatio_when_samples_are_not_provided"/>
    <testcase time="0.0120000000000005" classname="Rules_methods" name="stopTrial_works_correctly_for_StoppingTDCIRatio_when_samples_are_not_provided"/>
    <testcase time="0.0130000000000052" classname="Rules_methods" name="stopTrial_works_correctly_for_StoppingTDCIRatio_when_samples_are_not_provided"/>
    <testcase time="0.0120000000000005" classname="Rules_methods" name="stopTrial_works_correctly_for_StoppingTDCIRatio_when_samples_are_not_provided"/>
    <testcase time="0.0130000000000052" classname="Rules_methods" name="stopTrial_works_correctly_for_StoppingTDCIRatio_when_samples_are_not_provided"/>
    <testcase time="0.0139999999999958" classname="Rules_methods" name="stopTrial_works_correctly_for_StoppingTDCIRatio_when_samples_are_not_provided"/>
    <testcase time="0.0120000000000005" classname="Rules_methods" name="stopTrial_works_correctly_for_StoppingTDCIRatio_when_samples_are_not_provided"/>
    <testcase time="0.0120000000000005" classname="Rules_methods" name="stopTrial_works_correctly_for_StoppingTDCIRatio_when_samples_are_not_provided"/>
    <testcase time="0.0120000000000005" classname="Rules_methods" name="stopTrial_works_correctly_for_StoppingTDCIRatio_when_samples_are_not_provided"/>
    <testcase time="0.0120000000000005" classname="Rules_methods" name="stopTrial_works_correctly_for_StoppingTDCIRatio_when_samples_are_not_provided"/>
    <testcase time="0.0120000000000005" classname="Rules_methods" name="stopTrial_works_correctly_for_StoppingTDCIRatio_when_samples_are_not_provided"/>
    <testcase time="0.0120000000000005" classname="Rules_methods" name="stopTrial_works_correctly_for_StoppingTDCIRatio_when_samples_are_not_provided"/>
    <testcase time="0.0120000000000005" classname="Rules_methods" name="stopTrial_works_correctly_for_StoppingTDCIRatio_when_samples_are_not_provided"/>
    <testcase time="0.012999999999991" classname="Rules_methods" name="stopTrial_works_correctly_for_StoppingTDCIRatio_when_samples_are_not_provided"/>
    <testcase time="0.0120000000000005" classname="Rules_methods" name="stopTrial_works_correctly_for_StoppingTDCIRatio_when_samples_are_not_provided"/>
    <testcase time="0.0120000000000005" classname="Rules_methods" name="stopTrial_works_correctly_for_StoppingTDCIRatio_when_samples_are_not_provided"/>
    <testcase time="0.0130000000000052" classname="Rules_methods" name="stopTrial_works_correctly_for_StoppingTDCIRatio_when_samples_are_not_provided"/>
    <testcase time="0.0259999999999962" classname="Rules_methods" name="stopTrial_works_correctly_for_StoppingTDCIRatio_when_samples_are_not_provided"/>
    <testcase time="0.0150000000000006" classname="Rules_methods" name="stopTrial_works_correctly_for_StoppingTDCIRatio_when_samples_are_not_provided"/>
    <testcase time="0.0150000000000006" classname="Rules_methods" name="stopTrial_works_correctly_for_StoppingTDCIRatio_when_samples_are_not_provided"/>
    <testcase time="0.0130000000000052" classname="Rules_methods" name="stopTrial_works_correctly_for_StoppingTDCIRatio_when_samples_are_not_provided"/>
    <testcase time="0.012999999999991" classname="Rules_methods" name="stopTrial_works_correctly_for_StoppingTDCIRatio_when_samples_are_not_provided"/>
    <testcase time="0.0130000000000052" classname="Rules_methods" name="stopTrial_works_correctly_for_StoppingTDCIRatio_when_samples_are_not_provided"/>
    <testcase time="0.0139999999999958" classname="Rules_methods" name="stopTrial_works_correctly_for_StoppingTDCIRatio_when_samples_are_not_provided"/>
    <testcase time="0.0150000000000006" classname="Rules_methods" name="stopTrial_works_correctly_for_StoppingTDCIRatio_when_samples_are_not_provided"/>
    <testcase time="0.0180000000000007" classname="Rules_methods" name="stopTrial_works_correctly_for_StoppingTDCIRatio_when_samples_are_not_provided"/>
    <testcase time="0.0130000000000052" classname="Rules_methods" name="stopTrial_works_correctly_for_StoppingTDCIRatio_when_samples_are_not_provided"/>
    <testcase time="0.012999999999991" classname="Rules_methods" name="stopTrial_works_correctly_for_StoppingTDCIRatio_when_samples_are_not_provided"/>
    <testcase time="0.0120000000000005" classname="Rules_methods" name="stopTrial_works_correctly_for_StoppingTDCIRatio_when_samples_are_not_provided"/>
    <testcase time="0.0130000000000052" classname="Rules_methods" name="stopTrial_works_correctly_for_StoppingTDCIRatio_when_samples_are_not_provided"/>
    <testcase time="0.0120000000000005" classname="Rules_methods" name="stopTrial_works_correctly_for_StoppingTDCIRatio_when_samples_are_not_provided"/>
    <testcase time="0.0120000000000005" classname="Rules_methods" name="stopTrial_works_correctly_for_StoppingTDCIRatio_when_samples_are_not_provided"/>
    <testcase time="0.0130000000000052" classname="Rules_methods" name="stopTrial_works_correctly_for_StoppingTDCIRatio_when_samples_are_not_provided"/>
    <testcase time="0.012999999999991" classname="Rules_methods" name="stopTrial_works_correctly_for_StoppingTDCIRatio_when_samples_are_not_provided"/>
    <testcase time="0.0120000000000005" classname="Rules_methods" name="stopTrial_works_correctly_for_StoppingTDCIRatio_when_samples_are_not_provided"/>
    <testcase time="0.0120000000000005" classname="Rules_methods" name="stopTrial_works_correctly_for_StoppingTDCIRatio_when_samples_are_not_provided"/>
    <testcase time="0.0110000000000099" classname="Rules_methods" name="stopTrial_works_correctly_for_StoppingTDCIRatio_when_samples_are_not_provided"/>
    <testcase time="0.0449999999999875" classname="Rules_methods" name="stopTrial_works_correctly_for_StoppingTDCIRatio_when_samples_are_not_provided"/>
    <testcase time="0.01400000000001" classname="Rules_methods" name="stopTrial_works_correctly_for_StoppingTDCIRatio_when_samples_are_not_provided"/>
    <testcase time="0.012999999999991" classname="Rules_methods" name="stopTrial_works_correctly_for_StoppingTDCIRatio_when_samples_are_not_provided"/>
    <testcase time="0.0120000000000005" classname="Rules_methods" name="stopTrial_works_correctly_for_StoppingTDCIRatio_when_samples_are_not_provided"/>
    <testcase time="0.0130000000000052" classname="Rules_methods" name="stopTrial_works_correctly_for_StoppingTDCIRatio_when_samples_are_not_provided"/>
    <testcase time="0.0120000000000005" classname="Rules_methods" name="stopTrial_works_correctly_for_StoppingTDCIRatio_when_samples_are_not_provided"/>
    <testcase time="0.0120000000000005" classname="Rules_methods" name="stopTrial_works_correctly_for_StoppingTDCIRatio_when_samples_are_not_provided"/>
    <testcase time="0.0130000000000052" classname="Rules_methods" name="stopTrial_works_correctly_for_StoppingTDCIRatio_when_samples_are_not_provided"/>
    <testcase time="0.0139999999999958" classname="Rules_methods" name="stopTrial_works_correctly_for_StoppingTDCIRatio_when_samples_are_not_provided"/>
    <testcase time="0.012999999999991" classname="Rules_methods" name="stopTrial_works_correctly_for_StoppingTDCIRatio_when_samples_are_not_provided"/>
    <testcase time="0.01400000000001" classname="Rules_methods" name="stopTrial_works_correctly_for_StoppingTDCIRatio_when_samples_are_not_provided"/>
    <testcase time="0.0139999999999958" classname="Rules_methods" name="stopTrial_works_correctly_for_StoppingTDCIRatio_when_samples_are_not_provided"/>
    <testcase time="0.0130000000000052" classname="Rules_methods" name="stopTrial_works_correctly_for_StoppingTDCIRatio_when_samples_are_not_provided"/>
    <testcase time="0.0139999999999958" classname="Rules_methods" name="stopTrial_works_correctly_for_StoppingTDCIRatio_when_samples_are_not_provided"/>
    <testcase time="0.0150000000000006" classname="Rules_methods" name="stopTrial_works_correctly_for_StoppingTDCIRatio_when_samples_are_not_provided"/>
    <testcase time="0.0139999999999958" classname="Rules_methods" name="stopTrial_works_correctly_for_StoppingTDCIRatio_when_samples_are_not_provided"/>
    <testcase time="0.0150000000000006" classname="Rules_methods" name="stopTrial_works_correctly_for_StoppingTDCIRatio_when_samples_are_not_provided"/>
    <testcase time="0.0150000000000006" classname="Rules_methods" name="stopTrial_works_correctly_for_StoppingTDCIRatio_when_samples_are_not_provided"/>
    <testcase time="0.0139999999999958" classname="Rules_methods" name="stopTrial_works_correctly_for_StoppingTDCIRatio_when_samples_are_not_provided"/>
    <testcase time="0.0150000000000006" classname="Rules_methods" name="stopTrial_works_correctly_for_StoppingTDCIRatio_when_samples_are_not_provided"/>
    <testcase time="0.0139999999999958" classname="Rules_methods" name="stopTrial_works_correctly_for_StoppingTDCIRatio_when_samples_are_not_provided"/>
    <testcase time="0.0250000000000057" classname="Rules_methods" name="stopTrial_works_correctly_for_StoppingTDCIRatio_when_samples_are_not_provided"/>
    <testcase time="0.0130000000000052" classname="Rules_methods" name="stopTrial_works_correctly_for_StoppingTDCIRatio_when_samples_are_not_provided"/>
    <testcase time="0.0150000000000006" classname="Rules_methods" name="stopTrial_works_correctly_for_StoppingTDCIRatio_when_samples_are_not_provided"/>
    <testcase time="0.012999999999991" classname="Rules_methods" name="stopTrial_works_correctly_for_StoppingTDCIRatio_when_samples_are_not_provided"/>
    <testcase time="0.0120000000000005" classname="Rules_methods" name="stopTrial_works_correctly_for_StoppingTDCIRatio_when_samples_are_not_provided"/>
    <testcase time="0.0130000000000052" classname="Rules_methods" name="stopTrial_works_correctly_for_StoppingTDCIRatio_when_samples_are_not_provided"/>
    <testcase time="0.0139999999999958" classname="Rules_methods" name="stopTrial_works_correctly_for_StoppingTDCIRatio_when_samples_are_not_provided"/>
    <testcase time="0.0139999999999958" classname="Rules_methods" name="stopTrial_works_correctly_for_StoppingTDCIRatio_when_samples_are_not_provided"/>
    <testcase time="0.0160000000000053" classname="Rules_methods" name="stopTrial_works_correctly_for_StoppingTDCIRatio_when_samples_are_not_provided"/>
    <testcase time="0.0139999999999958" classname="Rules_methods" name="stopTrial_works_correctly_for_StoppingTDCIRatio_when_samples_are_not_provided"/>
    <testcase time="0.01400000000001" classname="Rules_methods" name="stopTrial_works_correctly_for_StoppingTDCIRatio_when_samples_are_not_provided"/>
    <testcase time="0.012999999999991" classname="Rules_methods" name="stopTrial_works_correctly_for_StoppingTDCIRatio_when_samples_are_not_provided"/>
    <testcase time="0.01400000000001" classname="Rules_methods" name="stopTrial_works_correctly_for_StoppingTDCIRatio_when_samples_are_not_provided"/>
    <testcase time="0.012999999999991" classname="Rules_methods" name="stopTrial_works_correctly_for_StoppingTDCIRatio_when_samples_are_not_provided"/>
    <testcase time="0.0139999999999958" classname="Rules_methods" name="stopTrial_works_correctly_for_StoppingTDCIRatio_when_samples_are_not_provided"/>
    <testcase time="0.0130000000000052" classname="Rules_methods" name="stopTrial_works_correctly_for_StoppingTDCIRatio_when_samples_are_not_provided"/>
    <testcase time="0.0139999999999958" classname="Rules_methods" name="stopTrial_works_correctly_for_StoppingTDCIRatio_when_samples_are_not_provided"/>
    <testcase time="0.0130000000000052" classname="Rules_methods" name="stopTrial_works_correctly_for_StoppingTDCIRatio_when_samples_are_not_provided"/>
    <testcase time="0.0139999999999958" classname="Rules_methods" name="stopTrial_works_correctly_for_StoppingTDCIRatio_when_samples_are_not_provided"/>
    <testcase time="0.0130000000000052" classname="Rules_methods" name="stopTrial_works_correctly_for_StoppingTDCIRatio_when_samples_are_not_provided"/>
    <testcase time="0.0220000000000056" classname="Rules_methods" name="stopTrial_works_correctly_for_StoppingTDCIRatio_when_samples_are_not_provided"/>
    <testcase time="0.0159999999999911" classname="Rules_methods" name="stopTrial_works_correctly_for_StoppingTDCIRatio_when_samples_are_not_provided"/>
    <testcase time="0.0139999999999958" classname="Rules_methods" name="stopTrial_works_correctly_for_StoppingTDCIRatio_when_samples_are_not_provided"/>
    <testcase time="0.0150000000000006" classname="Rules_methods" name="stopTrial_works_correctly_for_StoppingTDCIRatio_when_samples_are_not_provided"/>
    <testcase time="0.0130000000000052" classname="Rules_methods" name="stopTrial_works_correctly_for_StoppingTDCIRatio_when_samples_are_not_provided"/>
    <testcase time="0.0139999999999958" classname="Rules_methods" name="stopTrial_works_correctly_for_StoppingTDCIRatio_when_samples_are_not_provided"/>
    <testcase time="0.0130000000000052" classname="Rules_methods" name="stopTrial_works_correctly_for_StoppingTDCIRatio_when_samples_are_not_provided"/>
    <testcase time="0.0130000000000052" classname="Rules_methods" name="stopTrial_works_correctly_for_StoppingTDCIRatio_when_samples_are_not_provided"/>
    <testcase time="0.0139999999999958" classname="Rules_methods" name="stopTrial_works_correctly_for_StoppingTDCIRatio_when_samples_are_not_provided"/>
    <testcase time="0.0130000000000052" classname="Rules_methods" name="stopTrial_works_correctly_for_StoppingTDCIRatio_when_samples_are_not_provided"/>
    <testcase time="0.0139999999999958" classname="Rules_methods" name="stopTrial_works_correctly_for_StoppingTDCIRatio_when_samples_are_not_provided"/>
    <testcase time="0.012999999999991" classname="Rules_methods" name="stopTrial_works_correctly_for_StoppingTDCIRatio_when_samples_are_not_provided"/>
    <testcase time="0.0130000000000052" classname="Rules_methods" name="stopTrial_works_correctly_for_StoppingTDCIRatio_when_samples_are_not_provided"/>
    <testcase time="0.0130000000000052" classname="Rules_methods" name="stopTrial_works_correctly_for_StoppingTDCIRatio_when_samples_are_not_provided"/>
    <testcase time="0.0120000000000005" classname="Rules_methods" name="stopTrial_works_correctly_for_StoppingTDCIRatio_when_samples_are_not_provided"/>
    <testcase time="0.012999999999991" classname="Rules_methods" name="stopTrial_works_correctly_for_StoppingTDCIRatio_when_samples_are_not_provided"/>
    <testcase time="0.0130000000000052" classname="Rules_methods" name="stopTrial_works_correctly_for_StoppingTDCIRatio_when_samples_are_not_provided"/>
    <testcase time="0.0120000000000005" classname="Rules_methods" name="stopTrial_works_correctly_for_StoppingTDCIRatio_when_samples_are_not_provided"/>
    <testcase time="0.0190000000000055" classname="Rules_methods" name="stopTrial_works_correctly_for_StoppingTDCIRatio_when_samples_are_not_provided"/>
    <testcase time="0.0120000000000005" classname="Rules_methods" name="stopTrial_works_correctly_for_StoppingTDCIRatio_when_samples_are_not_provided"/>
    <testcase time="0.012999999999991" classname="Rules_methods" name="stopTrial_works_correctly_for_StoppingTDCIRatio_when_samples_are_not_provided"/>
    <testcase time="0.0240000000000009" classname="Rules_methods" name="stopTrial_works_correctly_for_StoppingTDCIRatio_when_samples_are_not_provided"/>
    <testcase time="0.0130000000000052" classname="Rules_methods" name="stopTrial_works_correctly_for_StoppingTDCIRatio_when_samples_are_not_provided"/>
    <testcase time="0.012999999999991" classname="Rules_methods" name="stopTrial_works_correctly_for_StoppingTDCIRatio_when_samples_are_not_provided"/>
    <testcase time="0.0120000000000005" classname="Rules_methods" name="stopTrial_works_correctly_for_StoppingTDCIRatio_when_samples_are_not_provided"/>
    <testcase time="0.01400000000001" classname="Rules_methods" name="stopTrial_works_correctly_for_StoppingTDCIRatio_when_samples_are_not_provided"/>
    <testcase time="0.0120000000000005" classname="Rules_methods" name="stopTrial_works_correctly_for_StoppingTDCIRatio_when_samples_are_not_provided"/>
    <testcase time="0.0120000000000005" classname="Rules_methods" name="stopTrial_works_correctly_for_StoppingTDCIRatio_when_samples_are_not_provided"/>
    <testcase time="0.012999999999991" classname="Rules_methods" name="stopTrial_works_correctly_for_StoppingTDCIRatio_when_samples_are_not_provided"/>
    <testcase time="0.012999999999991" classname="Rules_methods" name="stopTrial_works_correctly_for_StoppingTDCIRatio_when_samples_are_not_provided"/>
    <testcase time="0.0130000000000052" classname="Rules_methods" name="stopTrial_works_correctly_for_StoppingTDCIRatio_when_samples_are_not_provided"/>
    <testcase time="0.0130000000000052" classname="Rules_methods" name="stopTrial_works_correctly_for_StoppingTDCIRatio_when_samples_are_not_provided"/>
    <testcase time="0.012999999999991" classname="Rules_methods" name="stopTrial_works_correctly_for_StoppingTDCIRatio_when_samples_are_not_provided"/>
    <testcase time="0.0130000000000052" classname="Rules_methods" name="stopTrial_works_correctly_for_StoppingTDCIRatio_when_samples_are_not_provided"/>
    <testcase time="0.0130000000000052" classname="Rules_methods" name="stopTrial_works_correctly_for_StoppingTDCIRatio_when_samples_are_not_provided"/>
    <testcase time="0.0139999999999958" classname="Rules_methods" name="stopTrial_works_correctly_for_StoppingTDCIRatio_when_samples_are_not_provided"/>
    <testcase time="0.0130000000000052" classname="Rules_methods" name="stopTrial_works_correctly_for_StoppingTDCIRatio_when_samples_are_not_provided"/>
    <testcase time="0.0139999999999958" classname="Rules_methods" name="stopTrial_works_correctly_for_StoppingTDCIRatio_when_samples_are_not_provided"/>
    <testcase time="0.0150000000000006" classname="Rules_methods" name="stopTrial_works_correctly_for_StoppingTDCIRatio_when_samples_are_not_provided"/>
    <testcase time="0.0139999999999958" classname="Rules_methods" name="stopTrial_works_correctly_for_StoppingTDCIRatio_when_samples_are_not_provided"/>
    <testcase time="0.0130000000000052" classname="Rules_methods" name="stopTrial_works_correctly_for_StoppingTDCIRatio_when_samples_are_not_provided"/>
    <testcase time="0.0240000000000009" classname="Rules_methods" name="stopTrial_works_correctly_for_StoppingTDCIRatio_when_samples_are_not_provided"/>
    <testcase time="0.0139999999999958" classname="Rules_methods" name="stopTrial_works_correctly_for_StoppingTDCIRatio_when_samples_are_not_provided"/>
    <testcase time="0.0130000000000052" classname="Rules_methods" name="stopTrial_works_correctly_for_StoppingTDCIRatio_when_samples_are_not_provided"/>
    <testcase time="0.012999999999991" classname="Rules_methods" name="stopTrial_works_correctly_for_StoppingTDCIRatio_when_samples_are_not_provided"/>
    <testcase time="0.0130000000000052" classname="Rules_methods" name="stopTrial_works_correctly_for_StoppingTDCIRatio_when_samples_are_not_provided"/>
    <testcase time="0.0139999999999958" classname="Rules_methods" name="stopTrial_works_correctly_for_StoppingTDCIRatio_when_samples_are_not_provided"/>
    <testcase time="0.0139999999999958" classname="Rules_methods" name="stopTrial_works_correctly_for_StoppingTDCIRatio_when_samples_are_not_provided"/>
    <testcase time="0.0130000000000052" classname="Rules_methods" name="stopTrial_works_correctly_for_StoppingTDCIRatio_when_samples_are_not_provided"/>
    <testcase time="0.0150000000000006" classname="Rules_methods" name="stopTrial_works_correctly_for_StoppingTDCIRatio_when_samples_are_not_provided"/>
    <testcase time="0.0139999999999958" classname="Rules_methods" name="stopTrial_works_correctly_for_StoppingTDCIRatio_when_samples_are_not_provided"/>
    <testcase time="0.0150000000000006" classname="Rules_methods" name="stopTrial_works_correctly_for_StoppingTDCIRatio_when_samples_are_not_provided"/>
    <testcase time="0.0150000000000006" classname="Rules_methods" name="stopTrial_works_correctly_for_StoppingTDCIRatio_when_samples_are_not_provided"/>
    <testcase time="0.0130000000000052" classname="Rules_methods" name="stopTrial_works_correctly_for_StoppingTDCIRatio_when_samples_are_not_provided"/>
    <testcase time="0.0130000000000052" classname="Rules_methods" name="stopTrial_works_correctly_for_StoppingTDCIRatio_when_samples_are_not_provided"/>
    <testcase time="0.012999999999991" classname="Rules_methods" name="stopTrial_works_correctly_for_StoppingTDCIRatio_when_samples_are_not_provided"/>
    <testcase time="0.0130000000000052" classname="Rules_methods" name="stopTrial_works_correctly_for_StoppingTDCIRatio_when_samples_are_not_provided"/>
    <testcase time="0.012999999999991" classname="Rules_methods" name="stopTrial_works_correctly_for_StoppingTDCIRatio_when_samples_are_not_provided"/>
    <testcase time="0.0130000000000052" classname="Rules_methods" name="stopTrial_works_correctly_for_StoppingTDCIRatio_when_samples_are_not_provided"/>
    <testcase time="0.0139999999999958" classname="Rules_methods" name="stopTrial_works_correctly_for_StoppingTDCIRatio_when_samples_are_not_provided"/>
    <testcase time="0.0130000000000052" classname="Rules_methods" name="stopTrial_works_correctly_for_StoppingTDCIRatio_when_samples_are_not_provided"/>
    <testcase time="0.0229999999999961" classname="Rules_methods" name="stopTrial_works_correctly_for_StoppingTDCIRatio_when_samples_are_not_provided"/>
    <testcase time="0.0139999999999958" classname="Rules_methods" name="stopTrial_works_correctly_for_StoppingTDCIRatio_when_samples_are_not_provided"/>
    <testcase time="0.0150000000000006" classname="Rules_methods" name="stopTrial_works_correctly_for_StoppingTDCIRatio_when_samples_are_not_provided"/>
    <testcase time="0.0139999999999958" classname="Rules_methods" name="stopTrial_works_correctly_for_StoppingTDCIRatio_when_samples_are_not_provided"/>
    <testcase time="0.01400000000001" classname="Rules_methods" name="stopTrial_works_correctly_for_StoppingTDCIRatio_when_samples_are_not_provided"/>
    <testcase time="0.0139999999999958" classname="Rules_methods" name="stopTrial_works_correctly_for_StoppingTDCIRatio_when_samples_are_not_provided"/>
    <testcase time="0.0150000000000006" classname="Rules_methods" name="stopTrial_works_correctly_for_StoppingTDCIRatio_when_samples_are_not_provided"/>
    <testcase time="0.012999999999991" classname="Rules_methods" name="stopTrial_works_correctly_for_StoppingTDCIRatio_when_samples_are_not_provided"/>
    <testcase time="0.0160000000000053" classname="Rules_methods" name="stopTrial_works_correctly_for_StoppingTDCIRatio_when_samples_are_not_provided"/>
    <testcase time="0.0139999999999958" classname="Rules_methods" name="stopTrial_works_correctly_for_StoppingTDCIRatio_when_samples_are_not_provided"/>
    <testcase time="0.01400000000001" classname="Rules_methods" name="stopTrial_works_correctly_for_StoppingTDCIRatio_when_samples_are_not_provided"/>
    <testcase time="0.0139999999999958" classname="Rules_methods" name="stopTrial_works_correctly_for_StoppingTDCIRatio_when_samples_are_not_provided"/>
    <testcase time="0.012999999999991" classname="Rules_methods" name="stopTrial_works_correctly_for_StoppingTDCIRatio_when_samples_are_not_provided"/>
    <testcase time="0.01400000000001" classname="Rules_methods" name="stopTrial_works_correctly_for_StoppingTDCIRatio_when_samples_are_not_provided"/>
    <testcase time="0.012999999999991" classname="Rules_methods" name="stopTrial_works_correctly_for_StoppingTDCIRatio_when_samples_are_not_provided"/>
    <testcase time="0.01400000000001" classname="Rules_methods" name="stopTrial_works_correctly_for_StoppingTDCIRatio_when_samples_are_not_provided"/>
    <testcase time="0.0139999999999958" classname="Rules_methods" name="stopTrial_works_correctly_for_StoppingTDCIRatio_when_samples_are_not_provided"/>
    <testcase time="0.0139999999999958" classname="Rules_methods" name="stopTrial_works_correctly_for_StoppingTDCIRatio_when_samples_are_not_provided"/>
    <testcase time="0.01400000000001" classname="Rules_methods" name="stopTrial_works_correctly_for_StoppingTDCIRatio_when_samples_are_not_provided"/>
    <testcase time="0.0139999999999958" classname="Rules_methods" name="stopTrial_works_correctly_for_StoppingTDCIRatio_when_samples_are_not_provided"/>
    <testcase time="0.0249999999999915" classname="Rules_methods" name="stopTrial_works_correctly_for_StoppingTDCIRatio_when_samples_are_not_provided"/>
    <testcase time="0.01400000000001" classname="Rules_methods" name="stopTrial_works_correctly_for_StoppingTDCIRatio_when_samples_are_not_provided"/>
    <testcase time="0.0139999999999958" classname="Rules_methods" name="stopTrial_works_correctly_for_StoppingTDCIRatio_when_samples_are_not_provided"/>
    <testcase time="0.0130000000000052" classname="Rules_methods" name="stopTrial_works_correctly_for_StoppingTDCIRatio_when_samples_are_not_provided"/>
    <testcase time="0.012999999999991" classname="Rules_methods" name="stopTrial_works_correctly_for_StoppingTDCIRatio_when_samples_are_not_provided"/>
    <testcase time="0.0130000000000052" classname="Rules_methods" name="stopTrial_works_correctly_for_StoppingTDCIRatio_when_samples_are_not_provided"/>
    <testcase time="0.0130000000000052" classname="Rules_methods" name="stopTrial_works_correctly_for_StoppingTDCIRatio_when_samples_are_not_provided"/>
    <testcase time="0.0139999999999958" classname="Rules_methods" name="stopTrial_works_correctly_for_StoppingTDCIRatio_when_samples_are_not_provided"/>
    <testcase time="0.0150000000000006" classname="Rules_methods" name="stopTrial_works_correctly_for_StoppingTDCIRatio_when_samples_are_not_provided"/>
    <testcase time="0.0139999999999958" classname="Rules_methods" name="stopTrial_works_correctly_for_StoppingTDCIRatio_when_samples_are_not_provided"/>
    <testcase time="0.0139999999999958" classname="Rules_methods" name="stopTrial_works_correctly_for_StoppingTDCIRatio_when_samples_are_not_provided"/>
    <testcase time="0.01400000000001" classname="Rules_methods" name="stopTrial_works_correctly_for_StoppingTDCIRatio_when_samples_are_not_provided"/>
    <testcase time="0.012999999999991" classname="Rules_methods" name="stopTrial_works_correctly_for_StoppingTDCIRatio_when_samples_are_not_provided"/>
    <testcase time="0.0130000000000052" classname="Rules_methods" name="stopTrial_works_correctly_for_StoppingTDCIRatio_when_samples_are_not_provided"/>
    <testcase time="0.0139999999999958" classname="Rules_methods" name="stopTrial_works_correctly_for_StoppingTDCIRatio_when_samples_are_not_provided"/>
    <testcase time="0.0130000000000052" classname="Rules_methods" name="stopTrial_works_correctly_for_StoppingTDCIRatio_when_samples_are_not_provided"/>
    <testcase time="0.0120000000000005" classname="Rules_methods" name="stopTrial_works_correctly_for_StoppingTDCIRatio_when_samples_are_not_provided"/>
    <testcase time="0.0130000000000052" classname="Rules_methods" name="stopTrial_works_correctly_for_StoppingTDCIRatio_when_samples_are_not_provided"/>
    <testcase time="0.012999999999991" classname="Rules_methods" name="stopTrial_works_correctly_for_StoppingTDCIRatio_when_samples_are_not_provided"/>
    <testcase time="0.0220000000000056" classname="Rules_methods" name="stopTrial_works_correctly_for_StoppingTDCIRatio_when_samples_are_not_provided"/>
    <testcase time="0.0150000000000006" classname="Rules_methods" name="stopTrial_works_correctly_for_StoppingTDCIRatio_when_samples_are_not_provided"/>
    <testcase time="0.0139999999999958" classname="Rules_methods" name="stopTrial_works_correctly_for_StoppingTDCIRatio_when_samples_are_not_provided"/>
    <testcase time="0.0120000000000005" classname="Rules_methods" name="stopTrial_works_correctly_for_StoppingTDCIRatio_when_samples_are_not_provided"/>
    <testcase time="0.0130000000000052" classname="Rules_methods" name="stopTrial_works_correctly_for_StoppingTDCIRatio_when_samples_are_not_provided"/>
    <testcase time="0.012999999999991" classname="Rules_methods" name="stopTrial_works_correctly_for_StoppingTDCIRatio_when_samples_are_not_provided"/>
    <testcase time="0.0150000000000006" classname="Rules_methods" name="stopTrial_works_correctly_for_StoppingTDCIRatio_when_samples_are_not_provided"/>
    <testcase time="0.0130000000000052" classname="Rules_methods" name="stopTrial_works_correctly_for_StoppingTDCIRatio_when_samples_are_not_provided"/>
    <testcase time="0.0139999999999958" classname="Rules_methods" name="stopTrial_works_correctly_for_StoppingTDCIRatio_when_samples_are_not_provided"/>
    <testcase time="0.0130000000000052" classname="Rules_methods" name="stopTrial_works_correctly_for_StoppingTDCIRatio_when_samples_are_not_provided"/>
    <testcase time="0.0139999999999958" classname="Rules_methods" name="stopTrial_works_correctly_for_StoppingTDCIRatio_when_samples_are_not_provided"/>
    <testcase time="0.0130000000000052" classname="Rules_methods" name="stopTrial_works_correctly_for_StoppingTDCIRatio_when_samples_are_not_provided"/>
    <testcase time="0.012999999999991" classname="Rules_methods" name="stopTrial_works_correctly_for_StoppingTDCIRatio_when_samples_are_not_provided"/>
    <testcase time="0.0130000000000052" classname="Rules_methods" name="stopTrial_works_correctly_for_StoppingTDCIRatio_when_samples_are_not_provided"/>
    <testcase time="0.0130000000000052" classname="Rules_methods" name="stopTrial_works_correctly_for_StoppingTDCIRatio_when_samples_are_not_provided"/>
    <testcase time="0.0139999999999958" classname="Rules_methods" name="stopTrial_works_correctly_for_StoppingTDCIRatio_when_samples_are_not_provided"/>
    <testcase time="0.0130000000000052" classname="Rules_methods" name="stopTrial_works_correctly_for_StoppingTDCIRatio_when_samples_are_not_provided"/>
    <testcase time="0.012999999999991" classname="Rules_methods" name="stopTrial_works_correctly_for_StoppingTDCIRatio_when_samples_are_not_provided"/>
    <testcase time="0.0130000000000052" classname="Rules_methods" name="stopTrial_works_correctly_for_StoppingTDCIRatio_when_samples_are_not_provided"/>
    <testcase time="0.012999999999991" classname="Rules_methods" name="stopTrial_works_correctly_for_StoppingTDCIRatio_when_samples_are_not_provided"/>
    <testcase time="0.0240000000000009" classname="Rules_methods" name="stopTrial_works_correctly_for_StoppingTDCIRatio_when_samples_are_not_provided"/>
    <testcase time="0.01400000000001" classname="Rules_methods" name="stopTrial_works_correctly_for_StoppingTDCIRatio_when_samples_are_not_provided"/>
    <testcase time="0.0139999999999958" classname="Rules_methods" name="stopTrial_works_correctly_for_StoppingTDCIRatio_when_samples_are_not_provided"/>
    <testcase time="0.0130000000000052" classname="Rules_methods" name="stopTrial_works_correctly_for_StoppingTDCIRatio_when_samples_are_not_provided"/>
    <testcase time="0.012999999999991" classname="Rules_methods" name="stopTrial_works_correctly_for_StoppingTDCIRatio_when_samples_are_not_provided"/>
    <testcase time="0.01400000000001" classname="Rules_methods" name="stopTrial_works_correctly_for_StoppingTDCIRatio_when_samples_are_not_provided"/>
    <testcase time="0.0139999999999958" classname="Rules_methods" name="stopTrial_works_correctly_for_StoppingTDCIRatio_when_samples_are_not_provided"/>
    <testcase time="0.0139999999999958" classname="Rules_methods" name="stopTrial_works_correctly_for_StoppingTDCIRatio_when_samples_are_not_provided"/>
    <testcase time="0.0160000000000053" classname="Rules_methods" name="stopTrial_works_correctly_for_StoppingTDCIRatio_when_samples_are_not_provided"/>
    <testcase time="0.0150000000000006" classname="Rules_methods" name="stopTrial_works_correctly_for_StoppingTDCIRatio_when_samples_are_not_provided"/>
    <testcase time="0.0139999999999958" classname="Rules_methods" name="stopTrial_works_correctly_for_StoppingTDCIRatio_when_samples_are_not_provided"/>
    <testcase time="0.0130000000000052" classname="Rules_methods" name="stopTrial_works_correctly_for_StoppingTDCIRatio_when_samples_are_not_provided"/>
    <testcase time="0.0139999999999958" classname="Rules_methods" name="stopTrial_works_correctly_for_StoppingTDCIRatio_when_samples_are_not_provided"/>
    <testcase time="0.0139999999999958" classname="Rules_methods" name="stopTrial_works_correctly_for_StoppingTDCIRatio_when_samples_are_not_provided"/>
    <testcase time="0.0150000000000006" classname="Rules_methods" name="stopTrial_works_correctly_for_StoppingTDCIRatio_when_samples_are_not_provided"/>
    <testcase time="0.0139999999999958" classname="Rules_methods" name="stopTrial_works_correctly_for_StoppingTDCIRatio_when_samples_are_not_provided"/>
    <testcase time="0.01400000000001" classname="Rules_methods" name="stopTrial_works_correctly_for_StoppingTDCIRatio_when_samples_are_not_provided"/>
    <testcase time="0.0150000000000006" classname="Rules_methods" name="stopTrial_works_correctly_for_StoppingTDCIRatio_when_samples_are_not_provided"/>
    <testcase time="0.0139999999999958" classname="Rules_methods" name="stopTrial_works_correctly_for_StoppingTDCIRatio_when_samples_are_not_provided"/>
    <testcase time="0.0240000000000009" classname="Rules_methods" name="stopTrial_works_correctly_for_StoppingTDCIRatio_when_samples_are_not_provided"/>
    <testcase time="0.0150000000000006" classname="Rules_methods" name="stopTrial_works_correctly_for_StoppingTDCIRatio_when_samples_are_not_provided"/>
    <testcase time="0.0130000000000052" classname="Rules_methods" name="stopTrial_works_correctly_for_StoppingTDCIRatio_when_samples_are_not_provided"/>
    <testcase time="0.0150000000000006" classname="Rules_methods" name="stopTrial_works_correctly_for_StoppingTDCIRatio_when_samples_are_not_provided"/>
    <testcase time="0.0139999999999958" classname="Rules_methods" name="stopTrial_works_correctly_for_StoppingTDCIRatio_when_samples_are_not_provided"/>
    <testcase time="0.012999999999991" classname="Rules_methods" name="stopTrial_works_correctly_for_StoppingTDCIRatio_when_samples_are_not_provided"/>
    <testcase time="0.01400000000001" classname="Rules_methods" name="stopTrial_works_correctly_for_StoppingTDCIRatio_when_samples_are_not_provided"/>
    <testcase time="0.0150000000000006" classname="Rules_methods" name="stopTrial_works_correctly_for_StoppingTDCIRatio_when_samples_are_not_provided"/>
    <testcase time="0.0150000000000006" classname="Rules_methods" name="stopTrial_works_correctly_for_StoppingTDCIRatio_when_samples_are_not_provided"/>
    <testcase time="0.0159999999999911" classname="Rules_methods" name="stopTrial_works_correctly_for_StoppingTDCIRatio_when_samples_are_not_provided"/>
    <testcase time="0.0160000000000053" classname="Rules_methods" name="stopTrial_works_correctly_for_StoppingTDCIRatio_when_samples_are_not_provided"/>
    <testcase time="0.0150000000000006" classname="Rules_methods" name="stopTrial_works_correctly_for_StoppingTDCIRatio_when_samples_are_not_provided"/>
    <testcase time="0.0150000000000006" classname="Rules_methods" name="stopTrial_works_correctly_for_StoppingTDCIRatio_when_samples_are_not_provided"/>
    <testcase time="0.0150000000000006" classname="Rules_methods" name="stopTrial_works_correctly_for_StoppingTDCIRatio_when_samples_are_not_provided"/>
    <testcase time="0.0339999999999918" classname="Rules_methods" name="StoppingExternal_works_correctly_if_external_flag_is_TRUE"/>
    <testcase time="0.0330000000000013" classname="Rules_methods" name="StoppingExternal_works_correctly_if_external_flag_is_FALSE"/>
    <testcase time="0.454000000000008" classname="Rules_methods" name="stopTrial_StoppingOrdinal_works_correctly"/>
    <testcase time="0.0229999999999961" classname="Rules_methods" name="stopTrial_StoppingOrdinal_works_correctly"/>
    <testcase time="0.0220000000000056" classname="Rules_methods" name="stopTrial_StoppingOrdinal_works_correctly"/>
    <testcase time="0.0219999999999914" classname="Rules_methods" name="stopTrial_StoppingOrdinal_works_correctly"/>
    <testcase time="0.0250000000000057" classname="Rules_methods" name="stopTrial_StoppingOrdinal_works_correctly"/>
    <testcase time="0.0240000000000009" classname="Rules_methods" name="stopTrial_StoppingOrdinal_works_correctly"/>
    <testcase time="0.0229999999999961" classname="Rules_methods" name="stopTrial_StoppingOrdinal_works_correctly"/>
    <testcase time="0.0240000000000009" classname="Rules_methods" name="stopTrial_StoppingOrdinal_works_correctly"/>
    <testcase time="0.0229999999999961" classname="Rules_methods" name="stopTrial_StoppingOrdinal_works_correctly"/>
    <testcase time="0.0220000000000056" classname="Rules_methods" name="stopTrial_StoppingOrdinal_works_correctly"/>
    <testcase time="0.0240000000000009" classname="Rules_methods" name="stopTrial_StoppingOrdinal_works_correctly"/>
    <testcase time="0.0319999999999965" classname="Rules_methods" name="stopTrial_StoppingOrdinal_works_correctly"/>
    <testcase time="0.0229999999999961" classname="Rules_methods" name="stopTrial_StoppingOrdinal_works_correctly"/>
    <testcase time="0.0260000000000105" classname="Rules_methods" name="stopTrial_StoppingOrdinal_works_correctly"/>
    <testcase time="0.0279999999999916" classname="Rules_methods" name="stopTrial_StoppingOrdinal_works_correctly"/>
    <testcase time="0.0220000000000056" classname="Rules_methods" name="stopTrial_StoppingOrdinal_works_correctly"/>
    <testcase time="0.0240000000000009" classname="Rules_methods" name="stopTrial_StoppingOrdinal_works_correctly"/>
    <testcase time="0.0229999999999961" classname="Rules_methods" name="stopTrial_StoppingOrdinal_works_correctly"/>
    <testcase time="0.0229999999999961" classname="Rules_methods" name="stopTrial_StoppingOrdinal_works_correctly"/>
    <testcase time="0.0290000000000106" classname="Rules_methods" name="stopTrial_StoppingOrdinal_works_correctly"/>
    <testcase time="0.0219999999999914" classname="Rules_methods" name="size_works_as_expected_for_CohortSizeDLT"/>
    <testcase time="0.0150000000000006" classname="Rules_methods" name="size_works_as_expected_for_CohortSizeDLT"/>
    <testcase time="0.0139999999999958" classname="Rules_methods" name="size_works_as_expected_for_CohortSizeDLT"/>
    <testcase time="0.0130000000000052" classname="Rules_methods" name="size_works_as_expected_for_CohortSizeDLT"/>
    <testcase time="0.0130000000000052" classname="Rules_methods" name="size_works_as_expected_for_CohortSizeDLT"/>
    <testcase time="0.0240000000000009" classname="Rules_methods" name="size_works_as_expected_for_CohortSizeDLT"/>
    <testcase time="0.0139999999999958" classname="Rules_methods" name="size_works_as_expected_for_CohortSizeDLT"/>
    <testcase time="0.0139999999999958" classname="Rules_methods" name="size_works_as_expected_for_CohortSizeDLT"/>
    <testcase time="0.0190000000000055" classname="Rules_methods" name="size_works_as_expected_for_CohortSizeDLT"/>
    <testcase time="0.0150000000000006" classname="Rules_methods" name="size_works_as_expected_for_CohortSizeDLT"/>
    <testcase time="0.0189999999999912" classname="Rules_methods" name="size_works_as_expected_for_CohortSizeConst"/>
    <testcase time="0.0120000000000005" classname="Rules_methods" name="size_works_as_expected_for_CohortSizeConst"/>
    <testcase time="0.0130000000000052" classname="Rules_methods" name="size_works_as_expected_for_CohortSizeConst"/>
    <testcase time="0.0130000000000052" classname="Rules_methods" name="size_works_as_expected_for_CohortSizeConst"/>
    <testcase time="0.012999999999991" classname="Rules_methods" name="size_works_as_expected_for_CohortSizeConst"/>
    <testcase time="0.0120000000000005" classname="Rules_methods" name="size_works_as_expected_for_CohortSizeConst"/>
    <testcase time="0.0190000000000055" classname="Rules_methods" name="size_works_as_expected_for_CohortSizeRange"/>
    <testcase time="0.012999999999991" classname="Rules_methods" name="size_works_as_expected_for_CohortSizeRange"/>
    <testcase time="0.0120000000000005" classname="Rules_methods" name="size_works_as_expected_for_CohortSizeRange"/>
    <testcase time="0.0130000000000052" classname="Rules_methods" name="size_works_as_expected_for_CohortSizeRange"/>
    <testcase time="0.0120000000000005" classname="Rules_methods" name="size_works_as_expected_for_CohortSizeRange"/>
    <testcase time="0.0120000000000005" classname="Rules_methods" name="size_works_as_expected_for_CohortSizeRange"/>
    <testcase time="0.0130000000000052" classname="Rules_methods" name="size_works_as_expected_for_CohortSizeRange"/>
    <testcase time="0.0120000000000005" classname="Rules_methods" name="size_works_as_expected_for_CohortSizeRange"/>
    <testcase time="0.0189999999999912" classname="Rules_methods" name="size_works_as_expected_for_CohortSizeRange"/>
    <testcase time="0.0150000000000006" classname="Rules_methods" name="size_works_as_expected_for_CohortSizeRange"/>
    <testcase time="0.0130000000000052" classname="Rules_methods" name="size_works_as_expected_for_CohortSizeRange"/>
    <testcase time="0.0240000000000009" classname="Rules_methods" name="size_works_as_expected_for_CohortSizeMax"/>
    <testcase time="0.012999999999991" classname="Rules_methods" name="size_works_as_expected_for_CohortSizeMax"/>
    <testcase time="0.0120000000000005" classname="Rules_methods" name="size_works_as_expected_for_CohortSizeMax"/>
    <testcase time="0.0120000000000005" classname="Rules_methods" name="size_works_as_expected_for_CohortSizeMax"/>
    <testcase time="0.0120000000000005" classname="Rules_methods" name="size_works_as_expected_for_CohortSizeMax"/>
    <testcase time="0.0130000000000052" classname="Rules_methods" name="size_works_as_expected_for_CohortSizeMax"/>
    <testcase time="0.0130000000000052" classname="Rules_methods" name="size_works_as_expected_for_CohortSizeMax"/>
    <testcase time="0.012999999999991" classname="Rules_methods" name="size_works_as_expected_for_CohortSizeMax"/>
    <testcase time="0.0120000000000005" classname="Rules_methods" name="size_works_as_expected_for_CohortSizeMax"/>
    <testcase time="0.0120000000000005" classname="Rules_methods" name="size_works_as_expected_for_CohortSizeMax"/>
    <testcase time="0.0120000000000005" classname="Rules_methods" name="size_works_as_expected_for_CohortSizeMax"/>
    <testcase time="0.0120000000000005" classname="Rules_methods" name="size_works_as_expected_for_CohortSizeMax"/>
    <testcase time="0.0130000000000052" classname="Rules_methods" name="size_works_as_expected_for_CohortSizeMax"/>
    <testcase time="0.0120000000000005" classname="Rules_methods" name="size_works_as_expected_for_CohortSizeMax"/>
    <testcase time="0.0120000000000005" classname="Rules_methods" name="size_works_as_expected_for_CohortSizeMax"/>
    <testcase time="0.0109999999999957" classname="Rules_methods" name="size_works_as_expected_for_CohortSizeMax"/>
    <testcase time="0.0109999999999957" classname="Rules_methods" name="size_works_as_expected_for_CohortSizeMax"/>
    <testcase time="0.0210000000000008" classname="Rules_methods" name="size_works_as_expected_for_CohortSizeMax"/>
    <testcase time="0.0120000000000005" classname="Rules_methods" name="size_works_as_expected_for_CohortSizeMax"/>
    <testcase time="0.0120000000000005" classname="Rules_methods" name="size_works_as_expected_for_CohortSizeMax"/>
    <testcase time="0.0120000000000005" classname="Rules_methods" name="size_works_as_expected_for_CohortSizeMax"/>
    <testcase time="0.0159999999999911" classname="Rules_methods" name="maxSize_works_as_expected"/>
    <testcase time="0.0250000000000057" classname="Rules_methods" name="size_works_as_expected_for_CohortSizeMin"/>
    <testcase time="0.0130000000000052" classname="Rules_methods" name="size_works_as_expected_for_CohortSizeMin"/>
    <testcase time="0.0150000000000006" classname="Rules_methods" name="size_works_as_expected_for_CohortSizeMin"/>
    <testcase time="0.012999999999991" classname="Rules_methods" name="size_works_as_expected_for_CohortSizeMin"/>
    <testcase time="0.0130000000000052" classname="Rules_methods" name="size_works_as_expected_for_CohortSizeMin"/>
    <testcase time="0.012999999999991" classname="Rules_methods" name="size_works_as_expected_for_CohortSizeMin"/>
    <testcase time="0.0120000000000005" classname="Rules_methods" name="size_works_as_expected_for_CohortSizeMin"/>
    <testcase time="0.0120000000000005" classname="Rules_methods" name="size_works_as_expected_for_CohortSizeMin"/>
    <testcase time="0.0130000000000052" classname="Rules_methods" name="size_works_as_expected_for_CohortSizeMin"/>
    <testcase time="0.0130000000000052" classname="Rules_methods" name="size_works_as_expected_for_CohortSizeMin"/>
    <testcase time="0.012999999999991" classname="Rules_methods" name="size_works_as_expected_for_CohortSizeMin"/>
    <testcase time="0.0120000000000005" classname="Rules_methods" name="size_works_as_expected_for_CohortSizeMin"/>
    <testcase time="0.0130000000000052" classname="Rules_methods" name="size_works_as_expected_for_CohortSizeMin"/>
    <testcase time="0.0120000000000005" classname="Rules_methods" name="size_works_as_expected_for_CohortSizeMin"/>
    <testcase time="0.0210000000000008" classname="Rules_methods" name="size_works_as_expected_for_CohortSizeMin"/>
    <testcase time="0.012999999999991" classname="Rules_methods" name="size_works_as_expected_for_CohortSizeMin"/>
    <testcase time="0.0130000000000052" classname="Rules_methods" name="size_works_as_expected_for_CohortSizeMin"/>
    <testcase time="0.0130000000000052" classname="Rules_methods" name="size_works_as_expected_for_CohortSizeMin"/>
    <testcase time="0.012999999999991" classname="Rules_methods" name="size_works_as_expected_for_CohortSizeMin"/>
    <testcase time="0.0120000000000005" classname="Rules_methods" name="size_works_as_expected_for_CohortSizeMin"/>
    <testcase time="0.0120000000000005" classname="Rules_methods" name="size_works_as_expected_for_CohortSizeMin"/>
    <testcase time="0.0160000000000053" classname="Rules_methods" name="size_works_as_expected_for_CohortSizeMin"/>
    <testcase time="0.0139999999999958" classname="Rules_methods" name="size_works_as_expected_for_CohortSizeMin"/>
    <testcase time="0.0169999999999959" classname="Rules_methods" name="size_works_as_expected_for_CohortSizeMin"/>
    <testcase time="0.0160000000000053" classname="Rules_methods" name="size_works_as_expected_for_CohortSizeMin"/>
    <testcase time="0.0160000000000053" classname="Rules_methods" name="size_works_as_expected_for_CohortSizeMin"/>
    <testcase time="0.0150000000000006" classname="Rules_methods" name="size_works_as_expected_for_CohortSizeMin"/>
    <testcase time="0.0159999999999911" classname="Rules_methods" name="size_works_as_expected_for_CohortSizeMin"/>
    <testcase time="0.0170000000000101" classname="Rules_methods" name="size_works_as_expected_for_CohortSizeMin"/>
    <testcase time="0.0180000000000007" classname="Rules_methods" name="size_works_as_expected_for_CohortSizeMin"/>
    <testcase time="0.0169999999999959" classname="Rules_methods" name="size_works_as_expected_for_CohortSizeMin"/>
    <testcase time="0.0180000000000007" classname="Rules_methods" name="size_works_as_expected_for_CohortSizeMin"/>
    <testcase time="0.0259999999999962" classname="Rules_methods" name="size_works_as_expected_for_CohortSizeMin"/>
    <testcase time="0.0180000000000007" classname="Rules_methods" name="maxSize_works_as_expected"/>
    <testcase time="0.0160000000000053" classname="Rules_methods" name="minSize_works_as_expected"/>
    <testcase time="0.0180000000000007" classname="Rules_methods" name="windowLength_works_correctly"/>
    <testcase time="0.0109999999999957" classname="Rules_methods" name="windowLength_works_correctly"/>
    <testcase time="0.0120000000000005" classname="Rules_methods" name="windowLength_works_correctly"/>
    <testcase time="0.0139999999999958" classname="Rules_methods" name="windowLength_works_correctly"/>
    <testcase time="0.0120000000000005" classname="Rules_methods" name="windowLength_works_correctly"/>
    <testcase time="0.0130000000000052" classname="Rules_methods" name="windowLength_works_correctly"/>
    <testcase time="0.0109999999999957" classname="Rules_methods" name="windowLength_works_correctly"/>
    <testcase time="0.0130000000000052" classname="Rules_methods" name="windowLength_works_correctly"/>
    <testcase time="0.0120000000000005" classname="Rules_methods" name="windowLength_works_correctly"/>
    <testcase time="0.0120000000000005" classname="Rules_methods" name="windowLength_works_correctly"/>
    <testcase time="0.0120000000000005" classname="Rules_methods" name="windowLength_works_correctly"/>
    <testcase time="0.0110000000000099" classname="Rules_methods" name="windowLength_works_correctly"/>
    <testcase time="0.0119999999999862" classname="Rules_methods" name="windowLength_works_correctly"/>
    <testcase time="0.0120000000000005" classname="Rules_methods" name="windowLength_works_correctly"/>
    <testcase time="0.0110000000000099" classname="Rules_methods" name="windowLength_works_correctly"/>
    <testcase time="0.0120000000000005" classname="Rules_methods" name="windowLength_works_correctly"/>
    <testcase time="0.019999999999996" classname="Rules_methods" name="windowLength_works_correctly"/>
    <testcase time="0.0120000000000005" classname="Rules_methods" name="windowLength_works_correctly"/>
    <testcase time="0.0120000000000005" classname="Rules_methods" name="windowLength_works_correctly"/>
    <testcase time="0.0109999999999957" classname="Rules_methods" name="windowLength_works_correctly"/>
    <testcase time="0.0120000000000005" classname="Rules_methods" name="windowLength_works_correctly"/>
    <testcase time="0.0110000000000099" classname="Rules_methods" name="windowLength_works_correctly"/>
    <testcase time="0.0119999999999862" classname="Rules_methods" name="windowLength_works_correctly"/>
    <testcase time="0.0120000000000005" classname="Rules_methods" name="windowLength_works_correctly"/>
    <testcase time="0.0120000000000005" classname="Rules_methods" name="windowLength_works_correctly"/>
    <testcase time="0.0120000000000005" classname="Rules_methods" name="windowLength_works_correctly"/>
    <testcase time="0.0120000000000005" classname="Rules_methods" name="windowLength_works_correctly"/>
    <testcase time="0.0150000000000006" classname="Rules_methods" name="windowLength_works_correctly"/>
    <testcase time="0.0120000000000005" classname="Rules_methods" name="windowLength_works_correctly"/>
    <testcase time="0.0120000000000005" classname="Rules_methods" name="windowLength_works_correctly"/>
    <testcase time="0.0120000000000005" classname="Rules_methods" name="windowLength_works_correctly"/>
    <testcase time="0.0120000000000005" classname="Rules_methods" name="windowLength_works_correctly"/>
    <testcase time="0.0130000000000052" classname="Rules_methods" name="windowLength_works_correctly"/>
    <testcase time="0.0120000000000005" classname="Rules_methods" name="windowLength_works_correctly"/>
    <testcase time="0.0120000000000005" classname="Rules_methods" name="windowLength_works_correctly"/>
    <testcase time="0.019999999999996" classname="Rules_methods" name="windowLength_works_correctly"/>
    <testcase time="0.0139999999999958" classname="Rules_methods" name="windowLength_works_correctly"/>
    <testcase time="0.0130000000000052" classname="Rules_methods" name="windowLength_works_correctly"/>
    <testcase time="0.0120000000000005" classname="Rules_methods" name="windowLength_works_correctly"/>
    <testcase time="0.0130000000000052" classname="Rules_methods" name="windowLength_works_correctly"/>
    <testcase time="0.012999999999991" classname="Rules_methods" name="windowLength_works_correctly"/>
    <testcase time="0.0130000000000052" classname="Rules_methods" name="windowLength_works_correctly"/>
    <testcase time="0.012999999999991" classname="Rules_methods" name="windowLength_works_correctly"/>
    <testcase time="0.0150000000000006" classname="Rules_methods" name="windowLength_works_correctly"/>
    <testcase time="0.01400000000001" classname="Rules_methods" name="windowLength_works_correctly"/>
    <testcase time="0.0139999999999958" classname="Rules_methods" name="windowLength_works_correctly"/>
    <testcase time="0.0130000000000052" classname="Rules_methods" name="windowLength_works_correctly"/>
    <testcase time="0.012999999999991" classname="Rules_methods" name="windowLength_works_correctly"/>
    <testcase time="0.0130000000000052" classname="Rules_methods" name="windowLength_works_correctly"/>
    <testcase time="0.0120000000000005" classname="Rules_methods" name="windowLength_works_correctly"/>
    <testcase time="0.0130000000000052" classname="Rules_methods" name="windowLength_works_correctly"/>
    <testcase time="0.0119999999999862" classname="Rules_methods" name="windowLength_works_correctly"/>
    <testcase time="0.0130000000000052" classname="Rules_methods" name="windowLength_works_correctly"/>
    <testcase time="0.0130000000000052" classname="Rules_methods" name="windowLength_works_correctly"/>
    <testcase time="0.0120000000000005" classname="Rules_methods" name="windowLength_works_correctly"/>
    <testcase time="0.0219999999999914" classname="Rules_methods" name="windowLength_works_correctly"/>
    <testcase time="0.0130000000000052" classname="Rules_methods" name="windowLength_works_correctly"/>
    <testcase time="0.0130000000000052" classname="Rules_methods" name="windowLength_works_correctly"/>
    <testcase time="0.012999999999991" classname="Rules_methods" name="windowLength_works_correctly"/>
    <testcase time="0.01400000000001" classname="Rules_methods" name="windowLength_works_correctly"/>
    <testcase time="0.012999999999991" classname="Rules_methods" name="windowLength_works_correctly"/>
    <testcase time="0.0130000000000052" classname="Rules_methods" name="windowLength_works_correctly"/>
    <testcase time="0.0139999999999958" classname="Rules_methods" name="windowLength_works_correctly"/>
    <testcase time="0.0160000000000053" classname="Rules_methods" name="windowLength_works_correctly"/>
    <testcase time="0.012999999999991" classname="Rules_methods" name="windowLength_works_correctly"/>
    <testcase time="0.01400000000001" classname="Rules_methods" name="windowLength_works_correctly"/>
    <testcase time="0.012999999999991" classname="Rules_methods" name="windowLength_works_correctly"/>
    <testcase time="0.01400000000001" classname="Rules_methods" name="windowLength_works_correctly"/>
    <testcase time="0.012999999999991" classname="Rules_methods" name="windowLength_works_correctly"/>
    <testcase time="0.0130000000000052" classname="Rules_methods" name="windowLength_works_correctly"/>
    <testcase time="0.012999999999991" classname="Rules_methods" name="windowLength_works_correctly"/>
    <testcase time="0.0130000000000052" classname="Rules_methods" name="windowLength_works_correctly"/>
    <testcase time="0.0130000000000052" classname="Rules_methods" name="windowLength_works_correctly"/>
    <testcase time="0.0139999999999958" classname="Rules_methods" name="windowLength_works_correctly"/>
    <testcase time="0.0120000000000005" classname="Rules_methods" name="windowLength_works_correctly"/>
    <testcase time="0.0220000000000056" classname="Rules_methods" name="windowLength_works_correctly"/>
    <testcase time="0.0139999999999958" classname="Rules_methods" name="windowLength_works_correctly"/>
    <testcase time="0.0130000000000052" classname="Rules_methods" name="windowLength_works_correctly"/>
    <testcase time="0.012999999999991" classname="Rules_methods" name="windowLength_works_correctly"/>
    <testcase time="0.0130000000000052" classname="Rules_methods" name="windowLength_works_correctly"/>
    <testcase time="0.012999999999991" classname="Rules_methods" name="windowLength_works_correctly"/>
    <testcase time="0.0120000000000005" classname="Rules_methods" name="windowLength_works_correctly"/>
    <testcase time="0.01400000000001" classname="Rules_methods" name="windowLength_works_correctly"/>
    <testcase time="0.0139999999999958" classname="Rules_methods" name="windowLength_works_correctly"/>
    <testcase time="0.0120000000000005" classname="Rules_methods" name="windowLength_works_correctly"/>
    <testcase time="0.0120000000000005" classname="Rules_methods" name="windowLength_works_correctly"/>
    <testcase time="0.0109999999999957" classname="Rules_methods" name="windowLength_works_correctly"/>
    <testcase time="0.012999999999991" classname="Rules_methods" name="windowLength_works_correctly"/>
    <testcase time="0.0130000000000052" classname="Rules_methods" name="windowLength_works_correctly"/>
    <testcase time="0.0120000000000005" classname="Rules_methods" name="windowLength_works_correctly"/>
    <testcase time="0.0130000000000052" classname="Rules_methods" name="windowLength_works_correctly"/>
    <testcase time="0.0120000000000005" classname="Rules_methods" name="windowLength_works_correctly"/>
    <testcase time="0.0120000000000005" classname="Rules_methods" name="windowLength_works_correctly"/>
    <testcase time="0.0120000000000005" classname="Rules_methods" name="windowLength_works_correctly"/>
    <testcase time="0.0319999999999965" classname="Rules_methods" name="windowLength_works_correctly"/>
    <testcase time="0.0139999999999958" classname="Rules_methods" name="windowLength_works_correctly"/>
    <testcase time="0.0120000000000005" classname="Rules_methods" name="windowLength_works_correctly"/>
    <testcase time="0.0109999999999957" classname="Rules_methods" name="windowLength_works_correctly"/>
    <testcase time="0.0120000000000005" classname="Rules_methods" name="windowLength_works_correctly"/>
    <testcase time="0.0110000000000099" classname="Rules_methods" name="windowLength_works_correctly"/>
    <testcase time="0.0120000000000005" classname="Rules_methods" name="windowLength_works_correctly"/>
    <testcase time="0.0109999999999957" classname="Rules_methods" name="windowLength_works_correctly"/>
    <testcase time="0.0130000000000052" classname="Rules_methods" name="windowLength_works_correctly"/>
    <testcase time="0.012999999999991" classname="Rules_methods" name="windowLength_works_correctly"/>
    <testcase time="0.0120000000000005" classname="Rules_methods" name="windowLength_works_correctly"/>
    <testcase time="0.0120000000000005" classname="Rules_methods" name="windowLength_works_correctly"/>
    <testcase time="0.0120000000000005" classname="Rules_methods" name="windowLength_works_correctly"/>
    <testcase time="0.0120000000000005" classname="Rules_methods" name="windowLength_works_correctly"/>
    <testcase time="0.0120000000000005" classname="Rules_methods" name="windowLength_works_correctly"/>
    <testcase time="0.0120000000000005" classname="Rules_methods" name="windowLength_works_correctly"/>
    <testcase time="0.0120000000000005" classname="Rules_methods" name="windowLength_works_correctly"/>
    <testcase time="0.0109999999999957" classname="Rules_methods" name="windowLength_works_correctly"/>
    <testcase time="0.0120000000000005" classname="Rules_methods" name="windowLength_works_correctly"/>
    <testcase time="0.0120000000000005" classname="Rules_methods" name="windowLength_works_correctly"/>
    <testcase time="0.0229999999999961" classname="Rules_methods" name="windowLength_works_correctly"/>
    <testcase time="0.0150000000000006" classname="Rules_methods" name="windowLength_works_correctly"/>
    <testcase time="0.0120000000000005" classname="Rules_methods" name="windowLength_works_correctly"/>
    <testcase time="0.0130000000000052" classname="Rules_methods" name="windowLength_works_correctly"/>
    <testcase time="0.0139999999999958" classname="Rules_methods" name="windowLength_works_correctly"/>
    <testcase time="0.0130000000000052" classname="Rules_methods" name="windowLength_works_correctly"/>
    <testcase time="0.0139999999999958" classname="Rules_methods" name="windowLength_works_correctly"/>
    <testcase time="0.0130000000000052" classname="Rules_methods" name="windowLength_works_correctly"/>
    <testcase time="0.0139999999999958" classname="Rules_methods" name="windowLength_works_correctly"/>
    <testcase time="0.0139999999999958" classname="Rules_methods" name="windowLength_works_correctly"/>
    <testcase time="0.0120000000000005" classname="Rules_methods" name="windowLength_works_correctly"/>
    <testcase time="0.0120000000000005" classname="Rules_methods" name="windowLength_works_correctly"/>
    <testcase time="0.0120000000000005" classname="Rules_methods" name="windowLength_works_correctly"/>
    <testcase time="0.0120000000000005" classname="Rules_methods" name="windowLength_works_correctly"/>
    <testcase time="0.0120000000000005" classname="Rules_methods" name="windowLength_works_correctly"/>
    <testcase time="0.0120000000000005" classname="Rules_methods" name="windowLength_works_correctly"/>
    <testcase time="0.0120000000000005" classname="Rules_methods" name="windowLength_works_correctly"/>
    <testcase time="0.0120000000000005" classname="Rules_methods" name="windowLength_works_correctly"/>
    <testcase time="0.0120000000000005" classname="Rules_methods" name="windowLength_works_correctly"/>
    <testcase time="0.0120000000000005" classname="Rules_methods" name="windowLength_works_correctly"/>
    <testcase time="0.0239999999999867" classname="Rules_methods" name="windowLength_works_correctly"/>
    <testcase time="0.01400000000001" classname="Rules_methods" name="windowLength_works_correctly"/>
    <testcase time="0.0109999999999957" classname="Rules_methods" name="windowLength_works_correctly"/>
    <testcase time="0.0130000000000052" classname="Rules_methods" name="windowLength_works_correctly"/>
    <testcase time="0.0120000000000005" classname="Rules_methods" name="windowLength_works_correctly"/>
    <testcase time="0.0109999999999957" classname="Rules_methods" name="windowLength_works_correctly"/>
    <testcase time="0.0120000000000005" classname="Rules_methods" name="windowLength_works_correctly"/>
    <testcase time="0.0120000000000005" classname="Rules_methods" name="windowLength_works_correctly"/>
    <testcase time="0.0139999999999958" classname="Rules_methods" name="windowLength_works_correctly"/>
    <testcase time="0.0139999999999958" classname="Rules_methods" name="windowLength_works_correctly"/>
    <testcase time="0.0120000000000005" classname="Rules_methods" name="windowLength_works_correctly"/>
    <testcase time="0.0120000000000005" classname="Rules_methods" name="windowLength_works_correctly"/>
    <testcase time="0.0120000000000005" classname="Rules_methods" name="windowLength_works_correctly"/>
    <testcase time="0.0120000000000005" classname="Rules_methods" name="windowLength_works_correctly"/>
    <testcase time="0.0169999999999959" classname="Rules_methods" name="windowLength_works_correctly"/>
    <testcase time="0.0120000000000005" classname="Rules_methods" name="windowLength_works_correctly"/>
    <testcase time="0.0120000000000005" classname="Rules_methods" name="windowLength_works_correctly"/>
    <testcase time="0.0120000000000005" classname="Rules_methods" name="windowLength_works_correctly"/>
    <testcase time="0.0120000000000005" classname="Rules_methods" name="windowLength_works_correctly"/>
    <testcase time="0.0120000000000005" classname="Rules_methods" name="windowLength_works_correctly"/>
    <testcase time="0.0280000000000058" classname="Rules_methods" name="windowLength_works_correctly"/>
    <testcase time="0.012999999999991" classname="Rules_methods" name="windowLength_works_correctly"/>
    <testcase time="0.0130000000000052" classname="Rules_methods" name="windowLength_works_correctly"/>
    <testcase time="0.0130000000000052" classname="Rules_methods" name="windowLength_works_correctly"/>
    <testcase time="0.0120000000000005" classname="Rules_methods" name="windowLength_works_correctly"/>
    <testcase time="0.0120000000000005" classname="Rules_methods" name="windowLength_works_correctly"/>
    <testcase time="0.012999999999991" classname="Rules_methods" name="windowLength_works_correctly"/>
    <testcase time="0.0120000000000005" classname="Rules_methods" name="windowLength_works_correctly"/>
    <testcase time="0.01400000000001" classname="Rules_methods" name="windowLength_works_correctly"/>
    <testcase time="0.0119999999999862" classname="Rules_methods" name="windowLength_works_correctly"/>
    <testcase time="0.0130000000000052" classname="Rules_methods" name="windowLength_works_correctly"/>
    <testcase time="0.0120000000000005" classname="Rules_methods" name="windowLength_works_correctly"/>
    <testcase time="0.0109999999999957" classname="Rules_methods" name="windowLength_works_correctly"/>
    <testcase time="0.0130000000000052" classname="Rules_methods" name="windowLength_works_correctly"/>
    <testcase time="0.0120000000000005" classname="Rules_methods" name="windowLength_works_correctly"/>
    <testcase time="0.0120000000000005" classname="Rules_methods" name="windowLength_works_correctly"/>
    <testcase time="0.0120000000000005" classname="Rules_methods" name="windowLength_works_correctly"/>
    <testcase time="0.0120000000000005" classname="Rules_methods" name="windowLength_works_correctly"/>
    <testcase time="0.0120000000000005" classname="Rules_methods" name="windowLength_works_correctly"/>
    <testcase time="0.0240000000000009" classname="Rules_methods" name="windowLength_works_correctly"/>
    <testcase time="0.0159999999999911" classname="Rules_methods" name="windowLength_works_correctly"/>
    <testcase time="0.0120000000000005" classname="Rules_methods" name="windowLength_works_correctly"/>
    <testcase time="0.0120000000000005" classname="Rules_methods" name="windowLength_works_correctly"/>
    <testcase time="0.0120000000000005" classname="Rules_methods" name="windowLength_works_correctly"/>
    <testcase time="0.0130000000000052" classname="Rules_methods" name="windowLength_works_correctly"/>
    <testcase time="0.0120000000000005" classname="Rules_methods" name="windowLength_works_correctly"/>
    <testcase time="0.0120000000000005" classname="Rules_methods" name="windowLength_works_correctly"/>
    <testcase time="0.0139999999999958" classname="Rules_methods" name="windowLength_works_correctly"/>
    <testcase time="0.0139999999999958" classname="Rules_methods" name="windowLength_works_correctly"/>
    <testcase time="0.0130000000000052" classname="Rules_methods" name="windowLength_works_correctly"/>
    <testcase time="0.0130000000000052" classname="Rules_methods" name="windowLength_works_correctly"/>
    <testcase time="0.0120000000000005" classname="Rules_methods" name="windowLength_works_correctly"/>
    <testcase time="0.0120000000000005" classname="Rules_methods" name="windowLength_works_correctly"/>
    <testcase time="0.012999999999991" classname="Rules_methods" name="windowLength_works_correctly"/>
    <testcase time="0.0130000000000052" classname="Rules_methods" name="windowLength_works_correctly"/>
    <testcase time="0.0120000000000005" classname="Rules_methods" name="windowLength_works_correctly"/>
    <testcase time="0.0139999999999958" classname="Rules_methods" name="windowLength_works_correctly"/>
    <testcase time="0.0130000000000052" classname="Rules_methods" name="windowLength_works_correctly"/>
    <testcase time="0.0210000000000008" classname="Rules_methods" name="windowLength_works_correctly"/>
    <testcase time="0.0189999999999912" classname="Rules_methods" name="windowLength_works_correctly"/>
    <testcase time="0.0130000000000052" classname="Rules_methods" name="windowLength_works_correctly"/>
    <testcase time="0.0130000000000052" classname="Rules_methods" name="windowLength_works_correctly"/>
    <testcase time="0.012999999999991" classname="Rules_methods" name="windowLength_works_correctly"/>
    <testcase time="0.0130000000000052" classname="Rules_methods" name="windowLength_works_correctly"/>
    <testcase time="0.0130000000000052" classname="Rules_methods" name="windowLength_works_correctly"/>
    <testcase time="0.012999999999991" classname="Rules_methods" name="windowLength_works_correctly"/>
    <testcase time="0.0150000000000006" classname="Rules_methods" name="windowLength_works_correctly"/>
    <testcase time="0.0139999999999958" classname="Rules_methods" name="windowLength_works_correctly"/>
    <testcase time="0.01400000000001" classname="Rules_methods" name="windowLength_works_correctly"/>
    <testcase time="0.0139999999999958" classname="Rules_methods" name="windowLength_works_correctly"/>
    <testcase time="0.0130000000000052" classname="Rules_methods" name="windowLength_works_correctly"/>
    <testcase time="0.012999999999991" classname="Rules_methods" name="windowLength_works_correctly"/>
    <testcase time="0.0130000000000052" classname="Rules_methods" name="windowLength_works_correctly"/>
    <testcase time="0.0130000000000052" classname="Rules_methods" name="windowLength_works_correctly"/>
    <testcase time="0.0139999999999958" classname="Rules_methods" name="windowLength_works_correctly"/>
    <testcase time="0.0139999999999958" classname="Rules_methods" name="windowLength_works_correctly"/>
    <testcase time="0.0139999999999958" classname="Rules_methods" name="windowLength_works_correctly"/>
    <testcase time="0.0130000000000052" classname="Rules_methods" name="windowLength_works_correctly"/>
    <testcase time="0.0289999999999964" classname="Rules_methods" name="windowLength_works_correctly"/>
    <testcase time="0.0150000000000006" classname="Rules_methods" name="windowLength_works_correctly"/>
    <testcase time="0.0130000000000052" classname="Rules_methods" name="windowLength_works_correctly"/>
    <testcase time="0.0139999999999958" classname="Rules_methods" name="windowLength_works_correctly"/>
    <testcase time="0.01400000000001" classname="Rules_methods" name="windowLength_works_correctly"/>
    <testcase time="0.0139999999999958" classname="Rules_methods" name="windowLength_works_correctly"/>
    <testcase time="0.012999999999991" classname="Rules_methods" name="windowLength_works_correctly"/>
    <testcase time="0.01400000000001" classname="Rules_methods" name="windowLength_works_correctly"/>
    <testcase time="0.0150000000000006" classname="Rules_methods" name="windowLength_works_correctly"/>
    <testcase time="0.0139999999999958" classname="Rules_methods" name="windowLength_works_correctly"/>
    <testcase time="0.0150000000000006" classname="Rules_methods" name="windowLength_works_correctly"/>
    <testcase time="0.0139999999999958" classname="Rules_methods" name="windowLength_works_correctly"/>
    <testcase time="0.01400000000001" classname="Rules_methods" name="windowLength_works_correctly"/>
    <testcase time="0.0139999999999958" classname="Rules_methods" name="windowLength_works_correctly"/>
    <testcase time="0.012999999999991" classname="Rules_methods" name="windowLength_works_correctly"/>
    <testcase time="0.01400000000001" classname="Rules_methods" name="windowLength_works_correctly"/>
    <testcase time="0.0139999999999958" classname="Rules_methods" name="windowLength_works_correctly"/>
    <testcase time="0.0130000000000052" classname="Rules_methods" name="windowLength_works_correctly"/>
    <testcase time="0.0219999999999914" classname="Rules_methods" name="windowLength_works_correctly"/>
    <testcase time="0.0220000000000056" classname="Rules_methods" name="windowLength_works_correctly"/>
    <testcase time="0.0150000000000006" classname="Rules_methods" name="windowLength_works_correctly"/>
    <testcase time="0.0150000000000006" classname="Rules_methods" name="windowLength_works_correctly"/>
    <testcase time="0.0139999999999958" classname="Rules_methods" name="windowLength_works_correctly"/>
    <testcase time="0.0139999999999958" classname="Rules_methods" name="windowLength_works_correctly"/>
    <testcase time="0.0130000000000052" classname="Rules_methods" name="windowLength_works_correctly"/>
    <testcase time="0.0139999999999958" classname="Rules_methods" name="windowLength_works_correctly"/>
    <testcase time="0.0150000000000006" classname="Rules_methods" name="windowLength_works_correctly"/>
    <testcase time="0.01400000000001" classname="Rules_methods" name="windowLength_works_correctly"/>
    <testcase time="0.0139999999999958" classname="Rules_methods" name="windowLength_works_correctly"/>
    <testcase time="0.0120000000000005" classname="Rules_methods" name="windowLength_works_correctly"/>
    <testcase time="0.0139999999999958" classname="Rules_methods" name="windowLength_works_correctly"/>
    <testcase time="0.0139999999999958" classname="Rules_methods" name="windowLength_works_correctly"/>
    <testcase time="0.0120000000000005" classname="Rules_methods" name="windowLength_works_correctly"/>
    <testcase time="0.0130000000000052" classname="Rules_methods" name="windowLength_works_correctly"/>
    <testcase time="0.0120000000000005" classname="Rules_methods" name="windowLength_works_correctly"/>
    <testcase time="0.012999999999991" classname="Rules_methods" name="windowLength_works_correctly"/>
    <testcase time="0.01400000000001" classname="Rules_methods" name="windowLength_works_correctly"/>
    <testcase time="0.0219999999999914" classname="Rules_methods" name="windowLength_works_correctly"/>
    <testcase time="0.0210000000000008" classname="Rules_methods" name="windowLength_works_correctly"/>
    <testcase time="0.0130000000000052" classname="Rules_methods" name="windowLength_works_correctly"/>
    <testcase time="0.0139999999999958" classname="Rules_methods" name="windowLength_works_correctly"/>
    <testcase time="0.0150000000000006" classname="Rules_methods" name="windowLength_works_correctly"/>
    <testcase time="0.0130000000000052" classname="Rules_methods" name="windowLength_works_correctly"/>
    <testcase time="0.0150000000000006" classname="Rules_methods" name="windowLength_works_correctly"/>
    <testcase time="0.0139999999999958" classname="Rules_methods" name="windowLength_works_correctly"/>
    <testcase time="0.0169999999999959" classname="Rules_methods" name="windowLength_works_correctly"/>
    <testcase time="0.0160000000000053" classname="Rules_methods" name="windowLength_works_correctly"/>
    <testcase time="0.0160000000000053" classname="Rules_methods" name="windowLength_works_correctly"/>
    <testcase time="0.0159999999999911" classname="Rules_methods" name="windowLength_works_correctly"/>
    <testcase time="0.0139999999999958" classname="Rules_methods" name="windowLength_works_correctly"/>
    <testcase time="0.0150000000000006" classname="Rules_methods" name="windowLength_works_correctly"/>
    <testcase time="0.0150000000000006" classname="Rules_methods" name="windowLength_works_correctly"/>
    <testcase time="0.01400000000001" classname="Rules_methods" name="windowLength_works_correctly"/>
    <testcase time="0.0150000000000006" classname="Rules_methods" name="windowLength_works_correctly"/>
    <testcase time="0.0139999999999958" classname="Rules_methods" name="windowLength_works_correctly"/>
    <testcase time="0.0150000000000006" classname="Rules_methods" name="windowLength_works_correctly"/>
    <testcase time="0.0279999999999916" classname="Rules_methods" name="windowLength_works_correctly"/>
    <testcase time="0.0180000000000007" classname="Rules_methods" name="windowLength_works_correctly"/>
    <testcase time="0.0150000000000006" classname="Rules_methods" name="windowLength_works_correctly"/>
    <testcase time="0.01400000000001" classname="Rules_methods" name="windowLength_works_correctly"/>
    <testcase time="0.0150000000000006" classname="Rules_methods" name="windowLength_works_correctly"/>
    <testcase time="0.0159999999999911" classname="Rules_methods" name="windowLength_works_correctly"/>
    <testcase time="0.01400000000001" classname="Rules_methods" name="windowLength_works_correctly"/>
    <testcase time="0.0150000000000006" classname="Rules_methods" name="windowLength_works_correctly"/>
    <testcase time="0.0169999999999959" classname="Rules_methods" name="windowLength_works_correctly"/>
    <testcase time="0.0150000000000006" classname="Rules_methods" name="windowLength_works_correctly"/>
    <testcase time="0.0159999999999911" classname="Rules_methods" name="windowLength_works_correctly"/>
    <testcase time="0.0150000000000006" classname="Rules_methods" name="windowLength_works_correctly"/>
    <testcase time="0.0150000000000006" classname="Rules_methods" name="windowLength_works_correctly"/>
    <testcase time="0.01400000000001" classname="Rules_methods" name="windowLength_works_correctly"/>
    <testcase time="0.0150000000000006" classname="Rules_methods" name="windowLength_works_correctly"/>
    <testcase time="0.0150000000000006" classname="Rules_methods" name="windowLength_works_correctly"/>
    <testcase time="0.0139999999999958" classname="Rules_methods" name="windowLength_works_correctly"/>
    <testcase time="0.0150000000000006" classname="Rules_methods" name="windowLength_works_correctly"/>
    <testcase time="0.0139999999999958" classname="Rules_methods" name="windowLength_works_correctly"/>
    <testcase time="0.0300000000000011" classname="Rules_methods" name="windowLength_works_correctly"/>
    <testcase time="0.0150000000000006" classname="Rules_methods" name="windowLength_works_correctly"/>
    <testcase time="0.0130000000000052" classname="Rules_methods" name="windowLength_works_correctly"/>
    <testcase time="0.0150000000000006" classname="Rules_methods" name="windowLength_works_correctly"/>
    <testcase time="0.012999999999991" classname="Rules_methods" name="windowLength_works_correctly"/>
    <testcase time="0.0139999999999958" classname="Rules_methods" name="windowLength_works_correctly"/>
    <testcase time="0.0150000000000006" classname="Rules_methods" name="windowLength_works_correctly"/>
    <testcase time="0.01400000000001" classname="Rules_methods" name="windowLength_works_correctly"/>
    <testcase time="0.0139999999999958" classname="Rules_methods" name="windowLength_works_correctly"/>
    <testcase time="0.0150000000000006" classname="Rules_methods" name="windowLength_works_correctly"/>
    <testcase time="0.0139999999999958" classname="Rules_methods" name="windowLength_works_correctly"/>
    <testcase time="0.01400000000001" classname="Rules_methods" name="windowLength_works_correctly"/>
    <testcase time="0.0130000000000052" classname="Rules_methods" name="windowLength_works_correctly"/>
    <testcase time="0.0189999999999912" classname="Rules_methods" name="report_label_slot_available_for_StoppingSpecificDose"/>
    <testcase time="0.0230000000000103" classname="Rules_methods" name="tidy_IncrementsRelative_works_correctly">
      <skipped message="Reason: On CRAN ('test-Rules-methods.R:4232:3')"/>
    </testcase>
    <testcase time="0.0319999999999965" classname="Rules_methods" name="tidy_CohortSizeDLT_works_correctly">
      <skipped message="Reason: On CRAN ('test-Rules-methods.R:4238:3')"/>
    </testcase>
    <testcase time="0.0520000000000067" classname="Rules_methods" name="tidy_CohortSizeMin_works_correctly">
      <skipped message="Reason: On CRAN ('test-Rules-methods.R:4244:3')"/>
    </testcase>
    <testcase time="0.0360000000000014" classname="Rules_methods" name="tidy_CohortSizeMax_works_correctly">
      <skipped message="Reason: On CRAN ('test-Rules-methods.R:4250:3')"/>
    </testcase>
    <testcase time="0.0319999999999965" classname="Rules_methods" name="tidy_CohortSizeRange_works_correctly">
      <skipped message="Reason: On CRAN ('test-Rules-methods.R:4256:3')"/>
    </testcase>
    <testcase time="0.0280000000000058" classname="Rules_methods" name="tidy_CohortSizeParts_works_correctly">
      <skipped message="Reason: On CRAN ('test-Rules-methods.R:4263:3')"/>
    </testcase>
    <testcase time="0.0390000000000015" classname="Rules_methods" name="tidy_IncrementsMin_works_correctly">
      <skipped message="Reason: On CRAN ('test-Rules-methods.R:4269:3')"/>
    </testcase>
    <testcase time="0.0330000000000013" classname="Rules_methods" name="tidy_IncrementsRelative_works_correctly">
      <skipped message="Reason: On CRAN ('test-Rules-methods.R:4275:3')"/>
    </testcase>
    <testcase time="0.0289999999999964" classname="Rules_methods" name="tidy_IncrementsRelativeParts_works_correctly">
      <skipped message="Reason: On CRAN ('test-Rules-methods.R:4281:3')"/>
    </testcase>
    <testcase time="0.0319999999999965" classname="Rules_methods" name="tidy_NextBestNCRM_works_correctly"/>
    <testcase time="0.0250000000000057" classname="Rules_methods" name="tidy_NextBestNCRMLoss_works_correctly">
      <skipped message="Reason: On CRAN ('test-Rules-methods.R:4301:3')"/>
    </testcase>
    <testcase time="0.0339999999999918" classname="Rules_methods" name="tidy_IncrementsRelativeDLT_works_correctly"/>
  </testsuite>
  <testsuite name="Rules-validity" timestamp="2024-10-07T08:40:57Z" hostname="18e134b69287" tests="328" skipped="0" failures="0" errors="0" time="1.872">
    <testcase time="0.0420000000000016" classname="Rules_validity" name="v_next_best_mtd_passes_for_valid_object"/>
    <testcase time="0.00799999999999557" classname="Rules_validity" name="v_next_best_mtd_returns_message_for_non_valid_target"/>
    <testcase time="0.00400000000000489" classname="Rules_validity" name="v_next_best_mtd_returns_message_for_non_valid_target"/>
    <testcase time="0.00400000000000489" classname="Rules_validity" name="v_next_best_mtd_returns_message_for_non_valid_target"/>
    <testcase time="0.00300000000000011" classname="Rules_validity" name="v_next_best_mtd_returns_message_for_non_valid_target"/>
    <testcase time="0.00799999999999557" classname="Rules_validity" name="v_next_best_mtd_returns_message_for_non_valid_derive"/>
    <testcase time="0.00300000000000011" classname="Rules_validity" name="v_next_best_mtd_returns_message_for_non_valid_derive"/>
    <testcase time="0.00799999999999557" classname="Rules_validity" name="v_next_best_ncrm_passes_for_valid_object"/>
    <testcase time="0.00400000000000489" classname="Rules_validity" name="v_next_best_ncrm_passes_for_valid_object"/>
    <testcase time="0.007000000000005" classname="Rules_validity" name="v_next_best_ncrm_returns_message_for_non_valid_target"/>
    <testcase time="0.00300000000000011" classname="Rules_validity" name="v_next_best_ncrm_returns_message_for_non_valid_target"/>
    <testcase time="0.00399999999999068" classname="Rules_validity" name="v_next_best_ncrm_returns_message_for_non_valid_target"/>
    <testcase time="0.00300000000000011" classname="Rules_validity" name="v_next_best_ncrm_returns_message_for_non_valid_target"/>
    <testcase time="0.007000000000005" classname="Rules_validity" name="v_next_best_ncrm_returns_message_for_non_valid_overdose"/>
    <testcase time="0.00399999999999068" classname="Rules_validity" name="v_next_best_ncrm_returns_message_for_non_valid_overdose"/>
    <testcase time="0.00300000000000011" classname="Rules_validity" name="v_next_best_ncrm_returns_message_for_non_valid_overdose"/>
    <testcase time="0.00300000000000011" classname="Rules_validity" name="v_next_best_ncrm_returns_message_for_non_valid_overdose"/>
    <testcase time="0.007000000000005" classname="Rules_validity" name="v_next_best_ncrm_returns_message_for_non_valid_max_overdose_prob"/>
    <testcase time="0.00400000000000489" classname="Rules_validity" name="v_next_best_ncrm_returns_message_for_non_valid_max_overdose_prob"/>
    <testcase time="0.00300000000000011" classname="Rules_validity" name="v_next_best_ncrm_returns_message_for_non_valid_max_overdose_prob"/>
    <testcase time="0.00300000000000011" classname="Rules_validity" name="v_next_best_ncrm_returns_message_for_non_valid_max_overdose_prob"/>
    <testcase time="0.00799999999999557" classname="Rules_validity" name="v_next_best_ncrm_loss_passes_for_valid_object"/>
    <testcase time="0.00499999999999545" classname="Rules_validity" name="v_next_best_ncrm_loss_passes_for_valid_object"/>
    <testcase time="0.00400000000000489" classname="Rules_validity" name="v_next_best_ncrm_loss_passes_for_valid_object"/>
    <testcase time="0.00799999999999557" classname="Rules_validity" name="v_next_best_ncrm_loss_returns_message_for_non_valid_target"/>
    <testcase time="0.00300000000000011" classname="Rules_validity" name="v_next_best_ncrm_loss_returns_message_for_non_valid_target"/>
    <testcase time="0.00400000000000489" classname="Rules_validity" name="v_next_best_ncrm_loss_returns_message_for_non_valid_target"/>
    <testcase time="0.00400000000000489" classname="Rules_validity" name="v_next_best_ncrm_loss_returns_message_for_non_valid_target"/>
    <testcase time="0.00300000000000011" classname="Rules_validity" name="v_next_best_ncrm_loss_returns_message_for_non_valid_target"/>
    <testcase time="0.00799999999999557" classname="Rules_validity" name="v_next_best_ncrm_loss_returns_message_for_non_valid_overdose"/>
    <testcase time="0.00400000000000489" classname="Rules_validity" name="v_next_best_ncrm_loss_returns_message_for_non_valid_overdose"/>
    <testcase time="0.00300000000000011" classname="Rules_validity" name="v_next_best_ncrm_loss_returns_message_for_non_valid_overdose"/>
    <testcase time="0.00399999999999068" classname="Rules_validity" name="v_next_best_ncrm_loss_returns_message_for_non_valid_overdose"/>
    <testcase time="0.007000000000005" classname="Rules_validity" name="v_next_best_ncrm_loss_returns_message_for_non_valid_unacceptable"/>
    <testcase time="0.00400000000000489" classname="Rules_validity" name="v_next_best_ncrm_loss_returns_message_for_non_valid_unacceptable"/>
    <testcase time="0.00399999999999068" classname="Rules_validity" name="v_next_best_ncrm_loss_returns_message_for_non_valid_unacceptable"/>
    <testcase time="0.00300000000000011" classname="Rules_validity" name="v_next_best_ncrm_loss_returns_message_for_non_valid_unacceptable"/>
    <testcase time="0.00900000000000034" classname="Rules_validity" name="v_next_best_ncrm_loss_returns_message_for_wrong_overdose_unacceptable_relation"/>
    <testcase time="0.00799999999999557" classname="Rules_validity" name="v_next_best_ncrm_loss_returns_message_for_wrong_losses"/>
    <testcase time="0.00300000000000011" classname="Rules_validity" name="v_next_best_ncrm_loss_returns_message_for_wrong_losses"/>
    <testcase time="0.00400000000000489" classname="Rules_validity" name="v_next_best_ncrm_loss_returns_message_for_wrong_losses"/>
    <testcase time="0.007000000000005" classname="Rules_validity" name="v_next_best_dual_endpoint_passes_for_valid_object"/>
    <testcase time="0.00399999999999068" classname="Rules_validity" name="v_next_best_dual_endpoint_passes_for_valid_object"/>
    <testcase time="0.00400000000000489" classname="Rules_validity" name="v_next_best_dual_endpoint_passes_for_valid_object"/>
    <testcase time="0.00799999999999557" classname="Rules_validity" name="v_next_best_dual_endpoint_returns_message_for_non_valid_target_relative_"/>
    <testcase time="0.00300000000000011" classname="Rules_validity" name="v_next_best_dual_endpoint_returns_message_for_non_valid_target_relative_"/>
    <testcase time="0.00400000000000489" classname="Rules_validity" name="v_next_best_dual_endpoint_returns_message_for_non_valid_target_relative_"/>
    <testcase time="0.00300000000000011" classname="Rules_validity" name="v_next_best_dual_endpoint_returns_message_for_non_valid_target_relative_"/>
    <testcase time="0.00799999999999557" classname="Rules_validity" name="v_next_best_dual_endpoint_returns_message_for_non_valid_target_absolute_"/>
    <testcase time="0.00300000000000011" classname="Rules_validity" name="v_next_best_dual_endpoint_returns_message_for_non_valid_target_absolute_"/>
    <testcase time="0.00400000000000489" classname="Rules_validity" name="v_next_best_dual_endpoint_returns_message_for_non_valid_target_absolute_"/>
    <testcase time="0.00799999999999557" classname="Rules_validity" name="v_next_best_dual_endpoint_returns_message_for_non_valid_target_relative_flag"/>
    <testcase time="0.007000000000005" classname="Rules_validity" name="v_next_best_dual_endpoint_returns_message_for_non_valid_overdose"/>
    <testcase time="0.00400000000000489" classname="Rules_validity" name="v_next_best_dual_endpoint_returns_message_for_non_valid_overdose"/>
    <testcase time="0.00300000000000011" classname="Rules_validity" name="v_next_best_dual_endpoint_returns_message_for_non_valid_overdose"/>
    <testcase time="0.00399999999999068" classname="Rules_validity" name="v_next_best_dual_endpoint_returns_message_for_non_valid_overdose"/>
    <testcase time="0.007000000000005" classname="Rules_validity" name="v_next_best_dual_endpoint_returns_message_for_non_valid_max_overdose_prob"/>
    <testcase time="0.00400000000000489" classname="Rules_validity" name="v_next_best_dual_endpoint_returns_message_for_non_valid_max_overdose_prob"/>
    <testcase time="0.00300000000000011" classname="Rules_validity" name="v_next_best_dual_endpoint_returns_message_for_non_valid_max_overdose_prob"/>
    <testcase time="0.00399999999999068" classname="Rules_validity" name="v_next_best_dual_endpoint_returns_message_for_non_valid_max_overdose_prob"/>
    <testcase time="0.007000000000005" classname="Rules_validity" name="v_next_best_dual_endpoint_returns_message_for_non_valid_target_thresh"/>
    <testcase time="0.00400000000000489" classname="Rules_validity" name="v_next_best_dual_endpoint_returns_message_for_non_valid_target_thresh"/>
    <testcase time="0.00399999999999068" classname="Rules_validity" name="v_next_best_dual_endpoint_returns_message_for_non_valid_target_thresh"/>
    <testcase time="0.007000000000005" classname="Rules_validity" name="v_next_best_min_dist_passes_for_valid_object"/>
    <testcase time="0.00699999999999079" classname="Rules_validity" name="v_next_best_min_dist_returns_message_for_non_valid_target"/>
    <testcase time="0.00300000000000011" classname="Rules_validity" name="v_next_best_min_dist_returns_message_for_non_valid_target"/>
    <testcase time="0.00400000000000489" classname="Rules_validity" name="v_next_best_min_dist_returns_message_for_non_valid_target"/>
    <testcase time="0.00300000000000011" classname="Rules_validity" name="v_next_best_min_dist_returns_message_for_non_valid_target"/>
    <testcase time="0.007000000000005" classname="Rules_validity" name="v_next_best_inf_theory_passes_for_valid_object"/>
    <testcase time="0.00699999999999079" classname="Rules_validity" name="v_next_best_inf_theory_returns_message_for_non_valid_target"/>
    <testcase time="0.0130000000000052" classname="Rules_validity" name="v_next_best_inf_theory_returns_message_for_non_valid_target"/>
    <testcase time="0.00499999999999545" classname="Rules_validity" name="v_next_best_inf_theory_returns_message_for_non_valid_target"/>
    <testcase time="0.00500000000000966" classname="Rules_validity" name="v_next_best_inf_theory_returns_message_for_non_valid_target"/>
    <testcase time="0.00999999999999091" classname="Rules_validity" name="v_next_best_inf_theory_returns_message_for_non_valid_asymmetry"/>
    <testcase time="0.00400000000000489" classname="Rules_validity" name="v_next_best_inf_theory_returns_message_for_non_valid_asymmetry"/>
    <testcase time="0.00300000000000011" classname="Rules_validity" name="v_next_best_inf_theory_returns_message_for_non_valid_asymmetry"/>
    <testcase time="0.00400000000000489" classname="Rules_validity" name="v_next_best_inf_theory_returns_message_for_non_valid_asymmetry"/>
    <testcase time="0.00699999999999079" classname="Rules_validity" name="v_next_best_td_passes_for_valid_object"/>
    <testcase time="0.00800000000000978" classname="Rules_validity" name="v_next_best_td_returns_message_for_non_valid_prob_target_drt"/>
    <testcase time="0.00300000000000011" classname="Rules_validity" name="v_next_best_td_returns_message_for_non_valid_prob_target_drt"/>
    <testcase time="0.00399999999999068" classname="Rules_validity" name="v_next_best_td_returns_message_for_non_valid_prob_target_drt"/>
    <testcase time="0.00300000000000011" classname="Rules_validity" name="v_next_best_td_returns_message_for_non_valid_prob_target_drt"/>
    <testcase time="0.00800000000000978" classname="Rules_validity" name="v_next_best_td_returns_message_for_non_valid_prob_target_eot"/>
    <testcase time="0.00300000000000011" classname="Rules_validity" name="v_next_best_td_returns_message_for_non_valid_prob_target_eot"/>
    <testcase time="0.00399999999999068" classname="Rules_validity" name="v_next_best_td_returns_message_for_non_valid_prob_target_eot"/>
    <testcase time="0.00300000000000011" classname="Rules_validity" name="v_next_best_td_returns_message_for_non_valid_prob_target_eot"/>
    <testcase time="0.00799999999999557" classname="Rules_validity" name="v_next_best_td_samples_passes_for_valid_object"/>
    <testcase time="0.00900000000000034" classname="Rules_validity" name="v_next_best_td_samples_returns_message_for_non_valid_derive"/>
    <testcase time="0.00300000000000011" classname="Rules_validity" name="v_next_best_td_samples_returns_message_for_non_valid_derive"/>
    <testcase time="0.00900000000000034" classname="Rules_validity" name="v_next_best_max_gain_samples_passes_for_valid_object"/>
    <testcase time="0.00900000000000034" classname="Rules_validity" name="v_next_best_max_gain_samples_returns_message_for_non_valid_derive"/>
    <testcase time="0.00300000000000011" classname="Rules_validity" name="v_next_best_max_gain_samples_returns_message_for_non_valid_derive"/>
    <testcase time="0.00900000000000034" classname="Rules_validity" name="v_next_best_max_gain_samples_returns_message_for_non_valid_mg_derive"/>
    <testcase time="0.00300000000000011" classname="Rules_validity" name="v_next_best_max_gain_samples_returns_message_for_non_valid_mg_derive"/>
    <testcase time="0.007000000000005" classname="Rules_validity" name="v_next_best_prob_mtd_lte_passes_for_valid_object"/>
    <testcase time="0.00799999999999557" classname="Rules_validity" name="v_next_best_prob_mtd_lte_returns_message_for_non_valid_target"/>
    <testcase time="0.00300000000000011" classname="Rules_validity" name="v_next_best_prob_mtd_lte_returns_message_for_non_valid_target"/>
    <testcase time="0.00400000000000489" classname="Rules_validity" name="v_next_best_prob_mtd_lte_returns_message_for_non_valid_target"/>
    <testcase time="0.00300000000000011" classname="Rules_validity" name="v_next_best_prob_mtd_lte_returns_message_for_non_valid_target"/>
    <testcase time="0.00799999999999557" classname="Rules_validity" name="v_next_best_prob_mtd_min_dist_passes_for_valid_object"/>
    <testcase time="0.00800000000000978" classname="Rules_validity" name="v_next_best_prob_mtd_min_dist_returns_message_for_non_valid_target"/>
    <testcase time="0.00300000000000011" classname="Rules_validity" name="v_next_best_prob_mtd_min_dist_returns_message_for_non_valid_target"/>
    <testcase time="0.00399999999999068" classname="Rules_validity" name="v_next_best_prob_mtd_min_dist_returns_message_for_non_valid_target"/>
    <testcase time="0.00300000000000011" classname="Rules_validity" name="v_next_best_prob_mtd_min_dist_returns_message_for_non_valid_target"/>
    <testcase time="0.00800000000000978" classname="Rules_validity" name="v_increments_relative_passes_for_valid_object"/>
    <testcase time="0.00699999999999079" classname="Rules_validity" name="v_increments_relative_returns_message_for_non_valid_intervals"/>
    <testcase time="0.00400000000000489" classname="Rules_validity" name="v_increments_relative_returns_message_for_non_valid_intervals"/>
    <testcase time="0.00300000000000011" classname="Rules_validity" name="v_increments_relative_returns_message_for_non_valid_intervals"/>
    <testcase time="0.00699999999999079" classname="Rules_validity" name="v_increments_relative_returns_message_for_non_valid_increments"/>
    <testcase time="0.00400000000000489" classname="Rules_validity" name="v_increments_relative_returns_message_for_non_valid_increments"/>
    <testcase time="0.00799999999999557" classname="Rules_validity" name="v_increments_relative_parts_passes_for_valid_object"/>
    <testcase time="0.00800000000000978" classname="Rules_validity" name="v_increments_relative_parts_returns_message_for_non_valid_dlt_start"/>
    <testcase time="0.00399999999999068" classname="Rules_validity" name="v_increments_relative_parts_returns_message_for_non_valid_dlt_start"/>
    <testcase time="0.00900000000000034" classname="Rules_validity" name="v_increments_relative_parts_returns_message_for_non_valid_clean_start"/>
    <testcase time="0.00400000000000489" classname="Rules_validity" name="v_increments_relative_parts_returns_message_for_non_valid_clean_start"/>
    <testcase time="0.00300000000000011" classname="Rules_validity" name="v_increments_relative_parts_returns_message_for_non_valid_clean_start"/>
    <testcase time="0.00799999999999557" classname="Rules_validity" name="v_increments_relative_dlt_passes_for_valid_object"/>
    <testcase time="0.00800000000000978" classname="Rules_validity" name="v_increments_relative_dlt_returns_message_for_non_valid_intervals"/>
    <testcase time="0.00399999999999068" classname="Rules_validity" name="v_increments_relative_dlt_returns_message_for_non_valid_intervals"/>
    <testcase time="0.00300000000000011" classname="Rules_validity" name="v_increments_relative_dlt_returns_message_for_non_valid_intervals"/>
    <testcase time="0.00800000000000978" classname="Rules_validity" name="v_increments_relative_dlt_returns_message_for_non_valid_increments"/>
    <testcase time="0.00300000000000011" classname="Rules_validity" name="v_increments_relative_dlt_returns_message_for_non_valid_increments"/>
    <testcase time="0.00699999999999079" classname="Rules_validity" name="v_increments_dose_levels_passes_for_valid_object"/>
    <testcase time="0.00500000000000966" classname="Rules_validity" name="v_increments_dose_levels_passes_for_valid_object"/>
    <testcase time="0.00399999999999068" classname="Rules_validity" name="v_increments_dose_levels_passes_for_valid_object"/>
    <testcase time="0.007000000000005" classname="Rules_validity" name="v_increments_dose_levels_returns_message_for_non_valid_levels"/>
    <testcase time="0.00400000000000489" classname="Rules_validity" name="v_increments_dose_levels_returns_message_for_non_valid_levels"/>
    <testcase time="0.00300000000000011" classname="Rules_validity" name="v_increments_dose_levels_returns_message_for_non_valid_levels"/>
    <testcase time="0.00799999999999557" classname="Rules_validity" name="v_increments_dose_levels_returns_message_for_non_valid_basis_level"/>
    <testcase time="0.00300000000000011" classname="Rules_validity" name="v_increments_dose_levels_returns_message_for_non_valid_basis_level"/>
    <testcase time="0.00400000000000489" classname="Rules_validity" name="v_increments_dose_levels_returns_message_for_non_valid_basis_level"/>
    <testcase time="0.00799999999999557" classname="Rules_validity" name="v_increments_hsr_beta_passes_for_valid_object"/>
    <testcase time="0.00399999999999068" classname="Rules_validity" name="v_increments_hsr_beta_passes_for_valid_object"/>
    <testcase time="0.00800000000000978" classname="Rules_validity" name="v_increments_hsr_beta_returns_expected_messages_for_non_valid_target"/>
    <testcase time="0.00399999999999068" classname="Rules_validity" name="v_increments_hsr_beta_returns_expected_messages_for_non_valid_target"/>
    <testcase time="0.00400000000000489" classname="Rules_validity" name="v_increments_hsr_beta_returns_expected_messages_for_non_valid_target"/>
    <testcase time="0.00300000000000011" classname="Rules_validity" name="v_increments_hsr_beta_returns_expected_messages_for_non_valid_target"/>
    <testcase time="0.00799999999999557" classname="Rules_validity" name="v_increments_hsr_beta_returns_expected_messages_for_non_valid_prob"/>
    <testcase time="0.0120000000000005" classname="Rules_validity" name="v_increments_hsr_beta_returns_expected_messages_for_non_valid_prob"/>
    <testcase time="0.007000000000005" classname="Rules_validity" name="v_increments_hsr_beta_returns_expected_messages_for_non_valid_prob"/>
    <testcase time="0.00600000000000023" classname="Rules_validity" name="v_increments_hsr_beta_returns_expected_messages_for_non_valid_prob"/>
    <testcase time="0.0100000000000051" classname="Rules_validity" name="v_increments_hsr_beta_returns_expected_messages_for_non_valid_beta_parameters"/>
    <testcase time="0.00399999999999068" classname="Rules_validity" name="v_increments_hsr_beta_returns_expected_messages_for_non_valid_beta_parameters"/>
    <testcase time="0.00800000000000978" classname="Rules_validity" name="v_increments_min_passes_for_valid_object"/>
    <testcase time="0.00900000000000034" classname="Rules_validity" name="v_increments_min_returns_expected_messages_for_non_valid_object"/>
    <testcase time="0.00699999999999079" classname="Rules_validity" name="v_stopping_cohorts_near_dose_passes_for_valid_object"/>
    <testcase time="0.00600000000000023" classname="Rules_validity" name="v_stopping_cohorts_near_dose_passes_for_valid_object"/>
    <testcase time="0.00500000000000966" classname="Rules_validity" name="v_stopping_cohorts_near_dose_passes_for_valid_object"/>
    <testcase time="0.00399999999999068" classname="Rules_validity" name="v_stopping_cohorts_near_dose_passes_for_valid_object"/>
    <testcase time="0.007000000000005" classname="Rules_validity" name="v_stopping_cohorts_near_dose_returns_message_for_non_valid_nCohorts"/>
    <testcase time="0.00399999999999068" classname="Rules_validity" name="v_stopping_cohorts_near_dose_returns_message_for_non_valid_nCohorts"/>
    <testcase time="0.00400000000000489" classname="Rules_validity" name="v_stopping_cohorts_near_dose_returns_message_for_non_valid_nCohorts"/>
    <testcase time="0.007000000000005" classname="Rules_validity" name="v_stopping_cohorts_near_dose_returns_message_for_non_valid_percentage"/>
    <testcase time="0.00399999999999068" classname="Rules_validity" name="v_stopping_cohorts_near_dose_returns_message_for_non_valid_percentage"/>
    <testcase time="0.00300000000000011" classname="Rules_validity" name="v_stopping_cohorts_near_dose_returns_message_for_non_valid_percentage"/>
    <testcase time="0.00400000000000489" classname="Rules_validity" name="v_stopping_cohorts_near_dose_returns_message_for_non_valid_percentage"/>
    <testcase time="0.007000000000005" classname="Rules_validity" name="v_stopping_patients_near_dose_passes_for_valid_object"/>
    <testcase time="0.00499999999999545" classname="Rules_validity" name="v_stopping_patients_near_dose_passes_for_valid_object"/>
    <testcase time="0.00400000000000489" classname="Rules_validity" name="v_stopping_patients_near_dose_passes_for_valid_object"/>
    <testcase time="0.00399999999999068" classname="Rules_validity" name="v_stopping_patients_near_dose_passes_for_valid_object"/>
    <testcase time="0.00900000000000034" classname="Rules_validity" name="v_stopping_patients_near_dose_returns_message_for_non_valid_nPatients"/>
    <testcase time="0.00500000000000966" classname="Rules_validity" name="v_stopping_patients_near_dose_returns_message_for_non_valid_nPatients"/>
    <testcase time="0.00399999999999068" classname="Rules_validity" name="v_stopping_patients_near_dose_returns_message_for_non_valid_nPatients"/>
    <testcase time="0.007000000000005" classname="Rules_validity" name="v_stopping_patients_near_dose_returns_message_for_non_valid_percentage"/>
    <testcase time="0.00499999999999545" classname="Rules_validity" name="v_stopping_patients_near_dose_returns_message_for_non_valid_percentage"/>
    <testcase time="0.00400000000000489" classname="Rules_validity" name="v_stopping_patients_near_dose_returns_message_for_non_valid_percentage"/>
    <testcase time="0.00400000000000489" classname="Rules_validity" name="v_stopping_patients_near_dose_returns_message_for_non_valid_percentage"/>
    <testcase time="0.00799999999999557" classname="Rules_validity" name="v_stopping_min_cohorts_passes_for_valid_object"/>
    <testcase time="0.007000000000005" classname="Rules_validity" name="v_stopping_min_cohorts_returns_message_for_non_valid_nCohorts"/>
    <testcase time="0.00399999999999068" classname="Rules_validity" name="v_stopping_min_cohorts_returns_message_for_non_valid_nCohorts"/>
    <testcase time="0.00400000000000489" classname="Rules_validity" name="v_stopping_min_cohorts_returns_message_for_non_valid_nCohorts"/>
    <testcase time="0.007000000000005" classname="Rules_validity" name="v_stopping_min_patients_passes_for_valid_object"/>
    <testcase time="0.00799999999999557" classname="Rules_validity" name="v_stopping_min_patients_returns_message_for_non_valid_nPatients"/>
    <testcase time="0.00400000000000489" classname="Rules_validity" name="v_stopping_min_patients_returns_message_for_non_valid_nPatients"/>
    <testcase time="0.00399999999999068" classname="Rules_validity" name="v_stopping_min_patients_returns_message_for_non_valid_nPatients"/>
    <testcase time="0.007000000000005" classname="Rules_validity" name="v_stopping_target_prob_passes_for_valid_object"/>
    <testcase time="0.00499999999999545" classname="Rules_validity" name="v_stopping_target_prob_passes_for_valid_object"/>
    <testcase time="0.007000000000005" classname="Rules_validity" name="v_stopping_target_prob_returns_message_for_non_valid_target"/>
    <testcase time="0.00399999999999068" classname="Rules_validity" name="v_stopping_target_prob_returns_message_for_non_valid_target"/>
    <testcase time="0.00400000000000489" classname="Rules_validity" name="v_stopping_target_prob_returns_message_for_non_valid_target"/>
    <testcase time="0.00400000000000489" classname="Rules_validity" name="v_stopping_target_prob_returns_message_for_non_valid_target"/>
    <testcase time="0.00699999999999079" classname="Rules_validity" name="v_stopping_target_prob_returns_message_for_non_valid_prob"/>
    <testcase time="0.00400000000000489" classname="Rules_validity" name="v_stopping_target_prob_returns_message_for_non_valid_prob"/>
    <testcase time="0.00400000000000489" classname="Rules_validity" name="v_stopping_target_prob_returns_message_for_non_valid_prob"/>
    <testcase time="0.00399999999999068" classname="Rules_validity" name="v_stopping_target_prob_returns_message_for_non_valid_prob"/>
    <testcase time="0.00800000000000978" classname="Rules_validity" name="v_stopping_mtd_distribution_passes_for_valid_object"/>
    <testcase time="0.00900000000000034" classname="Rules_validity" name="v_stopping_mtd_distribution_returns_message_for_non_valid_target"/>
    <testcase time="0.00399999999999068" classname="Rules_validity" name="v_stopping_mtd_distribution_returns_message_for_non_valid_target"/>
    <testcase time="0.00400000000000489" classname="Rules_validity" name="v_stopping_mtd_distribution_returns_message_for_non_valid_target"/>
    <testcase time="0.00399999999999068" classname="Rules_validity" name="v_stopping_mtd_distribution_returns_message_for_non_valid_target"/>
    <testcase time="0.00800000000000978" classname="Rules_validity" name="v_stopping_mtd_distribution_returns_message_for_non_valid_thresh"/>
    <testcase time="0.00399999999999068" classname="Rules_validity" name="v_stopping_mtd_distribution_returns_message_for_non_valid_thresh"/>
    <testcase time="0.00500000000000966" classname="Rules_validity" name="v_stopping_mtd_distribution_returns_message_for_non_valid_thresh"/>
    <testcase time="0.00399999999999068" classname="Rules_validity" name="v_stopping_mtd_distribution_returns_message_for_non_valid_thresh"/>
    <testcase time="0.00800000000000978" classname="Rules_validity" name="v_stopping_mtd_distribution_returns_message_for_non_valid_prob"/>
    <testcase time="0.00399999999999068" classname="Rules_validity" name="v_stopping_mtd_distribution_returns_message_for_non_valid_prob"/>
    <testcase time="0.00500000000000966" classname="Rules_validity" name="v_stopping_mtd_distribution_returns_message_for_non_valid_prob"/>
    <testcase time="0.00399999999999068" classname="Rules_validity" name="v_stopping_mtd_distribution_returns_message_for_non_valid_prob"/>
    <testcase time="0.00799999999999557" classname="Rules_validity" name="v_stopping_mtd_cv_passes_for_valid_object"/>
    <testcase time="0.00500000000000966" classname="Rules_validity" name="v_stopping_mtd_cv_passes_for_valid_object"/>
    <testcase time="0.00900000000000034" classname="Rules_validity" name="v_stopping_mtd_cv_returns_message_for_non_valid_target"/>
    <testcase time="0.00399999999999068" classname="Rules_validity" name="v_stopping_mtd_cv_returns_message_for_non_valid_target"/>
    <testcase time="0.00400000000000489" classname="Rules_validity" name="v_stopping_mtd_cv_returns_message_for_non_valid_target"/>
    <testcase time="0.0150000000000006" classname="Rules_validity" name="v_stopping_mtd_cv_returns_message_for_non_valid_target"/>
    <testcase time="0.0130000000000052" classname="Rules_validity" name="v_stopping_mtd_cv_returns_message_for_non_valid_thresh_cv"/>
    <testcase time="0.00600000000000023" classname="Rules_validity" name="v_stopping_mtd_cv_returns_message_for_non_valid_thresh_cv"/>
    <testcase time="0.00499999999999545" classname="Rules_validity" name="v_stopping_mtd_cv_returns_message_for_non_valid_thresh_cv"/>
    <testcase time="0.00400000000000489" classname="Rules_validity" name="v_stopping_mtd_cv_returns_message_for_non_valid_thresh_cv"/>
    <testcase time="0.00499999999999545" classname="Rules_validity" name="v_stopping_mtd_cv_returns_message_for_non_valid_thresh_cv"/>
    <testcase time="0.00799999999999557" classname="Rules_validity" name="v_stopping_target_biomarker_passes_for_valid_object"/>
    <testcase time="0.00500000000000966" classname="Rules_validity" name="v_stopping_target_biomarker_passes_for_valid_object"/>
    <testcase time="0.00500000000000966" classname="Rules_validity" name="v_stopping_target_biomarker_passes_for_valid_object"/>
    <testcase time="0.00799999999999557" classname="Rules_validity" name="v_stopping_target_biomarker_returns_expected_messages_for_non_valid_target_relative_"/>
    <testcase time="0.00499999999999545" classname="Rules_validity" name="v_stopping_target_biomarker_returns_expected_messages_for_non_valid_target_relative_"/>
    <testcase time="0.00400000000000489" classname="Rules_validity" name="v_stopping_target_biomarker_returns_expected_messages_for_non_valid_target_relative_"/>
    <testcase time="0.00499999999999545" classname="Rules_validity" name="v_stopping_target_biomarker_returns_expected_messages_for_non_valid_target_relative_"/>
    <testcase time="0.00799999999999557" classname="Rules_validity" name="v_stopping_target_biomarker_returns_expected_messages_for_non_valid_target_absolute_"/>
    <testcase time="0.00500000000000966" classname="Rules_validity" name="v_stopping_target_biomarker_returns_expected_messages_for_non_valid_target_absolute_"/>
    <testcase time="0.00399999999999068" classname="Rules_validity" name="v_stopping_target_biomarker_returns_expected_messages_for_non_valid_target_absolute_"/>
    <testcase time="0.00800000000000978" classname="Rules_validity" name="v_stopping_target_biomarker_returns_expected_messages_for_non_valid_is_relative"/>
    <testcase time="0.00499999999999545" classname="Rules_validity" name="v_stopping_target_biomarker_returns_expected_messages_for_non_valid_is_relative"/>
    <testcase time="0.00799999999999557" classname="Rules_validity" name="v_stopping_target_biomarker_returns_expected_messages_for_non_valid_prob"/>
    <testcase time="0.00500000000000966" classname="Rules_validity" name="v_stopping_target_biomarker_returns_expected_messages_for_non_valid_prob"/>
    <testcase time="0.00399999999999068" classname="Rules_validity" name="v_stopping_target_biomarker_returns_expected_messages_for_non_valid_prob"/>
    <testcase time="0.00500000000000966" classname="Rules_validity" name="v_stopping_target_biomarker_returns_expected_messages_for_non_valid_prob"/>
    <testcase time="0.00999999999999091" classname="Rules_validity" name="v_stopping_list_passes_for_valid_object"/>
    <testcase time="0.0100000000000051" classname="Rules_validity" name="v_stopping_list_returns_expected_messages_for_non_valid_stop_list"/>
    <testcase time="0.00600000000000023" classname="Rules_validity" name="v_stopping_list_returns_expected_messages_for_non_valid_stop_list"/>
    <testcase time="0.0100000000000051" classname="Rules_validity" name="v_stopping_list_returns_expected_messages_for_non_valid_summary_args_"/>
    <testcase time="0.00499999999999545" classname="Rules_validity" name="v_stopping_list_returns_expected_messages_for_non_valid_summary_args_"/>
    <testcase time="0.00400000000000489" classname="Rules_validity" name="v_stopping_list_returns_expected_messages_for_non_valid_summary_args_"/>
    <testcase time="0.0100000000000051" classname="Rules_validity" name="v_stopping_list_returns_expected_messages_for_non_valid_summary_output_"/>
    <testcase time="0.00400000000000489" classname="Rules_validity" name="v_stopping_list_returns_expected_messages_for_non_valid_summary_output_"/>
    <testcase time="0.0109999999999957" classname="Rules_validity" name="v_stopping_all_passes_for_valid_object"/>
    <testcase time="0.00999999999999091" classname="Rules_validity" name="v_stopping_all_returns_expected_messages_for_non_valid_stop_list"/>
    <testcase time="0.00400000000000489" classname="Rules_validity" name="v_stopping_all_returns_expected_messages_for_non_valid_stop_list"/>
    <testcase time="0.00900000000000034" classname="Rules_validity" name="v_stopping_tdci_ratio_passes_for_valid_object"/>
    <testcase time="0.00499999999999545" classname="Rules_validity" name="v_stopping_tdci_ratio_passes_for_valid_object"/>
    <testcase time="0.00500000000000966" classname="Rules_validity" name="v_stopping_tdci_ratio_passes_for_valid_object"/>
    <testcase time="0.00799999999999557" classname="Rules_validity" name="v_stopping_tdci_ratio_returns_message_for_non_valid_target_ratio"/>
    <testcase time="0.00400000000000489" classname="Rules_validity" name="v_stopping_tdci_ratio_returns_message_for_non_valid_target_ratio"/>
    <testcase time="0.00499999999999545" classname="Rules_validity" name="v_stopping_tdci_ratio_returns_message_for_non_valid_target_ratio"/>
    <testcase time="0.00799999999999557" classname="Rules_validity" name="v_stopping_tdci_ratio_returns_message_for_non_valid_prob_target"/>
    <testcase time="0.00400000000000489" classname="Rules_validity" name="v_stopping_tdci_ratio_returns_message_for_non_valid_prob_target"/>
    <testcase time="0.00400000000000489" classname="Rules_validity" name="v_stopping_tdci_ratio_returns_message_for_non_valid_prob_target"/>
    <testcase time="0.00799999999999557" classname="Rules_validity" name="v_cohort_size_range_passes_for_valid_object"/>
    <testcase time="0.00499999999999545" classname="Rules_validity" name="v_cohort_size_range_passes_for_valid_object"/>
    <testcase time="0.00400000000000489" classname="Rules_validity" name="v_cohort_size_range_passes_for_valid_object"/>
    <testcase time="0.00799999999999557" classname="Rules_validity" name="v_cohort_size_range_returns_message_for_non_valid_intervals"/>
    <testcase time="0.00400000000000489" classname="Rules_validity" name="v_cohort_size_range_returns_message_for_non_valid_intervals"/>
    <testcase time="0.00400000000000489" classname="Rules_validity" name="v_cohort_size_range_returns_message_for_non_valid_intervals"/>
    <testcase time="0.00399999999999068" classname="Rules_validity" name="v_cohort_size_range_returns_message_for_non_valid_intervals"/>
    <testcase time="0.00400000000000489" classname="Rules_validity" name="v_cohort_size_range_returns_message_for_non_valid_intervals"/>
    <testcase time="0.00499999999999545" classname="Rules_validity" name="v_cohort_size_range_returns_message_for_non_valid_intervals"/>
    <testcase time="0.007000000000005" classname="Rules_validity" name="v_cohort_size_range_returns_message_for_non_valid_cohort_size"/>
    <testcase time="0.00399999999999068" classname="Rules_validity" name="v_cohort_size_range_returns_message_for_non_valid_cohort_size"/>
    <testcase time="0.00400000000000489" classname="Rules_validity" name="v_cohort_size_range_returns_message_for_non_valid_cohort_size"/>
    <testcase time="0.00400000000000489" classname="Rules_validity" name="v_cohort_size_range_returns_message_for_non_valid_cohort_size"/>
    <testcase time="0.00799999999999557" classname="Rules_validity" name="v_cohort_size_dlt_passes_for_valid_object"/>
    <testcase time="0.00499999999999545" classname="Rules_validity" name="v_cohort_size_dlt_passes_for_valid_object"/>
    <testcase time="0.00400000000000489" classname="Rules_validity" name="v_cohort_size_dlt_passes_for_valid_object"/>
    <testcase time="0.00800000000000978" classname="Rules_validity" name="v_cohort_size_dlt_returns_message_for_non_valid_intervals"/>
    <testcase time="0.0139999999999958" classname="Rules_validity" name="v_cohort_size_dlt_returns_message_for_non_valid_intervals"/>
    <testcase time="0.00799999999999557" classname="Rules_validity" name="v_cohort_size_dlt_returns_message_for_non_valid_intervals"/>
    <testcase time="0.007000000000005" classname="Rules_validity" name="v_cohort_size_dlt_returns_message_for_non_valid_intervals"/>
    <testcase time="0.00400000000000489" classname="Rules_validity" name="v_cohort_size_dlt_returns_message_for_non_valid_intervals"/>
    <testcase time="0.00800000000000978" classname="Rules_validity" name="v_cohort_size_dlt_returns_message_for_non_valid_cohort_size"/>
    <testcase time="0.00499999999999545" classname="Rules_validity" name="v_cohort_size_dlt_returns_message_for_non_valid_cohort_size"/>
    <testcase time="0.00400000000000489" classname="Rules_validity" name="v_cohort_size_dlt_returns_message_for_non_valid_cohort_size"/>
    <testcase time="0.00399999999999068" classname="Rules_validity" name="v_cohort_size_dlt_returns_message_for_non_valid_cohort_size"/>
    <testcase time="0.00800000000000978" classname="Rules_validity" name="v_cohort_size_const_passes_for_valid_object"/>
    <testcase time="0.00499999999999545" classname="Rules_validity" name="v_cohort_size_const_passes_for_valid_object"/>
    <testcase time="0.00799999999999557" classname="Rules_validity" name="v_cohort_size_const_returns_message_for_non_valid_size"/>
    <testcase time="0.00400000000000489" classname="Rules_validity" name="v_cohort_size_const_returns_message_for_non_valid_size"/>
    <testcase time="0.00499999999999545" classname="Rules_validity" name="v_cohort_size_const_returns_message_for_non_valid_size"/>
    <testcase time="0.00800000000000978" classname="Rules_validity" name="v_cohort_size_parts_passes_for_valid_object"/>
    <testcase time="0.00499999999999545" classname="Rules_validity" name="v_cohort_size_parts_passes_for_valid_object"/>
    <testcase time="0.00699999999999079" classname="Rules_validity" name="v_cohort_size_parts_returns_message_for_non_valid_cohort_sizes"/>
    <testcase time="0.00400000000000489" classname="Rules_validity" name="v_cohort_size_parts_returns_message_for_non_valid_cohort_sizes"/>
    <testcase time="0.00399999999999068" classname="Rules_validity" name="v_cohort_size_parts_returns_message_for_non_valid_cohort_sizes"/>
    <testcase time="0.00400000000000489" classname="Rules_validity" name="v_cohort_size_parts_returns_message_for_non_valid_cohort_sizes"/>
    <testcase time="0.00400000000000489" classname="Rules_validity" name="v_cohort_size_parts_returns_message_for_non_valid_cohort_sizes"/>
    <testcase time="0.00499999999999545" classname="Rules_validity" name="v_cohort_size_parts_returns_message_for_non_valid_cohort_sizes"/>
    <testcase time="0.00400000000000489" classname="Rules_validity" name="v_cohort_size_parts_returns_message_for_non_valid_cohort_sizes"/>
    <testcase time="0.00799999999999557" classname="Rules_validity" name="v_cohort_size_max_passes_for_valid_object"/>
    <testcase time="0.00600000000000023" classname="Rules_validity" name="v_cohort_size_max_passes_for_valid_object"/>
    <testcase time="0.0100000000000051" classname="Rules_validity" name="v_cohort_size_parts_returns_message_for_non_valid_sizes"/>
    <testcase time="0.00399999999999068" classname="Rules_validity" name="v_cohort_size_parts_returns_message_for_non_valid_sizes"/>
    <testcase time="0.00500000000000966" classname="Rules_validity" name="v_cohort_size_parts_returns_message_for_non_valid_sizes"/>
    <testcase time="0.00399999999999068" classname="Rules_validity" name="v_cohort_size_parts_returns_message_for_non_valid_sizes"/>
    <testcase time="0.00500000000000966" classname="Rules_validity" name="v_cohort_size_parts_returns_message_for_non_valid_sizes"/>
    <testcase time="0.00399999999999068" classname="Rules_validity" name="v_cohort_size_parts_returns_message_for_non_valid_sizes"/>
    <testcase time="0.00900000000000034" classname="Rules_validity" name="v_safety_window_size_passes_for_valid_object"/>
    <testcase time="0.00500000000000966" classname="Rules_validity" name="v_safety_window_size_passes_for_valid_object"/>
    <testcase time="0.00900000000000034" classname="Rules_validity" name="v_safety_window_size_returns_message_for_non_valid_gap"/>
    <testcase time="0.00399999999999068" classname="Rules_validity" name="v_safety_window_size_returns_message_for_non_valid_gap"/>
    <testcase time="0.00500000000000966" classname="Rules_validity" name="v_safety_window_size_returns_message_for_non_valid_gap"/>
    <testcase time="0.00399999999999068" classname="Rules_validity" name="v_safety_window_size_returns_message_for_non_valid_gap"/>
    <testcase time="0.00500000000000966" classname="Rules_validity" name="v_safety_window_size_returns_message_for_non_valid_gap"/>
    <testcase time="0.00799999999999557" classname="Rules_validity" name="v_safety_window_size_returns_message_for_non_valid_size"/>
    <testcase time="0.00399999999999068" classname="Rules_validity" name="v_safety_window_size_returns_message_for_non_valid_size"/>
    <testcase time="0.00500000000000966" classname="Rules_validity" name="v_safety_window_size_returns_message_for_non_valid_size"/>
    <testcase time="0.00399999999999068" classname="Rules_validity" name="v_safety_window_size_returns_message_for_non_valid_size"/>
    <testcase time="0.00400000000000489" classname="Rules_validity" name="v_safety_window_size_returns_message_for_non_valid_size"/>
    <testcase time="0.00499999999999545" classname="Rules_validity" name="v_safety_window_size_returns_message_for_non_valid_size"/>
    <testcase time="0.00800000000000978" classname="Rules_validity" name="v_safety_window_size_returns_message_for_non_valid_follow"/>
    <testcase time="0.00399999999999068" classname="Rules_validity" name="v_safety_window_size_returns_message_for_non_valid_follow"/>
    <testcase time="0.00500000000000966" classname="Rules_validity" name="v_safety_window_size_returns_message_for_non_valid_follow"/>
    <testcase time="0.00399999999999068" classname="Rules_validity" name="v_safety_window_size_returns_message_for_non_valid_follow"/>
    <testcase time="0.00800000000000978" classname="Rules_validity" name="v_safety_window_size_returns_message_for_non_valid_follow_min"/>
    <testcase time="0.00399999999999068" classname="Rules_validity" name="v_safety_window_size_returns_message_for_non_valid_follow_min"/>
    <testcase time="0.00500000000000966" classname="Rules_validity" name="v_safety_window_size_returns_message_for_non_valid_follow_min"/>
    <testcase time="0.00399999999999068" classname="Rules_validity" name="v_safety_window_size_returns_message_for_non_valid_follow_min"/>
    <testcase time="0.00800000000000978" classname="Rules_validity" name="v_safety_window_const_passes_for_valid_object"/>
    <testcase time="0.00399999999999068" classname="Rules_validity" name="v_safety_window_const_passes_for_valid_object"/>
    <testcase time="0.00500000000000966" classname="Rules_validity" name="v_safety_window_const_passes_for_valid_object"/>
    <testcase time="0.00799999999999557" classname="Rules_validity" name="v_safety_window_const_returns_message_for_non_valid_gap"/>
    <testcase time="0.00400000000000489" classname="Rules_validity" name="v_safety_window_const_returns_message_for_non_valid_gap"/>
    <testcase time="0.00499999999999545" classname="Rules_validity" name="v_safety_window_const_returns_message_for_non_valid_gap"/>
    <testcase time="0.00400000000000489" classname="Rules_validity" name="v_safety_window_const_returns_message_for_non_valid_gap"/>
    <testcase time="0.00799999999999557" classname="Rules_validity" name="v_safety_window_const_returns_message_for_non_valid_follow"/>
    <testcase time="0.0130000000000052" classname="Rules_validity" name="v_safety_window_const_returns_message_for_non_valid_follow"/>
    <testcase time="0.00599999999998602" classname="Rules_validity" name="v_safety_window_const_returns_message_for_non_valid_follow"/>
    <testcase time="0.007000000000005" classname="Rules_validity" name="v_safety_window_const_returns_message_for_non_valid_follow"/>
    <testcase time="0.00900000000000034" classname="Rules_validity" name="v_safety_window_const_returns_message_for_non_valid_follow_min"/>
    <testcase time="0.00499999999999545" classname="Rules_validity" name="v_safety_window_const_returns_message_for_non_valid_follow_min"/>
    <testcase time="0.00400000000000489" classname="Rules_validity" name="v_safety_window_const_returns_message_for_non_valid_follow_min"/>
    <testcase time="0.00400000000000489" classname="Rules_validity" name="v_safety_window_const_returns_message_for_non_valid_follow_min"/>
  </testsuite>
  <testsuite name="Samples-class" timestamp="2024-10-07T08:40:59Z" hostname="18e134b69287" tests="8" skipped="0" failures="0" errors="0" time="0.028">
    <testcase time="0.00900000000000034" classname="Samples_class" name=".Samples_works_as_expected"/>
    <testcase time="0.000999999999990564" classname="Samples_class" name=".Samples_works_as_expected"/>
    <testcase time="0.00300000000000011" classname="Samples_class" name=".Samples_works_as_expected"/>
    <testcase time="0.00600000000000023" classname="Samples_class" name="Samples_object_can_be_created_with_user_constructor"/>
    <testcase time="0.00100000000000477" classname="Samples_class" name="Samples_object_can_be_created_with_user_constructor"/>
    <testcase time="0.00300000000000011" classname="Samples_class" name="Samples_object_can_be_created_with_user_constructor"/>
    <testcase time="0.00300000000000011" classname="Samples_class" name="Samples_object_can_be_created_with_user_constructor"/>
    <testcase time="0.00199999999999534" classname="Samples_class" name="Samples_object_can_be_created_with_user_constructor"/>
  </testsuite>
  <testsuite name="Samples-methods" timestamp="2024-10-07T08:40:59Z" hostname="18e134b69287" tests="95" skipped="24" failures="0" errors="0" time="30.789">
    <testcase time="0.245999999999995" classname="Samples_methods" name="size_Samples_returns_correct_number_of_samples"/>
    <testcase time="0.00200000000000955" classname="Samples_methods" name="size_Samples_returns_correct_number_of_samples"/>
    <testcase time="0.00900000000000034" classname="Samples_methods" name="names_Samples_returns_correct_names_of_the_parameters"/>
    <testcase time="0.00199999999999534" classname="Samples_methods" name="names_Samples_returns_correct_names_of_the_parameters"/>
    <testcase time="0.0100000000000051" classname="Samples_methods" name="get_Samples_fails_gracefully_with_bad_input"/>
    <testcase time="0.00499999999999545" classname="Samples_methods" name="get_Samples_fails_gracefully_with_bad_input"/>
    <testcase time="0.00600000000000023" classname="Samples_methods" name="get_Samples_fails_gracefully_with_bad_input"/>
    <testcase time="0.00499999999999545" classname="Samples_methods" name="get_Samples_fails_gracefully_with_bad_input"/>
    <testcase time="0.00500000000000966" classname="Samples_methods" name="get_Samples_fails_gracefully_with_bad_input"/>
    <testcase time="0.00800000000000978" classname="Samples_methods" name="get_Samples_returns_correct_values"/>
    <testcase time="0.00399999999999068" classname="Samples_methods" name="get_Samples_returns_correct_values"/>
    <testcase time="0.0240000000000009" classname="Samples_methods" name="get_Samples_returns_correct_values"/>
    <testcase time="0.0150000000000006" classname="Samples_methods" name="fit_Samples_fails_gracefully_with_bad_inputs"/>
    <testcase time="0.00600000000000023" classname="Samples_methods" name="fit_Samples_fails_gracefully_with_bad_inputs"/>
    <testcase time="0.0649999999999977" classname="Samples_methods" name="fit_Samples_works_correctly_for_tox_only_models"/>
    <testcase time="0.0760000000000076" classname="Samples_methods" name="fit_Samples_works_correctly_for_tox_only_models"/>
    <testcase time="0.039999999999992" classname="Samples_methods" name="fit_Samples_works_correctly_for_tox_only_models"/>
    <testcase time="0.0180000000000007" classname="Samples_methods" name="fit_Samples_works_specifically_also_for_LogisticLogNormalGrouped"/>
    <testcase time="0.00200000000000955" classname="Samples_methods" name="fit_Samples_works_specifically_also_for_LogisticLogNormalGrouped"/>
    <testcase time="0.00399999999999068" classname="Samples_methods" name="fit_Samples_works_specifically_also_for_LogisticLogNormalGrouped"/>
    <testcase time="0.00100000000000477" classname="Samples_methods" name="fit_Samples_works_specifically_also_for_LogisticLogNormalGrouped"/>
    <testcase time="0.839999999999989" classname="Samples_methods" name="fit_Samples_works_correctly_for_dual_models"/>
    <testcase time="0.00200000000000955" classname="Samples_methods" name="fit_Samples_works_correctly_for_dual_models"/>
    <testcase time="0.00699999999999079" classname="Samples_methods" name="fit_Samples_works_correctly_for_dual_models">
      <skipped message="Reason: On CRAN ('test-Samples-methods.R:258:3')"/>
    </testcase>
    <testcase time="0.346000000000004" classname="Samples_methods" name="fit_Samples_LogisticLogNormalOrdinal_works_correctly"/>
    <testcase time="0.063999999999993" classname="Samples_methods" name="fit_Samples_LogisticLogNormalOrdinal_works_correctly"/>
    <testcase time="0.0260000000000105" classname="Samples_methods" name="fit_Samples_LogisticLogNormalOrdinal_works_correctly"/>
    <testcase time="0.331999999999994" classname="Samples_methods" name="fit_Samples_LogisticLogNormalOrdinal_fails_gracefully_with_bad_input"/>
    <testcase time="0.00600000000000023" classname="Samples_methods" name="fit_Samples_LogisticLogNormalOrdinal_fails_gracefully_with_bad_input"/>
    <testcase time="0.00500000000000966" classname="Samples_methods" name="fit_Samples_LogisticLogNormalOrdinal_fails_gracefully_with_bad_input"/>
    <testcase time="0.00599999999998602" classname="Samples_methods" name="fit_Samples_LogisticLogNormalOrdinal_fails_gracefully_with_bad_input"/>
    <testcase time="0.00600000000000023" classname="Samples_methods" name="fit_Samples_LogisticLogNormalOrdinal_fails_gracefully_with_bad_input"/>
    <testcase time="0.00500000000000966" classname="Samples_methods" name="fit_Samples_LogisticLogNormalOrdinal_fails_gracefully_with_bad_input"/>
    <testcase time="0.0769999999999982" classname="Samples_methods" name="Samples_approximate_works_correctly">
      <skipped message="Reason: On CRAN ('test-Samples-methods.R:408:7')"/>
    </testcase>
    <testcase time="0.054000000000002" classname="Samples_methods" name="Approximate_fails_gracefully_with_bad_input"/>
    <testcase time="0.173999999999992" classname="Samples_methods" name="plot_Samples_works_correctly">
      <skipped message="Reason: On CRAN ('test-Samples-methods.R:493:3')"/>
    </testcase>
    <testcase time="0.257000000000005" classname="Samples_methods" name="plot_Samples_DualEndpoint_fails_gracefully_with_bad_input"/>
    <testcase time="0.435999999999993" classname="Samples_methods" name="plot_Samples_DualEndpoint_works_correctly">
      <skipped message="Reason: On CRAN ('test-Samples-methods.R:548:3')"/>
    </testcase>
    <testcase time="0.0480000000000018" classname="Samples_methods" name="fit_Samples_LogisticIndepBeta_fails_gracefully_with_bad_input"/>
    <testcase time="0.00600000000000023" classname="Samples_methods" name="fit_Samples_LogisticIndepBeta_fails_gracefully_with_bad_input"/>
    <testcase time="0.00600000000000023" classname="Samples_methods" name="fit_Samples_LogisticIndepBeta_fails_gracefully_with_bad_input"/>
    <testcase time="0.103999999999999" classname="Samples_methods" name="plot_ModelEffNoSamples_works_correctly">
      <skipped message="Reason: On CRAN ('test-Samples-methods.R:603:3')"/>
    </testcase>
    <testcase time="0.0649999999999977" classname="Samples_methods" name="fit_Samples_LogisticIndepBeta_works">
      <skipped message="Reason: On CRAN ('test-Samples-methods.R:623:3')"/>
    </testcase>
    <testcase time="0.0499999999999972" classname="Samples_methods" name="fit_Samples_Effloglog_works_correctly">
      <skipped message="Reason: On CRAN ('test-Samples-methods.R:648:3')"/>
    </testcase>
    <testcase time="0.0360000000000014" classname="Samples_methods" name="fit_Samples_Effloglog_fails_gracefully_with_bad_input"/>
    <testcase time="0.00499999999999545" classname="Samples_methods" name="fit_Samples_Effloglog_fails_gracefully_with_bad_input"/>
    <testcase time="0.00600000000000023" classname="Samples_methods" name="fit_Samples_Effloglog_fails_gracefully_with_bad_input"/>
    <testcase time="5.104" classname="Samples_methods" name="fit_Samples_EffFlexi_works_correctly">
      <skipped message="Reason: On CRAN ('test-Samples-methods.R:713:3')"/>
    </testcase>
    <testcase time="0.0790000000000077" classname="Samples_methods" name="fit_Samples_EffFlexi_fails_gracefully_with_bad_input"/>
    <testcase time="0.00499999999999545" classname="Samples_methods" name="fit_Samples_EffFlexi_fails_gracefully_with_bad_input"/>
    <testcase time="0.00600000000000023" classname="Samples_methods" name="fit_Samples_EffFlexi_fails_gracefully_with_bad_input"/>
    <testcase time="0.0870000000000033" classname="Samples_methods" name="fitGain_Samples_works_correctly">
      <skipped message="Reason: On CRAN ('test-Samples-methods.R:797:3')"/>
    </testcase>
    <testcase time="0.0879999999999939" classname="Samples_methods" name="fitGain_Samples_fails_gracefully_with_bad_input"/>
    <testcase time="0.00500000000000966" classname="Samples_methods" name="fitGain_Samples_fails_gracefully_with_bad_input"/>
    <testcase time="0.00600000000000023" classname="Samples_methods" name="fitGain_Samples_fails_gracefully_with_bad_input"/>
    <testcase time="0.0779999999999887" classname="Samples_methods" name="fitGain_Samples_ModelEff_works_correctly">
      <skipped message="Reason: On CRAN ('test-Samples-methods.R:892:3')"/>
    </testcase>
    <testcase time="0.078000000000003" classname="Samples_methods" name="fitGain_Samples_ModelEff_fails_gracefully_with_bad_input"/>
    <testcase time="0.00600000000000023" classname="Samples_methods" name="fitGain_Samples_ModelEff_fails_gracefully_with_bad_input"/>
    <testcase time="0.00600000000000023" classname="Samples_methods" name="fitGain_Samples_ModelEff_fails_gracefully_with_bad_input"/>
    <testcase time="0.0280000000000058" classname="Samples_methods" name="Check_that_plot_Samples_ModelTox_fails_gracefully_with_bad_input"/>
    <testcase time="0.162000000000006" classname="Samples_methods" name="Check_that_plot_Samples_ModelTox_works_correctly">
      <skipped message="Reason: On CRAN ('test-Samples-methods.R:995:3')"/>
    </testcase>
    <testcase time="0.070999999999998" classname="Samples_methods" name="plot_Samples_works_specifically_also_for_LogisticLogNormalGrouped"/>
    <testcase time="0.105000000000004" classname="Samples_methods" name="plot_Samples_works_specifically_also_for_LogisticLogNormalGrouped">
      <skipped message="Reason: On CRAN ('test-Samples-methods.R:1013:3')"/>
    </testcase>
    <testcase time="0.0379999999999967" classname="Samples_methods" name="Check_that_plot_Samples_ModelEff_fails_gracefully_with_bad_input"/>
    <testcase time="0.129999999999995" classname="Samples_methods" name="Check_that_plot_Samples_ModelEff_works_correctly">
      <skipped message="Reason: On CRAN ('test-Samples-methods.R:1063:3')"/>
    </testcase>
    <testcase time="0.0480000000000018" classname="Samples_methods" name="Check_that_plot_Samples_ModelEffloglog_fails_gracefully_with_bad_input"/>
    <testcase time="0.118000000000009" classname="Samples_methods" name="Check_that_plot_Samples_ModelEffloglog_works_correctly">
      <skipped message="Reason: On CRAN ('test-Samples-methods.R:1116:3')"/>
    </testcase>
    <testcase time="0.0289999999999964" classname="Samples_methods" name="Check_that_plot_Samples_ModelEffNoSamples_fails_gracefully_with_bad_input"/>
    <testcase time="0.116" classname="Samples_methods" name="Check_that_plot_Samples_ModelEffNoSamples_works_correctly">
      <skipped message="Reason: On CRAN ('test-Samples-methods.R:1153:3')"/>
    </testcase>
    <testcase time="0.242999999999995" classname="Samples_methods" name="plotGain_ModelTox_Samples_ModelEff_Samples_works_correctly">
      <skipped message="Reason: On CRAN ('test-Samples-methods.R:1203:3')"/>
    </testcase>
    <testcase time="0.420000000000002" classname="Samples_methods" name="plotGain_ModelTox_Missing_ModelEff_Missing_works_correctly">
      <skipped message="Reason: On CRAN ('test-Samples-methods.R:1225:3')"/>
    </testcase>
    <testcase time="0.108000000000004" classname="Samples_methods" name="plotDualResponses_fails_gracefully_with_bad_arguments"/>
    <testcase time="0.0390000000000015" classname="Samples_methods" name="plotDualResponses_fails_gracefully_with_bad_arguments"/>
    <testcase time="0.241" classname="Samples_methods" name="plotDualResponses_works_correctly">
      <skipped message="Reason: On CRAN ('test-Samples-methods.R:1342:3')"/>
    </testcase>
    <testcase time="0.200999999999993" classname="Samples_methods" name="plotDualResponses_ModelTox_Missing_ModelEff_Missing_works_as_expected">
      <skipped message="Reason: On CRAN ('test-Samples-methods.R:1393:3')"/>
    </testcase>
    <testcase time="5.65900000000001" classname="Samples_methods" name="fitPEM_Samples_DALogisticLogNormal_DataDA_fails_gracefully_with_bad_input"/>
    <testcase time="0.00499999999999545" classname="Samples_methods" name="fitPEM_Samples_DALogisticLogNormal_DataDA_fails_gracefully_with_bad_input"/>
    <testcase time="0.00499999999999545" classname="Samples_methods" name="fitPEM_Samples_DALogisticLogNormal_DataDA_fails_gracefully_with_bad_input"/>
    <testcase time="0.00500000000000966" classname="Samples_methods" name="fitPEM_Samples_DALogisticLogNormal_DataDA_fails_gracefully_with_bad_input"/>
    <testcase time="10.04" classname="Samples_methods" name="fitPEM_Samples_DALogisticLogNormal_DataDA_works_correctly">
      <skipped message="Reason: On CRAN ('test-Samples-methods.R:1485:3')"/>
    </testcase>
    <testcase time="0.810000000000002" classname="Samples_methods" name="plot_Samples_DALogisticNormal_fails_gracefully_with_bad_input"/>
    <testcase time="0.0169999999999959" classname="Samples_methods" name="plot_Samples_DALogisticNormal_fails_gracefully_with_bad_input"/>
    <testcase time="1.96799999999999" classname="Samples_methods" name="plot_Samples_DALogisticNormal_works_correctly">
      <skipped message="Reason: On CRAN ('test-Samples-methods.R:1579:3')"/>
    </testcase>
    <testcase time="0.829000000000008" classname="Samples_methods" name="Approximate_fails_gracefully_with_bad_input"/>
    <testcase time="0.00600000000000023" classname="Samples_methods" name="Approximate_fails_gracefully_with_bad_input"/>
    <testcase time="0.00600000000000023" classname="Samples_methods" name="Approximate_fails_gracefully_with_bad_input"/>
    <testcase time="0.00499999999999545" classname="Samples_methods" name="Approximate_fails_gracefully_with_bad_input"/>
    <testcase time="0.00499999999999545" classname="Samples_methods" name="Approximate_fails_gracefully_with_bad_input"/>
    <testcase time="0.0740000000000123" classname="Samples_methods" name="approximate_works_correctly"/>
    <testcase time="0.00199999999998113" classname="Samples_methods" name="approximate_works_correctly"/>
    <testcase time="0.0109999999999957" classname="Samples_methods" name="approximate_works_correctly">
      <skipped message="Reason: On CRAN ('test-Samples-methods.R:1722:7')"/>
    </testcase>
    <testcase time="0.0420000000000016" classname="Samples_methods" name="fit_Samples_LogisticIndepBeta_works_correctly">
      <skipped message="Reason: On CRAN ('test-Samples-methods.R:1762:3')"/>
    </testcase>
    <testcase time="0.0720000000000027" classname="Samples_methods" name="fitGain_Samples_LogisticIndepBeta_works_correctly">
      <skipped message="Reason: On CRAN ('test-Samples-methods.R:1814:3')"/>
    </testcase>
    <testcase time="0.0510000000000161" classname="Samples_methods" name="tidy_Samples_works_correctly"/>
    <testcase time="0.00999999999999091" classname="Samples_methods" name="tidy_Samples_works_correctly"/>
  </testsuite>
  <testsuite name="Samples-validity" timestamp="2024-10-07T08:41:30Z" hostname="18e134b69287" tests="7" skipped="0" failures="0" errors="0" time="0.116">
    <testcase time="0.0749999999999886" classname="Samples_validity" name="v_samples_passes_for_valid_object_1_scalar_parameter_"/>
    <testcase time="0.00800000000000978" classname="Samples_validity" name="v_samples_passes_for_valid_object_2_scalar_parameters_"/>
    <testcase time="0.007000000000005" classname="Samples_validity" name="v_samples_passes_for_valid_object_1_vector_valued_and_1_scalar_parameters_"/>
    <testcase time="0.00799999999998136" classname="Samples_validity" name="v_samples_returns_message_for_discrepancy_in_sample_size_lengths"/>
    <testcase time="0.00300000000001432" classname="Samples_validity" name="v_samples_returns_message_for_discrepancy_in_sample_size_lengths"/>
    <testcase time="0.007000000000005" classname="Samples_validity" name="v_samples_returns_message_for_discrepancy_in_sample_size_lengths_matrix_"/>
    <testcase time="0.00799999999998136" classname="Samples_validity" name="v_samples_returns_message_for_non_numeric_samples"/>
  </testsuite>
  <testsuite name="Simulations-class" timestamp="2024-10-07T08:41:30Z" hostname="18e134b69287" tests="71" skipped="0" failures="0" errors="0" time="0.3">
    <testcase time="0.0100000000000193" classname="Simulations_class" name="GeneralSimulations_generator_function_works_as_expected"/>
    <testcase time="0.00100000000000477" classname="Simulations_class" name="GeneralSimulations_generator_function_works_as_expected"/>
    <testcase time="0.00399999999999068" classname="Simulations_class" name="GeneralSimulations_generator_function_works_as_expected"/>
    <testcase time="0.00899999999998613" classname="Simulations_class" name="GeneralSimulations_object_can_be_created_with_the_user_constructor"/>
    <testcase time="0.00100000000000477" classname="Simulations_class" name="GeneralSimulations_object_can_be_created_with_the_user_constructor"/>
    <testcase time="0.00300000000001432" classname="Simulations_class" name="GeneralSimulations_object_can_be_created_with_the_user_constructor"/>
    <testcase time="0.0029999999999859" classname="Simulations_class" name="GeneralSimulations_object_can_be_created_with_the_user_constructor"/>
    <testcase time="0.00200000000000955" classname="Simulations_class" name="GeneralSimulations_object_can_be_created_with_the_user_constructor"/>
    <testcase time="0.0029999999999859" classname="Simulations_class" name="GeneralSimulations_object_can_be_created_with_the_user_constructor"/>
    <testcase time="0.0040000000000191" classname="Simulations_class" name="GeneralSimulations_user_constructor_arguments_names_are_as_expected"/>
    <testcase time="0.00600000000000023" classname="Simulations_class" name="Simulations_generator_function_works_as_expected"/>
    <testcase time="0.00100000000000477" classname="Simulations_class" name="Simulations_generator_function_works_as_expected"/>
    <testcase time="0.00399999999999068" classname="Simulations_class" name="Simulations_generator_function_works_as_expected"/>
    <testcase time="0.0109999999999957" classname="Simulations_class" name="Simulations_object_can_be_created_with_the_user_constructor"/>
    <testcase time="0.00100000000000477" classname="Simulations_class" name="Simulations_object_can_be_created_with_the_user_constructor"/>
    <testcase time="0.00399999999999068" classname="Simulations_class" name="Simulations_object_can_be_created_with_the_user_constructor"/>
    <testcase time="0.00300000000001432" classname="Simulations_class" name="Simulations_object_can_be_created_with_the_user_constructor"/>
    <testcase time="0.00199999999998113" classname="Simulations_class" name="Simulations_object_can_be_created_with_the_user_constructor"/>
    <testcase time="0.0040000000000191" classname="Simulations_class" name="Simulations_user_constructor_arguments_names_are_as_expected"/>
    <testcase time="0.00499999999999545" classname="Simulations_class" name="DualSimulations_generator_function_works_as_expected"/>
    <testcase time="0.00199999999998113" classname="Simulations_class" name="DualSimulations_generator_function_works_as_expected"/>
    <testcase time="0.0040000000000191" classname="Simulations_class" name="DualSimulations_generator_function_works_as_expected"/>
    <testcase time="0.0130000000000052" classname="Simulations_class" name="DualSimulations_object_can_be_created_with_the_user_constructor"/>
    <testcase time="0.000999999999976353" classname="Simulations_class" name="DualSimulations_object_can_be_created_with_the_user_constructor"/>
    <testcase time="0.0040000000000191" classname="Simulations_class" name="DualSimulations_object_can_be_created_with_the_user_constructor"/>
    <testcase time="0.0029999999999859" classname="Simulations_class" name="DualSimulations_object_can_be_created_with_the_user_constructor"/>
    <testcase time="0.00300000000001432" classname="Simulations_class" name="DualSimulations_object_can_be_created_with_the_user_constructor"/>
    <testcase time="0.0029999999999859" classname="Simulations_class" name="DualSimulations_object_can_be_created_with_the_user_constructor"/>
    <testcase time="0.00499999999999545" classname="Simulations_class" name="DualSimulations_user_constructor_arguments_names_are_as_expected"/>
    <testcase time="0.00600000000000023" classname="Simulations_class" name="GeneralSimulationsSummary_generates_object_correctly"/>
    <testcase time="0.00100000000000477" classname="Simulations_class" name="GeneralSimulationsSummary_generates_object_correctly"/>
    <testcase time="0.00300000000001432" classname="Simulations_class" name="GeneralSimulationsSummary_generates_object_correctly"/>
    <testcase time="0.0029999999999859" classname="Simulations_class" name="GeneralSimulationsSummary_generates_object_correctly"/>
    <testcase time="0.00300000000001432" classname="Simulations_class" name="GeneralSimulationsSummary_generates_object_correctly"/>
    <testcase time="0.0029999999999859" classname="Simulations_class" name="GeneralSimulationsSummary_generates_object_correctly"/>
    <testcase time="0.00300000000001432" classname="Simulations_class" name="GeneralSimulationsSummary_generates_object_correctly"/>
    <testcase time="0.00199999999998113" classname="Simulations_class" name="GeneralSimulationsSummary_generates_object_correctly"/>
    <testcase time="0.00900000000001455" classname="Simulations_class" name="GeneralSimulationsSummary_cannot_be_instantiated_directly"/>
    <testcase time="0.00600000000000023" classname="Simulations_class" name="DualSimulationsSummary_object_can_be_created_with_the_user_constructor"/>
    <testcase time="0.00100000000000477" classname="Simulations_class" name="DualSimulationsSummary_object_can_be_created_with_the_user_constructor"/>
    <testcase time="0.00399999999999068" classname="Simulations_class" name="DualSimulationsSummary_object_can_be_created_with_the_user_constructor"/>
    <testcase time="0.00399999999999068" classname="Simulations_class" name="DualSimulationsSummary_object_can_be_created_with_the_user_constructor"/>
    <testcase time="0.00300000000001432" classname="Simulations_class" name="DualSimulationsSummary_object_can_be_created_with_the_user_constructor"/>
    <testcase time="0.00499999999999545" classname="Simulations_class" name="DualSimulationsSummary_generator_function_works_as_expected"/>
    <testcase time="0.00100000000000477" classname="Simulations_class" name="DualSimulationsSummary_generator_function_works_as_expected"/>
    <testcase time="0.00399999999999068" classname="Simulations_class" name="DualSimulationsSummary_generator_function_works_as_expected"/>
    <testcase time="0.00600000000000023" classname="Simulations_class" name="PseudoSimulations_generator_function_works_as_expected"/>
    <testcase time="0.00100000000000477" classname="Simulations_class" name="PseudoSimulations_generator_function_works_as_expected"/>
    <testcase time="0.00399999999999068" classname="Simulations_class" name="PseudoSimulations_generator_function_works_as_expected"/>
    <testcase time="0.0109999999999957" classname="Simulations_class" name="PseudoSimulations_object_can_be_created_with_the_user_constructor"/>
    <testcase time="0.00200000000000955" classname="Simulations_class" name="PseudoSimulations_object_can_be_created_with_the_user_constructor"/>
    <testcase time="0.00399999999999068" classname="Simulations_class" name="PseudoSimulations_object_can_be_created_with_the_user_constructor"/>
    <testcase time="0.00300000000001432" classname="Simulations_class" name="PseudoSimulations_object_can_be_created_with_the_user_constructor"/>
    <testcase time="0.0029999999999859" classname="Simulations_class" name="PseudoSimulations_object_can_be_created_with_the_user_constructor"/>
    <testcase time="0.00499999999999545" classname="Simulations_class" name="PseudoSimulations_user_constructor_argument_names_are_as_expected"/>
    <testcase time="0.00800000000000978" classname="Simulations_class" name=".DefaultPseudoSimulations_cannot_be_instantiated_directly"/>
    <testcase time="0.00600000000000023" classname="Simulations_class" name="PseudoDualSimulations_generator_does_not_throw_error_and_validates"/>
    <testcase time="0.00100000000000477" classname="Simulations_class" name="PseudoDualSimulations_generator_does_not_throw_error_and_validates"/>
    <testcase time="0.00499999999999545" classname="Simulations_class" name="PseudoDualSimulations_generator_does_not_throw_error_and_validates"/>
    <testcase time="0.0240000000000009" classname="Simulations_class" name="PseudoDualSimulations_object_can_be_created_with_the_user_constructor"/>
    <testcase time="0.00100000000000477" classname="Simulations_class" name="PseudoDualSimulations_object_can_be_created_with_the_user_constructor"/>
    <testcase time="0.00600000000000023" classname="Simulations_class" name="PseudoDualSimulations_object_can_be_created_with_the_user_constructor"/>
    <testcase time="0.0029999999999859" classname="Simulations_class" name="PseudoDualSimulations_object_can_be_created_with_the_user_constructor"/>
    <testcase time="0.00300000000001432" classname="Simulations_class" name="PseudoDualSimulations_object_can_be_created_with_the_user_constructor"/>
    <testcase time="0.00399999999999068" classname="Simulations_class" name="PseudoDualSimulations_object_can_be_created_with_the_user_constructor"/>
    <testcase time="0.00300000000001432" classname="Simulations_class" name="PseudoDualSimulations_object_can_be_created_with_the_user_constructor"/>
    <testcase time="0.0029999999999859" classname="Simulations_class" name="PseudoDualSimulations_object_can_be_created_with_the_user_constructor"/>
    <testcase time="0.00300000000001432" classname="Simulations_class" name="PseudoDualSimulations_object_can_be_created_with_the_user_constructor"/>
    <testcase time="0.0029999999999859" classname="Simulations_class" name="PseudoDualSimulations_object_can_be_created_with_the_user_constructor"/>
    <testcase time="0.00300000000001432" classname="Simulations_class" name="PseudoDualSimulations_object_can_be_created_with_the_user_constructor"/>
    <testcase time="0.00499999999999545" classname="Simulations_class" name="PseudoDualSimulations_user_constructor_argument_names_are_as_expected"/>
  </testsuite>
  <testsuite name="Validate-class" timestamp="2024-10-07T08:41:30Z" hostname="18e134b69287" tests="37" skipped="0" failures="0" errors="0" time="0.127">
    <testcase time="0.00899999999998613" classname="Validate_class" name="Validate_objects_can_be_created_with_default_constructor_Validate"/>
    <testcase time="0.00200000000000955" classname="Validate_class" name="Validate_objects_can_be_created_with_default_constructor_Validate"/>
    <testcase time="0.00200000000000955" classname="Validate_class" name="Validate_objects_can_be_created_with_default_constructor_Validate"/>
    <testcase time="0.00699999999997658" classname="Validate_class" name="Validate_returns_NULL_for_valid_object_or_message_for_inv._obj."/>
    <testcase time="0.00300000000001432" classname="Validate_class" name="Validate_returns_NULL_for_valid_object_or_message_for_inv._obj."/>
    <testcase time="0.0029999999999859" classname="Validate_class" name="Validate_returns_NULL_for_valid_object_or_message_for_inv._obj."/>
    <testcase time="0.00300000000001432" classname="Validate_class" name="Validate_returns_NULL_for_valid_object_or_message_for_inv._obj."/>
    <testcase time="0.0029999999999859" classname="Validate_class" name="Validate_returns_NULL_for_valid_object_or_message_for_inv._obj."/>
    <testcase time="0.00300000000001432" classname="Validate_class" name="Validate_returns_NULL_for_valid_object_or_message_for_inv._obj."/>
    <testcase time="0.0029999999999859" classname="Validate_class" name="Validate_returns_NULL_for_valid_object_or_message_for_inv._obj."/>
    <testcase time="0.00600000000000023" classname="Validate_class" name="Having_a_msg_global_variable_does_not_confuse_the_constructor_1_"/>
    <testcase time="0.00100000000000477" classname="Validate_class" name="Having_a_msg_global_variable_does_not_confuse_the_constructor_1_"/>
    <testcase time="0.00300000000001432" classname="Validate_class" name="Having_a_msg_global_variable_does_not_confuse_the_constructor_1_"/>
    <testcase time="0.00199999999998113" classname="Validate_class" name="Having_a_msg_global_variable_does_not_confuse_the_constructor_1_"/>
    <testcase time="0.00100000000000477" classname="Validate_class" name="Having_a_msg_global_variable_does_not_confuse_the_constructor_1_"/>
    <testcase time="0.00300000000001432" classname="Validate_class" name="Having_a_msg_global_variable_does_not_confuse_the_constructor_1_"/>
    <testcase time="0.00699999999997658" classname="Validate_class" name="Having_a_msg_global_variable_does_not_confuse_the_constructor_2_"/>
    <testcase time="0.00300000000001432" classname="Validate_class" name="Having_a_msg_global_variable_does_not_confuse_the_constructor_2_"/>
    <testcase time="0.0029999999999859" classname="Validate_class" name="Having_a_msg_global_variable_does_not_confuse_the_constructor_2_"/>
    <testcase time="0.00300000000001432" classname="Validate_class" name="Having_a_msg_global_variable_does_not_confuse_the_constructor_2_"/>
    <testcase time="0.0029999999999859" classname="Validate_class" name="Having_a_msg_global_variable_does_not_confuse_the_constructor_2_"/>
    <testcase time="0.00300000000001432" classname="Validate_class" name="Having_a_msg_global_variable_does_not_confuse_the_constructor_2_"/>
    <testcase time="0.00200000000000955" classname="Validate_class" name="Having_a_msg_global_variable_does_not_confuse_the_constructor_2_"/>
    <testcase time="0.00699999999997658" classname="Validate_class" name="Having_a_msg_global_variable_does_not_confuse_the_constructor_3_"/>
    <testcase time="0.00300000000001432" classname="Validate_class" name="Having_a_msg_global_variable_does_not_confuse_the_constructor_3_"/>
    <testcase time="0.0029999999999859" classname="Validate_class" name="Having_a_msg_global_variable_does_not_confuse_the_constructor_3_"/>
    <testcase time="0.00300000000001432" classname="Validate_class" name="Having_a_msg_global_variable_does_not_confuse_the_constructor_3_"/>
    <testcase time="0.0029999999999859" classname="Validate_class" name="Having_a_msg_global_variable_does_not_confuse_the_constructor_3_"/>
    <testcase time="0.00300000000001432" classname="Validate_class" name="Having_a_msg_global_variable_does_not_confuse_the_constructor_3_"/>
    <testcase time="0.0029999999999859" classname="Validate_class" name="Having_a_msg_global_variable_does_not_confuse_the_constructor_3_"/>
    <testcase time="0.00600000000000023" classname="Validate_class" name="Having_a_msg_global_variable_does_not_confuse_the_constructor_4_"/>
    <testcase time="0.00300000000001432" classname="Validate_class" name="Having_a_msg_global_variable_does_not_confuse_the_constructor_4_"/>
    <testcase time="0.0029999999999859" classname="Validate_class" name="Having_a_msg_global_variable_does_not_confuse_the_constructor_4_"/>
    <testcase time="0.00300000000001432" classname="Validate_class" name="Having_a_msg_global_variable_does_not_confuse_the_constructor_4_"/>
    <testcase time="0.0029999999999859" classname="Validate_class" name="Having_a_msg_global_variable_does_not_confuse_the_constructor_4_"/>
    <testcase time="0.00300000000001432" classname="Validate_class" name="Having_a_msg_global_variable_does_not_confuse_the_constructor_4_"/>
    <testcase time="0.0029999999999859" classname="Validate_class" name="Having_a_msg_global_variable_does_not_confuse_the_constructor_4_"/>
  </testsuite>
  <testsuite name="accuracy-published" timestamp="2024-10-07T08:41:31Z" hostname="18e134b69287" tests="2" skipped="0" failures="0" errors="0" time="0.908">
    <testcase time="0.90300000000002" classname="accuracy_published" name="OneParLogNormalPrior_reproduces_same_numbers_as_in_paper_by_Neuenschwander_et_al."/>
    <testcase time="0.00499999999999545" classname="accuracy_published" name="OneParLogNormalPrior_reproduces_same_numbers_as_in_paper_by_Neuenschwander_et_al."/>
  </testsuite>
  <testsuite name="checkmate" timestamp="2024-10-07T08:41:32Z" hostname="18e134b69287" tests="120" skipped="0" failures="0" errors="0" time="0.458">
    <testcase time="0.0109999999999957" classname="checkmate" name="check_equal_works_correctly"/>
    <testcase time="0.00300000000001432" classname="checkmate" name="check_equal_works_correctly"/>
    <testcase time="0.0029999999999859" classname="checkmate" name="check_equal_works_correctly"/>
    <testcase time="0.0029999999999859" classname="checkmate" name="check_equal_works_correctly"/>
    <testcase time="0.00200000000000955" classname="checkmate" name="check_equal_works_correctly"/>
    <testcase time="0.00300000000001432" classname="checkmate" name="check_equal_works_correctly"/>
    <testcase time="0.0029999999999859" classname="checkmate" name="check_equal_works_correctly"/>
    <testcase time="0.00499999999999545" classname="checkmate" name="assert_equal_works_correctly"/>
    <testcase time="0.00499999999999545" classname="checkmate" name="assert_equal_works_correctly"/>
    <testcase time="0.00500000000002387" classname="checkmate" name="assert_equal_works_correctly"/>
    <testcase time="0.00499999999999545" classname="checkmate" name="assert_equal_works_correctly"/>
    <testcase time="0.00399999999999068" classname="checkmate" name="assert_equal_works_correctly"/>
    <testcase time="0.00200000000000955" classname="checkmate" name="assert_equal_works_correctly"/>
    <testcase time="0.00499999999999545" classname="checkmate" name="assert_equal_works_correctly"/>
    <testcase time="0.0169999999999959" classname="checkmate" name="check_probabilities_returns_TRUE_as_expected"/>
    <testcase time="0.00300000000001432" classname="checkmate" name="check_probabilities_returns_TRUE_as_expected"/>
    <testcase time="0.0029999999999859" classname="checkmate" name="check_probabilities_returns_TRUE_as_expected"/>
    <testcase time="0.00300000000001432" classname="checkmate" name="check_probabilities_returns_TRUE_as_expected"/>
    <testcase time="0.0029999999999859" classname="checkmate" name="check_probabilities_returns_TRUE_as_expected"/>
    <testcase time="0.00300000000001432" classname="checkmate" name="check_probabilities_returns_TRUE_as_expected"/>
    <testcase time="0.0029999999999859" classname="checkmate" name="check_probabilities_returns_TRUE_as_expected"/>
    <testcase time="0.00300000000001432" classname="checkmate" name="check_probabilities_returns_TRUE_as_expected"/>
    <testcase time="0.0029999999999859" classname="checkmate" name="check_probabilities_returns_TRUE_as_expected"/>
    <testcase time="0.00300000000001432" classname="checkmate" name="check_probabilities_returns_TRUE_as_expected"/>
    <testcase time="0.0029999999999859" classname="checkmate" name="check_probabilities_returns_TRUE_as_expected"/>
    <testcase time="0.00600000000000023" classname="checkmate" name="check_probabilities_returns_error_message_as_expected"/>
    <testcase time="0.00300000000001432" classname="checkmate" name="check_probabilities_returns_error_message_as_expected"/>
    <testcase time="0.0029999999999859" classname="checkmate" name="check_probabilities_returns_error_message_as_expected"/>
    <testcase time="0.0029999999999859" classname="checkmate" name="check_probabilities_returns_error_message_as_expected"/>
    <testcase time="0.00300000000001432" classname="checkmate" name="check_probabilities_returns_error_message_as_expected"/>
    <testcase time="0.0029999999999859" classname="checkmate" name="check_probabilities_returns_error_message_as_expected"/>
    <testcase time="0.00300000000001432" classname="checkmate" name="check_probabilities_returns_error_message_as_expected"/>
    <testcase time="0.0029999999999859" classname="checkmate" name="check_probabilities_returns_error_message_as_expected"/>
    <testcase time="0.00300000000001432" classname="checkmate" name="check_probabilities_returns_error_message_as_expected"/>
    <testcase time="0.0029999999999859" classname="checkmate" name="check_probabilities_returns_error_message_as_expected"/>
    <testcase time="0.00300000000001432" classname="checkmate" name="check_probabilities_returns_error_message_as_expected"/>
    <testcase time="0.0029999999999859" classname="checkmate" name="check_probabilities_returns_error_message_as_expected"/>
    <testcase time="0.007000000000005" classname="checkmate" name="check_probability_returns_TRUE_as_expected"/>
    <testcase time="0.00300000000001432" classname="checkmate" name="check_probability_returns_TRUE_as_expected"/>
    <testcase time="0.0029999999999859" classname="checkmate" name="check_probability_returns_TRUE_as_expected"/>
    <testcase time="0.00300000000001432" classname="checkmate" name="check_probability_returns_TRUE_as_expected"/>
    <testcase time="0.0029999999999859" classname="checkmate" name="check_probability_returns_TRUE_as_expected"/>
    <testcase time="0.00300000000001432" classname="checkmate" name="check_probability_returns_TRUE_as_expected"/>
    <testcase time="0.0029999999999859" classname="checkmate" name="check_probability_returns_TRUE_as_expected"/>
    <testcase time="0.00300000000001432" classname="checkmate" name="check_probability_returns_TRUE_as_expected"/>
    <testcase time="0.00199999999998113" classname="checkmate" name="check_probability_returns_TRUE_as_expected"/>
    <testcase time="0.007000000000005" classname="checkmate" name="check_probability_returns_error_message_as_expected"/>
    <testcase time="0.00200000000000955" classname="checkmate" name="check_probability_returns_error_message_as_expected"/>
    <testcase time="0.0029999999999859" classname="checkmate" name="check_probability_returns_error_message_as_expected"/>
    <testcase time="0.00300000000001432" classname="checkmate" name="check_probability_returns_error_message_as_expected"/>
    <testcase time="0.0029999999999859" classname="checkmate" name="check_probability_returns_error_message_as_expected"/>
    <testcase time="0.00300000000001432" classname="checkmate" name="check_probability_returns_error_message_as_expected"/>
    <testcase time="0.0029999999999859" classname="checkmate" name="check_probability_returns_error_message_as_expected"/>
    <testcase time="0.00600000000000023" classname="checkmate" name="check_probability_range_returns_TRUE_as_expected"/>
    <testcase time="0.00300000000001432" classname="checkmate" name="check_probability_range_returns_TRUE_as_expected"/>
    <testcase time="0.00199999999998113" classname="checkmate" name="check_probability_range_returns_TRUE_as_expected"/>
    <testcase time="0.00300000000001432" classname="checkmate" name="check_probability_range_returns_TRUE_as_expected"/>
    <testcase time="0.0029999999999859" classname="checkmate" name="check_probability_range_returns_TRUE_as_expected"/>
    <testcase time="0.00300000000001432" classname="checkmate" name="check_probability_range_returns_TRUE_as_expected"/>
    <testcase time="0.0029999999999859" classname="checkmate" name="check_probability_range_returns_TRUE_as_expected"/>
    <testcase time="0.00300000000001432" classname="checkmate" name="check_probability_range_returns_TRUE_as_expected"/>
    <testcase time="0.00200000000000955" classname="checkmate" name="check_probability_range_returns_TRUE_as_expected"/>
    <testcase time="0.0029999999999859" classname="checkmate" name="check_probability_range_returns_TRUE_as_expected"/>
    <testcase time="0.00600000000000023" classname="checkmate" name="check_probability_range_returns_error_message_as_expected"/>
    <testcase time="0.00300000000001432" classname="checkmate" name="check_probability_range_returns_error_message_as_expected"/>
    <testcase time="0.0029999999999859" classname="checkmate" name="check_probability_range_returns_error_message_as_expected"/>
    <testcase time="0.00300000000001432" classname="checkmate" name="check_probability_range_returns_error_message_as_expected"/>
    <testcase time="0.0029999999999859" classname="checkmate" name="check_probability_range_returns_error_message_as_expected"/>
    <testcase time="0.00300000000001432" classname="checkmate" name="check_probability_range_returns_error_message_as_expected"/>
    <testcase time="0.0029999999999859" classname="checkmate" name="check_probability_range_returns_error_message_as_expected"/>
    <testcase time="0.00399999999999068" classname="checkmate" name="check_probability_range_returns_error_message_as_expected"/>
    <testcase time="0.00600000000000023" classname="checkmate" name="check_length_returns_TRUE_as_expected"/>
    <testcase time="0.00300000000001432" classname="checkmate" name="check_length_returns_TRUE_as_expected"/>
    <testcase time="0.0029999999999859" classname="checkmate" name="check_length_returns_TRUE_as_expected"/>
    <testcase time="0.00300000000001432" classname="checkmate" name="check_length_returns_TRUE_as_expected"/>
    <testcase time="0.0029999999999859" classname="checkmate" name="check_length_returns_TRUE_as_expected"/>
    <testcase time="0.00300000000001432" classname="checkmate" name="check_length_returns_TRUE_as_expected"/>
    <testcase time="0.0029999999999859" classname="checkmate" name="check_length_returns_TRUE_as_expected"/>
    <testcase time="0.00200000000000955" classname="checkmate" name="check_length_returns_TRUE_as_expected"/>
    <testcase time="0.00899999999998613" classname="checkmate" name="check_length_returns_error_message_as_expected"/>
    <testcase time="0.00500000000002387" classname="checkmate" name="check_length_returns_error_message_as_expected"/>
    <testcase time="0.00499999999999545" classname="checkmate" name="check_length_returns_error_message_as_expected"/>
    <testcase time="0.00499999999999545" classname="checkmate" name="check_length_returns_error_message_as_expected"/>
    <testcase time="0.00499999999999545" classname="checkmate" name="check_length_returns_error_message_as_expected"/>
    <testcase time="0.007000000000005" classname="checkmate" name="check_range_returns_TRUE_as_expected"/>
    <testcase time="0.0029999999999859" classname="checkmate" name="check_range_returns_TRUE_as_expected"/>
    <testcase time="0.00300000000001432" classname="checkmate" name="check_range_returns_TRUE_as_expected"/>
    <testcase time="0.0029999999999859" classname="checkmate" name="check_range_returns_TRUE_as_expected"/>
    <testcase time="0.00300000000001432" classname="checkmate" name="check_range_returns_TRUE_as_expected"/>
    <testcase time="0.00200000000000955" classname="checkmate" name="check_range_returns_TRUE_as_expected"/>
    <testcase time="0.0029999999999859" classname="checkmate" name="check_range_returns_TRUE_as_expected"/>
    <testcase time="0.00300000000001432" classname="checkmate" name="check_range_returns_TRUE_as_expected"/>
    <testcase time="0.0029999999999859" classname="checkmate" name="check_range_returns_TRUE_as_expected"/>
    <testcase time="0.00600000000000023" classname="checkmate" name="check_range_returns_TRUE_as_expected_when_unique_is_FALSE"/>
    <testcase time="0.00300000000001432" classname="checkmate" name="check_range_returns_TRUE_as_expected_when_unique_is_FALSE"/>
    <testcase time="0.0029999999999859" classname="checkmate" name="check_range_returns_TRUE_as_expected_when_unique_is_FALSE"/>
    <testcase time="0.00300000000001432" classname="checkmate" name="check_range_returns_TRUE_as_expected_when_unique_is_FALSE"/>
    <testcase time="0.0029999999999859" classname="checkmate" name="check_range_returns_TRUE_as_expected_when_unique_is_FALSE"/>
    <testcase time="0.00800000000000978" classname="checkmate" name="check_range_throws_the_error_as_expected"/>
    <testcase time="0.00600000000000023" classname="checkmate" name="check_range_throws_the_error_as_expected"/>
    <testcase time="0.00499999999999545" classname="checkmate" name="check_range_throws_the_error_as_expected"/>
    <testcase time="0.00499999999999545" classname="checkmate" name="check_range_throws_the_error_as_expected"/>
    <testcase time="0.00600000000000023" classname="checkmate" name="check_range_returns_error_message_as_expected"/>
    <testcase time="0.00300000000001432" classname="checkmate" name="check_range_returns_error_message_as_expected"/>
    <testcase time="0.00399999999999068" classname="checkmate" name="check_range_returns_error_message_as_expected"/>
    <testcase time="0.0029999999999859" classname="checkmate" name="check_range_returns_error_message_as_expected"/>
    <testcase time="0.00300000000001432" classname="checkmate" name="check_range_returns_error_message_as_expected"/>
    <testcase time="0.0029999999999859" classname="checkmate" name="check_range_returns_error_message_as_expected"/>
    <testcase time="0.00300000000001432" classname="checkmate" name="check_range_returns_error_message_as_expected"/>
    <testcase time="0.0029999999999859" classname="checkmate" name="check_range_returns_error_message_as_expected"/>
    <testcase time="0.00300000000001432" classname="checkmate" name="check_range_returns_error_message_as_expected"/>
    <testcase time="0.0029999999999859" classname="checkmate" name="check_range_returns_error_message_as_expected"/>
    <testcase time="0.00600000000000023" classname="checkmate" name="check_range_returns_error_message_as_expected_when_unique_is_FALSE"/>
    <testcase time="0.0040000000000191" classname="checkmate" name="check_range_returns_error_message_as_expected_when_unique_is_FALSE"/>
    <testcase time="0.0120000000000005" classname="checkmate" name="check_range_returns_error_message_as_expected_when_unique_is_FALSE"/>
    <testcase time="0.00399999999999068" classname="checkmate" name="check_range_returns_error_message_as_expected_when_unique_is_FALSE"/>
    <testcase time="0.0029999999999859" classname="checkmate" name="check_range_returns_error_message_as_expected_when_unique_is_FALSE"/>
    <testcase time="0.00300000000001432" classname="checkmate" name="check_range_returns_error_message_as_expected_when_unique_is_FALSE"/>
    <testcase time="0.00399999999999068" classname="checkmate" name="check_range_returns_error_message_as_expected_when_unique_is_FALSE"/>
    <testcase time="0.00300000000001432" classname="checkmate" name="check_range_returns_error_message_as_expected_when_unique_is_FALSE"/>
  </testsuite>
  <testsuite name="fromQuantiles" timestamp="2024-10-07T08:41:32Z" hostname="18e134b69287" tests="8" skipped="0" failures="0" errors="0" time="0.036">
    <testcase time="0.00899999999998613" classname="fromQuantiles" name="h_get_min_inf_beta_works_as_expected_with_p_q"/>
    <testcase time="0.00499999999999545" classname="fromQuantiles" name="h_get_min_inf_beta_works_as_expected_with_p_q"/>
    <testcase time="0.00200000000000955" classname="fromQuantiles" name="h_get_min_inf_beta_works_as_expected_with_p_q"/>
    <testcase time="0.00600000000000023" classname="fromQuantiles" name="h_get_min_inf_beta_works_as_expected_with_p_q"/>
    <testcase time="0.00399999999999068" classname="fromQuantiles" name="h_get_min_inf_beta_works_as_expected_with_p_q"/>
    <testcase time="0.00200000000000955" classname="fromQuantiles" name="h_get_min_inf_beta_works_as_expected_with_p_q"/>
    <testcase time="0.00600000000000023" classname="fromQuantiles" name="h_get_min_inf_beta_works_as_expected_with_p_q"/>
    <testcase time="0.00200000000000955" classname="fromQuantiles" name="h_get_min_inf_beta_works_as_expected_with_p_q"/>
  </testsuite>
  <testsuite name="helpers-simulations" timestamp="2024-10-07T08:41:32Z" hostname="18e134b69287" tests="8" skipped="1" failures="0" errors="0" time="0.123">
    <testcase time="0.0759999999999934" classname="helpers_simulations" name="h_barplot_percentages_produces_consistent_results">
      <skipped message="Reason: On CRAN ('test-helpers-simulations.R:9:3')"/>
    </testcase>
    <testcase time="0.0169999999999959" classname="helpers_simulations" name="barplot_percentages_fails_gracefully_with_bad_input"/>
    <testcase time="0.00499999999999545" classname="helpers_simulations" name="barplot_percentages_fails_gracefully_with_bad_input"/>
    <testcase time="0.00499999999999545" classname="helpers_simulations" name="barplot_percentages_fails_gracefully_with_bad_input"/>
    <testcase time="0.00600000000000023" classname="helpers_simulations" name="barplot_percentages_fails_gracefully_with_bad_input"/>
    <testcase time="0.00499999999999545" classname="helpers_simulations" name="barplot_percentages_fails_gracefully_with_bad_input"/>
    <testcase time="0.00600000000000023" classname="helpers_simulations" name="aggregation_of_additional_stats_works_correctly"/>
    <testcase time="0.00300000000001432" classname="helpers_simulations" name="aggregation_of_additional_stats_works_correctly"/>
  </testsuite>
  <testsuite name="helpers" timestamp="2024-10-07T08:41:32Z" hostname="18e134b69287" tests="236" skipped="5" failures="3" errors="0" time="2.009">
    <testcase time="0.0120000000000005" classname="helpers" name="h_all_equivalent_returns_TRUE_for_equivalent_objects"/>
    <testcase time="0.00600000000000023" classname="helpers" name="h_all_equivalent_returns_TRUE_for_equivalent_objects"/>
    <testcase time="0.00600000000000023" classname="helpers" name="h_all_equivalent_returns_FALSE_for_non_equivalent_objects"/>
    <testcase time="0.0149999999999864" classname="helpers" name="h_plot_data_df_valid_object_for_sample_Data_object_with_placebo"/>
    <testcase time="0.0160000000000196" classname="helpers" name="h_plot_data_df_returns_valid_object_Data_with_placebo_and_blind."/>
    <testcase time="0.0849999999999795" classname="helpers" name="h_plot_data_cohort_lines_works_as_expected">
      <skipped message="Reason: On CRAN ('test-helpers.R:78:3')"/>
    </testcase>
    <testcase time="0.0960000000000036" classname="helpers" name="h_plot_data_cohort_lines_works_as_expected_when_no_placebo">
      <skipped message="Reason: On CRAN ('test-helpers.R:90:3')"/>
    </testcase>
    <testcase time="0.0840000000000032" classname="helpers" name="h_plot_data_cohort_lines_works_as_expected_for_single_cohort">
      <skipped message="Reason: On CRAN ('test-helpers.R:106:3')"/>
    </testcase>
    <testcase time="0.0159999999999911" classname="helpers" name="h_check_fun_formals_returns_TRUE_for_valid_arguments"/>
    <testcase time="0.007000000000005" classname="helpers" name="h_check_fun_formals_returns_FALSE_for_non_valid_arguments"/>
    <testcase time="0.0150000000000148" classname="helpers" name="h_slots_returns_two_slots_as_expected"/>
    <testcase time="0.0149999999999864" classname="helpers" name="h_slots_returns_two_slots_as_expected_simplification_ignored_"/>
    <testcase time="0.0150000000000148" classname="helpers" name="h_slots_returns_one_slot_as_expected"/>
    <testcase time="0.0149999999999864" classname="helpers" name="h_slots_returns_one_slot_expected_with_simplification_"/>
    <testcase time="0.0169999999999959" classname="helpers" name="h_slots_throws_the_error_for_non_existing_slots"/>
    <testcase time="0.0150000000000148" classname="helpers" name="h_slots_returns_empty_list_for_empty_request"/>
    <testcase time="0.0029999999999859" classname="helpers" name="h_slots_returns_empty_list_for_empty_request"/>
    <testcase time="0.007000000000005" classname="helpers" name="h_format_number_works_as_expected"/>
    <testcase time="0.00600000000000023" classname="helpers" name="h_format_number_works_as_expected_when_no_change"/>
    <testcase time="0.007000000000005" classname="helpers" name="h_rapply_works_as_expected"/>
    <testcase time="0.007000000000005" classname="helpers" name="h_null_if_na_works_as_expected"/>
    <testcase time="0.00199999999998113" classname="helpers" name="h_null_if_na_works_as_expected"/>
    <testcase time="0.00300000000001432" classname="helpers" name="h_null_if_na_works_as_expected"/>
    <testcase time="0.0029999999999859" classname="helpers" name="h_null_if_na_works_as_expected"/>
    <testcase time="0.00800000000000978" classname="helpers" name="h_null_if_na_throws_an_error_for_non_atomic_argument"/>
    <testcase time="0.00800000000000978" classname="helpers" name="h_null_if_na_throws_an_error_for_non_scalar_atomic_argument"/>
    <testcase time="0.00499999999999545" classname="helpers" name="h_null_if_na_throws_an_error_for_non_scalar_atomic_argument"/>
    <testcase time="0.00600000000000023" classname="helpers" name="h_default_if_empty_works_as_expected"/>
    <testcase time="0.0029999999999859" classname="helpers" name="h_default_if_empty_works_as_expected"/>
    <testcase time="0.00300000000001432" classname="helpers" name="h_default_if_empty_works_as_expected"/>
    <testcase time="0.0109999999999957" classname="helpers" name="h_default_if_empty_works_as_expected"/>
    <testcase time="0.00800000000000978" classname="helpers" name="h_is_positive_definite_returns_TRUE_for_2x2_positive_definite_matrix"/>
    <testcase time="0.007000000000005" classname="helpers" name="h_is_positive_definite_returns_TRUE_for_3x3_positive_definite_matrix"/>
    <testcase time="0.007000000000005" classname="helpers" name="h_is_positive_definite_returns_FALSE_for_matrix_with_NA"/>
    <testcase time="0.00600000000000023" classname="helpers" name="h_is_positive_definite_returns_FALSE_for_non_square_matrix"/>
    <testcase time="0.007000000000005" classname="helpers" name="h_is_positive_definite_returns_FALSE_for_non_symmetric_matrix"/>
    <testcase time="0.007000000000005" classname="helpers" name="h_is_positive_definite_returns_FALSE_for_not_a_pos_def_matrix"/>
    <testcase time="0.00699999999997658" classname="helpers" name="h_test_named_numeric_returns_TRUE_as_expected"/>
    <testcase time="0.00300000000001432" classname="helpers" name="h_test_named_numeric_returns_TRUE_as_expected"/>
    <testcase time="0.0029999999999859" classname="helpers" name="h_test_named_numeric_returns_TRUE_as_expected"/>
    <testcase time="0.00300000000001432" classname="helpers" name="h_test_named_numeric_returns_TRUE_as_expected"/>
    <testcase time="0.0029999999999859" classname="helpers" name="h_test_named_numeric_returns_TRUE_as_expected"/>
    <testcase time="0.00300000000001432" classname="helpers" name="h_test_named_numeric_returns_TRUE_as_expected"/>
    <testcase time="0.0029999999999859" classname="helpers" name="h_test_named_numeric_returns_TRUE_as_expected"/>
    <testcase time="0.007000000000005" classname="helpers" name="h_test_named_numeric_returns_TRUE_as_expected_for_duplicated_names"/>
    <testcase time="0.00300000000001432" classname="helpers" name="h_test_named_numeric_returns_TRUE_as_expected_for_duplicated_names"/>
    <testcase time="0.0029999999999859" classname="helpers" name="h_test_named_numeric_returns_TRUE_as_expected_for_duplicated_names"/>
    <testcase time="0.00600000000000023" classname="helpers" name="h_test_named_numeric_returns_FALSE_as_expected"/>
    <testcase time="0.00300000000001432" classname="helpers" name="h_test_named_numeric_returns_FALSE_as_expected"/>
    <testcase time="0.00399999999999068" classname="helpers" name="h_test_named_numeric_returns_FALSE_as_expected"/>
    <testcase time="0.00300000000001432" classname="helpers" name="h_test_named_numeric_returns_FALSE_as_expected"/>
    <testcase time="0.00199999999998113" classname="helpers" name="h_test_named_numeric_returns_FALSE_as_expected"/>
    <testcase time="0.00300000000001432" classname="helpers" name="h_test_named_numeric_returns_FALSE_as_expected"/>
    <testcase time="0.0029999999999859" classname="helpers" name="h_test_named_numeric_returns_FALSE_as_expected"/>
    <testcase time="0.00600000000000023" classname="helpers" name="h_in_range_returns_expected_vector_of_flags_for_finite_interval"/>
    <testcase time="0.00300000000001432" classname="helpers" name="h_in_range_returns_expected_vector_of_flags_for_finite_interval"/>
    <testcase time="0.0029999999999859" classname="helpers" name="h_in_range_returns_expected_vector_of_flags_for_finite_interval"/>
    <testcase time="0.00300000000001432" classname="helpers" name="h_in_range_returns_expected_vector_of_flags_for_finite_interval"/>
    <testcase time="0.0029999999999859" classname="helpers" name="h_in_range_returns_expected_vector_of_flags_for_finite_interval"/>
    <testcase time="0.00600000000000023" classname="helpers" name="h_in_range_returns_expected_vector_of_flags_for_non_finite_bound"/>
    <testcase time="0.00300000000001432" classname="helpers" name="h_in_range_returns_expected_vector_of_flags_for_non_finite_bound"/>
    <testcase time="0.0029999999999859" classname="helpers" name="h_in_range_returns_expected_vector_of_flags_for_non_finite_bound"/>
    <testcase time="0.00300000000001432" classname="helpers" name="h_in_range_returns_expected_vector_of_flags_for_non_finite_bound"/>
    <testcase time="0.00600000000000023" classname="helpers" name="h_in_range_returns_expected_matrix_of_flags"/>
    <testcase time="0.00300000000001432" classname="helpers" name="h_in_range_returns_expected_matrix_of_flags"/>
    <testcase time="0.0029999999999859" classname="helpers" name="h_in_range_returns_expected_matrix_of_flags"/>
    <testcase time="0.00300000000001432" classname="helpers" name="h_in_range_returns_expected_matrix_of_flags"/>
    <testcase time="0.00899999999998613" classname="helpers" name="h_in_range_throws_the_error_message_as_expected"/>
    <testcase time="0.00500000000002387" classname="helpers" name="h_in_range_throws_the_error_message_as_expected"/>
    <testcase time="0.00600000000000023" classname="helpers" name="h_in_range_throws_the_error_message_as_expected"/>
    <testcase time="0.00499999999999545" classname="helpers" name="h_in_range_throws_the_error_message_as_expected"/>
    <testcase time="0.00600000000000023" classname="helpers" name="h_in_range_throws_the_error_message_as_expected"/>
    <testcase time="0.00600000000000023" classname="helpers" name="h_in_range_throws_the_error_message_as_expected"/>
    <testcase time="0.00499999999999545" classname="helpers" name="h_in_range_throws_the_error_message_as_expected"/>
    <testcase time="0.007000000000005" classname="helpers" name="h_find_interval_works_as_expected"/>
    <testcase time="0.00399999999999068" classname="helpers" name="h_find_interval_works_as_expected"/>
    <testcase time="0.00399999999999068" classname="helpers" name="h_find_interval_works_as_expected"/>
    <testcase time="0.00300000000001432" classname="helpers" name="h_find_interval_works_as_expected"/>
    <testcase time="0.0029999999999859" classname="helpers" name="h_find_interval_works_as_expected"/>
    <testcase time="0.0040000000000191" classname="helpers" name="h_find_interval_works_as_expected"/>
    <testcase time="0.00399999999999068" classname="helpers" name="h_find_interval_works_as_expected"/>
    <testcase time="0.00399999999999068" classname="helpers" name="h_find_interval_works_as_expected"/>
    <testcase time="0.00300000000001432" classname="helpers" name="h_find_interval_works_as_expected"/>
    <testcase time="0.007000000000005" classname="helpers" name="h_find_interval_works_as_expected_for_custom_replacement"/>
    <testcase time="0.0029999999999859" classname="helpers" name="h_find_interval_works_as_expected_for_custom_replacement"/>
    <testcase time="0.00399999999999068" classname="helpers" name="h_find_interval_works_as_expected_for_custom_replacement"/>
    <testcase time="0.007000000000005" classname="helpers" name="default_constructors_exist_for_all_subclasses_of_GeneralModel"/>
    <testcase time="0.00499999999999545" classname="helpers" name="default_constructors_exist_for_all_subclasses_of_GeneralModel"/>
    <testcase time="0.00300000000001432" classname="helpers" name="default_constructors_exist_for_all_subclasses_of_GeneralModel"/>
    <testcase time="0.00399999999999068" classname="helpers" name="default_constructors_exist_for_all_subclasses_of_GeneralModel"/>
    <testcase time="0.00399999999999068" classname="helpers" name="default_constructors_exist_for_all_subclasses_of_GeneralModel"/>
    <testcase time="0.00300000000001432" classname="helpers" name="default_constructors_exist_for_all_subclasses_of_GeneralModel"/>
    <testcase time="0.0029999999999859" classname="helpers" name="default_constructors_exist_for_all_subclasses_of_GeneralModel"/>
    <testcase time="0.00600000000000023" classname="helpers" name="default_constructors_exist_for_all_subclasses_of_GeneralModel"/>
    <testcase time="0.00300000000001432" classname="helpers" name="default_constructors_exist_for_all_subclasses_of_GeneralModel"/>
    <testcase time="0.0109999999999957" classname="helpers" name="default_constructors_exist_for_all_subclasses_of_GeneralModel"/>
    <testcase time="0.00300000000001432" classname="helpers" name="default_constructors_exist_for_all_subclasses_of_GeneralModel"/>
    <testcase time="0.00399999999999068" classname="helpers" name="default_constructors_exist_for_all_subclasses_of_GeneralModel"/>
    <testcase time="0.00399999999999068" classname="helpers" name="default_constructors_exist_for_all_subclasses_of_GeneralModel"/>
    <testcase time="0.00300000000001432" classname="helpers" name="default_constructors_exist_for_all_subclasses_of_GeneralModel"/>
    <testcase time="0.00399999999999068" classname="helpers" name="default_constructors_exist_for_all_subclasses_of_GeneralModel"/>
    <testcase time="0.00600000000000023" classname="helpers" name="default_constructors_exist_for_all_subclasses_of_GeneralModel"/>
    <testcase time="0.00300000000001432" classname="helpers" name="default_constructors_exist_for_all_subclasses_of_GeneralModel"/>
    <testcase time="0.00699999999997658" classname="helpers" name="default_constructors_exist_for_all_subclasses_of_GeneralModel"/>
    <testcase time="0.00300000000001432" classname="helpers" name="default_constructors_exist_for_all_subclasses_of_GeneralModel"/>
    <testcase time="0.007000000000005" classname="helpers" name="default_constructors_exist_for_all_subclasses_of_GeneralModel"/>
    <testcase time="0.00399999999999068" classname="helpers" name="default_constructors_exist_for_all_subclasses_of_GeneralModel"/>
    <testcase time="0.00600000000000023" classname="helpers" name="default_constructors_exist_for_all_subclasses_of_GeneralModel"/>
    <testcase time="0.00300000000001432" classname="helpers" name="default_constructors_exist_for_all_subclasses_of_GeneralModel"/>
    <testcase time="0.00699999999997658" classname="helpers" name="default_constructors_exist_for_all_subclasses_of_GeneralModel"/>
    <testcase time="0.00500000000002387" classname="helpers" name="default_constructors_exist_for_all_subclasses_of_GeneralModel"/>
    <testcase time="0.00799999999998136" classname="helpers" name="default_constructors_exist_for_all_subclasses_of_GeneralModel"/>
    <testcase time="0.0040000000000191" classname="helpers" name="default_constructors_exist_for_all_subclasses_of_GeneralModel"/>
    <testcase time="0.025999999999982" classname="helpers" name="default_constructors_exist_for_all_subclasses_of_GeneralModel"/>
    <testcase time="0.00600000000000023" classname="helpers" name="default_constructors_exist_for_all_subclasses_of_GeneralModel"/>
    <testcase time="0.0150000000000148" classname="helpers" name="default_constructors_exist_for_all_subclasses_of_GeneralModel"/>
    <testcase time="0.00600000000000023" classname="helpers" name="default_constructors_exist_for_all_subclasses_of_GeneralModel"/>
    <testcase time="0.0139999999999816" classname="helpers" name="default_constructors_exist_for_all_subclasses_of_GeneralModel"/>
    <testcase time="0.00499999999999545" classname="helpers" name="default_constructors_exist_for_all_subclasses_of_GeneralModel"/>
    <testcase time="0.00900000000001455" classname="helpers" name="default_constructors_exist_for_all_subclasses_of_GeneralModel"/>
    <testcase time="0.00499999999999545" classname="helpers" name="default_constructors_exist_for_all_subclasses_of_GeneralModel"/>
    <testcase time="0.00900000000001455" classname="helpers" name="default_constructors_exist_for_all_subclasses_of_GeneralModel"/>
    <testcase time="0.00399999999999068" classname="helpers" name="default_constructors_exist_for_all_subclasses_of_GeneralModel"/>
    <testcase time="0.00800000000000978" classname="helpers" name="default_constructors_exist_for_all_subclasses_of_GeneralModel"/>
    <testcase time="0.00399999999999068" classname="helpers" name="default_constructors_exist_for_all_subclasses_of_GeneralModel"/>
    <testcase time="0.00600000000000023" classname="helpers" name="default_constructors_exist_for_all_subclasses_of_GeneralModel"/>
    <testcase time="0.00399999999999068" classname="helpers" name="default_constructors_exist_for_all_subclasses_of_GeneralModel"/>
    <testcase time="0.00800000000000978" classname="helpers" name="default_constructors_exist_for_all_subclasses_of_GeneralModel"/>
    <testcase time="0.0109999999999957" classname="helpers" name="default_constructors_exist_for_all_subclasses_of_Increments"/>
    <testcase time="0.00399999999999068" classname="helpers" name="default_constructors_exist_for_all_subclasses_of_Increments"/>
    <testcase time="0.00499999999999545" classname="helpers" name="default_constructors_exist_for_all_subclasses_of_Increments"/>
    <testcase time="0.0040000000000191" classname="helpers" name="default_constructors_exist_for_all_subclasses_of_Increments"/>
    <testcase time="0.00600000000000023" classname="helpers" name="default_constructors_exist_for_all_subclasses_of_Increments"/>
    <testcase time="0.00399999999999068" classname="helpers" name="default_constructors_exist_for_all_subclasses_of_Increments"/>
    <testcase time="0.00499999999999545" classname="helpers" name="default_constructors_exist_for_all_subclasses_of_Increments"/>
    <testcase time="0.0040000000000191" classname="helpers" name="default_constructors_exist_for_all_subclasses_of_Increments"/>
    <testcase time="0.00499999999999545" classname="helpers" name="default_constructors_exist_for_all_subclasses_of_Increments"/>
    <testcase time="0.00499999999999545" classname="helpers" name="default_constructors_exist_for_all_subclasses_of_Increments"/>
    <testcase time="0.00499999999999545" classname="helpers" name="default_constructors_exist_for_all_subclasses_of_Increments"/>
    <testcase time="0.00399999999999068" classname="helpers" name="default_constructors_exist_for_all_subclasses_of_Increments"/>
    <testcase time="0.00499999999999545" classname="helpers" name="default_constructors_exist_for_all_subclasses_of_Increments"/>
    <testcase time="0.00500000000002387" classname="helpers" name="default_constructors_exist_for_all_subclasses_of_Increments"/>
    <testcase time="0.00499999999999545" classname="helpers" name="default_constructors_exist_for_all_subclasses_of_Increments"/>
    <testcase time="0.00399999999999068" classname="helpers" name="default_constructors_exist_for_all_subclasses_of_Increments"/>
    <testcase time="0.00800000000000978" classname="helpers" name="default_constructors_exist_for_all_subclasses_of_Increments"/>
    <testcase time="0.00999999999999091" classname="helpers" name="default_constructors_exist_for_all_subclasses_of_NextBest"/>
    <testcase time="0.00399999999999068" classname="helpers" name="default_constructors_exist_for_all_subclasses_of_NextBest"/>
    <testcase time="0.0040000000000191" classname="helpers" name="default_constructors_exist_for_all_subclasses_of_NextBest"/>
    <testcase time="0.0029999999999859" classname="helpers" name="default_constructors_exist_for_all_subclasses_of_NextBest"/>
    <testcase time="0.00300000000001432" classname="helpers" name="default_constructors_exist_for_all_subclasses_of_NextBest"/>
    <testcase time="0.00199999999998113" classname="helpers" name="default_constructors_exist_for_all_subclasses_of_NextBest"/>
    <testcase time="0.0040000000000191" classname="helpers" name="default_constructors_exist_for_all_subclasses_of_NextBest"/>
    <testcase time="0.0029999999999859" classname="helpers" name="default_constructors_exist_for_all_subclasses_of_NextBest"/>
    <testcase time="0.0040000000000191" classname="helpers" name="default_constructors_exist_for_all_subclasses_of_NextBest"/>
    <testcase time="0.00199999999998113" classname="helpers" name="default_constructors_exist_for_all_subclasses_of_NextBest"/>
    <testcase time="0.00399999999999068" classname="helpers" name="default_constructors_exist_for_all_subclasses_of_NextBest"/>
    <testcase time="0.00300000000001432" classname="helpers" name="default_constructors_exist_for_all_subclasses_of_NextBest"/>
    <testcase time="0.00399999999999068" classname="helpers" name="default_constructors_exist_for_all_subclasses_of_NextBest"/>
    <testcase time="0.00200000000000955" classname="helpers" name="default_constructors_exist_for_all_subclasses_of_NextBest"/>
    <testcase time="0.00399999999999068" classname="helpers" name="default_constructors_exist_for_all_subclasses_of_NextBest"/>
    <testcase time="0.00200000000000955" classname="helpers" name="default_constructors_exist_for_all_subclasses_of_NextBest"/>
    <testcase time="0.00399999999999068" classname="helpers" name="default_constructors_exist_for_all_subclasses_of_NextBest"/>
    <testcase time="0.00300000000001432" classname="helpers" name="default_constructors_exist_for_all_subclasses_of_NextBest"/>
    <testcase time="0.0029999999999859" classname="helpers" name="default_constructors_exist_for_all_subclasses_of_NextBest"/>
    <testcase time="0.00300000000001432" classname="helpers" name="default_constructors_exist_for_all_subclasses_of_NextBest"/>
    <testcase time="0.00399999999999068" classname="helpers" name="default_constructors_exist_for_all_subclasses_of_NextBest"/>
    <testcase time="0.00300000000001432" classname="helpers" name="default_constructors_exist_for_all_subclasses_of_NextBest"/>
    <testcase time="0.0149999999999864" classname="helpers" name="default_constructors_exist_for_all_subclasses_of_NextBest">
      <failure type="failure" message="... &gt; 1 is not TRUE ('test-helpers.R:514:7')">... &gt; 1 is not TRUE

`actual`:   FALSE
`expected`: TRUE 
Backtrace:
    x
 1. \-base::lapply(...) at test-helpers.R:510:3
 2.   \-crmPack (local) FUN(X[[i]], ...)
 3.     \-testthat::expect_true(...) at test-helpers.R:514:7</failure>
    </testcase>
    <testcase time="0.021000000000015" classname="helpers" name="default_constructors_exist_for_all_subclasses_of_NextBest"/>
    <testcase time="0.00399999999999068" classname="helpers" name="default_constructors_exist_for_all_subclasses_of_NextBest"/>
    <testcase time="0.0029999999999859" classname="helpers" name="default_constructors_exist_for_all_subclasses_of_NextBest"/>
    <testcase time="0.0040000000000191" classname="helpers" name="default_constructors_exist_for_all_subclasses_of_NextBest"/>
    <testcase time="0.00399999999999068" classname="helpers" name="default_constructors_exist_for_all_subclasses_of_NextBest"/>
    <testcase time="0.00399999999999068" classname="helpers" name="default_constructors_exist_for_all_subclasses_of_NextBest"/>
    <testcase time="0.00300000000001432" classname="helpers" name="default_constructors_exist_for_all_subclasses_of_NextBest"/>
    <testcase time="0.0149999999999864" classname="helpers" name="default_constructors_exist_for_all_subclasses_of_NextBest">
      <failure type="failure" message="... &gt; 1 is not TRUE ('test-helpers.R:514:7')">... &gt; 1 is not TRUE

`actual`:   FALSE
`expected`: TRUE 
Backtrace:
    x
 1. \-base::lapply(...) at test-helpers.R:510:3
 2.   \-crmPack (local) FUN(X[[i]], ...)
 3.     \-testthat::expect_true(...) at test-helpers.R:514:7</failure>
    </testcase>
    <testcase time="0.0190000000000055" classname="helpers" name="default_constructors_exist_for_all_subclasses_of_NextBest"/>
    <testcase time="0.01400000000001" classname="helpers" name="default_constructors_exist_for_all_subclasses_of_NextBest">
      <failure type="failure" message="... &gt; 1 is not TRUE ('test-helpers.R:514:7')">... &gt; 1 is not TRUE

`actual`:   FALSE
`expected`: TRUE 
Backtrace:
    x
 1. \-base::lapply(...) at test-helpers.R:510:3
 2.   \-crmPack (local) FUN(X[[i]], ...)
 3.     \-testthat::expect_true(...) at test-helpers.R:514:7</failure>
    </testcase>
    <testcase time="0.0199999999999818" classname="helpers" name="default_constructors_exist_for_all_subclasses_of_NextBest"/>
    <testcase time="0.00600000000000023" classname="helpers" name="default_constructors_exist_for_all_subclasses_of_NextBest"/>
    <testcase time="0.0190000000000055" classname="helpers" name="default_constructors_exist_for_all_subclasses_of_Stopping"/>
    <testcase time="0.00200000000000955" classname="helpers" name="default_constructors_exist_for_all_subclasses_of_Stopping"/>
    <testcase time="0.00399999999999068" classname="helpers" name="default_constructors_exist_for_all_subclasses_of_Stopping"/>
    <testcase time="0.00300000000001432" classname="helpers" name="default_constructors_exist_for_all_subclasses_of_Stopping"/>
    <testcase time="0.00499999999999545" classname="helpers" name="default_constructors_exist_for_all_subclasses_of_Stopping"/>
    <testcase time="0.0029999999999859" classname="helpers" name="default_constructors_exist_for_all_subclasses_of_Stopping"/>
    <testcase time="0.0040000000000191" classname="helpers" name="default_constructors_exist_for_all_subclasses_of_Stopping"/>
    <testcase time="0.0029999999999859" classname="helpers" name="default_constructors_exist_for_all_subclasses_of_Stopping"/>
    <testcase time="0.0040000000000191" classname="helpers" name="default_constructors_exist_for_all_subclasses_of_Stopping"/>
    <testcase time="0.00199999999998113" classname="helpers" name="default_constructors_exist_for_all_subclasses_of_Stopping"/>
    <testcase time="0.0040000000000191" classname="helpers" name="default_constructors_exist_for_all_subclasses_of_Stopping"/>
    <testcase time="0.0029999999999859" classname="helpers" name="default_constructors_exist_for_all_subclasses_of_Stopping"/>
    <testcase time="0.00399999999999068" classname="helpers" name="default_constructors_exist_for_all_subclasses_of_Stopping"/>
    <testcase time="0.00300000000001432" classname="helpers" name="default_constructors_exist_for_all_subclasses_of_Stopping"/>
    <testcase time="0.00399999999999068" classname="helpers" name="default_constructors_exist_for_all_subclasses_of_Stopping"/>
    <testcase time="0.00300000000001432" classname="helpers" name="default_constructors_exist_for_all_subclasses_of_Stopping"/>
    <testcase time="0.00399999999999068" classname="helpers" name="default_constructors_exist_for_all_subclasses_of_Stopping"/>
    <testcase time="0.00300000000001432" classname="helpers" name="default_constructors_exist_for_all_subclasses_of_Stopping"/>
    <testcase time="0.00399999999999068" classname="helpers" name="default_constructors_exist_for_all_subclasses_of_Stopping"/>
    <testcase time="0.0029999999999859" classname="helpers" name="default_constructors_exist_for_all_subclasses_of_Stopping"/>
    <testcase time="0.0040000000000191" classname="helpers" name="default_constructors_exist_for_all_subclasses_of_Stopping"/>
    <testcase time="0.00399999999999068" classname="helpers" name="default_constructors_exist_for_all_subclasses_of_Stopping"/>
    <testcase time="0.00499999999999545" classname="helpers" name="default_constructors_exist_for_all_subclasses_of_Stopping"/>
    <testcase time="0.00200000000000955" classname="helpers" name="default_constructors_exist_for_all_subclasses_of_Stopping"/>
    <testcase time="0.00399999999999068" classname="helpers" name="default_constructors_exist_for_all_subclasses_of_Stopping"/>
    <testcase time="0.00300000000001432" classname="helpers" name="default_constructors_exist_for_all_subclasses_of_Stopping"/>
    <testcase time="0.00399999999999068" classname="helpers" name="default_constructors_exist_for_all_subclasses_of_Stopping"/>
    <testcase time="0.00399999999999068" classname="helpers" name="default_constructors_exist_for_all_subclasses_of_Stopping"/>
    <testcase time="0.0040000000000191" classname="helpers" name="default_constructors_exist_for_all_subclasses_of_Stopping"/>
    <testcase time="0.00499999999999545" classname="helpers" name="default_constructors_exist_for_all_subclasses_of_Stopping"/>
    <testcase time="0.0029999999999859" classname="helpers" name="default_constructors_exist_for_all_subclasses_of_Stopping"/>
    <testcase time="0.0040000000000191" classname="helpers" name="default_constructors_exist_for_all_subclasses_of_Stopping"/>
    <testcase time="0.00399999999999068" classname="helpers" name="default_constructors_exist_for_all_subclasses_of_Stopping"/>
    <testcase time="0.00499999999999545" classname="helpers" name="default_constructors_exist_for_all_subclasses_of_Stopping"/>
    <testcase time="0.00499999999999545" classname="helpers" name="default_constructors_exist_for_all_subclasses_of_Stopping"/>
    <testcase time="0.00300000000001432" classname="helpers" name="default_constructors_exist_for_all_subclasses_of_Stopping"/>
    <testcase time="0.00399999999999068" classname="helpers" name="default_constructors_exist_for_all_subclasses_of_Stopping"/>
    <testcase time="0.00200000000000955" classname="helpers" name="default_constructors_exist_for_all_subclasses_of_Stopping"/>
    <testcase time="0.00600000000000023" classname="helpers" name="default_constructors_exist_for_all_subclasses_of_Stopping"/>
    <testcase time="0.158999999999992" classname="helpers" name="stopping_rule_unpacking_works"/>
    <testcase time="0.193000000000012" classname="helpers" name="conditions_in_stopping_rule_unpacking_helpers_work_as_expected"/>
    <testcase time="0.00399999999999068" classname="helpers" name="conditions_in_stopping_rule_unpacking_helpers_work_as_expected"/>
    <testcase time="0.00600000000000023" classname="helpers" name="calculations_for_percentages_given_report_labels_are_provided_works_as_expected"/>
    <testcase time="0.00199999999998113" classname="helpers" name="calculations_for_percentages_given_report_labels_are_provided_works_as_expected"/>
    <testcase time="0.00300000000001432" classname="helpers" name="calculations_for_percentages_given_report_labels_are_provided_works_as_expected"/>
    <testcase time="0.00600000000000023" classname="helpers" name="calculations_for_percentages_given_report_labels_are_not_provided_works_as_expected"/>
    <testcase time="0.0029999999999859" classname="helpers" name="calculations_for_percentages_given_report_labels_are_not_provided_works_as_expected"/>
    <testcase time="0.103000000000009" classname="helpers" name="h_group_data_works_as_expected"/>
    <testcase time="0.00200000000000955" classname="helpers" name="h_group_data_works_as_expected"/>
    <testcase time="0.007000000000005" classname="helpers" name="h_group_data_works_as_expected"/>
    <testcase time="0.00399999999999068" classname="helpers" name="h_group_data_works_as_expected"/>
    <testcase time="0.00399999999999068" classname="helpers" name="h_group_data_works_as_expected"/>
    <testcase time="0.00200000000000955" classname="helpers" name="h_group_data_works_as_expected"/>
    <testcase time="0.00200000000000955" classname="helpers" name="h_group_data_works_as_expected"/>
    <testcase time="0.00999999999999091" classname="helpers" name="print_for_gtable_works">
      <skipped message="Reason: On CRAN ('test-helpers.R:733:3')"/>
    </testcase>
    <testcase time="0.0209999999999866" classname="helpers" name="plot_for_gtable_works">
      <skipped message="Reason: On CRAN ('test-helpers.R:741:3')"/>
    </testcase>
  </testsuite>
  <testsuite name="helpers_covr" timestamp="2024-10-07T08:41:34Z" hostname="18e134b69287" tests="13" skipped="0" failures="0" errors="0" time="0.079">
    <testcase time="0.0200000000000102" classname="helpers_covr" name="h_covr_active_infers_covr_running_through_environment_variable"/>
    <testcase time="0.0029999999999859" classname="helpers_covr" name="h_covr_active_infers_covr_running_through_environment_variable"/>
    <testcase time="0.0160000000000196" classname="helpers_covr" name="h_is_covr_trace_tests_whether_an_expression_appears_to_be_a_covr_counter"/>
    <testcase time="0.00399999999999068" classname="helpers_covr" name="h_is_covr_trace_tests_whether_an_expression_appears_to_be_a_covr_counter"/>
    <testcase time="0.00300000000001432" classname="helpers_covr" name="h_is_covr_trace_tests_whether_an_expression_appears_to_be_a_covr_counter"/>
    <testcase time="0.00699999999997658" classname="helpers_covr" name="h_covr_detrace_call_extracts_un_modified_code_from_covr_trace"/>
    <testcase time="0.00300000000001432" classname="helpers_covr" name="h_covr_detrace_call_extracts_un_modified_code_from_covr_trace"/>
    <testcase time="0.007000000000005" classname="helpers_covr" name="h_covr_detrace_removes_all_covr_traces"/>
    <testcase time="0.0029999999999859" classname="helpers_covr" name="h_covr_detrace_removes_all_covr_traces"/>
    <testcase time="0.00300000000001432" classname="helpers_covr" name="h_covr_detrace_removes_all_covr_traces"/>
    <testcase time="0.00399999999999068" classname="helpers_covr" name="h_covr_detrace_removes_all_covr_traces"/>
    <testcase time="0.00300000000001432" classname="helpers_covr" name="h_covr_detrace_removes_all_covr_traces"/>
    <testcase time="0.0029999999999859" classname="helpers_covr" name="h_covr_detrace_removes_all_covr_traces"/>
  </testsuite>
  <testsuite name="helpers_design" timestamp="2024-10-07T08:41:34Z" hostname="18e134b69287" tests="22" skipped="0" failures="0" errors="0" time="0.126">
    <testcase time="0.0120000000000005" classname="helpers_design" name="set_seed_returns_correct_value_if_seed_is_a_value"/>
    <testcase time="0.00399999999999068" classname="helpers_design" name="set_seed_returns_correct_value_if_seed_is_a_value"/>
    <testcase time="0.00600000000000023" classname="helpers_design" name="set_seed_returns_correct_value_if_seed_is_NULL"/>
    <testcase time="0.00300000000001432" classname="helpers_design" name="set_seed_returns_correct_value_if_seed_is_NULL"/>
    <testcase time="0.00600000000000023" classname="helpers_design" name="get_result_list_returns_correct_value"/>
    <testcase time="0.00600000000000023" classname="helpers_design" name="get_result_list_returns_correct_value"/>
    <testcase time="0.00499999999999545" classname="helpers_design" name="get_result_list_returns_correct_value"/>
    <testcase time="0.00499999999999545" classname="helpers_design" name="get_result_list_returns_correct_value"/>
    <testcase time="0.00900000000001455" classname="helpers_design" name="h_simulations_output_format_returns_object_as_expected"/>
    <testcase time="0.0029999999999859" classname="helpers_design" name="h_simulations_output_format_returns_object_as_expected"/>
    <testcase time="0.00200000000000955" classname="helpers_design" name="h_simulations_output_format_returns_object_as_expected"/>
    <testcase time="0.0029999999999859" classname="helpers_design" name="h_simulations_output_format_returns_object_as_expected"/>
    <testcase time="0.0120000000000005" classname="helpers_design" name="h_this_truth_returns_correct_results_for_given_dose"/>
    <testcase time="0.00900000000001455" classname="helpers_design" name="h_determine_dlts_returns_correctly_updated_data_object_for_default_condition"/>
    <testcase time="0.00399999999999068" classname="helpers_design" name="h_determine_dlts_returns_correctly_updated_data_object_for_default_condition"/>
    <testcase time="0.00300000000001432" classname="helpers_design" name="h_determine_dlts_returns_correctly_updated_data_object_for_default_condition"/>
    <testcase time="0.00799999999998136" classname="helpers_design" name="h_determine_dlts_returns_correctly_updated_data_object_for_first_separate_TRUE_DLT_for_first_patient"/>
    <testcase time="0.00300000000001432" classname="helpers_design" name="h_determine_dlts_returns_correctly_updated_data_object_for_first_separate_TRUE_DLT_for_first_patient"/>
    <testcase time="0.00799999999998136" classname="helpers_design" name="h_determine_dlts_returns_correctly_updated_data_object_for_first_separate_TRUE_for_no_DLT_for_first_patient"/>
    <testcase time="0.00300000000001432" classname="helpers_design" name="h_determine_dlts_returns_correctly_updated_data_object_for_first_separate_TRUE_for_no_DLT_for_first_patient"/>
    <testcase time="0.00899999999998613" classname="helpers_design" name="h_determine_dlts_returns_correctly_updated_data_object_for_placebo_TRUE"/>
    <testcase time="0.00300000000001432" classname="helpers_design" name="h_determine_dlts_returns_correctly_updated_data_object_for_placebo_TRUE"/>
  </testsuite>
  <testsuite name="helpers_jags" timestamp="2024-10-07T08:41:34Z" hostname="18e134b69287" tests="24" skipped="2" failures="0" errors="0" time="0.358">
    <testcase time="0.0120000000000005" classname="helpers_jags" name="h_jags_add_dummy_works_as_expected_for_single_observation"/>
    <testcase time="0.00899999999998613" classname="helpers_jags" name="h_jags_add_dummy_works_as_expected_for_single_observation_dummy_"/>
    <testcase time="0.00800000000000978" classname="helpers_jags" name="h_jags_add_dummy_works_as_expected_for_non_single_observation"/>
    <testcase time="0.007000000000005" classname="helpers_jags" name="h_jags_add_dummy_works_for_GeneralData_too"/>
    <testcase time="0.0109999999999957" classname="helpers_jags" name="h_jags_add_dummy_throws_the_error_for_wrong_slot_name"/>
    <testcase time="0.0190000000000055" classname="helpers_jags" name="h_jags_get_model_inits_works_as_expected_when_no_params_to_init"/>
    <testcase time="0.0199999999999818" classname="helpers_jags" name="h_jags_get_model_inits_works_as_expected_with_params_to_init"/>
    <testcase time="0.0220000000000198" classname="helpers_jags" name="h_jags_get_model_inits_throws_the_error_when_init_does_not_return_list"/>
    <testcase time="0.0199999999999818" classname="helpers_jags" name="h_jags_get_model_inits_truncates_zero_length_elements"/>
    <testcase time="0.0200000000000102" classname="helpers_jags" name="h_jags_get_data_works_as_expected"/>
    <testcase time="0.00300000000001432" classname="helpers_jags" name="h_jags_get_data_works_as_expected"/>
    <testcase time="0.018999999999977" classname="helpers_jags" name="h_jags_get_data_works_as_expected_datanames_and_datanames_prior_redundant_"/>
    <testcase time="0.0180000000000007" classname="helpers_jags" name="h_jags_get_data_works_as_expected_from_prior_"/>
    <testcase time="0.0289999999999964" classname="helpers_jags" name="h_jags_get_data_works_as_expected_from_prior_and_datanames_prior_"/>
    <testcase time="0.021000000000015" classname="helpers_jags" name="h_jags_get_data_works_with_arguments_to_modelspecs"/>
    <testcase time="0.0229999999999961" classname="helpers_jags" name="h_jags_get_data_throws_the_error_when_modelspecs_does_not_return_list"/>
    <testcase time="0.0209999999999866" classname="helpers_jags" name="h_jags_get_data_removes_ref_dose_from_modelspecs_when_sample_from_from_prior_only"/>
    <testcase time="0.007000000000005" classname="helpers_jags" name="h_jags_join_models_works_as_expected"/>
    <testcase time="0.007000000000005" classname="helpers_jags" name="h_jags_join_models_works_as_expected_for_empty_model2"/>
    <testcase time="0.00900000000001455" classname="helpers_jags" name="h_jags_join_models_throws_the_error_for_non_braced_expression"/>
    <testcase time="0.0109999999999957" classname="helpers_jags" name="h_jags_write_model_works_as_expected">
      <skipped message="Reason: On CRAN ('test-helpers_jags.R:243:3')"/>
    </testcase>
    <testcase time="0.0209999999999866" classname="helpers_jags" name="h_jags_write_model_works_as_expected_for_truncation">
      <skipped message="Reason: On CRAN ('test-helpers_jags.R:255:3')"/>
    </testcase>
    <testcase time="0.0150000000000148" classname="helpers_jags" name="h_jags_extract_samples_works_as_expected_for_vector"/>
    <testcase time="0.00600000000000023" classname="helpers_jags" name="h_jags_extract_samples_works_as_expected_for_matrix"/>
  </testsuite>
  <testsuite name="helpers_knitr" timestamp="2024-10-07T08:41:35Z" hostname="18e134b69287" tests="483" skipped="3" failures="0" errors="0" time="8.208">
    <testcase time="0.0279999999999916" classname="helpers_knitr" name="h_custom_method_exists_works_correctly"/>
    <testcase time="0.0149999999999864" classname="helpers_knitr" name="h_custom_method_exists_works_correctly"/>
    <testcase time="0.007000000000005" classname="helpers_knitr" name="Global_environment_is_clean_after_testing_h_custom_method_exists"/>
    <testcase time="0.00200000000000955" classname="helpers_knitr" name="Global_environment_is_clean_after_testing_h_custom_method_exists"/>
    <testcase time="0.0029999999999859" classname="helpers_knitr" name="Global_environment_is_clean_after_testing_h_custom_method_exists"/>
    <testcase time="0.00200000000000955" classname="helpers_knitr" name="Global_environment_is_clean_after_testing_h_custom_method_exists"/>
    <testcase time="0.00300000000001432" classname="helpers_knitr" name="Global_environment_is_clean_after_testing_h_custom_method_exists"/>
    <testcase time="0.278999999999996" classname="helpers_knitr" name="knit_print_methods_exist_for_all_relevant_classes_and_produce_consistent_output">
      <skipped message="Reason: On CRAN ('test-helpers_knitr.R:112:17')"/>
    </testcase>
    <testcase time="0.0369999999999777" classname="helpers_knitr" name="asis_parameter_works_correctly_for_all_implemented_methods"/>
    <testcase time="0.0100000000000193" classname="helpers_knitr" name="asis_parameter_works_correctly_for_all_implemented_methods"/>
    <testcase time="0.0120000000000005" classname="helpers_knitr" name="asis_parameter_works_correctly_for_all_implemented_methods"/>
    <testcase time="0.00600000000000023" classname="helpers_knitr" name="asis_parameter_works_correctly_for_all_implemented_methods"/>
    <testcase time="0.00999999999999091" classname="helpers_knitr" name="asis_parameter_works_correctly_for_all_implemented_methods"/>
    <testcase time="0.00100000000000477" classname="helpers_knitr" name="asis_parameter_works_correctly_for_all_implemented_methods"/>
    <testcase time="0.0029999999999859" classname="helpers_knitr" name="asis_parameter_works_correctly_for_all_implemented_methods"/>
    <testcase time="0.00500000000002387" classname="helpers_knitr" name="asis_parameter_works_correctly_for_all_implemented_methods"/>
    <testcase time="0.0120000000000005" classname="helpers_knitr" name="asis_parameter_works_correctly_for_all_implemented_methods"/>
    <testcase time="0.000999999999976353" classname="helpers_knitr" name="asis_parameter_works_correctly_for_all_implemented_methods"/>
    <testcase time="0.00300000000001432" classname="helpers_knitr" name="asis_parameter_works_correctly_for_all_implemented_methods"/>
    <testcase time="0.0169999999999959" classname="helpers_knitr" name="asis_parameter_works_correctly_for_all_implemented_methods"/>
    <testcase time="0.0409999999999968" classname="helpers_knitr" name="asis_parameter_works_correctly_for_all_implemented_methods"/>
    <testcase time="0.00999999999999091" classname="helpers_knitr" name="asis_parameter_works_correctly_for_all_implemented_methods"/>
    <testcase time="0.0120000000000005" classname="helpers_knitr" name="asis_parameter_works_correctly_for_all_implemented_methods"/>
    <testcase time="0.00600000000000023" classname="helpers_knitr" name="asis_parameter_works_correctly_for_all_implemented_methods"/>
    <testcase time="0.0120000000000005" classname="helpers_knitr" name="asis_parameter_works_correctly_for_all_implemented_methods"/>
    <testcase time="0.00200000000000955" classname="helpers_knitr" name="asis_parameter_works_correctly_for_all_implemented_methods"/>
    <testcase time="0.00300000000001432" classname="helpers_knitr" name="asis_parameter_works_correctly_for_all_implemented_methods"/>
    <testcase time="0.00499999999999545" classname="helpers_knitr" name="asis_parameter_works_correctly_for_all_implemented_methods"/>
    <testcase time="0.0229999999999961" classname="helpers_knitr" name="asis_parameter_works_correctly_for_all_implemented_methods"/>
    <testcase time="0.00999999999999091" classname="helpers_knitr" name="asis_parameter_works_correctly_for_all_implemented_methods"/>
    <testcase time="0.0109999999999957" classname="helpers_knitr" name="asis_parameter_works_correctly_for_all_implemented_methods"/>
    <testcase time="0.00499999999999545" classname="helpers_knitr" name="asis_parameter_works_correctly_for_all_implemented_methods"/>
    <testcase time="0.101000000000028" classname="helpers_knitr" name="asis_parameter_works_correctly_for_all_implemented_methods"/>
    <testcase time="0.0449999999999875" classname="helpers_knitr" name="asis_parameter_works_correctly_for_all_implemented_methods"/>
    <testcase time="0.0370000000000061" classname="helpers_knitr" name="asis_parameter_works_correctly_for_all_implemented_methods"/>
    <testcase time="0.00499999999999545" classname="helpers_knitr" name="asis_parameter_works_correctly_for_all_implemented_methods"/>
    <testcase time="0.0759999999999934" classname="helpers_knitr" name="asis_parameter_works_correctly_for_all_implemented_methods"/>
    <testcase time="0.0500000000000114" classname="helpers_knitr" name="asis_parameter_works_correctly_for_all_implemented_methods"/>
    <testcase time="0.0459999999999923" classname="helpers_knitr" name="asis_parameter_works_correctly_for_all_implemented_methods"/>
    <testcase time="0.00499999999999545" classname="helpers_knitr" name="asis_parameter_works_correctly_for_all_implemented_methods"/>
    <testcase time="0.0120000000000005" classname="helpers_knitr" name="asis_parameter_works_correctly_for_all_implemented_methods"/>
    <testcase time="0.00100000000000477" classname="helpers_knitr" name="asis_parameter_works_correctly_for_all_implemented_methods"/>
    <testcase time="0.00399999999999068" classname="helpers_knitr" name="asis_parameter_works_correctly_for_all_implemented_methods"/>
    <testcase time="0.00499999999999545" classname="helpers_knitr" name="asis_parameter_works_correctly_for_all_implemented_methods"/>
    <testcase time="0.0110000000000241" classname="helpers_knitr" name="asis_parameter_works_correctly_for_all_implemented_methods"/>
    <testcase time="0.00199999999998113" classname="helpers_knitr" name="asis_parameter_works_correctly_for_all_implemented_methods"/>
    <testcase time="0.00300000000001432" classname="helpers_knitr" name="asis_parameter_works_correctly_for_all_implemented_methods"/>
    <testcase time="0.00600000000000023" classname="helpers_knitr" name="asis_parameter_works_correctly_for_all_implemented_methods"/>
    <testcase time="0.0120000000000005" classname="helpers_knitr" name="asis_parameter_works_correctly_for_all_implemented_methods"/>
    <testcase time="0.00199999999998113" classname="helpers_knitr" name="asis_parameter_works_correctly_for_all_implemented_methods"/>
    <testcase time="0.00300000000001432" classname="helpers_knitr" name="asis_parameter_works_correctly_for_all_implemented_methods"/>
    <testcase time="0.00600000000000023" classname="helpers_knitr" name="asis_parameter_works_correctly_for_all_implemented_methods"/>
    <testcase time="0.0269999999999868" classname="helpers_knitr" name="asis_parameter_works_correctly_for_all_implemented_methods"/>
    <testcase time="0.00900000000001455" classname="helpers_knitr" name="asis_parameter_works_correctly_for_all_implemented_methods"/>
    <testcase time="0.0109999999999957" classname="helpers_knitr" name="asis_parameter_works_correctly_for_all_implemented_methods"/>
    <testcase time="0.00499999999999545" classname="helpers_knitr" name="asis_parameter_works_correctly_for_all_implemented_methods"/>
    <testcase time="0.0120000000000005" classname="helpers_knitr" name="asis_parameter_works_correctly_for_all_implemented_methods"/>
    <testcase time="0.00100000000000477" classname="helpers_knitr" name="asis_parameter_works_correctly_for_all_implemented_methods"/>
    <testcase time="0.00399999999999068" classname="helpers_knitr" name="asis_parameter_works_correctly_for_all_implemented_methods"/>
    <testcase time="0.00499999999999545" classname="helpers_knitr" name="asis_parameter_works_correctly_for_all_implemented_methods"/>
    <testcase time="0.0160000000000196" classname="helpers_knitr" name="asis_parameter_works_correctly_for_all_implemented_methods"/>
    <testcase time="0.0029999999999859" classname="helpers_knitr" name="asis_parameter_works_correctly_for_all_implemented_methods"/>
    <testcase time="0.0040000000000191" classname="helpers_knitr" name="asis_parameter_works_correctly_for_all_implemented_methods"/>
    <testcase time="0.00499999999999545" classname="helpers_knitr" name="asis_parameter_works_correctly_for_all_implemented_methods"/>
    <testcase time="0.0180000000000007" classname="helpers_knitr" name="asis_parameter_works_correctly_for_all_implemented_methods"/>
    <testcase time="0.00199999999998113" classname="helpers_knitr" name="asis_parameter_works_correctly_for_all_implemented_methods"/>
    <testcase time="0.0040000000000191" classname="helpers_knitr" name="asis_parameter_works_correctly_for_all_implemented_methods"/>
    <testcase time="0.00600000000000023" classname="helpers_knitr" name="asis_parameter_works_correctly_for_all_implemented_methods"/>
    <testcase time="0.0130000000000052" classname="helpers_knitr" name="asis_parameter_works_correctly_for_all_implemented_methods"/>
    <testcase time="0.00199999999998113" classname="helpers_knitr" name="asis_parameter_works_correctly_for_all_implemented_methods"/>
    <testcase time="0.00300000000001432" classname="helpers_knitr" name="asis_parameter_works_correctly_for_all_implemented_methods"/>
    <testcase time="0.00499999999999545" classname="helpers_knitr" name="asis_parameter_works_correctly_for_all_implemented_methods"/>
    <testcase time="0.0120000000000005" classname="helpers_knitr" name="asis_parameter_works_correctly_for_all_implemented_methods"/>
    <testcase time="0.00200000000000955" classname="helpers_knitr" name="asis_parameter_works_correctly_for_all_implemented_methods"/>
    <testcase time="0.0029999999999859" classname="helpers_knitr" name="asis_parameter_works_correctly_for_all_implemented_methods"/>
    <testcase time="0.00499999999999545" classname="helpers_knitr" name="asis_parameter_works_correctly_for_all_implemented_methods"/>
    <testcase time="0.0120000000000005" classname="helpers_knitr" name="asis_parameter_works_correctly_for_all_implemented_methods"/>
    <testcase time="0.00200000000000955" classname="helpers_knitr" name="asis_parameter_works_correctly_for_all_implemented_methods"/>
    <testcase time="0.0029999999999859" classname="helpers_knitr" name="asis_parameter_works_correctly_for_all_implemented_methods"/>
    <testcase time="0.00499999999999545" classname="helpers_knitr" name="asis_parameter_works_correctly_for_all_implemented_methods"/>
    <testcase time="0.0220000000000198" classname="helpers_knitr" name="asis_parameter_works_correctly_for_all_implemented_methods"/>
    <testcase time="0.00199999999998113" classname="helpers_knitr" name="asis_parameter_works_correctly_for_all_implemented_methods"/>
    <testcase time="0.00300000000001432" classname="helpers_knitr" name="asis_parameter_works_correctly_for_all_implemented_methods"/>
    <testcase time="0.00600000000000023" classname="helpers_knitr" name="asis_parameter_works_correctly_for_all_implemented_methods"/>
    <testcase time="0.0219999999999914" classname="helpers_knitr" name="asis_parameter_works_correctly_for_all_implemented_methods"/>
    <testcase time="0.00600000000000023" classname="helpers_knitr" name="asis_parameter_works_correctly_for_all_implemented_methods"/>
    <testcase time="0.00900000000001455" classname="helpers_knitr" name="asis_parameter_works_correctly_for_all_implemented_methods"/>
    <testcase time="0.00499999999999545" classname="helpers_knitr" name="asis_parameter_works_correctly_for_all_implemented_methods"/>
    <testcase time="0.0229999999999961" classname="helpers_knitr" name="asis_parameter_works_correctly_for_all_implemented_methods"/>
    <testcase time="0.00200000000000955" classname="helpers_knitr" name="asis_parameter_works_correctly_for_all_implemented_methods"/>
    <testcase time="0.00399999999999068" classname="helpers_knitr" name="asis_parameter_works_correctly_for_all_implemented_methods"/>
    <testcase time="0.00499999999999545" classname="helpers_knitr" name="asis_parameter_works_correctly_for_all_implemented_methods"/>
    <testcase time="0.0120000000000005" classname="helpers_knitr" name="asis_parameter_works_correctly_for_all_implemented_methods"/>
    <testcase time="0.00200000000000955" classname="helpers_knitr" name="asis_parameter_works_correctly_for_all_implemented_methods"/>
    <testcase time="0.00399999999999068" classname="helpers_knitr" name="asis_parameter_works_correctly_for_all_implemented_methods"/>
    <testcase time="0.00499999999999545" classname="helpers_knitr" name="asis_parameter_works_correctly_for_all_implemented_methods"/>
    <testcase time="0.0200000000000102" classname="helpers_knitr" name="asis_parameter_works_correctly_for_all_implemented_methods"/>
    <testcase time="0.00999999999999091" classname="helpers_knitr" name="asis_parameter_works_correctly_for_all_implemented_methods"/>
    <testcase time="0.0109999999999957" classname="helpers_knitr" name="asis_parameter_works_correctly_for_all_implemented_methods"/>
    <testcase time="0.00600000000000023" classname="helpers_knitr" name="asis_parameter_works_correctly_for_all_implemented_methods"/>
    <testcase time="0.0120000000000005" classname="helpers_knitr" name="asis_parameter_works_correctly_for_all_implemented_methods"/>
    <testcase time="0.00200000000000955" classname="helpers_knitr" name="asis_parameter_works_correctly_for_all_implemented_methods"/>
    <testcase time="0.00300000000001432" classname="helpers_knitr" name="asis_parameter_works_correctly_for_all_implemented_methods"/>
    <testcase time="0.00600000000000023" classname="helpers_knitr" name="asis_parameter_works_correctly_for_all_implemented_methods"/>
    <testcase time="0.018999999999977" classname="helpers_knitr" name="asis_parameter_works_correctly_for_all_implemented_methods"/>
    <testcase time="0.00300000000001432" classname="helpers_knitr" name="asis_parameter_works_correctly_for_all_implemented_methods"/>
    <testcase time="0.00499999999999545" classname="helpers_knitr" name="asis_parameter_works_correctly_for_all_implemented_methods"/>
    <testcase time="0.00600000000000023" classname="helpers_knitr" name="asis_parameter_works_correctly_for_all_implemented_methods"/>
    <testcase time="0.0620000000000118" classname="helpers_knitr" name="asis_parameter_works_correctly_for_all_implemented_methods"/>
    <testcase time="0.0109999999999957" classname="helpers_knitr" name="asis_parameter_works_correctly_for_all_implemented_methods"/>
    <testcase time="0.0120000000000005" classname="helpers_knitr" name="asis_parameter_works_correctly_for_all_implemented_methods"/>
    <testcase time="0.00799999999998136" classname="helpers_knitr" name="asis_parameter_works_correctly_for_all_implemented_methods"/>
    <testcase time="0.0240000000000009" classname="helpers_knitr" name="asis_parameter_works_correctly_for_all_implemented_methods"/>
    <testcase time="0.00900000000001455" classname="helpers_knitr" name="asis_parameter_works_correctly_for_all_implemented_methods"/>
    <testcase time="0.00999999999999091" classname="helpers_knitr" name="asis_parameter_works_correctly_for_all_implemented_methods"/>
    <testcase time="0.00600000000000023" classname="helpers_knitr" name="asis_parameter_works_correctly_for_all_implemented_methods"/>
    <testcase time="0.01400000000001" classname="helpers_knitr" name="asis_parameter_works_correctly_for_all_implemented_methods"/>
    <testcase time="0.00199999999998113" classname="helpers_knitr" name="asis_parameter_works_correctly_for_all_implemented_methods"/>
    <testcase time="0.0040000000000191" classname="helpers_knitr" name="asis_parameter_works_correctly_for_all_implemented_methods"/>
    <testcase time="0.00600000000000023" classname="helpers_knitr" name="asis_parameter_works_correctly_for_all_implemented_methods"/>
    <testcase time="0.0240000000000009" classname="helpers_knitr" name="asis_parameter_works_correctly_for_all_implemented_methods"/>
    <testcase time="0.0109999999999957" classname="helpers_knitr" name="asis_parameter_works_correctly_for_all_implemented_methods"/>
    <testcase time="0.0130000000000052" classname="helpers_knitr" name="asis_parameter_works_correctly_for_all_implemented_methods"/>
    <testcase time="0.00600000000000023" classname="helpers_knitr" name="asis_parameter_works_correctly_for_all_implemented_methods"/>
    <testcase time="0.0139999999999816" classname="helpers_knitr" name="asis_parameter_works_correctly_for_all_implemented_methods"/>
    <testcase time="0.00300000000001432" classname="helpers_knitr" name="asis_parameter_works_correctly_for_all_implemented_methods"/>
    <testcase time="0.00399999999999068" classname="helpers_knitr" name="asis_parameter_works_correctly_for_all_implemented_methods"/>
    <testcase time="0.00600000000000023" classname="helpers_knitr" name="asis_parameter_works_correctly_for_all_implemented_methods"/>
    <testcase time="0.0289999999999964" classname="helpers_knitr" name="asis_parameter_works_correctly_for_all_implemented_methods"/>
    <testcase time="0.0190000000000055" classname="helpers_knitr" name="asis_parameter_works_correctly_for_all_implemented_methods"/>
    <testcase time="0.0130000000000052" classname="helpers_knitr" name="asis_parameter_works_correctly_for_all_implemented_methods"/>
    <testcase time="0.00600000000000023" classname="helpers_knitr" name="asis_parameter_works_correctly_for_all_implemented_methods"/>
    <testcase time="0.01400000000001" classname="helpers_knitr" name="asis_parameter_works_correctly_for_all_implemented_methods"/>
    <testcase time="0.00199999999998113" classname="helpers_knitr" name="asis_parameter_works_correctly_for_all_implemented_methods"/>
    <testcase time="0.0040000000000191" classname="helpers_knitr" name="asis_parameter_works_correctly_for_all_implemented_methods"/>
    <testcase time="0.00600000000000023" classname="helpers_knitr" name="asis_parameter_works_correctly_for_all_implemented_methods"/>
    <testcase time="0.0229999999999961" classname="helpers_knitr" name="asis_parameter_works_correctly_for_all_implemented_methods"/>
    <testcase time="0.00499999999999545" classname="helpers_knitr" name="asis_parameter_works_correctly_for_all_implemented_methods"/>
    <testcase time="0.007000000000005" classname="helpers_knitr" name="asis_parameter_works_correctly_for_all_implemented_methods"/>
    <testcase time="0.00999999999999091" classname="helpers_knitr" name="asis_parameter_works_correctly_for_all_implemented_methods"/>
    <testcase time="0.0980000000000132" classname="helpers_knitr" name="asis_parameter_works_correctly_for_all_implemented_methods"/>
    <testcase time="0.0389999999999873" classname="helpers_knitr" name="asis_parameter_works_correctly_for_all_implemented_methods"/>
    <testcase time="0.0440000000000111" classname="helpers_knitr" name="asis_parameter_works_correctly_for_all_implemented_methods"/>
    <testcase time="0.00699999999997658" classname="helpers_knitr" name="asis_parameter_works_correctly_for_all_implemented_methods"/>
    <testcase time="0.0320000000000107" classname="helpers_knitr" name="asis_parameter_works_correctly_for_all_implemented_methods"/>
    <testcase time="0.0209999999999866" classname="helpers_knitr" name="asis_parameter_works_correctly_for_all_implemented_methods"/>
    <testcase time="0.0190000000000055" classname="helpers_knitr" name="asis_parameter_works_correctly_for_all_implemented_methods"/>
    <testcase time="0.007000000000005" classname="helpers_knitr" name="asis_parameter_works_correctly_for_all_implemented_methods"/>
    <testcase time="0.0289999999999964" classname="helpers_knitr" name="asis_parameter_works_correctly_for_all_implemented_methods"/>
    <testcase time="0.00200000000000955" classname="helpers_knitr" name="asis_parameter_works_correctly_for_all_implemented_methods"/>
    <testcase time="0.00399999999999068" classname="helpers_knitr" name="asis_parameter_works_correctly_for_all_implemented_methods"/>
    <testcase time="0.00600000000000023" classname="helpers_knitr" name="asis_parameter_works_correctly_for_all_implemented_methods"/>
    <testcase time="0.0480000000000018" classname="helpers_knitr" name="asis_parameter_works_correctly_for_all_implemented_methods"/>
    <testcase time="0.0420000000000016" classname="helpers_knitr" name="asis_parameter_works_correctly_for_all_implemented_methods"/>
    <testcase time="0.0339999999999918" classname="helpers_knitr" name="asis_parameter_works_correctly_for_all_implemented_methods"/>
    <testcase time="0.007000000000005" classname="helpers_knitr" name="asis_parameter_works_correctly_for_all_implemented_methods"/>
    <testcase time="0.0180000000000007" classname="helpers_knitr" name="asis_parameter_works_correctly_for_all_implemented_methods"/>
    <testcase time="0.00300000000001432" classname="helpers_knitr" name="asis_parameter_works_correctly_for_all_implemented_methods"/>
    <testcase time="0.00499999999999545" classname="helpers_knitr" name="asis_parameter_works_correctly_for_all_implemented_methods"/>
    <testcase time="0.007000000000005" classname="helpers_knitr" name="asis_parameter_works_correctly_for_all_implemented_methods"/>
    <testcase time="0.0129999999999768" classname="helpers_knitr" name="asis_parameter_works_correctly_for_all_implemented_methods"/>
    <testcase time="0.00200000000000955" classname="helpers_knitr" name="asis_parameter_works_correctly_for_all_implemented_methods"/>
    <testcase time="0.00399999999999068" classname="helpers_knitr" name="asis_parameter_works_correctly_for_all_implemented_methods"/>
    <testcase time="0.00600000000000023" classname="helpers_knitr" name="asis_parameter_works_correctly_for_all_implemented_methods"/>
    <testcase time="0.0220000000000198" classname="helpers_knitr" name="asis_parameter_works_correctly_for_all_implemented_methods"/>
    <testcase time="0.00999999999999091" classname="helpers_knitr" name="asis_parameter_works_correctly_for_all_implemented_methods"/>
    <testcase time="0.0109999999999957" classname="helpers_knitr" name="asis_parameter_works_correctly_for_all_implemented_methods"/>
    <testcase time="0.00600000000000023" classname="helpers_knitr" name="asis_parameter_works_correctly_for_all_implemented_methods"/>
    <testcase time="0.0130000000000052" classname="helpers_knitr" name="asis_parameter_works_correctly_for_all_implemented_methods"/>
    <testcase time="0.00200000000000955" classname="helpers_knitr" name="asis_parameter_works_correctly_for_all_implemented_methods"/>
    <testcase time="0.00399999999999068" classname="helpers_knitr" name="asis_parameter_works_correctly_for_all_implemented_methods"/>
    <testcase time="0.00600000000000023" classname="helpers_knitr" name="asis_parameter_works_correctly_for_all_implemented_methods"/>
    <testcase time="0.032999999999987" classname="helpers_knitr" name="asis_parameter_works_correctly_for_all_implemented_methods"/>
    <testcase time="0.0170000000000243" classname="helpers_knitr" name="asis_parameter_works_correctly_for_all_implemented_methods"/>
    <testcase time="0.0180000000000007" classname="helpers_knitr" name="asis_parameter_works_correctly_for_all_implemented_methods"/>
    <testcase time="0.00699999999997658" classname="helpers_knitr" name="asis_parameter_works_correctly_for_all_implemented_methods"/>
    <testcase time="0.0150000000000148" classname="helpers_knitr" name="asis_parameter_works_correctly_for_all_implemented_methods"/>
    <testcase time="0.00200000000000955" classname="helpers_knitr" name="asis_parameter_works_correctly_for_all_implemented_methods"/>
    <testcase time="0.00399999999999068" classname="helpers_knitr" name="asis_parameter_works_correctly_for_all_implemented_methods"/>
    <testcase time="0.007000000000005" classname="helpers_knitr" name="asis_parameter_works_correctly_for_all_implemented_methods"/>
    <testcase time="0.0169999999999959" classname="helpers_knitr" name="asis_parameter_works_correctly_for_all_implemented_methods"/>
    <testcase time="0.0029999999999859" classname="helpers_knitr" name="asis_parameter_works_correctly_for_all_implemented_methods"/>
    <testcase time="0.00500000000002387" classname="helpers_knitr" name="asis_parameter_works_correctly_for_all_implemented_methods"/>
    <testcase time="0.00799999999998136" classname="helpers_knitr" name="asis_parameter_works_correctly_for_all_implemented_methods"/>
    <testcase time="0.0150000000000148" classname="helpers_knitr" name="asis_parameter_works_correctly_for_all_implemented_methods"/>
    <testcase time="0.00199999999998113" classname="helpers_knitr" name="asis_parameter_works_correctly_for_all_implemented_methods"/>
    <testcase time="0.0040000000000191" classname="helpers_knitr" name="asis_parameter_works_correctly_for_all_implemented_methods"/>
    <testcase time="0.00699999999997658" classname="helpers_knitr" name="asis_parameter_works_correctly_for_all_implemented_methods"/>
    <testcase time="0.0290000000000248" classname="helpers_knitr" name="asis_parameter_works_correctly_for_all_implemented_methods"/>
    <testcase time="0.018999999999977" classname="helpers_knitr" name="asis_parameter_works_correctly_for_all_implemented_methods"/>
    <testcase time="0.0200000000000102" classname="helpers_knitr" name="asis_parameter_works_correctly_for_all_implemented_methods"/>
    <testcase time="0.007000000000005" classname="helpers_knitr" name="asis_parameter_works_correctly_for_all_implemented_methods"/>
    <testcase time="0.0269999999999868" classname="helpers_knitr" name="asis_parameter_works_correctly_for_all_implemented_methods"/>
    <testcase time="0.0040000000000191" classname="helpers_knitr" name="asis_parameter_works_correctly_for_all_implemented_methods"/>
    <testcase time="0.00499999999999545" classname="helpers_knitr" name="asis_parameter_works_correctly_for_all_implemented_methods"/>
    <testcase time="0.007000000000005" classname="helpers_knitr" name="asis_parameter_works_correctly_for_all_implemented_methods"/>
    <testcase time="0.0240000000000009" classname="helpers_knitr" name="asis_parameter_works_correctly_for_all_implemented_methods"/>
    <testcase time="0.00399999999999068" classname="helpers_knitr" name="asis_parameter_works_correctly_for_all_implemented_methods"/>
    <testcase time="0.00600000000000023" classname="helpers_knitr" name="asis_parameter_works_correctly_for_all_implemented_methods"/>
    <testcase time="0.00600000000000023" classname="helpers_knitr" name="asis_parameter_works_correctly_for_all_implemented_methods"/>
    <testcase time="0.0180000000000007" classname="helpers_knitr" name="asis_parameter_works_correctly_for_all_implemented_methods"/>
    <testcase time="0.00399999999999068" classname="helpers_knitr" name="asis_parameter_works_correctly_for_all_implemented_methods"/>
    <testcase time="0.00499999999999545" classname="helpers_knitr" name="asis_parameter_works_correctly_for_all_implemented_methods"/>
    <testcase time="0.007000000000005" classname="helpers_knitr" name="asis_parameter_works_correctly_for_all_implemented_methods"/>
    <testcase time="0.0310000000000059" classname="helpers_knitr" name="asis_parameter_works_correctly_for_all_implemented_methods"/>
    <testcase time="0.00300000000001432" classname="helpers_knitr" name="asis_parameter_works_correctly_for_all_implemented_methods"/>
    <testcase time="0.00399999999999068" classname="helpers_knitr" name="asis_parameter_works_correctly_for_all_implemented_methods"/>
    <testcase time="0.007000000000005" classname="helpers_knitr" name="asis_parameter_works_correctly_for_all_implemented_methods"/>
    <testcase time="0.0159999999999911" classname="helpers_knitr" name="asis_parameter_works_correctly_for_all_implemented_methods"/>
    <testcase time="0.0029999999999859" classname="helpers_knitr" name="asis_parameter_works_correctly_for_all_implemented_methods"/>
    <testcase time="0.00500000000002387" classname="helpers_knitr" name="asis_parameter_works_correctly_for_all_implemented_methods"/>
    <testcase time="0.00600000000000023" classname="helpers_knitr" name="asis_parameter_works_correctly_for_all_implemented_methods"/>
    <testcase time="0.0609999999999786" classname="helpers_knitr" name="asis_parameter_works_correctly_for_all_implemented_methods"/>
    <testcase time="0.0110000000000241" classname="helpers_knitr" name="asis_parameter_works_correctly_for_all_implemented_methods"/>
    <testcase time="0.0120000000000005" classname="helpers_knitr" name="asis_parameter_works_correctly_for_all_implemented_methods"/>
    <testcase time="0.00699999999997658" classname="helpers_knitr" name="asis_parameter_works_correctly_for_all_implemented_methods"/>
    <testcase time="0.0320000000000107" classname="helpers_knitr" name="asis_parameter_works_correctly_for_all_implemented_methods"/>
    <testcase time="0.0180000000000007" classname="helpers_knitr" name="asis_parameter_works_correctly_for_all_implemented_methods"/>
    <testcase time="0.0219999999999914" classname="helpers_knitr" name="asis_parameter_works_correctly_for_all_implemented_methods"/>
    <testcase time="0.00600000000000023" classname="helpers_knitr" name="asis_parameter_works_correctly_for_all_implemented_methods"/>
    <testcase time="0.0150000000000148" classname="helpers_knitr" name="asis_parameter_works_correctly_for_all_implemented_methods"/>
    <testcase time="0.0029999999999859" classname="helpers_knitr" name="asis_parameter_works_correctly_for_all_implemented_methods"/>
    <testcase time="0.0040000000000191" classname="helpers_knitr" name="asis_parameter_works_correctly_for_all_implemented_methods"/>
    <testcase time="0.00699999999997658" classname="helpers_knitr" name="asis_parameter_works_correctly_for_all_implemented_methods"/>
    <testcase time="0.0260000000000105" classname="helpers_knitr" name="asis_parameter_works_correctly_for_all_implemented_methods"/>
    <testcase time="0.00800000000000978" classname="helpers_knitr" name="asis_parameter_works_correctly_for_all_implemented_methods"/>
    <testcase time="0.00899999999998613" classname="helpers_knitr" name="asis_parameter_works_correctly_for_all_implemented_methods"/>
    <testcase time="0.00600000000000023" classname="helpers_knitr" name="asis_parameter_works_correctly_for_all_implemented_methods"/>
    <testcase time="0.0840000000000032" classname="helpers_knitr" name="asis_parameter_works_correctly_for_all_implemented_methods"/>
    <testcase time="0.0459999999999923" classname="helpers_knitr" name="asis_parameter_works_correctly_for_all_implemented_methods"/>
    <testcase time="0.0460000000000207" classname="helpers_knitr" name="asis_parameter_works_correctly_for_all_implemented_methods"/>
    <testcase time="0.00699999999997658" classname="helpers_knitr" name="asis_parameter_works_correctly_for_all_implemented_methods"/>
    <testcase time="0.0130000000000052" classname="helpers_knitr" name="asis_parameter_works_correctly_for_all_implemented_methods"/>
    <testcase time="0.00200000000000955" classname="helpers_knitr" name="asis_parameter_works_correctly_for_all_implemented_methods"/>
    <testcase time="0.00499999999999545" classname="helpers_knitr" name="asis_parameter_works_correctly_for_all_implemented_methods"/>
    <testcase time="0.00600000000000023" classname="helpers_knitr" name="asis_parameter_works_correctly_for_all_implemented_methods"/>
    <testcase time="0.0159999999999911" classname="helpers_knitr" name="asis_parameter_works_correctly_for_all_implemented_methods"/>
    <testcase time="0.00300000000001432" classname="helpers_knitr" name="asis_parameter_works_correctly_for_all_implemented_methods"/>
    <testcase time="0.00399999999999068" classname="helpers_knitr" name="asis_parameter_works_correctly_for_all_implemented_methods"/>
    <testcase time="0.007000000000005" classname="helpers_knitr" name="asis_parameter_works_correctly_for_all_implemented_methods"/>
    <testcase time="0.0190000000000055" classname="helpers_knitr" name="asis_parameter_works_correctly_for_all_implemented_methods"/>
    <testcase time="0.0029999999999859" classname="helpers_knitr" name="asis_parameter_works_correctly_for_all_implemented_methods"/>
    <testcase time="0.00499999999999545" classname="helpers_knitr" name="asis_parameter_works_correctly_for_all_implemented_methods"/>
    <testcase time="0.00600000000000023" classname="helpers_knitr" name="asis_parameter_works_correctly_for_all_implemented_methods"/>
    <testcase time="0.0190000000000055" classname="helpers_knitr" name="asis_parameter_works_correctly_for_all_implemented_methods"/>
    <testcase time="0.00800000000000978" classname="helpers_knitr" name="asis_parameter_works_correctly_for_all_implemented_methods"/>
    <testcase time="0.00899999999998613" classname="helpers_knitr" name="asis_parameter_works_correctly_for_all_implemented_methods"/>
    <testcase time="0.007000000000005" classname="helpers_knitr" name="asis_parameter_works_correctly_for_all_implemented_methods"/>
    <testcase time="0.0190000000000055" classname="helpers_knitr" name="asis_parameter_works_correctly_for_all_implemented_methods"/>
    <testcase time="0.00600000000000023" classname="helpers_knitr" name="asis_parameter_works_correctly_for_all_implemented_methods"/>
    <testcase time="0.00900000000001455" classname="helpers_knitr" name="asis_parameter_works_correctly_for_all_implemented_methods"/>
    <testcase time="0.00599999999997181" classname="helpers_knitr" name="asis_parameter_works_correctly_for_all_implemented_methods"/>
    <testcase time="0.0120000000000005" classname="helpers_knitr" name="asis_parameter_works_correctly_for_all_implemented_methods"/>
    <testcase time="0.00300000000001432" classname="helpers_knitr" name="asis_parameter_works_correctly_for_all_implemented_methods"/>
    <testcase time="0.00399999999999068" classname="helpers_knitr" name="asis_parameter_works_correctly_for_all_implemented_methods"/>
    <testcase time="0.00600000000000023" classname="helpers_knitr" name="asis_parameter_works_correctly_for_all_implemented_methods"/>
    <testcase time="0.0160000000000196" classname="helpers_knitr" name="asis_parameter_works_correctly_for_all_implemented_methods"/>
    <testcase time="0.00499999999999545" classname="helpers_knitr" name="asis_parameter_works_correctly_for_all_implemented_methods"/>
    <testcase time="0.00399999999999068" classname="helpers_knitr" name="asis_parameter_works_correctly_for_all_implemented_methods"/>
    <testcase time="0.007000000000005" classname="helpers_knitr" name="asis_parameter_works_correctly_for_all_implemented_methods"/>
    <testcase time="0.0229999999999961" classname="helpers_knitr" name="asis_parameter_works_correctly_for_all_implemented_methods"/>
    <testcase time="0.00399999999999068" classname="helpers_knitr" name="asis_parameter_works_correctly_for_all_implemented_methods"/>
    <testcase time="0.0040000000000191" classname="helpers_knitr" name="asis_parameter_works_correctly_for_all_implemented_methods"/>
    <testcase time="0.007000000000005" classname="helpers_knitr" name="asis_parameter_works_correctly_for_all_implemented_methods"/>
    <testcase time="0.0149999999999864" classname="helpers_knitr" name="asis_parameter_works_correctly_for_all_implemented_methods"/>
    <testcase time="0.00399999999999068" classname="helpers_knitr" name="asis_parameter_works_correctly_for_all_implemented_methods"/>
    <testcase time="0.00500000000002387" classname="helpers_knitr" name="asis_parameter_works_correctly_for_all_implemented_methods"/>
    <testcase time="0.00699999999997658" classname="helpers_knitr" name="asis_parameter_works_correctly_for_all_implemented_methods"/>
    <testcase time="0.0260000000000105" classname="helpers_knitr" name="asis_parameter_works_correctly_for_all_implemented_methods"/>
    <testcase time="0.00800000000000978" classname="helpers_knitr" name="asis_parameter_works_correctly_for_all_implemented_methods"/>
    <testcase time="0.00899999999998613" classname="helpers_knitr" name="asis_parameter_works_correctly_for_all_implemented_methods"/>
    <testcase time="0.007000000000005" classname="helpers_knitr" name="asis_parameter_works_correctly_for_all_implemented_methods"/>
    <testcase time="0.0569999999999879" classname="helpers_knitr" name="asis_parameter_works_correctly_for_all_implemented_methods"/>
    <testcase time="0.0320000000000107" classname="helpers_knitr" name="asis_parameter_works_correctly_for_all_implemented_methods"/>
    <testcase time="0.0370000000000061" classname="helpers_knitr" name="asis_parameter_works_correctly_for_all_implemented_methods"/>
    <testcase time="0.007000000000005" classname="helpers_knitr" name="asis_parameter_works_correctly_for_all_implemented_methods"/>
    <testcase time="0.0129999999999768" classname="helpers_knitr" name="asis_parameter_works_correctly_for_all_implemented_methods"/>
    <testcase time="0.00300000000001432" classname="helpers_knitr" name="asis_parameter_works_correctly_for_all_implemented_methods"/>
    <testcase time="0.00499999999999545" classname="helpers_knitr" name="asis_parameter_works_correctly_for_all_implemented_methods"/>
    <testcase time="0.00600000000000023" classname="helpers_knitr" name="asis_parameter_works_correctly_for_all_implemented_methods"/>
    <testcase time="0.0200000000000102" classname="helpers_knitr" name="asis_parameter_works_correctly_for_all_implemented_methods"/>
    <testcase time="0.0029999999999859" classname="helpers_knitr" name="asis_parameter_works_correctly_for_all_implemented_methods"/>
    <testcase time="0.00499999999999545" classname="helpers_knitr" name="asis_parameter_works_correctly_for_all_implemented_methods"/>
    <testcase time="0.00600000000000023" classname="helpers_knitr" name="asis_parameter_works_correctly_for_all_implemented_methods"/>
    <testcase time="0.0620000000000118" classname="helpers_knitr" name="asis_parameter_works_correctly_for_all_implemented_methods"/>
    <testcase time="0.0349999999999966" classname="helpers_knitr" name="asis_parameter_works_correctly_for_all_implemented_methods"/>
    <testcase time="0.0490000000000066" classname="helpers_knitr" name="asis_parameter_works_correctly_for_all_implemented_methods"/>
    <testcase time="0.007000000000005" classname="helpers_knitr" name="asis_parameter_works_correctly_for_all_implemented_methods"/>
    <testcase time="0.0159999999999911" classname="helpers_knitr" name="asis_parameter_works_correctly_for_all_implemented_methods"/>
    <testcase time="0.0029999999999859" classname="helpers_knitr" name="asis_parameter_works_correctly_for_all_implemented_methods"/>
    <testcase time="0.00600000000000023" classname="helpers_knitr" name="asis_parameter_works_correctly_for_all_implemented_methods"/>
    <testcase time="0.007000000000005" classname="helpers_knitr" name="asis_parameter_works_correctly_for_all_implemented_methods"/>
    <testcase time="0.0229999999999961" classname="helpers_knitr" name="asis_parameter_works_correctly_for_all_implemented_methods"/>
    <testcase time="0.00300000000001432" classname="helpers_knitr" name="asis_parameter_works_correctly_for_all_implemented_methods"/>
    <testcase time="0.00399999999999068" classname="helpers_knitr" name="asis_parameter_works_correctly_for_all_implemented_methods"/>
    <testcase time="0.007000000000005" classname="helpers_knitr" name="asis_parameter_works_correctly_for_all_implemented_methods"/>
    <testcase time="0.0370000000000061" classname="helpers_knitr" name="asis_parameter_works_correctly_for_all_implemented_methods"/>
    <testcase time="0.00600000000000023" classname="helpers_knitr" name="asis_parameter_works_correctly_for_all_implemented_methods"/>
    <testcase time="0.00799999999998136" classname="helpers_knitr" name="asis_parameter_works_correctly_for_all_implemented_methods"/>
    <testcase time="0.0120000000000005" classname="helpers_knitr" name="asis_parameter_works_correctly_for_all_implemented_methods"/>
    <testcase time="0.0190000000000055" classname="helpers_knitr" name="asis_parameter_works_correctly_for_all_implemented_methods"/>
    <testcase time="0.0040000000000191" classname="helpers_knitr" name="asis_parameter_works_correctly_for_all_implemented_methods"/>
    <testcase time="0.00499999999999545" classname="helpers_knitr" name="asis_parameter_works_correctly_for_all_implemented_methods"/>
    <testcase time="0.0120000000000005" classname="helpers_knitr" name="asis_parameter_works_correctly_for_all_implemented_methods"/>
    <testcase time="0.0449999999999875" classname="helpers_knitr" name="asis_parameter_works_correctly_for_all_implemented_methods"/>
    <testcase time="0.0300000000000011" classname="helpers_knitr" name="asis_parameter_works_correctly_for_all_implemented_methods"/>
    <testcase time="0.0289999999999964" classname="helpers_knitr" name="asis_parameter_works_correctly_for_all_implemented_methods"/>
    <testcase time="0.007000000000005" classname="helpers_knitr" name="asis_parameter_works_correctly_for_all_implemented_methods"/>
    <testcase time="0.0120000000000005" classname="helpers_knitr" name="asis_parameter_works_correctly_for_all_implemented_methods"/>
    <testcase time="0.00300000000001432" classname="helpers_knitr" name="asis_parameter_works_correctly_for_all_implemented_methods"/>
    <testcase time="0.00399999999999068" classname="helpers_knitr" name="asis_parameter_works_correctly_for_all_implemented_methods"/>
    <testcase time="0.007000000000005" classname="helpers_knitr" name="asis_parameter_works_correctly_for_all_implemented_methods"/>
    <testcase time="0.0219999999999914" classname="helpers_knitr" name="asis_parameter_works_correctly_for_all_implemented_methods"/>
    <testcase time="0.00900000000001455" classname="helpers_knitr" name="asis_parameter_works_correctly_for_all_implemented_methods"/>
    <testcase time="0.011999999999972" classname="helpers_knitr" name="asis_parameter_works_correctly_for_all_implemented_methods"/>
    <testcase time="0.00600000000000023" classname="helpers_knitr" name="asis_parameter_works_correctly_for_all_implemented_methods"/>
    <testcase time="0.0600000000000023" classname="helpers_knitr" name="asis_parameter_works_correctly_for_all_implemented_methods"/>
    <testcase time="0.0300000000000011" classname="helpers_knitr" name="asis_parameter_works_correctly_for_all_implemented_methods"/>
    <testcase time="0.0320000000000107" classname="helpers_knitr" name="asis_parameter_works_correctly_for_all_implemented_methods"/>
    <testcase time="0.00800000000000978" classname="helpers_knitr" name="asis_parameter_works_correctly_for_all_implemented_methods"/>
    <testcase time="0.032999999999987" classname="helpers_knitr" name="asis_parameter_works_correctly_for_all_implemented_methods"/>
    <testcase time="0.0169999999999959" classname="helpers_knitr" name="asis_parameter_works_correctly_for_all_implemented_methods"/>
    <testcase time="0.0180000000000007" classname="helpers_knitr" name="asis_parameter_works_correctly_for_all_implemented_methods"/>
    <testcase time="0.007000000000005" classname="helpers_knitr" name="asis_parameter_works_correctly_for_all_implemented_methods"/>
    <testcase time="0.0180000000000007" classname="helpers_knitr" name="asis_parameter_works_correctly_for_all_implemented_methods"/>
    <testcase time="0.00399999999999068" classname="helpers_knitr" name="asis_parameter_works_correctly_for_all_implemented_methods"/>
    <testcase time="0.00600000000000023" classname="helpers_knitr" name="asis_parameter_works_correctly_for_all_implemented_methods"/>
    <testcase time="0.0109999999999957" classname="helpers_knitr" name="asis_parameter_works_correctly_for_all_implemented_methods"/>
    <testcase time="0.0420000000000016" classname="helpers_knitr" name="asis_parameter_works_correctly_for_all_implemented_methods"/>
    <testcase time="0.00900000000001455" classname="helpers_knitr" name="asis_parameter_works_correctly_for_all_implemented_methods"/>
    <testcase time="0.0109999999999957" classname="helpers_knitr" name="asis_parameter_works_correctly_for_all_implemented_methods"/>
    <testcase time="0.00600000000000023" classname="helpers_knitr" name="asis_parameter_works_correctly_for_all_implemented_methods"/>
    <testcase time="0.01400000000001" classname="helpers_knitr" name="asis_parameter_works_correctly_for_all_implemented_methods"/>
    <testcase time="0.0029999999999859" classname="helpers_knitr" name="asis_parameter_works_correctly_for_all_implemented_methods"/>
    <testcase time="0.0040000000000191" classname="helpers_knitr" name="asis_parameter_works_correctly_for_all_implemented_methods"/>
    <testcase time="0.00699999999997658" classname="helpers_knitr" name="asis_parameter_works_correctly_for_all_implemented_methods"/>
    <testcase time="0.0130000000000052" classname="helpers_knitr" name="asis_parameter_works_correctly_for_all_implemented_methods"/>
    <testcase time="0.00300000000001432" classname="helpers_knitr" name="asis_parameter_works_correctly_for_all_implemented_methods"/>
    <testcase time="0.00499999999999545" classname="helpers_knitr" name="asis_parameter_works_correctly_for_all_implemented_methods"/>
    <testcase time="0.00600000000000023" classname="helpers_knitr" name="asis_parameter_works_correctly_for_all_implemented_methods"/>
    <testcase time="0.046999999999997" classname="helpers_knitr" name="asis_parameter_works_correctly_for_all_implemented_methods"/>
    <testcase time="0.0320000000000107" classname="helpers_knitr" name="asis_parameter_works_correctly_for_all_implemented_methods"/>
    <testcase time="0.0249999999999773" classname="helpers_knitr" name="asis_parameter_works_correctly_for_all_implemented_methods"/>
    <testcase time="0.007000000000005" classname="helpers_knitr" name="asis_parameter_works_correctly_for_all_implemented_methods"/>
    <testcase time="0.01400000000001" classname="helpers_knitr" name="asis_parameter_works_correctly_for_all_implemented_methods"/>
    <testcase time="0.0029999999999859" classname="helpers_knitr" name="asis_parameter_works_correctly_for_all_implemented_methods"/>
    <testcase time="0.0040000000000191" classname="helpers_knitr" name="asis_parameter_works_correctly_for_all_implemented_methods"/>
    <testcase time="0.00699999999997658" classname="helpers_knitr" name="asis_parameter_works_correctly_for_all_implemented_methods"/>
    <testcase time="0.0220000000000198" classname="helpers_knitr" name="asis_parameter_works_correctly_for_all_implemented_methods"/>
    <testcase time="0.00899999999998613" classname="helpers_knitr" name="asis_parameter_works_correctly_for_all_implemented_methods"/>
    <testcase time="0.0100000000000193" classname="helpers_knitr" name="asis_parameter_works_correctly_for_all_implemented_methods"/>
    <testcase time="0.00699999999997658" classname="helpers_knitr" name="asis_parameter_works_correctly_for_all_implemented_methods"/>
    <testcase time="0.0130000000000052" classname="helpers_knitr" name="asis_parameter_works_correctly_for_all_implemented_methods"/>
    <testcase time="0.00300000000001432" classname="helpers_knitr" name="asis_parameter_works_correctly_for_all_implemented_methods"/>
    <testcase time="0.00399999999999068" classname="helpers_knitr" name="asis_parameter_works_correctly_for_all_implemented_methods"/>
    <testcase time="0.00600000000000023" classname="helpers_knitr" name="asis_parameter_works_correctly_for_all_implemented_methods"/>
    <testcase time="0.0109999999999957" classname="helpers_knitr" name="asis_parameter_works_correctly_for_all_implemented_methods"/>
    <testcase time="0.00300000000001432" classname="helpers_knitr" name="asis_parameter_works_correctly_for_all_implemented_methods"/>
    <testcase time="0.00399999999999068" classname="helpers_knitr" name="asis_parameter_works_correctly_for_all_implemented_methods"/>
    <testcase time="0.007000000000005" classname="helpers_knitr" name="asis_parameter_works_correctly_for_all_implemented_methods"/>
    <testcase time="0.0199999999999818" classname="helpers_knitr" name="asis_parameter_works_correctly_for_all_implemented_methods"/>
    <testcase time="0.0109999999999957" classname="helpers_knitr" name="asis_parameter_works_correctly_for_all_implemented_methods"/>
    <testcase time="0.0120000000000005" classname="helpers_knitr" name="asis_parameter_works_correctly_for_all_implemented_methods"/>
    <testcase time="0.007000000000005" classname="helpers_knitr" name="asis_parameter_works_correctly_for_all_implemented_methods"/>
    <testcase time="0.01400000000001" classname="helpers_knitr" name="asis_parameter_works_correctly_for_all_implemented_methods"/>
    <testcase time="0.0029999999999859" classname="helpers_knitr" name="asis_parameter_works_correctly_for_all_implemented_methods"/>
    <testcase time="0.00500000000002387" classname="helpers_knitr" name="asis_parameter_works_correctly_for_all_implemented_methods"/>
    <testcase time="0.00699999999997658" classname="helpers_knitr" name="asis_parameter_works_correctly_for_all_implemented_methods"/>
    <testcase time="0.0130000000000052" classname="helpers_knitr" name="asis_parameter_works_correctly_for_all_implemented_methods"/>
    <testcase time="0.00300000000001432" classname="helpers_knitr" name="asis_parameter_works_correctly_for_all_implemented_methods"/>
    <testcase time="0.00499999999999545" classname="helpers_knitr" name="asis_parameter_works_correctly_for_all_implemented_methods"/>
    <testcase time="0.007000000000005" classname="helpers_knitr" name="asis_parameter_works_correctly_for_all_implemented_methods"/>
    <testcase time="0.0169999999999959" classname="helpers_knitr" name="asis_parameter_works_correctly_for_all_implemented_methods"/>
    <testcase time="0.00399999999999068" classname="helpers_knitr" name="asis_parameter_works_correctly_for_all_implemented_methods"/>
    <testcase time="0.00499999999999545" classname="helpers_knitr" name="asis_parameter_works_correctly_for_all_implemented_methods"/>
    <testcase time="0.007000000000005" classname="helpers_knitr" name="asis_parameter_works_correctly_for_all_implemented_methods"/>
    <testcase time="0.0330000000000155" classname="helpers_knitr" name="knit_print_output_is_suffixed_by_two_newlines_for_all_implemented_methods"/>
    <testcase time="0.0149999999999864" classname="helpers_knitr" name="knit_print_output_is_suffixed_by_two_newlines_for_all_implemented_methods"/>
    <testcase time="0.0130000000000052" classname="helpers_knitr" name="knit_print_output_is_suffixed_by_two_newlines_for_all_implemented_methods"/>
    <testcase time="0.0589999999999975" classname="helpers_knitr" name="knit_print_output_is_suffixed_by_two_newlines_for_all_implemented_methods"/>
    <testcase time="0.0169999999999959" classname="helpers_knitr" name="knit_print_output_is_suffixed_by_two_newlines_for_all_implemented_methods"/>
    <testcase time="0.0219999999999914" classname="helpers_knitr" name="knit_print_output_is_suffixed_by_two_newlines_for_all_implemented_methods"/>
    <testcase time="0.0949999999999989" classname="helpers_knitr" name="knit_print_output_is_suffixed_by_two_newlines_for_all_implemented_methods"/>
    <testcase time="0.0900000000000034" classname="helpers_knitr" name="knit_print_output_is_suffixed_by_two_newlines_for_all_implemented_methods"/>
    <testcase time="0.0150000000000148" classname="helpers_knitr" name="knit_print_output_is_suffixed_by_two_newlines_for_all_implemented_methods"/>
    <testcase time="0.0139999999999816" classname="helpers_knitr" name="knit_print_output_is_suffixed_by_two_newlines_for_all_implemented_methods"/>
    <testcase time="0.0130000000000052" classname="helpers_knitr" name="knit_print_output_is_suffixed_by_two_newlines_for_all_implemented_methods"/>
    <testcase time="0.0300000000000011" classname="helpers_knitr" name="knit_print_output_is_suffixed_by_two_newlines_for_all_implemented_methods"/>
    <testcase time="0.01400000000001" classname="helpers_knitr" name="knit_print_output_is_suffixed_by_two_newlines_for_all_implemented_methods"/>
    <testcase time="0.0180000000000007" classname="helpers_knitr" name="knit_print_output_is_suffixed_by_two_newlines_for_all_implemented_methods"/>
    <testcase time="0.0180000000000007" classname="helpers_knitr" name="knit_print_output_is_suffixed_by_two_newlines_for_all_implemented_methods"/>
    <testcase time="0.01400000000001" classname="helpers_knitr" name="knit_print_output_is_suffixed_by_two_newlines_for_all_implemented_methods"/>
    <testcase time="0.0129999999999768" classname="helpers_knitr" name="knit_print_output_is_suffixed_by_two_newlines_for_all_implemented_methods"/>
    <testcase time="0.0130000000000052" classname="helpers_knitr" name="knit_print_output_is_suffixed_by_two_newlines_for_all_implemented_methods"/>
    <testcase time="0.0229999999999961" classname="helpers_knitr" name="knit_print_output_is_suffixed_by_two_newlines_for_all_implemented_methods"/>
    <testcase time="0.0349999999999966" classname="helpers_knitr" name="knit_print_output_is_suffixed_by_two_newlines_for_all_implemented_methods"/>
    <testcase time="0.0160000000000196" classname="helpers_knitr" name="knit_print_output_is_suffixed_by_two_newlines_for_all_implemented_methods"/>
    <testcase time="0.0149999999999864" classname="helpers_knitr" name="knit_print_output_is_suffixed_by_two_newlines_for_all_implemented_methods"/>
    <testcase time="0.0229999999999961" classname="helpers_knitr" name="knit_print_output_is_suffixed_by_two_newlines_for_all_implemented_methods"/>
    <testcase time="0.0160000000000196" classname="helpers_knitr" name="knit_print_output_is_suffixed_by_two_newlines_for_all_implemented_methods"/>
    <testcase time="0.0229999999999961" classname="helpers_knitr" name="knit_print_output_is_suffixed_by_two_newlines_for_all_implemented_methods"/>
    <testcase time="0.0600000000000023" classname="helpers_knitr" name="knit_print_output_is_suffixed_by_two_newlines_for_all_implemented_methods"/>
    <testcase time="0.0229999999999961" classname="helpers_knitr" name="knit_print_output_is_suffixed_by_two_newlines_for_all_implemented_methods"/>
    <testcase time="0.0149999999999864" classname="helpers_knitr" name="knit_print_output_is_suffixed_by_two_newlines_for_all_implemented_methods"/>
    <testcase time="0.0260000000000105" classname="helpers_knitr" name="knit_print_output_is_suffixed_by_two_newlines_for_all_implemented_methods"/>
    <testcase time="0.0169999999999959" classname="helpers_knitr" name="knit_print_output_is_suffixed_by_two_newlines_for_all_implemented_methods"/>
    <testcase time="0.0300000000000011" classname="helpers_knitr" name="knit_print_output_is_suffixed_by_two_newlines_for_all_implemented_methods"/>
    <testcase time="0.01400000000001" classname="helpers_knitr" name="knit_print_output_is_suffixed_by_two_newlines_for_all_implemented_methods"/>
    <testcase time="0.0240000000000009" classname="helpers_knitr" name="knit_print_output_is_suffixed_by_two_newlines_for_all_implemented_methods"/>
    <testcase time="0.0999999999999943" classname="helpers_knitr" name="knit_print_output_is_suffixed_by_two_newlines_for_all_implemented_methods"/>
    <testcase time="0.0310000000000059" classname="helpers_knitr" name="knit_print_output_is_suffixed_by_two_newlines_for_all_implemented_methods"/>
    <testcase time="0.0389999999999873" classname="helpers_knitr" name="knit_print_output_is_suffixed_by_two_newlines_for_all_implemented_methods"/>
    <testcase time="0.0480000000000018" classname="helpers_knitr" name="knit_print_output_is_suffixed_by_two_newlines_for_all_implemented_methods"/>
    <testcase time="0.0180000000000007" classname="helpers_knitr" name="knit_print_output_is_suffixed_by_two_newlines_for_all_implemented_methods"/>
    <testcase time="0.0150000000000148" classname="helpers_knitr" name="knit_print_output_is_suffixed_by_two_newlines_for_all_implemented_methods"/>
    <testcase time="0.0229999999999961" classname="helpers_knitr" name="knit_print_output_is_suffixed_by_two_newlines_for_all_implemented_methods"/>
    <testcase time="0.0159999999999911" classname="helpers_knitr" name="knit_print_output_is_suffixed_by_two_newlines_for_all_implemented_methods"/>
    <testcase time="0.032999999999987" classname="helpers_knitr" name="knit_print_output_is_suffixed_by_two_newlines_for_all_implemented_methods"/>
    <testcase time="0.0190000000000055" classname="helpers_knitr" name="knit_print_output_is_suffixed_by_two_newlines_for_all_implemented_methods"/>
    <testcase time="0.0160000000000196" classname="helpers_knitr" name="knit_print_output_is_suffixed_by_two_newlines_for_all_implemented_methods"/>
    <testcase time="0.0149999999999864" classname="helpers_knitr" name="knit_print_output_is_suffixed_by_two_newlines_for_all_implemented_methods"/>
    <testcase time="0.0349999999999966" classname="helpers_knitr" name="knit_print_output_is_suffixed_by_two_newlines_for_all_implemented_methods"/>
    <testcase time="0.0279999999999916" classname="helpers_knitr" name="knit_print_output_is_suffixed_by_two_newlines_for_all_implemented_methods"/>
    <testcase time="0.0270000000000152" classname="helpers_knitr" name="knit_print_output_is_suffixed_by_two_newlines_for_all_implemented_methods"/>
    <testcase time="0.0209999999999866" classname="helpers_knitr" name="knit_print_output_is_suffixed_by_two_newlines_for_all_implemented_methods"/>
    <testcase time="0.0300000000000011" classname="helpers_knitr" name="knit_print_output_is_suffixed_by_two_newlines_for_all_implemented_methods"/>
    <testcase time="0.0169999999999959" classname="helpers_knitr" name="knit_print_output_is_suffixed_by_two_newlines_for_all_implemented_methods"/>
    <testcase time="0.0570000000000164" classname="helpers_knitr" name="knit_print_output_is_suffixed_by_two_newlines_for_all_implemented_methods"/>
    <testcase time="0.0300000000000011" classname="helpers_knitr" name="knit_print_output_is_suffixed_by_two_newlines_for_all_implemented_methods"/>
    <testcase time="0.0250000000000057" classname="helpers_knitr" name="knit_print_output_is_suffixed_by_two_newlines_for_all_implemented_methods"/>
    <testcase time="0.0289999999999964" classname="helpers_knitr" name="knit_print_output_is_suffixed_by_two_newlines_for_all_implemented_methods"/>
    <testcase time="0.070999999999998" classname="helpers_knitr" name="knit_print_output_is_suffixed_by_two_newlines_for_all_implemented_methods"/>
    <testcase time="0.0159999999999911" classname="helpers_knitr" name="knit_print_output_is_suffixed_by_two_newlines_for_all_implemented_methods"/>
    <testcase time="0.0169999999999959" classname="helpers_knitr" name="knit_print_output_is_suffixed_by_two_newlines_for_all_implemented_methods"/>
    <testcase time="0.021000000000015" classname="helpers_knitr" name="knit_print_output_is_suffixed_by_two_newlines_for_all_implemented_methods"/>
    <testcase time="0.0190000000000055" classname="helpers_knitr" name="knit_print_output_is_suffixed_by_two_newlines_for_all_implemented_methods"/>
    <testcase time="0.018999999999977" classname="helpers_knitr" name="knit_print_output_is_suffixed_by_two_newlines_for_all_implemented_methods"/>
    <testcase time="0.01400000000001" classname="helpers_knitr" name="knit_print_output_is_suffixed_by_two_newlines_for_all_implemented_methods"/>
    <testcase time="0.0169999999999959" classname="helpers_knitr" name="knit_print_output_is_suffixed_by_two_newlines_for_all_implemented_methods"/>
    <testcase time="0.0150000000000148" classname="helpers_knitr" name="knit_print_output_is_suffixed_by_two_newlines_for_all_implemented_methods"/>
    <testcase time="0.0149999999999864" classname="helpers_knitr" name="knit_print_output_is_suffixed_by_two_newlines_for_all_implemented_methods"/>
    <testcase time="0.0270000000000152" classname="helpers_knitr" name="knit_print_output_is_suffixed_by_two_newlines_for_all_implemented_methods"/>
    <testcase time="0.0519999999999925" classname="helpers_knitr" name="knit_print_output_is_suffixed_by_two_newlines_for_all_implemented_methods"/>
    <testcase time="0.0159999999999911" classname="helpers_knitr" name="knit_print_output_is_suffixed_by_two_newlines_for_all_implemented_methods"/>
    <testcase time="0.0200000000000102" classname="helpers_knitr" name="knit_print_output_is_suffixed_by_two_newlines_for_all_implemented_methods"/>
    <testcase time="0.0720000000000027" classname="helpers_knitr" name="knit_print_output_is_suffixed_by_two_newlines_for_all_implemented_methods"/>
    <testcase time="0.0180000000000007" classname="helpers_knitr" name="knit_print_output_is_suffixed_by_two_newlines_for_all_implemented_methods"/>
    <testcase time="0.0250000000000057" classname="helpers_knitr" name="knit_print_output_is_suffixed_by_two_newlines_for_all_implemented_methods"/>
    <testcase time="0.0349999999999966" classname="helpers_knitr" name="knit_print_output_is_suffixed_by_two_newlines_for_all_implemented_methods"/>
    <testcase time="0.0219999999999914" classname="helpers_knitr" name="knit_print_output_is_suffixed_by_two_newlines_for_all_implemented_methods"/>
    <testcase time="0.0589999999999975" classname="helpers_knitr" name="knit_print_output_is_suffixed_by_two_newlines_for_all_implemented_methods"/>
    <testcase time="0.0180000000000007" classname="helpers_knitr" name="knit_print_output_is_suffixed_by_two_newlines_for_all_implemented_methods"/>
    <testcase time="0.0209999999999866" classname="helpers_knitr" name="knit_print_output_is_suffixed_by_two_newlines_for_all_implemented_methods"/>
    <testcase time="0.0470000000000255" classname="helpers_knitr" name="knit_print_output_is_suffixed_by_two_newlines_for_all_implemented_methods"/>
    <testcase time="0.0319999999999823" classname="helpers_knitr" name="knit_print_output_is_suffixed_by_two_newlines_for_all_implemented_methods"/>
    <testcase time="0.0169999999999959" classname="helpers_knitr" name="knit_print_output_is_suffixed_by_two_newlines_for_all_implemented_methods"/>
    <testcase time="0.0380000000000109" classname="helpers_knitr" name="knit_print_output_is_suffixed_by_two_newlines_for_all_implemented_methods"/>
    <testcase time="0.0149999999999864" classname="helpers_knitr" name="knit_print_output_is_suffixed_by_two_newlines_for_all_implemented_methods"/>
    <testcase time="0.0150000000000148" classname="helpers_knitr" name="knit_print_output_is_suffixed_by_two_newlines_for_all_implemented_methods"/>
    <testcase time="0.046999999999997" classname="helpers_knitr" name="knit_print_output_is_suffixed_by_two_newlines_for_all_implemented_methods"/>
    <testcase time="0.0159999999999911" classname="helpers_knitr" name="knit_print_output_is_suffixed_by_two_newlines_for_all_implemented_methods"/>
    <testcase time="0.0320000000000107" classname="helpers_knitr" name="knit_print_output_is_suffixed_by_two_newlines_for_all_implemented_methods"/>
    <testcase time="0.0159999999999911" classname="helpers_knitr" name="knit_print_output_is_suffixed_by_two_newlines_for_all_implemented_methods"/>
    <testcase time="0.01400000000001" classname="helpers_knitr" name="knit_print_output_is_suffixed_by_two_newlines_for_all_implemented_methods"/>
    <testcase time="0.0229999999999961" classname="helpers_knitr" name="knit_print_output_is_suffixed_by_two_newlines_for_all_implemented_methods"/>
    <testcase time="0.0150000000000148" classname="helpers_knitr" name="knit_print_output_is_suffixed_by_two_newlines_for_all_implemented_methods"/>
    <testcase time="0.0139999999999816" classname="helpers_knitr" name="knit_print_output_is_suffixed_by_two_newlines_for_all_implemented_methods"/>
    <testcase time="0.0190000000000055" classname="helpers_knitr" name="knit_print_output_is_suffixed_by_two_newlines_for_all_implemented_methods"/>
    <testcase time="0.0109999999999957" classname="helpers_knitr" name="knit_print.CohortSizeConst_works_correctly"/>
    <testcase time="0.00600000000000023" classname="helpers_knitr" name="knit_print.CohortSizeConst_works_correctly"/>
    <testcase time="0.007000000000005" classname="helpers_knitr" name="knit_print.CohortSizeConst_works_correctly"/>
    <testcase time="0.00600000000000023" classname="helpers_knitr" name="knit_print.CohortSizeConst_works_correctly"/>
    <testcase time="0.0130000000000052" classname="helpers_knitr" name="knit_print.CohortSizeParts_works_correctly"/>
    <testcase time="0.00600000000000023" classname="helpers_knitr" name="knit_print.CohortSizeParts_works_correctly"/>
    <testcase time="0.00600000000000023" classname="helpers_knitr" name="knit_print.CohortSizeParts_works_correctly"/>
    <testcase time="0.00499999999999545" classname="helpers_knitr" name="knit_print.CohortSizeParts_works_correctly"/>
    <testcase time="0.207999999999998" classname="helpers_knitr" name="knit_print.IncrementsRelativeParts_works_correctly">
      <skipped message="Reason: On CRAN ('test-helpers_knitr.R:274:9')"/>
    </testcase>
    <testcase time="0.306000000000012" classname="helpers_knitr" name="summarise_option_works_correctly_for_Data_classes">
      <skipped message="Reason: On CRAN ('test-helpers_knitr.R:316:9')"/>
    </testcase>
    <testcase time="0.0279999999999916" classname="helpers_knitr" name="h_get_formatted_dosegrid_works_correctly"/>
    <testcase time="0.00499999999999545" classname="helpers_knitr" name="h_get_formatted_dosegrid_works_correctly"/>
    <testcase time="0.00499999999999545" classname="helpers_knitr" name="h_get_formatted_dosegrid_works_correctly"/>
    <testcase time="0.00499999999999545" classname="helpers_knitr" name="h_get_formatted_dosegrid_works_correctly"/>
    <testcase time="0.00499999999999545" classname="helpers_knitr" name="h_get_formatted_dosegrid_works_correctly"/>
  </testsuite>
  <testsuite name="helpers_knitr_Design" timestamp="2024-10-07T08:41:43Z" hostname="18e134b69287" tests="51" skipped="0" failures="0" errors="0" time="0.934">
    <testcase time="0.0170000000000243" classname="helpers_knitr_Design" name="v_starting_dose_works_correctly"/>
    <testcase time="0.00499999999999545" classname="helpers_knitr_Design" name="v_starting_dose_works_correctly"/>
    <testcase time="0.00600000000000023" classname="helpers_knitr_Design" name="v_starting_dose_works_correctly"/>
    <testcase time="0.007000000000005" classname="helpers_knitr_Design" name="h_markdown_header_works_correctly"/>
    <testcase time="0.0029999999999859" classname="helpers_knitr_Design" name="h_markdown_header_works_correctly"/>
    <testcase time="0.00900000000001455" classname="helpers_knitr_Design" name="h_markdown_header_fails_gracefully_with_bad_input"/>
    <testcase time="0.00499999999999545" classname="helpers_knitr_Design" name="h_markdown_header_fails_gracefully_with_bad_input"/>
    <testcase time="0.00499999999999545" classname="helpers_knitr_Design" name="h_markdown_header_fails_gracefully_with_bad_input"/>
    <testcase time="0.00499999999999545" classname="helpers_knitr_Design" name="h_markdown_header_fails_gracefully_with_bad_input"/>
    <testcase time="0.00499999999999545" classname="helpers_knitr_Design" name="h_markdown_header_fails_gracefully_with_bad_input"/>
    <testcase time="0.00499999999999545" classname="helpers_knitr_Design" name="h_markdown_header_fails_gracefully_with_bad_input"/>
    <testcase time="0.0100000000000193" classname="helpers_knitr_Design" name="h_prepare_section_labels_works_correctly"/>
    <testcase time="0.0029999999999859" classname="helpers_knitr_Design" name="h_prepare_section_labels_works_correctly"/>
    <testcase time="0.00300000000001432" classname="helpers_knitr_Design" name="h_prepare_section_labels_works_correctly"/>
    <testcase time="0.0029999999999859" classname="helpers_knitr_Design" name="h_prepare_section_labels_works_correctly"/>
    <testcase time="0.00300000000001432" classname="helpers_knitr_Design" name="h_prepare_section_labels_works_correctly"/>
    <testcase time="0.00199999999998113" classname="helpers_knitr_Design" name="h_prepare_section_labels_works_correctly"/>
    <testcase time="0.007000000000005" classname="helpers_knitr_Design" name="knit_print_StartingDose_works_correctly"/>
    <testcase time="0.00300000000001432" classname="helpers_knitr_Design" name="knit_print_StartingDose_works_correctly"/>
    <testcase time="0.0130000000000052" classname="helpers_knitr_Design" name="knit_print_RuleDesign_works_correctly"/>
    <testcase time="0.0029999999999859" classname="helpers_knitr_Design" name="knit_print_RuleDesign_works_correctly"/>
    <testcase time="0.00399999999999068" classname="helpers_knitr_Design" name="knit_print_RuleDesign_works_correctly"/>
    <testcase time="0.0109999999999957" classname="helpers_knitr_Design" name="knit_print_RuleDesign_works_correctly"/>
    <testcase time="0.054000000000002" classname="helpers_knitr_Design" name="knit_print_Design_works_correctly"/>
    <testcase time="0.00300000000001432" classname="helpers_knitr_Design" name="knit_print_Design_works_correctly"/>
    <testcase time="0.00399999999999068" classname="helpers_knitr_Design" name="knit_print_Design_works_correctly"/>
    <testcase time="0.0460000000000207" classname="helpers_knitr_Design" name="knit_print_Design_works_correctly"/>
    <testcase time="0.0609999999999786" classname="helpers_knitr_Design" name="knit_print_DualDesign_works_correctly"/>
    <testcase time="0.00300000000001432" classname="helpers_knitr_Design" name="knit_print_DualDesign_works_correctly"/>
    <testcase time="0.00399999999999068" classname="helpers_knitr_Design" name="knit_print_DualDesign_works_correctly"/>
    <testcase time="0.0869999999999891" classname="helpers_knitr_Design" name="knit_print_DualDesign_works_correctly"/>
    <testcase time="0.0580000000000211" classname="helpers_knitr_Design" name="knit_print_DADesign_works_correctly"/>
    <testcase time="0.0029999999999859" classname="helpers_knitr_Design" name="knit_print_DADesign_works_correctly"/>
    <testcase time="0.00499999999999545" classname="helpers_knitr_Design" name="knit_print_DADesign_works_correctly"/>
    <testcase time="0.0510000000000161" classname="helpers_knitr_Design" name="knit_print_DADesign_works_correctly"/>
    <testcase time="0.0420000000000016" classname="helpers_knitr_Design" name="knit_print_DTDDesign_works_correctly"/>
    <testcase time="0.0029999999999859" classname="helpers_knitr_Design" name="knit_print_DTDDesign_works_correctly"/>
    <testcase time="0.0040000000000191" classname="helpers_knitr_Design" name="knit_print_DTDDesign_works_correctly"/>
    <testcase time="0.0379999999999825" classname="helpers_knitr_Design" name="knit_print_DTDDesign_works_correctly"/>
    <testcase time="0.0600000000000023" classname="helpers_knitr_Design" name="knit_print_DualResponsesDesign_works_correctly"/>
    <testcase time="0.00300000000001432" classname="helpers_knitr_Design" name="knit_print_DualResponsesDesign_works_correctly"/>
    <testcase time="0.00399999999999068" classname="helpers_knitr_Design" name="knit_print_DualResponsesDesign_works_correctly"/>
    <testcase time="0.0680000000000121" classname="helpers_knitr_Design" name="knit_print_DualResponsesDesign_works_correctly"/>
    <testcase time="0.070999999999998" classname="helpers_knitr_Design" name="knit_print_DualResponsesSamplesDesign_works_correctly"/>
    <testcase time="0.0029999999999859" classname="helpers_knitr_Design" name="knit_print_DualResponsesSamplesDesign_works_correctly"/>
    <testcase time="0.00499999999999545" classname="helpers_knitr_Design" name="knit_print_DualResponsesSamplesDesign_works_correctly"/>
    <testcase time="0.0670000000000073" classname="helpers_knitr_Design" name="knit_print_DualResponsesSamplesDesign_works_correctly"/>
    <testcase time="0.0229999999999961" classname="helpers_knitr_Design" name="knit_print_RuleDesignOrdinal_works_correctly"/>
    <testcase time="0.00300000000001432" classname="helpers_knitr_Design" name="knit_print_RuleDesignOrdinal_works_correctly"/>
    <testcase time="0.00499999999999545" classname="helpers_knitr_Design" name="knit_print_RuleDesignOrdinal_works_correctly"/>
    <testcase time="0.0190000000000055" classname="helpers_knitr_Design" name="knit_print_RuleDesignOrdinal_works_correctly"/>
  </testsuite>
  <testsuite name="helpers_knitr_NextBest" timestamp="2024-10-07T08:41:44Z" hostname="18e134b69287" tests="28" skipped="0" failures="0" errors="0" time="0.182">
    <testcase time="0.0109999999999957" classname="helpers_knitr_NextBest" name="knit_print.NextBestMinDist_works_correctly"/>
    <testcase time="0.00399999999999068" classname="helpers_knitr_NextBest" name="knit_print.NextBestMinDist_works_correctly"/>
    <testcase time="0.007000000000005" classname="helpers_knitr_NextBest" name="knit_print.NextBestMTD_works_correctly"/>
    <testcase time="0.00399999999999068" classname="helpers_knitr_NextBest" name="knit_print.NextBestMTD_works_correctly"/>
    <testcase time="0.007000000000005" classname="helpers_knitr_NextBest" name="knit_print.NextBestNCRM_works_correctly"/>
    <testcase time="0.00300000000001432" classname="helpers_knitr_NextBest" name="knit_print.NextBestNCRM_works_correctly"/>
    <testcase time="0.00600000000000023" classname="helpers_knitr_NextBest" name="knit_print.NextBestThreePlusThree_works_correctly"/>
    <testcase time="0.0029999999999859" classname="helpers_knitr_NextBest" name="knit_print.NextBestThreePlusThree_works_correctly"/>
    <testcase time="0.007000000000005" classname="helpers_knitr_NextBest" name="knit_print.NextBestDualEndpoint_works_correctly"/>
    <testcase time="0.00399999999999068" classname="helpers_knitr_NextBest" name="knit_print.NextBestDualEndpoint_works_correctly"/>
    <testcase time="0.00600000000000023" classname="helpers_knitr_NextBest" name="knit_print.NextBestInfTheory_works_correctly"/>
    <testcase time="0.00300000000001432" classname="helpers_knitr_NextBest" name="knit_print.NextBestInfTheory_works_correctly"/>
    <testcase time="0.00699999999997658" classname="helpers_knitr_NextBest" name="knit_print.NextBestTD_works_correctly"/>
    <testcase time="0.00300000000001432" classname="helpers_knitr_NextBest" name="knit_print.NextBestTD_works_correctly"/>
    <testcase time="0.007000000000005" classname="helpers_knitr_NextBest" name="knit_print.NextBestMaxGain_works_correctly"/>
    <testcase time="0.0029999999999859" classname="helpers_knitr_NextBest" name="knit_print.NextBestMaxGain_works_correctly"/>
    <testcase time="0.00600000000000023" classname="helpers_knitr_NextBest" name="knit_print.NextBestProbMTDLTE_works_correctly"/>
    <testcase time="0.00300000000001432" classname="helpers_knitr_NextBest" name="knit_print.NextBestProbMTDLTE_works_correctly"/>
    <testcase time="0.007000000000005" classname="helpers_knitr_NextBest" name="knit_print.NextBestProbMTDMinDist_works_correctly"/>
    <testcase time="0.00199999999998113" classname="helpers_knitr_NextBest" name="knit_print.NextBestProbMTDMinDist_works_correctly"/>
    <testcase time="0.0169999999999959" classname="helpers_knitr_NextBest" name="knit_print.NextBestNCRMLoss_works_correctly"/>
    <testcase time="0.01400000000001" classname="helpers_knitr_NextBest" name="knit_print.NextBestNCRMLoss_works_correctly"/>
    <testcase time="0.0169999999999959" classname="helpers_knitr_NextBest" name="knit_print.NextBestTD_works_correctly"/>
    <testcase time="0.00399999999999068" classname="helpers_knitr_NextBest" name="knit_print.NextBestTD_works_correctly"/>
    <testcase time="0.0100000000000193" classname="helpers_knitr_NextBest" name="knit_print.NextBestMaxGainSamples_works_correctly"/>
    <testcase time="0.0029999999999859" classname="helpers_knitr_NextBest" name="knit_print.NextBestMaxGainSamples_works_correctly"/>
    <testcase time="0.00900000000001455" classname="helpers_knitr_NextBest" name="knit_print.NextBestOrdinal_works_correctly"/>
    <testcase time="0.00499999999999545" classname="helpers_knitr_NextBest" name="knit_print.NextBestOrdinal_works_correctly"/>
  </testsuite>
  <testsuite name="helpers_knitr_SafetyWindow" timestamp="2024-10-07T08:41:44Z" hostname="18e134b69287" tests="14" skipped="0" failures="0" errors="0" time="0.092">
    <testcase time="0.00999999999999091" classname="helpers_knitr_SafetyWindow" name="knit_print.SafetyWindowConst_works_correctly"/>
    <testcase time="0.00399999999999068" classname="helpers_knitr_SafetyWindow" name="knit_print.SafetyWindowConst_works_correctly"/>
    <testcase time="0.0040000000000191" classname="helpers_knitr_SafetyWindow" name="knit_print.SafetyWindowConst_works_correctly"/>
    <testcase time="0.00999999999999091" classname="helpers_knitr_SafetyWindow" name="knit_print.SafetyWindowConst_fails_gracefully_with_bad_input"/>
    <testcase time="0.00499999999999545" classname="helpers_knitr_SafetyWindow" name="knit_print.SafetyWindowConst_fails_gracefully_with_bad_input"/>
    <testcase time="0.00499999999999545" classname="helpers_knitr_SafetyWindow" name="knit_print.SafetyWindowConst_fails_gracefully_with_bad_input"/>
    <testcase time="0.00500000000002387" classname="helpers_knitr_SafetyWindow" name="knit_print.SafetyWindowConst_fails_gracefully_with_bad_input"/>
    <testcase time="0.00999999999999091" classname="helpers_knitr_SafetyWindow" name="knit_print.SafetyWindowSize_works_correctly"/>
    <testcase time="0.00999999999999091" classname="helpers_knitr_SafetyWindow" name="knit_print.SafetyWindowSize_fails_gracefully_with_bad_input"/>
    <testcase time="0.00499999999999545" classname="helpers_knitr_SafetyWindow" name="knit_print.SafetyWindowSize_fails_gracefully_with_bad_input"/>
    <testcase time="0.007000000000005" classname="helpers_knitr_SafetyWindow" name="knit_print.SafetyWindowSize_fails_gracefully_with_bad_input"/>
    <testcase time="0.007000000000005" classname="helpers_knitr_SafetyWindow" name="knit_print.SafetyWindowSize_fails_gracefully_with_bad_input"/>
    <testcase time="0.00499999999999545" classname="helpers_knitr_SafetyWindow" name="knit_print.SafetyWindowSize_fails_gracefully_with_bad_input"/>
    <testcase time="0.00499999999999545" classname="helpers_knitr_SafetyWindow" name="knit_print.SafetyWindowSize_fails_gracefully_with_bad_input"/>
  </testsuite>
  <testsuite name="helpers_knitr_Stopping" timestamp="2024-10-07T08:41:44Z" hostname="18e134b69287" tests="43" skipped="0" failures="0" errors="0" time="0.223">
    <testcase time="0.0120000000000005" classname="helpers_knitr_Stopping" name="knit_print.StoppingOrdinal_works_correctly"/>
    <testcase time="0.00300000000001432" classname="helpers_knitr_Stopping" name="knit_print.StoppingOrdinal_works_correctly"/>
    <testcase time="0.00800000000000978" classname="helpers_knitr_Stopping" name="knit_print.StoppingAll_works_correctly"/>
    <testcase time="0.0029999999999859" classname="helpers_knitr_Stopping" name="knit_print.StoppingAll_works_correctly"/>
    <testcase time="0.00300000000001432" classname="helpers_knitr_Stopping" name="knit_print.StoppingAll_works_correctly"/>
    <testcase time="0.0029999999999859" classname="helpers_knitr_Stopping" name="knit_print.StoppingAll_works_correctly"/>
    <testcase time="0.00899999999998613" classname="helpers_knitr_Stopping" name="knit_print.StoppingAny_works_correctly"/>
    <testcase time="0.00300000000001432" classname="helpers_knitr_Stopping" name="knit_print.StoppingAny_works_correctly"/>
    <testcase time="0.0029999999999859" classname="helpers_knitr_Stopping" name="knit_print.StoppingAny_works_correctly"/>
    <testcase time="0.00300000000001432" classname="helpers_knitr_Stopping" name="knit_print.StoppingAny_works_correctly"/>
    <testcase time="0.00899999999998613" classname="helpers_knitr_Stopping" name="knit_print.StoppingList_works_correctly"/>
    <testcase time="0.00300000000001432" classname="helpers_knitr_Stopping" name="knit_print.StoppingList_works_correctly"/>
    <testcase time="0.0029999999999859" classname="helpers_knitr_Stopping" name="knit_print.StoppingList_works_correctly"/>
    <testcase time="0.00300000000001432" classname="helpers_knitr_Stopping" name="knit_print.StoppingList_works_correctly"/>
    <testcase time="0.00399999999999068" classname="helpers_knitr_Stopping" name="knit_print.StoppingList_works_correctly"/>
    <testcase time="0.007000000000005" classname="helpers_knitr_Stopping" name="knit_print.StoppingMaxGainCIRatio_works_correctly"/>
    <testcase time="0.00399999999999068" classname="helpers_knitr_Stopping" name="knit_print.StoppingMaxGainCIRatio_works_correctly"/>
    <testcase time="0.007000000000005" classname="helpers_knitr_Stopping" name="knit_print.StoppingTDCIRatio_works_correctly"/>
    <testcase time="0.0040000000000191" classname="helpers_knitr_Stopping" name="knit_print.StoppingTDCIRatio_works_correctly"/>
    <testcase time="0.00699999999997658" classname="helpers_knitr_Stopping" name="knit_print.StoppingTargetBiomarker_works_correctly"/>
    <testcase time="0.0040000000000191" classname="helpers_knitr_Stopping" name="knit_print.StoppingTargetBiomarker_works_correctly"/>
    <testcase time="0.00799999999998136" classname="helpers_knitr_Stopping" name="knit_print.StoppingLowestDoseHSRBeta_works_correctly"/>
    <testcase time="0.0040000000000191" classname="helpers_knitr_Stopping" name="knit_print.StoppingLowestDoseHSRBeta_works_correctly"/>
    <testcase time="0.007000000000005" classname="helpers_knitr_Stopping" name="knit_print.StoppingMTDCV_works_correctly"/>
    <testcase time="0.00399999999999068" classname="helpers_knitr_Stopping" name="knit_print.StoppingMTDCV_works_correctly"/>
    <testcase time="0.007000000000005" classname="helpers_knitr_Stopping" name="knit_print.StoppingMTDdistribution_works_correctly"/>
    <testcase time="0.00399999999999068" classname="helpers_knitr_Stopping" name="knit_print.StoppingMTDdistribution_works_correctly"/>
    <testcase time="0.00600000000000023" classname="helpers_knitr_Stopping" name="knit_print.StoppingHighestDose_works_correctly"/>
    <testcase time="0.00300000000001432" classname="helpers_knitr_Stopping" name="knit_print.StoppingHighestDose_works_correctly"/>
    <testcase time="0.00799999999998136" classname="helpers_knitr_Stopping" name="knit_print.StoppingSpecificDose_works_correctly"/>
    <testcase time="0.0040000000000191" classname="helpers_knitr_Stopping" name="knit_print.StoppingSpecificDose_works_correctly"/>
    <testcase time="0.00799999999998136" classname="helpers_knitr_Stopping" name="knit_print.StoppingTargetProb_works_correctly"/>
    <testcase time="0.00399999999999068" classname="helpers_knitr_Stopping" name="knit_print.StoppingTargetProb_works_correctly"/>
    <testcase time="0.00600000000000023" classname="helpers_knitr_Stopping" name="knit_print.StoppingMinPatients_works_correctly"/>
    <testcase time="0.0040000000000191" classname="helpers_knitr_Stopping" name="knit_print.StoppingMinPatients_works_correctly"/>
    <testcase time="0.007000000000005" classname="helpers_knitr_Stopping" name="knit_print.StoppingMinCohorts_works_correctly"/>
    <testcase time="0.0029999999999859" classname="helpers_knitr_Stopping" name="knit_print.StoppingMinCohorts_works_correctly"/>
    <testcase time="0.007000000000005" classname="helpers_knitr_Stopping" name="knit_print.StoppingCohortsNearDose_works_correctly"/>
    <testcase time="0.00399999999999068" classname="helpers_knitr_Stopping" name="knit_print.StoppingCohortsNearDose_works_correctly"/>
    <testcase time="0.007000000000005" classname="helpers_knitr_Stopping" name="knit_print.StoppingPatientsNearDose_works_correctly"/>
    <testcase time="0.00399999999999068" classname="helpers_knitr_Stopping" name="knit_print.StoppingPatientsNearDose_works_correctly"/>
    <testcase time="0.00600000000000023" classname="helpers_knitr_Stopping" name="knit_print.StoppingMissingDose_works_correctly"/>
    <testcase time="0.00300000000001432" classname="helpers_knitr_Stopping" name="knit_print.StoppingMissingDose_works_correctly"/>
  </testsuite>
  <testsuite name="helpers_model" timestamp="2024-10-07T08:41:44Z" hostname="18e134b69287" tests="34" skipped="0" failures="0" errors="0" time="0.255">
    <testcase time="0.0130000000000052" classname="helpers_model" name="h_model_dual_endpoint_sigma2W_updates_model_components_for_fixed_sigma2W"/>
    <testcase time="0.007000000000005" classname="helpers_model" name="h_model_dual_endpoint_sigma2W_updates_model_components"/>
    <testcase time="0.0180000000000007" classname="helpers_model" name="h_model_dual_endpoint_sigma2W_throws_error_for_non_valid_fixed_sigma2W"/>
    <testcase time="0.00699999999997658" classname="helpers_model" name="h_model_dual_endpoint_sigma2W_throws_error_for_non_valid_fixed_sigma2W"/>
    <testcase time="0.00900000000001455" classname="helpers_model" name="h_model_dual_endpoint_sigma2W_throws_error_for_non_valid_sigma2W"/>
    <testcase time="0.00600000000000023" classname="helpers_model" name="h_model_dual_endpoint_rho_updates_model_components_for_fixed_rho"/>
    <testcase time="0.007000000000005" classname="helpers_model" name="h_model_dual_endpoint_rho_updates_model_components"/>
    <testcase time="0.00899999999998613" classname="helpers_model" name="h_model_dual_endpoint_rho_throws_error_for_non_valid_fixed_rho"/>
    <testcase time="0.00499999999999545" classname="helpers_model" name="h_model_dual_endpoint_rho_throws_error_for_non_valid_fixed_rho"/>
    <testcase time="0.00499999999999545" classname="helpers_model" name="h_model_dual_endpoint_rho_throws_error_for_non_valid_fixed_rho"/>
    <testcase time="0.00900000000001455" classname="helpers_model" name="h_model_dual_endpoint_rho_throws_error_for_non_valid_rho"/>
    <testcase time="0.0120000000000005" classname="helpers_model" name="h_model_dual_endpoint_sigma2betaW_updates_model_components_for_fixed_sigma2betaW"/>
    <testcase time="0.0029999999999859" classname="helpers_model" name="h_model_dual_endpoint_sigma2betaW_updates_model_components_for_fixed_sigma2betaW"/>
    <testcase time="0.0120000000000005" classname="helpers_model" name="h_model_dual_endpoint_sigma2betaW_updates_model_components"/>
    <testcase time="0.00300000000001432" classname="helpers_model" name="h_model_dual_endpoint_sigma2betaW_updates_model_components"/>
    <testcase time="0.0029999999999859" classname="helpers_model" name="h_model_dual_endpoint_sigma2betaW_updates_model_components"/>
    <testcase time="0.00300000000001432" classname="helpers_model" name="h_model_dual_endpoint_sigma2betaW_updates_model_components"/>
    <testcase time="0.0029999999999859" classname="helpers_model" name="h_model_dual_endpoint_sigma2betaW_updates_model_components"/>
    <testcase time="0.00300000000001432" classname="helpers_model" name="h_model_dual_endpoint_sigma2betaW_updates_model_components"/>
    <testcase time="0.01400000000001" classname="helpers_model" name="h_model_dual_endpoint_sigma2betaW_throws_error_for_non_valid_fixed_sigma2betaW"/>
    <testcase time="0.00499999999999545" classname="helpers_model" name="h_model_dual_endpoint_sigma2betaW_throws_error_for_non_valid_fixed_sigma2betaW"/>
    <testcase time="0.0120000000000005" classname="helpers_model" name="h_model_dual_endpoint_sigma2betaW_throws_error_for_non_valid_sigma2betaW"/>
    <testcase time="0.00999999999999091" classname="helpers_model" name="h_model_dual_endpoint_beta_updates_model_components_for_scalar_param"/>
    <testcase time="0.00200000000000955" classname="helpers_model" name="h_model_dual_endpoint_beta_updates_model_components_for_scalar_param"/>
    <testcase time="0.00199999999998113" classname="helpers_model" name="h_model_dual_endpoint_beta_updates_model_components_for_scalar_param"/>
    <testcase time="0.00899999999998613" classname="helpers_model" name="h_model_dual_endpoint_beta_updates_model_components"/>
    <testcase time="0.00300000000001432" classname="helpers_model" name="h_model_dual_endpoint_beta_updates_model_components"/>
    <testcase time="0.0029999999999859" classname="helpers_model" name="h_model_dual_endpoint_beta_updates_model_components"/>
    <testcase time="0.00300000000001432" classname="helpers_model" name="h_model_dual_endpoint_beta_updates_model_components"/>
    <testcase time="0.0029999999999859" classname="helpers_model" name="h_model_dual_endpoint_beta_updates_model_components"/>
    <testcase time="0.0130000000000052" classname="helpers_model" name="h_model_dual_endpoint_beta_throws_error_for_non_valid_param"/>
    <testcase time="0.0130000000000052" classname="helpers_model" name="h_model_dual_endpoint_beta_throws_error_for_non_valid_param_name"/>
    <testcase time="0.0130000000000052" classname="helpers_model" name="h_model_dual_endpoint_beta_throws_error_for_non_valid_param_suffix"/>
    <testcase time="0.0130000000000052" classname="helpers_model" name="h_model_dual_endpoint_beta_throws_error_for_non_valid_priormodel"/>
  </testsuite>
  <testsuite name="helpers_rules" timestamp="2024-10-07T08:41:45Z" hostname="18e134b69287" tests="47" skipped="11" failures="0" errors="0" time="2.501">
    <testcase time="0.0109999999999957" classname="helpers_rules" name="h_info_theory_dist_works_as_expected_for_scalars"/>
    <testcase time="0.007000000000005" classname="helpers_rules" name="h_info_theory_dist_works_as_expected_for_vectors"/>
    <testcase time="0.007000000000005" classname="helpers_rules" name="h_info_theory_dist_works_as_expected_for_matrices"/>
    <testcase time="0.00799999999998136" classname="helpers_rules" name="h_info_theory_dist_throws_the_error_for_non_conformable_args"/>
    <testcase time="0.00499999999999545" classname="helpers_rules" name="h_info_theory_dist_throws_the_error_for_non_conformable_args"/>
    <testcase time="0.00900000000001455" classname="helpers_rules" name="h_info_theory_dist_throws_the_error_for_wrong_asymmetry"/>
    <testcase time="0.0300000000000011" classname="helpers_rules" name="h_next_best_mg_ci_works_as_expected"/>
    <testcase time="0.0300000000000011" classname="helpers_rules" name="h_next_best_mg_ci_works_as_expected_with_placebo_"/>
    <testcase time="0.00600000000000023" classname="helpers_rules" name="h_next_best_mg_doses_at_grid_works_as_expected"/>
    <testcase time="0.0159999999999911" classname="helpers_rules" name="h_next_best_mg_doses_at_grid_works_as_expected_small_doselimit_"/>
    <testcase time="0.00900000000001455" classname="helpers_rules" name="h_next_best_mg_doses_at_grid_works_as_expected_small_doselimit_placebo_"/>
    <testcase time="0.00600000000000023" classname="helpers_rules" name="h_next_best_mg_doses_at_grid_works_as_expected_td_mg_"/>
    <testcase time="0.00699999999997658" classname="helpers_rules" name="h_next_best_eligible_doses_works_as_expected"/>
    <testcase time="0.00300000000001432" classname="helpers_rules" name="h_next_best_eligible_doses_works_as_expected"/>
    <testcase time="0.0029999999999859" classname="helpers_rules" name="h_next_best_eligible_doses_works_as_expected"/>
    <testcase time="0.0040000000000191" classname="helpers_rules" name="h_next_best_eligible_doses_works_as_expected"/>
    <testcase time="0.0029999999999859" classname="helpers_rules" name="h_next_best_eligible_doses_works_as_expected"/>
    <testcase time="0.00300000000001432" classname="helpers_rules" name="h_next_best_eligible_doses_works_as_expected"/>
    <testcase time="0.0029999999999859" classname="helpers_rules" name="h_next_best_eligible_doses_works_as_expected"/>
    <testcase time="0.00200000000000955" classname="helpers_rules" name="h_next_best_eligible_doses_works_as_expected"/>
    <testcase time="0.0029999999999859" classname="helpers_rules" name="h_next_best_eligible_doses_works_as_expected"/>
    <testcase time="0.00300000000001432" classname="helpers_rules" name="h_next_best_eligible_doses_works_as_expected"/>
    <testcase time="0.0029999999999859" classname="helpers_rules" name="h_next_best_eligible_doses_works_as_expected"/>
    <testcase time="0.00300000000001432" classname="helpers_rules" name="h_next_best_eligible_doses_works_as_expected"/>
    <testcase time="0.00799999999998136" classname="helpers_rules" name="h_next_best_eligible_doses_works_as_expected_no_placebo_"/>
    <testcase time="0.00300000000001432" classname="helpers_rules" name="h_next_best_eligible_doses_works_as_expected_no_placebo_"/>
    <testcase time="0.0029999999999859" classname="helpers_rules" name="h_next_best_eligible_doses_works_as_expected_no_placebo_"/>
    <testcase time="0.00300000000001432" classname="helpers_rules" name="h_next_best_eligible_doses_works_as_expected_no_placebo_"/>
    <testcase time="0.0029999999999859" classname="helpers_rules" name="h_next_best_eligible_doses_works_as_expected_no_placebo_"/>
    <testcase time="0.00300000000001432" classname="helpers_rules" name="h_next_best_eligible_doses_works_as_expected_no_placebo_"/>
    <testcase time="0.0029999999999859" classname="helpers_rules" name="h_next_best_eligible_doses_works_as_expected_no_placebo_"/>
    <testcase time="0.00300000000001432" classname="helpers_rules" name="h_next_best_eligible_doses_works_as_expected_no_placebo_"/>
    <testcase time="0.0029999999999859" classname="helpers_rules" name="h_next_best_eligible_doses_works_as_expected_no_placebo_"/>
    <testcase time="0.00300000000001432" classname="helpers_rules" name="h_next_best_eligible_doses_works_as_expected_no_placebo_"/>
    <testcase time="0.00899999999998613" classname="helpers_rules" name="h_next_best_eligible_doses_throws_the_error_for_empty_dose_grid_or_not_sorted"/>
    <testcase time="0.00500000000002387" classname="helpers_rules" name="h_next_best_eligible_doses_throws_the_error_for_empty_dose_grid_or_not_sorted"/>
    <testcase time="0.238" classname="helpers_rules" name="h_next_best_ncrm_loss_plot_works_as_expected">
      <skipped message="Reason: On CRAN ('test-helpers_rules.R:197:3')"/>
    </testcase>
    <testcase time="0.314999999999998" classname="helpers_rules" name="h_next_best_ncrm_loss_plot_works_as_expected_unacceptable_specified_">
      <skipped message="Reason: On CRAN ('test-helpers_rules.R:218:3')"/>
    </testcase>
    <testcase time="0.238" classname="helpers_rules" name="h_next_best_ncrm_loss_plot_works_as_expected_no_doselimit_">
      <skipped message="Reason: On CRAN ('test-helpers_rules.R:238:3')"/>
    </testcase>
    <testcase time="0.156000000000006" classname="helpers_rules" name="h_next_best_tdsamples_plot_works_as_expected">
      <skipped message="Reason: On CRAN ('test-helpers_rules.R:248:5')"/>
    </testcase>
    <testcase time="0.141999999999996" classname="helpers_rules" name="h_next_best_tdsamples_plot_works_as_expected_no_doselimit_">
      <skipped message="Reason: On CRAN ('test-helpers_rules.R:257:5')"/>
    </testcase>
    <testcase time="0.171999999999997" classname="helpers_rules" name="h_next_best_td_plot_works_as_expected">
      <skipped message="Reason: On CRAN ('test-helpers_rules.R:267:3')"/>
    </testcase>
    <testcase time="0.158999999999992" classname="helpers_rules" name="h_next_best_td_plot_works_as_expected_no_doselimit_">
      <skipped message="Reason: On CRAN ('test-helpers_rules.R:274:3')"/>
    </testcase>
    <testcase time="0.271000000000015" classname="helpers_rules" name="h_next_best_mg_plot_works_as_expected">
      <skipped message="Reason: On CRAN ('test-helpers_rules.R:287:3')"/>
    </testcase>
    <testcase time="0.272999999999996" classname="helpers_rules" name="h_next_best_mg_plot_works_as_expected_no_doselimit_">
      <skipped message="Reason: On CRAN ('test-helpers_rules.R:298:3')"/>
    </testcase>
    <testcase time="0.159999999999997" classname="helpers_rules" name="h_next_best_mgsamples_plot_works_as_expected">
      <skipped message="Reason: On CRAN ('test-helpers_rules.R:307:3')"/>
    </testcase>
    <testcase time="0.144000000000005" classname="helpers_rules" name="h_next_best_mgsamples_plot_works_as_expected_no_doselimit_">
      <skipped message="Reason: On CRAN ('test-helpers_rules.R:314:3')"/>
    </testcase>
  </testsuite>
  <testsuite name="helpers_samples" timestamp="2024-10-07T08:41:47Z" hostname="18e134b69287" tests="14" skipped="0" failures="0" errors="0" time="0.162">
    <testcase time="0.0589999999999975" classname="helpers_samples" name="h_convert_ordinal_samples_works_correctly"/>
    <testcase time="0.00499999999999545" classname="helpers_samples" name="h_convert_ordinal_samples_works_correctly"/>
    <testcase time="0.00399999999999068" classname="helpers_samples" name="h_convert_ordinal_samples_works_correctly"/>
    <testcase time="0.00399999999999068" classname="helpers_samples" name="h_convert_ordinal_samples_works_correctly"/>
    <testcase time="0.0040000000000191" classname="helpers_samples" name="h_convert_ordinal_samples_works_correctly"/>
    <testcase time="0.00199999999998113" classname="helpers_samples" name="h_convert_ordinal_samples_works_correctly"/>
    <testcase time="0.0040000000000191" classname="helpers_samples" name="h_convert_ordinal_samples_works_correctly"/>
    <testcase time="0.00399999999999068" classname="helpers_samples" name="h_convert_ordinal_samples_works_correctly"/>
    <testcase time="0.00399999999999068" classname="helpers_samples" name="h_convert_ordinal_samples_works_correctly"/>
    <testcase time="0.0040000000000191" classname="helpers_samples" name="h_convert_ordinal_samples_works_correctly"/>
    <testcase time="0.0449999999999875" classname="helpers_samples" name="h_convert_ordinal_samples_fails_gracefully_with_bad_input"/>
    <testcase time="0.00800000000000978" classname="helpers_samples" name="h_convert_ordinal_samples_fails_gracefully_with_bad_input"/>
    <testcase time="0.00800000000000978" classname="helpers_samples" name="h_convert_ordinal_samples_fails_gracefully_with_bad_input"/>
    <testcase time="0.00699999999997658" classname="helpers_samples" name="h_convert_ordinal_samples_fails_gracefully_with_bad_input"/>
  </testsuite>
  <testsuite name="logger" timestamp="2024-10-07T08:41:47Z" hostname="18e134b69287" tests="5" skipped="0" failures="0" errors="0" time="0.063">
    <testcase time="0.0220000000000198" classname="logger" name="enable_logging_works_as_expected"/>
    <testcase time="0.0120000000000005" classname="logger" name="disable_logging_works_as_expected"/>
    <testcase time="0.0109999999999957" classname="logger" name="is_logging_enabled_works_as_expected"/>
    <testcase time="0.007000000000005" classname="logger" name="is_logging_enabled_works_as_expected"/>
    <testcase time="0.0109999999999957" classname="logger" name="log_trace_works_as_expected"/>
  </testsuite>
  <testsuite name="mcmc" timestamp="2024-10-07T08:41:47Z" hostname="18e134b69287" tests="12" skipped="0" failures="0" errors="0" time="0.193">
    <testcase time="0.0120000000000005" classname="mcmc" name="JAGS_model_compile_works_as_expected_for_an_example_model"/>
    <testcase time="0.0029999999999859" classname="mcmc" name="JAGS_model_compile_works_as_expected_for_an_example_model"/>
    <testcase time="0.0270000000000152" classname="mcmc" name="mcmc_GeneralData_works_as_expected"/>
    <testcase time="0.0029999999999859" classname="mcmc" name="mcmc_GeneralData_works_as_expected"/>
    <testcase time="0.00200000000000955" classname="mcmc" name="mcmc_GeneralData_works_as_expected"/>
    <testcase time="0.00200000000000955" classname="mcmc" name="mcmc_GeneralData_works_as_expected"/>
    <testcase time="0.000999999999976353" classname="mcmc" name="mcmc_GeneralData_works_as_expected"/>
    <testcase time="0.0349999999999966" classname="mcmc" name="mcmc_GeneralData_gets_random_results"/>
    <testcase time="0.00300000000001432" classname="mcmc" name="mcmc_GeneralData_gets_random_results"/>
    <testcase time="0.0300000000000011" classname="mcmc" name="mcmc_GeneralData_respects_fixed_RNG_settings"/>
    <testcase time="0.0029999999999859" classname="mcmc" name="mcmc_GeneralData_respects_fixed_RNG_settings"/>
    <testcase time="0.0720000000000027" classname="mcmc" name="mcmc_DataOrdinal_returns_a_correctly_named_samples_data_list"/>
  </testsuite>
  <testsuite name="sas-results-part-1" timestamp="2024-10-07T08:41:48Z" hostname="18e134b69287" tests="4" skipped="4" failures="0" errors="0" time="0.08">
    <testcase time="0.0120000000000005" classname="sas_results_part_1" name="Posterior_summaries_for_probabilities_of_DLT_2_parameter_logistic_model_and_recommended_doses_NCRMLoss_crmPack_vs._SAS_Example_1">
      <skipped message="Reason: On CRAN ('test-sas-results-part-1.R:4:3')"/>
    </testcase>
    <testcase time="0.0200000000000102" classname="sas_results_part_1" name="Posterior_summaries_for_probabilities_of_DLT_2_parameter_logistic_model_and_recommended_doses_NCRMLoss_crmPack_vs._SAS_Example_2">
      <skipped message="Reason: On CRAN ('test-sas-results-part-1.R:95:3')"/>
    </testcase>
    <testcase time="0.0320000000000107" classname="sas_results_part_1" name="Posterior_summaries_for_probabilities_of_DLT_2_parameter_logistic_model_and_recommended_doses_NCRMLoss_crmPack_vs._SAS_Example_3">
      <skipped message="Reason: On CRAN ('test-sas-results-part-1.R:186:3')"/>
    </testcase>
    <testcase time="0.0159999999999911" classname="sas_results_part_1" name="Posterior_summaries_for_probabilities_of_DLT_2_parameter_logistic_model_and_recommended_doses_NCRMLoss_crmPack_vs._SAS_Example_4">
      <skipped message="Reason: On CRAN ('test-sas-results-part-1.R:283:3')"/>
    </testcase>
  </testsuite>
  <testsuite name="sas-results-part-2" timestamp="2024-10-07T08:41:48Z" hostname="18e134b69287" tests="4" skipped="4" failures="0" errors="0" time="0.062">
    <testcase time="0.0190000000000055" classname="sas_results_part_2" name="Posterior_summaries_for_probabilities_of_DLT_2_parameter_logistic_model_and_recommended_doses_NCRMLoss_crmPack_vs._SAS_Example_1">
      <skipped message="Reason: On CRAN ('test-sas-results-part-2.R:4:3')"/>
    </testcase>
    <testcase time="0.0139999999999816" classname="sas_results_part_2" name="Posterior_summaries_for_probabilities_of_DLT_2_parameter_logistic_model_and_recommended_doses_NCRMLoss_crmPack_vs._SAS_Example_2">
      <skipped message="Reason: On CRAN ('test-sas-results-part-2.R:118:3')"/>
    </testcase>
    <testcase time="0.01400000000001" classname="sas_results_part_2" name="Posterior_summaries_for_probabilities_of_DLT_2_parameter_logistic_model_and_recommended_doses_NCRMLoss_crmPack_vs._SAS_Example_3">
      <skipped message="Reason: On CRAN ('test-sas-results-part-2.R:233:3')"/>
    </testcase>
    <testcase time="0.0149999999999864" classname="sas_results_part_2" name="Posterior_summaries_for_probabilities_of_DLT_2_parameter_logistic_model_and_recommended_doses_NCRMLoss_crmPack_vs._SAS_Example_4">
      <skipped message="Reason: On CRAN ('test-sas-results-part-2.R:348:3')"/>
    </testcase>
  </testsuite>
  <testsuite name="utils" timestamp="2024-10-07T08:41:48Z" hostname="18e134b69287" tests="2" skipped="0" failures="0" errors="0" time="0.025">
    <testcase time="0.0180000000000007" classname="utils" name="dapply_returns_valid_object_for_sample_data_for_max_dose_fun"/>
    <testcase time="0.007000000000005" classname="utils" name="dapply_returns_valid_objects_for_sample_data_for_sort_dose_fun"/>
  </testsuite>
</testsuites>
